2018/06/18 07:43:00.721 [INFO] Log Level set to Detail
2018/06/18 07:43:00.722 [INFO] ITSM Bridge version 3.7.14
2018/06/18 07:43:00.722 [INFO] Execution of Contract Management version 1
2018/06/18 07:43:00.738 [INFO] Execution started... [Execution ID=2018-06-18_07-42]
2018/06/18 07:43:00.740 [INFO] Initialisation Step Started...
2018/06/18 07:43:00.740 [INFO] Source Server Connected
2018/06/18 07:43:00.741 [DETAIL] Build Field Map [v_plugin] started...
2018/06/18 07:43:01.810 [DETAIL] SNow: Build Field Map [v_plugin] complete, 25 entries
2018/06/18 07:43:04.609 [INFO] Target Server Connected
2018/06/18 07:43:04.611 [DETAIL] Remedy Cache Initialisation started...
2018/06/18 07:43:04.611 [DETAIL] Remedy Cache Initialisation complete
2018/06/18 07:43:04.611 [INFO] Source Server Cache Initialised
2018/06/18 07:43:04.611 [DETAIL] Service Now Cache Initialisation started...
2018/06/18 07:43:04.613 [DETAIL] Service Now Cache Initialisation complete
2018/06/18 07:43:04.613 [INFO] Target Server Cache Initialised
2018/06/18 07:43:04.613 [DETAIL] Top Level Project Validation Completed
2018/06/18 07:43:04.621 [DETAIL] Create Remedy Qualification: 'Menu Type' = "Contract Type" AND 'Status' = "Enabled" AND 'Menu Label 2' = "Contract Event Type" AND 'Locale' = $\NULL$
2018/06/18 07:43:04.700 [DETAIL] Create SNow Lookup Query: name=Contract
2018/06/18 07:43:04.720 [DETAIL] Build Field Map [sys_web_service] started...
2018/06/18 07:43:05.227 [DETAIL] SNow: Build Field Map [sys_web_service] complete, 9 entries
2018/06/18 07:43:05.230 [DETAIL] Build Field Map [sys_metadata] started...
2018/06/18 07:43:06.389 [DETAIL] SNow: Build Field Map [sys_metadata] complete, 20 entries
2018/06/18 07:43:06.863 [INFO] Synchronising Scripted Web Service [u_itsmb_cmdb_contract_product_model]
2018/06/18 07:43:10.565 [DETAIL] --Check Import WS Started--
   WS Name: u_itsmb_cmdb_contract_product_model
   Target Table: cmdb_contract_product_model
   Scope: global
   Run Business Rules: true
   include fields from tables: cmdb_contract_product_model,cmdb_model
--created ws import set: u_itsmb_cmdb_contract_product_model [cmdb_contract_product_model]--
--synchronise ws fields with target complete--
--transform map updated: u_itsmb_cmdb_contract_product_model
   skip system field: template_import_log
   skip system field: target_scope
   skip system field: sys_updated_on
   create transform field mapping: type -> type
   skip system field: target_class_name
   skip system field: sys_target_sys_id
   skip system field: sys_updated_by
   skip system field: sys_created_on
   skip system field: sys_import_set
   skip system field: target_sys_id
   create transform field mapping: barcode -> barcode
   skip system field: target_created_by
   skip system field: sys_created_by
   skip system field: sys_import_row
   skip system field: sys_row_error
   create transform field mapping: power_consumption -> power_consumption
   skip system field: target_domain_path
   create transform field mapping: weight -> weight
   create transform field mapping: sla -> sla
   skip system field: import_set_run
   create transform field mapping: display_name -> display_name
   create transform field mapping: full_name -> full_name
   create transform field mapping: rack_units -> rack_units
   create transform field mapping: product_catalog_item -> product_catalog_item
   create transform field mapping: name -> name
   create transform field mapping: cmdb_ci_class -> cmdb_ci_class
   create transform field mapping: status -> status
   create transform field mapping: short_description -> short_description
   skip system field: target_mod_count
   skip system field: batch_id
   create transform field mapping: flow_rate -> flow_rate
   skip system field: sys_import_state_comment
   create transform field mapping: description -> description
   skip system field: target_domain
   skip system field: sys_class_name
   create transform field mapping: manufacturer -> manufacturer
   create transform field mapping: sound_power -> sound_power
   skip system field: sys_transform_map
   create transform field mapping: certified -> certified
   create transform field mapping: model_number -> model_number
   create transform field mapping: bundle -> bundle
   create transform field mapping: expenditure_type -> expenditure_type
   create transform field mapping: depreciation -> depreciation
   create transform field mapping: owner -> owner
   create transform field mapping: cost -> cost
   create transform field mapping: comments -> comments
   skip system field: sys_target_table
   skip system field: target_created_on
   create transform field mapping: acquisition_method -> acquisition_method
   skip system field: sys_mod_count
   create transform field mapping: cmdb_model_category -> cmdb_model_category
   skip virtual field: sys_tags
   create transform field mapping: asset_tracking_strategy -> asset_tracking_strategy
   create transform field mapping: picture -> picture
   skip system field: sys_import_state
   create transform field mapping: main_component -> main_component
   skip system field: source_id
   create transform field mapping: salvage_value -> salvage_value
   create transform field mapping: target_class_name -> sys_class_name
   create transform field mapping: target_mod_count -> sys_mod_count
   create transform field mapping: target_created_by -> sys_created_by
   create transform field mapping: target_created_on -> sys_created_on
add sys_id_coalece
   create transform field mapping: target_sys_id -> sys_id
--synchronise transform map complete--
--Check Import Set WS and Transform Map Completed--

2018/06/18 07:43:10.566 [INFO] Scripted Web Service is Synchronised [u_itsmb_cmdb_contract_product_model]
2018/06/18 07:43:10.566 [DETAIL] Build Field Map [u_itsmb_cmdb_contract_product_model] started...
2018/06/18 07:43:12.385 [DETAIL] SNow: Build Field Map [u_itsmb_cmdb_contract_product_model] complete, 42 entries
2018/06/18 07:43:12.843 [INFO] Initialisation 1 of 9 [Contract Type] Completed
2018/06/18 07:43:12.844 [DETAIL] Build Field Map [CTR:ContractBase] started...
2018/06/18 07:43:13.082 [DETAIL] Remedy: Build Field Map [CTR:ContractBase] complete, 82 entries
2018/06/18 07:43:13.086 [DETAIL] Create Remedy Qualification: 'Start Date' != $\NULL$
2018/06/18 07:43:13.102 [DETAIL] Build Field Map [ast_contract] started...
2018/06/18 07:43:15.108 [DETAIL] SNow: Build Field Map [ast_contract] complete, 58 entries
2018/06/18 07:43:15.109 [DETAIL] Build Field Map [CTR:WorkLog] started...
2018/06/18 07:43:15.170 [DETAIL] Remedy: Build Field Map [CTR:WorkLog] complete, 49 entries
2018/06/18 07:43:15.172 [DETAIL] Build Field Map [cmn_cost_center] started...
2018/06/18 07:43:15.581 [DETAIL] SNow: Build Field Map [cmn_cost_center] complete, 14 entries
2018/06/18 07:43:15.583 [DETAIL] Build Field Map [core_company] started...
2018/06/18 07:43:17.004 [DETAIL] SNow: Build Field Map [core_company] complete, 44 entries
2018/06/18 07:43:17.004 [DETAIL] Build Field Map [cmn_location] started...
2018/06/18 07:43:18.057 [DETAIL] SNow: Build Field Map [cmn_location] complete, 24 entries
2018/06/18 07:43:18.060 [DETAIL] Add Project Variable [Contract ID+ [STRING]]
2018/06/18 07:43:18.076 [DETAIL] Create Remedy Lookup Query: 'CTR ID' = ""
2018/06/18 07:43:18.078 [DETAIL] Add Project Variable [Cost Center [STRING]]
2018/06/18 07:43:18.079 [DETAIL] Create SNow Lookup Query: code#!#Cost Center#!#
2018/06/18 07:43:18.082 [DETAIL] Add Project Variable [Supplier Name+ [STRING]]
2018/06/18 07:43:18.083 [DETAIL] Create SNow Lookup Query: name#!#Supplier Name+#!#
2018/06/18 07:43:18.086 [DETAIL] Add Project Variable [ContractType [STRING]]
2018/06/18 07:43:18.087 [DETAIL] Create SNow Lookup Query: name#!#ContractType#!#
2018/06/18 07:43:18.093 [DETAIL] Add Project Variable [ContractSite [STRING]]
2018/06/18 07:43:18.093 [DETAIL] Create SNow Lookup Query: name#!#ContractSite#!#
2018/06/18 07:43:18.098 [DETAIL] Add Project Variable [Notification Contact+ [STRING]]
2018/06/18 07:43:18.098 [DETAIL] Create SNow Lookup Query: name#!#Notification Contact+#!#
2018/06/18 07:43:18.105 [INFO] Synchronising Scripted Web Service [u_itsmb_ast_contract]
2018/06/18 07:43:19.749 [DETAIL] --Check Import WS Started--
   WS Name: u_itsmb_ast_contract
   Target Table: ast_contract
   Scope: global
   Run Business Rules: true
   include fields from tables: ast_contract
--created ws import set: u_itsmb_ast_contract [ast_contract]--
--synchronise ws fields with target complete--
--transform map updated: u_itsmb_ast_contract
   transform field mapping exists: cost_adjustment_percentage -> cost_adjustment_percentage
   transform field mapping exists: total_cost -> total_cost
   transform field mapping exists: discount -> discount
   skip system field: template_import_log
   transform field mapping exists: cost_adjustment -> cost_adjustment
   skip system field: target_scope
   transform field mapping exists: renewal_end_date -> renewal_end_date
   skip system field: sys_updated_on
   skip system field: target_class_name
   transform field mapping exists: tax_rate -> tax_rate
   transform field mapping exists: approval_history -> approval_history
   skip system field: sys_target_sys_id
   transform field mapping exists: number -> number
   transform field mapping exists: tax_cost -> tax_cost
   skip system field: sys_updated_by
   transform field mapping exists: renewal_date -> renewal_date
   skip system field: sys_created_on
   transform field mapping exists: sub_total_cost -> sub_total_cost
   skip system field: sys_import_set
   transform field mapping exists: cost_adjustment_reason -> cost_adjustment_reason
   transform field mapping exists: state -> state
   transform field mapping exists: starts -> starts
   skip system field: target_created_by
   skip system field: target_sys_id
   skip system field: sys_created_by
   skip system field: sys_import_row
   skip system field: sys_row_error
   transform field mapping exists: tax_exempt -> tax_exempt
   skip system field: target_domain_path
   transform field mapping exists: yearly_cost -> yearly_cost
   transform field mapping exists: commitment -> commitment
   transform field mapping exists: payment_amount -> payment_amount
   transform field mapping exists: active -> active
   skip system field: import_set_run
   transform field mapping exists: terms_and_conditions -> terms_and_conditions
   transform field mapping exists: payment_schedule -> payment_schedule
   transform field mapping exists: cost_center -> cost_center
   transform field mapping exists: renewable -> renewable
   transform field mapping exists: renewal_contact -> renewal_contact
   transform field mapping exists: expiration -> expiration
   transform field mapping exists: invoice_payment_terms -> invoice_payment_terms
   transform field mapping exists: contract_administrator -> contract_administrator
   transform field mapping exists: short_description -> short_description
   transform field mapping exists: ratecard -> ratecard
   skip system field: target_mod_count
   transform field mapping exists: cost_adjustment_type -> cost_adjustment_type
   skip system field: batch_id
   skip system field: sys_import_state_comment
   transform field mapping exists: description -> description
   skip system field: target_domain
   skip system field: sys_class_name
   transform field mapping exists: po_number -> po_number
   transform field mapping exists: license_quantity_entitled -> license_quantity_entitled
   transform field mapping exists: vendor -> vendor
   transform field mapping exists: ends -> ends
   transform field mapping exists: contract_model -> contract_model
   skip system field: sys_transform_map
   transform field mapping exists: approver -> approver
   transform field mapping exists: process -> process
   transform field mapping exists: monthly_cost -> monthly_cost
   transform field mapping exists: vendor_contract -> vendor_contract
   skip system field: sys_target_table
   skip system field: target_created_on
   transform field mapping exists: license_type -> license_type
   transform field mapping exists: lifetime_cost -> lifetime_cost
   transform field mapping exists: renewal_options -> renewal_options
   skip system field: sys_mod_count
   skip virtual field: sys_tags
   skip system field: sys_import_state
   transform field mapping exists: sales_tax -> sales_tax
   transform field mapping exists: substate -> substate
   transform field mapping exists: application_model -> application_model
   transform field mapping exists: cost_per_unit -> cost_per_unit
   transform field mapping exists: vendor_account -> vendor_account
   transform field mapping exists: location -> location
   skip system field: source_id
   transform field mapping exists: target_domain -> sys_domain
   transform field mapping exists: target_class_name -> sys_class_name
   transform field mapping exists: target_mod_count -> sys_mod_count
   transform field mapping exists: target_created_by -> sys_created_by
   transform field mapping exists: target_created_on -> sys_created_on
coalece field exists
--synchronise transform map complete--
--Check Import Set WS and Transform Map Completed--

2018/06/18 07:43:19.750 [INFO] Scripted Web Service is Synchronised [u_itsmb_ast_contract]
2018/06/18 07:43:19.750 [DETAIL] Build Field Map [u_itsmb_ast_contract] started...
2018/06/18 07:43:21.840 [DETAIL] SNow: Build Field Map [u_itsmb_ast_contract] complete, 60 entries
2018/06/18 07:43:21.840 [DETAIL] Build Field Map [sys_import_set_row] started...
2018/06/18 07:43:23.297 [DETAIL] SNow: Build Field Map [sys_import_set_row] complete, 76 entries
2018/06/18 07:43:23.740 [INFO] Initialisation 2 of 9 [Contract [ast_contract]] Completed
2018/06/18 07:43:23.741 [DETAIL] Build Field Map [CTR:Terms_Conditions] started...
2018/06/18 07:43:23.847 [DETAIL] Remedy: Build Field Map [CTR:Terms_Conditions] complete, 31 entries
2018/06/18 07:43:23.850 [DETAIL] Create Remedy Qualification: 'Contract_Instance_ID' != $\NULL$
2018/06/18 07:43:23.903 [DETAIL] Build Field Map [clm_terms_and_conditions] started...
2018/06/18 07:43:24.243 [DETAIL] SNow: Build Field Map [clm_terms_and_conditions] complete, 11 entries
2018/06/18 07:43:24.245 [DETAIL] Add Project Variable [Contract_Instance_ID [STRING]]
2018/06/18 07:43:24.249 [DETAIL] Create Remedy Lookup Query: 'instanceId' = ""
2018/06/18 07:43:24.250 [DETAIL] Create SNow Lookup Query: vendor_contract#!#!Contract Number!#!#
2018/06/18 07:43:24.257 [INFO] Synchronising Scripted Web Service [u_itsmb_clm_terms_and_conditions]
2018/06/18 07:43:25.869 [DETAIL] --Check Import WS Started--
   WS Name: u_itsmb_clm_terms_and_conditions
   Target Table: clm_terms_and_conditions
   Scope: global
   Run Business Rules: true
   include fields from tables: clm_terms_and_conditions
--created ws import set: u_itsmb_clm_terms_and_conditions [clm_terms_and_conditions]--
--synchronise ws fields with target complete--
--transform map updated: u_itsmb_clm_terms_and_conditions
   skip system field: target_mod_count
   skip system field: batch_id
   skip system field: sys_import_state_comment
   create transform field mapping: description -> description
   skip system field: template_import_log
   skip system field: target_scope
   create transform field mapping: used -> used
   skip system field: sys_updated_on
   skip system field: target_domain
   skip system field: target_class_name
   skip system field: sys_class_name
   skip system field: sys_target_sys_id
   create transform field mapping: number -> number
   skip system field: sys_updated_by
   skip system field: sys_created_on
   skip system field: sys_import_set
   skip system field: sys_transform_map
   skip system field: target_sys_id
   skip system field: target_created_by
   skip system field: sys_created_by
   skip system field: sys_import_row
   skip system field: sys_row_error
   skip system field: sys_target_table
   skip system field: target_created_on
   skip system field: target_domain_path
   create transform field mapping: contract -> contract
   skip system field: sys_mod_count
   skip system field: import_set_run
   skip virtual field: sys_tags
   skip system field: sys_import_state
   create transform field mapping: name -> name
   skip system field: source_id
   create transform field mapping: target_mod_count -> sys_mod_count
   create transform field mapping: target_created_by -> sys_created_by
   create transform field mapping: target_created_on -> sys_created_on
add sys_id_coalece
   create transform field mapping: target_sys_id -> sys_id
--synchronise transform map complete--
--Check Import Set WS and Transform Map Completed--

2018/06/18 07:43:25.870 [INFO] Scripted Web Service is Synchronised [u_itsmb_clm_terms_and_conditions]
2018/06/18 07:43:25.870 [DETAIL] Build Field Map [u_itsmb_clm_terms_and_conditions] started...
2018/06/18 07:43:26.848 [DETAIL] SNow: Build Field Map [u_itsmb_clm_terms_and_conditions] complete, 16 entries
2018/06/18 07:43:26.853 [DETAIL] Build Field Map [sys_attachment] started...
2018/06/18 07:43:27.654 [DETAIL] SNow: Build Field Map [sys_attachment] complete, 17 entries
2018/06/18 07:43:27.660 [DETAIL] Build Field Map [ecc_queue] started...
2018/06/18 07:43:28.913 [DETAIL] SNow: Build Field Map [ecc_queue] complete, 23 entries
2018/06/18 07:43:29.363 [INFO] Initialisation 3 of 9 [Terms and Conditions] Completed
2018/06/18 07:43:29.390 [DETAIL] Create Remedy Qualification: 'Contract_Instance_ID' != $\NULL$
2018/06/18 07:43:29.400 [DETAIL] Build Field Map [clm_m2m_contract_and_terms] started...
2018/06/18 07:43:29.706 [DETAIL] SNow: Build Field Map [clm_m2m_contract_and_terms] complete, 9 entries
2018/06/18 07:43:29.708 [DETAIL] Add Project Variable [number [STRING]]
2018/06/18 07:43:29.708 [DETAIL] Create SNow Lookup Query: number#!#number#!#
2018/06/18 07:43:29.709 [DETAIL] Add Project Variable [Contract_Instance_ID [STRING]]
2018/06/18 07:43:29.716 [DETAIL] Create Remedy Lookup Query: 'instanceId' = ""
2018/06/18 07:43:29.717 [DETAIL] Create SNow Lookup Query: vendor_contract#!#!Contract Number!#!#
2018/06/18 07:43:29.721 [INFO] Synchronising Scripted Web Service [u_itsmb_clm_m2m_contract_and_terms]
2018/06/18 07:43:30.973 [DETAIL] --Check Import WS Started--
   WS Name: u_itsmb_clm_m2m_contract_and_terms
   Target Table: clm_m2m_contract_and_terms
   Scope: global
   Run Business Rules: true
   include fields from tables: clm_m2m_contract_and_terms
--created ws import set: u_itsmb_clm_m2m_contract_and_terms [clm_m2m_contract_and_terms]--
--synchronise ws fields with target complete--
--transform map updated: u_itsmb_clm_m2m_contract_and_terms
   skip system field: target_mod_count
   skip system field: batch_id
   skip system field: sys_import_state_comment
   skip system field: template_import_log
   skip system field: target_scope
   skip system field: sys_updated_on
   skip system field: target_domain
   skip system field: target_class_name
   skip system field: sys_class_name
   skip system field: sys_target_sys_id
   skip system field: sys_updated_by
   skip system field: sys_created_on
   skip system field: sys_import_set
   skip system field: sys_transform_map
   skip system field: target_created_by
   skip system field: target_sys_id
   skip system field: sys_created_by
   create transform field mapping: order -> order
   skip system field: sys_import_row
   skip system field: sys_row_error
   skip system field: sys_target_table
   skip system field: target_created_on
   skip system field: target_domain_path
   create transform field mapping: contract -> contract
   skip system field: sys_mod_count
   skip system field: import_set_run
   skip virtual field: sys_tags
   skip system field: sys_import_state
   create transform field mapping: terms_and_conditions -> terms_and_conditions
   skip system field: source_id
   create transform field mapping: target_mod_count -> sys_mod_count
   create transform field mapping: target_created_by -> sys_created_by
   create transform field mapping: target_created_on -> sys_created_on
add sys_id_coalece
   create transform field mapping: target_sys_id -> sys_id
--synchronise transform map complete--
--Check Import Set WS and Transform Map Completed--

2018/06/18 07:43:30.975 [INFO] Scripted Web Service is Synchronised [u_itsmb_clm_m2m_contract_and_terms]
2018/06/18 07:43:30.976 [DETAIL] Build Field Map [u_itsmb_clm_m2m_contract_and_terms] started...
2018/06/18 07:43:31.918 [DETAIL] SNow: Build Field Map [u_itsmb_clm_m2m_contract_and_terms] complete, 14 entries
2018/06/18 07:43:32.377 [INFO] Initialisation 4 of 9 [Terms and Conditions Contract Join] Completed
2018/06/18 07:43:32.378 [DETAIL] Build Field Map [CTR:Contract_Relationship] started...
2018/06/18 07:43:32.649 [DETAIL] Remedy: Build Field Map [CTR:Contract_Relationship] complete, 32 entries
2018/06/18 07:43:32.654 [DETAIL] Create Remedy Qualification: 'Parent_Relationship_Type' = "Configuration Item"
2018/06/18 07:43:32.664 [DETAIL] Build Field Map [ast_contract_instance] started...
2018/06/18 07:43:33.363 [DETAIL] SNow: Build Field Map [ast_contract_instance] complete, 10 entries
2018/06/18 07:43:33.364 [DETAIL] Build Field Map [BMC.CORE:BMC_BaseElement] started...
2018/06/18 07:43:33.464 [DETAIL] Remedy: Build Field Map [BMC.CORE:BMC_BaseElement] complete, 95 entries
2018/06/18 07:43:33.464 [DETAIL] Build Field Map [cmdb_ci] started...
2018/06/18 07:43:35.997 [DETAIL] SNow: Build Field Map [cmdb_ci] complete, 70 entries
2018/06/18 07:43:35.997 [DETAIL] Build Field Map [cmdb] started...
2018/06/18 07:43:37.632 [DETAIL] SNow: Build Field Map [cmdb] complete, 70 entries
2018/06/18 07:43:37.633 [DETAIL] Create SNow Lookup Query: vendor_contract#!#!Contract ID!#!#
2018/06/18 07:43:37.636 [DETAIL] Add Project Variable [Child_Instance_ID [STRING]]
2018/06/18 07:43:37.643 [DETAIL] Create Remedy Lookup Query: 'instanceId' = ""
2018/06/18 07:43:37.643 [DETAIL] Add Project Variable [Parent_Instance_ID [STRING]]
2018/06/18 07:43:37.649 [DETAIL] Create Remedy Lookup Query: 'ReconciliationIdentity' = ""
2018/06/18 07:43:37.651 [DETAIL] Add Project Variable [Parent_Description [STRING]]
2018/06/18 07:43:37.651 [DETAIL] Create SNow Lookup Query: name#!#Parent_Description#!#^serial_number#!#!CI Serial Number!#!#
2018/06/18 07:43:37.659 [INFO] Synchronising Scripted Web Service [u_itsmb_ast_contract_instance]
2018/06/18 07:43:39.135 [DETAIL] --Check Import WS Started--
   WS Name: u_itsmb_ast_contract_instance
   Target Table: ast_contract_instance
   Scope: global
   Run Business Rules: true
   include fields from tables: ast_contract_instance
--created ws import set: u_itsmb_ast_contract_instance [ast_contract_instance]--
--synchronise ws fields with target complete--
--transform map updated: u_itsmb_ast_contract_instance
   create transform field mapping: ast_contract -> ast_contract
   skip system field: target_mod_count
   skip system field: batch_id
   skip system field: sys_import_state_comment
   skip system field: template_import_log
   skip system field: target_scope
   skip system field: sys_updated_on
   skip system field: target_domain
   skip system field: target_class_name
   skip system field: sys_class_name
   skip system field: sys_target_sys_id
   skip system field: sys_updated_by
   create transform field mapping: ci_type -> ci_type
   skip system field: sys_created_on
   skip system field: sys_import_set
   skip system field: sys_transform_map
   skip system field: target_sys_id
   skip system field: target_created_by
   skip system field: sys_created_by
   skip system field: sys_import_row
   skip system field: sys_row_error
   skip system field: sys_target_table
   skip system field: target_created_on
   skip system field: target_domain_path
   skip system field: sys_mod_count
   skip system field: import_set_run
   skip virtual field: sys_tags
   create transform field mapping: ci_item -> ci_item
   skip system field: sys_import_state
   create transform field mapping: contract_type -> contract_type
   skip system field: source_id
   create transform field mapping: target_mod_count -> sys_mod_count
   create transform field mapping: target_created_by -> sys_created_by
   create transform field mapping: target_created_on -> sys_created_on
add sys_id_coalece
   create transform field mapping: target_sys_id -> sys_id
--synchronise transform map complete--
--Check Import Set WS and Transform Map Completed--

2018/06/18 07:43:39.135 [INFO] Scripted Web Service is Synchronised [u_itsmb_ast_contract_instance]
2018/06/18 07:43:39.136 [DETAIL] Build Field Map [u_itsmb_ast_contract_instance] started...
2018/06/18 07:43:40.090 [DETAIL] SNow: Build Field Map [u_itsmb_ast_contract_instance] complete, 15 entries
2018/06/18 07:43:40.533 [INFO] Initialisation 5 of 9 [Contract CI relationships] Completed
2018/06/18 07:43:40.534 [DETAIL] Build Field Map [FIN:CostAssociationJoin] started...
2018/06/18 07:43:40.707 [DETAIL] Remedy: Build Field Map [FIN:CostAssociationJoin] complete, 35 entries
2018/06/18 07:43:40.716 [DETAIL] Create Remedy Qualification: 'Cost Classification' = "Actual" AND 'Status' < "Delete" AND ('Cost Type' = "Purchase Cost" OR 'Cost Type' = "Renewal Cost")
2018/06/18 07:43:40.735 [DETAIL] Build Field Map [fm_expense_line] started...
2018/06/18 07:43:42.197 [DETAIL] SNow: Build Field Map [fm_expense_line] complete, 30 entries
2018/06/18 07:43:42.197 [DETAIL] Build Field Map [AST:AssetSoftware] started...
2018/06/18 07:43:42.343 [DETAIL] Remedy: Build Field Map [AST:AssetSoftware] complete, 82 entries
2018/06/18 07:43:42.344 [DETAIL] Add Project Variable [Cost Center Code [STRING]]
2018/06/18 07:43:42.344 [DETAIL] Create SNow Lookup Query: code#!#Cost Center Code#!#
2018/06/18 07:43:42.347 [DETAIL] Create SNow Lookup Query: vendor_contract#!#!Contract ID!#!#
2018/06/18 07:43:42.349 [DETAIL] Add Project Variable [Instance ID 01 [STRING]]
2018/06/18 07:43:42.353 [DETAIL] Create Remedy Lookup Query: 'instanceId' = ""
2018/06/18 07:43:42.356 [INFO] Synchronising Scripted Web Service [u_itsmb_fm_expense_line]
2018/06/18 07:43:45.371 [DETAIL] --Check Import WS Started--
   WS Name: u_itsmb_fm_expense_line
   Target Table: fm_expense_line
   Scope: global
   Run Business Rules: true
   include fields from tables: fm_expense_line
--created ws import set: u_itsmb_fm_expense_line [fm_expense_line]--
--synchronise ws fields with target complete--
--transform map updated: u_itsmb_fm_expense_line
   create transform field mapping: date -> date
   create transform field mapping: parent -> parent
   skip system field: template_import_log
   skip system field: target_scope
   skip system field: sys_updated_on
   create transform field mapping: type -> type
   skip system field: target_class_name
   skip system field: sys_target_sys_id
   create transform field mapping: number -> number
   skip system field: sys_updated_by
   skip system field: sys_created_on
   skip system field: sys_import_set
   create transform field mapping: state -> state
   skip system field: target_sys_id
   skip system field: target_created_by
   skip system field: sys_created_by
   skip system field: sys_import_row
   skip system field: sys_row_error
   create transform field mapping: fixed_asset -> fixed_asset
   create transform field mapping: contract -> contract
   skip system field: target_domain_path
   skip system field: import_set_run
   create transform field mapping: cost_id -> cost_id
   create transform field mapping: task -> task
   create transform field mapping: month -> month
   create transform field mapping: cost_center -> cost_center
   create transform field mapping: process_date -> process_date
   create transform field mapping: source_table -> source_table
   create transform field mapping: short_description -> short_description
   create transform field mapping: base_expense -> base_expense
   skip system field: target_mod_count
   skip system field: batch_id
   skip system field: sys_import_state_comment
   create transform field mapping: summary_type -> summary_type
   skip system field: target_domain
   skip system field: sys_class_name
   skip system field: sys_transform_map
   create transform field mapping: amount -> amount
   skip system field: sys_target_table
   create transform field mapping: cost_table -> cost_table
   skip system field: target_created_on
   create transform field mapping: ci -> ci
   skip system field: sys_mod_count
   skip virtual field: sys_tags
   skip system field: sys_import_state
   create transform field mapping: inherited -> inherited
   create transform field mapping: source_id -> source_id
   create transform field mapping: asset -> asset
   create transform field mapping: category -> category
   create transform field mapping: user -> user
   create transform field mapping: target_mod_count -> sys_mod_count
   create transform field mapping: target_created_by -> sys_created_by
   create transform field mapping: target_created_on -> sys_created_on
add sys_id_coalece
   create transform field mapping: target_sys_id -> sys_id
--synchronise transform map complete--
--Check Import Set WS and Transform Map Completed--

2018/06/18 07:43:45.372 [INFO] Scripted Web Service is Synchronised [u_itsmb_fm_expense_line]
2018/06/18 07:43:45.372 [DETAIL] Build Field Map [u_itsmb_fm_expense_line] started...
2018/06/18 07:43:46.824 [DETAIL] SNow: Build Field Map [u_itsmb_fm_expense_line] complete, 34 entries
2018/06/18 07:43:47.277 [INFO] Initialisation 6 of 9 [Expense Lines] Completed
2018/06/18 07:43:47.287 [DETAIL] Create Remedy Qualification: 'z2AF Work Log01' != $\NULL$
2018/06/18 07:43:47.338 [INFO] Synchronising Scripted Web Service [u_itsmb_ast_contract]
2018/06/18 07:43:48.867 [DETAIL] --Check Import WS Started--
   WS Name: u_itsmb_ast_contract
   Target Table: ast_contract
   Scope: global
   Run Business Rules: true
   include fields from tables: ast_contract
--created ws import set: u_itsmb_ast_contract [ast_contract]--
--synchronise ws fields with target complete--
--transform map updated: u_itsmb_ast_contract
   transform field mapping exists: cost_adjustment_percentage -> cost_adjustment_percentage
   transform field mapping exists: total_cost -> total_cost
   transform field mapping exists: discount -> discount
   skip system field: template_import_log
   transform field mapping exists: cost_adjustment -> cost_adjustment
   skip system field: target_scope
   transform field mapping exists: renewal_end_date -> renewal_end_date
   skip system field: sys_updated_on
   skip system field: target_class_name
   transform field mapping exists: tax_rate -> tax_rate
   transform field mapping exists: approval_history -> approval_history
   skip system field: sys_target_sys_id
   transform field mapping exists: number -> number
   transform field mapping exists: tax_cost -> tax_cost
   skip system field: sys_updated_by
   transform field mapping exists: renewal_date -> renewal_date
   skip system field: sys_created_on
   transform field mapping exists: sub_total_cost -> sub_total_cost
   skip system field: sys_import_set
   transform field mapping exists: cost_adjustment_reason -> cost_adjustment_reason
   transform field mapping exists: state -> state
   transform field mapping exists: starts -> starts
   skip system field: target_created_by
   skip system field: target_sys_id
   skip system field: sys_created_by
   skip system field: sys_import_row
   skip system field: sys_row_error
   transform field mapping exists: tax_exempt -> tax_exempt
   skip system field: target_domain_path
   transform field mapping exists: yearly_cost -> yearly_cost
   transform field mapping exists: commitment -> commitment
   transform field mapping exists: payment_amount -> payment_amount
   transform field mapping exists: active -> active
   skip system field: import_set_run
   transform field mapping exists: terms_and_conditions -> terms_and_conditions
   transform field mapping exists: payment_schedule -> payment_schedule
   transform field mapping exists: cost_center -> cost_center
   transform field mapping exists: renewable -> renewable
   transform field mapping exists: renewal_contact -> renewal_contact
   transform field mapping exists: expiration -> expiration
   transform field mapping exists: invoice_payment_terms -> invoice_payment_terms
   transform field mapping exists: contract_administrator -> contract_administrator
   transform field mapping exists: short_description -> short_description
   transform field mapping exists: ratecard -> ratecard
   skip system field: target_mod_count
   transform field mapping exists: cost_adjustment_type -> cost_adjustment_type
   skip system field: batch_id
   skip system field: sys_import_state_comment
   transform field mapping exists: description -> description
   skip system field: target_domain
   skip system field: sys_class_name
   transform field mapping exists: po_number -> po_number
   transform field mapping exists: license_quantity_entitled -> license_quantity_entitled
   transform field mapping exists: vendor -> vendor
   transform field mapping exists: ends -> ends
   transform field mapping exists: contract_model -> contract_model
   skip system field: sys_transform_map
   transform field mapping exists: approver -> approver
   transform field mapping exists: process -> process
   transform field mapping exists: monthly_cost -> monthly_cost
   transform field mapping exists: vendor_contract -> vendor_contract
   skip system field: sys_target_table
   skip system field: target_created_on
   transform field mapping exists: license_type -> license_type
   transform field mapping exists: lifetime_cost -> lifetime_cost
   transform field mapping exists: renewal_options -> renewal_options
   skip system field: sys_mod_count
   skip virtual field: sys_tags
   skip system field: sys_import_state
   transform field mapping exists: sales_tax -> sales_tax
   transform field mapping exists: substate -> substate
   transform field mapping exists: application_model -> application_model
   transform field mapping exists: cost_per_unit -> cost_per_unit
   transform field mapping exists: vendor_account -> vendor_account
   transform field mapping exists: location -> location
   skip system field: source_id
   transform field mapping exists: target_domain -> sys_domain
   transform field mapping exists: target_class_name -> sys_class_name
   transform field mapping exists: target_mod_count -> sys_mod_count
   transform field mapping exists: target_created_by -> sys_created_by
   transform field mapping exists: target_created_on -> sys_created_on
coalece field exists
--synchronise transform map complete--
--Check Import Set WS and Transform Map Completed--

2018/06/18 07:43:48.868 [INFO] Scripted Web Service is Synchronised [u_itsmb_ast_contract]
2018/06/18 07:43:49.322 [INFO] Initialisation 7 of 9 [Contract Attachments] Completed
2018/06/18 07:43:49.419 [DETAIL] Create Remedy Qualification: 'Notification Group+' != $\NULL$
2018/06/18 07:43:49.539 [INFO] Synchronising Scripted Web Service [u_itsmb_ast_contract]
2018/06/18 07:43:51.145 [DETAIL] --Check Import WS Started--
   WS Name: u_itsmb_ast_contract
   Target Table: ast_contract
   Scope: global
   Run Business Rules: true
   include fields from tables: ast_contract
--created ws import set: u_itsmb_ast_contract [ast_contract]--
--synchronise ws fields with target complete--
--transform map updated: u_itsmb_ast_contract
   transform field mapping exists: cost_adjustment_percentage -> cost_adjustment_percentage
   transform field mapping exists: total_cost -> total_cost
   transform field mapping exists: discount -> discount
   skip system field: template_import_log
   transform field mapping exists: cost_adjustment -> cost_adjustment
   skip system field: target_scope
   transform field mapping exists: renewal_end_date -> renewal_end_date
   skip system field: sys_updated_on
   skip system field: target_class_name
   transform field mapping exists: tax_rate -> tax_rate
   transform field mapping exists: approval_history -> approval_history
   skip system field: sys_target_sys_id
   transform field mapping exists: number -> number
   transform field mapping exists: tax_cost -> tax_cost
   skip system field: sys_updated_by
   transform field mapping exists: renewal_date -> renewal_date
   skip system field: sys_created_on
   transform field mapping exists: sub_total_cost -> sub_total_cost
   skip system field: sys_import_set
   transform field mapping exists: cost_adjustment_reason -> cost_adjustment_reason
   transform field mapping exists: state -> state
   transform field mapping exists: starts -> starts
   skip system field: target_created_by
   skip system field: target_sys_id
   skip system field: sys_created_by
   skip system field: sys_import_row
   skip system field: sys_row_error
   transform field mapping exists: tax_exempt -> tax_exempt
   skip system field: target_domain_path
   transform field mapping exists: yearly_cost -> yearly_cost
   transform field mapping exists: commitment -> commitment
   transform field mapping exists: payment_amount -> payment_amount
   transform field mapping exists: active -> active
   skip system field: import_set_run
   transform field mapping exists: terms_and_conditions -> terms_and_conditions
   transform field mapping exists: payment_schedule -> payment_schedule
   transform field mapping exists: cost_center -> cost_center
   transform field mapping exists: renewable -> renewable
   transform field mapping exists: renewal_contact -> renewal_contact
   transform field mapping exists: expiration -> expiration
   transform field mapping exists: invoice_payment_terms -> invoice_payment_terms
   transform field mapping exists: contract_administrator -> contract_administrator
   transform field mapping exists: short_description -> short_description
   transform field mapping exists: ratecard -> ratecard
   skip system field: target_mod_count
   transform field mapping exists: cost_adjustment_type -> cost_adjustment_type
   skip system field: batch_id
   skip system field: sys_import_state_comment
   transform field mapping exists: description -> description
   skip system field: target_domain
   skip system field: sys_class_name
   transform field mapping exists: po_number -> po_number
   transform field mapping exists: license_quantity_entitled -> license_quantity_entitled
   transform field mapping exists: vendor -> vendor
   transform field mapping exists: ends -> ends
   transform field mapping exists: contract_model -> contract_model
   skip system field: sys_transform_map
   transform field mapping exists: approver -> approver
   transform field mapping exists: process -> process
   transform field mapping exists: monthly_cost -> monthly_cost
   transform field mapping exists: vendor_contract -> vendor_contract
   skip system field: sys_target_table
   skip system field: target_created_on
   transform field mapping exists: license_type -> license_type
   transform field mapping exists: lifetime_cost -> lifetime_cost
   transform field mapping exists: renewal_options -> renewal_options
   skip system field: sys_mod_count
   skip virtual field: sys_tags
   skip system field: sys_import_state
   transform field mapping exists: sales_tax -> sales_tax
   transform field mapping exists: substate -> substate
   transform field mapping exists: application_model -> application_model
   transform field mapping exists: cost_per_unit -> cost_per_unit
   transform field mapping exists: vendor_account -> vendor_account
   transform field mapping exists: location -> location
   skip system field: source_id
   transform field mapping exists: target_domain -> sys_domain
   transform field mapping exists: target_class_name -> sys_class_name
   transform field mapping exists: target_mod_count -> sys_mod_count
   transform field mapping exists: target_created_by -> sys_created_by
   transform field mapping exists: target_created_on -> sys_created_on
coalece field exists
--synchronise transform map complete--
--Check Import Set WS and Transform Map Completed--

2018/06/18 07:43:51.145 [INFO] Scripted Web Service is Synchronised [u_itsmb_ast_contract]
2018/06/18 07:43:51.583 [INFO] Initialisation 8 of 9 [Set Notification Group ] Completed
2018/06/18 07:43:51.585 [DETAIL] Build Field Map [AST:LicenseCertificates] started...
2018/06/18 07:43:51.786 [DETAIL] Remedy: Build Field Map [AST:LicenseCertificates] complete, 98 entries
2018/06/18 07:43:51.790 [DETAIL] Create Remedy Qualification: 'Manufacturer' != $\NULL$
2018/06/18 07:43:51.797 [DETAIL] Build Field Map [ast_license_generic] started...
2018/06/18 07:43:52.032 [DETAIL] SNow: Build Field Map [ast_license_generic] complete, 2 entries
2018/06/18 07:43:52.033 [DETAIL] Build Field Map [ast_license_base] started...
2018/06/18 07:43:53.977 [DETAIL] SNow: Build Field Map [ast_license_base] complete, 33 entries
2018/06/18 07:43:53.977 [DETAIL] Build Field Map [cmn_department] started...
2018/06/18 07:43:54.699 [DETAIL] SNow: Build Field Map [cmn_department] complete, 15 entries
2018/06/18 07:43:54.701 [DETAIL] Add Project Variable [Supplier Company [STRING]]
2018/06/18 07:43:54.701 [DETAIL] Create SNow Lookup Query: name#!#Supplier Company#!#
2018/06/18 07:43:54.703 [DETAIL] Add Project Variable [Company [STRING]]
2018/06/18 07:43:54.703 [DETAIL] Add Project Variable [Department [STRING]]
2018/06/18 07:43:54.704 [DETAIL] Create SNow Lookup Query: name#!#Department#!#^company#!#Company#!#
2018/06/18 07:43:54.705 [DETAIL] Add Project Variable [Manufacturer [STRING]]
2018/06/18 07:43:54.705 [DETAIL] Create SNow Lookup Query: name#!#Manufacturer#!#
2018/06/18 07:43:54.708 [INFO] Synchronising Scripted Web Service [u_itsmb_ast_license_generic]
2018/06/18 07:43:57.736 [DETAIL] --Check Import WS Started--
   WS Name: u_itsmb_ast_license_generic
   Target Table: ast_license_generic
   Scope: global
   Run Business Rules: true
   include fields from tables: ast_license_generic,ast_license_base
--created ws import set: u_itsmb_ast_license_generic [ast_license_generic]--
--synchronise ws fields with target complete--
--transform map updated: u_itsmb_ast_license_generic
   create transform field mapping: parent -> parent
   create transform field mapping: total_cost -> total_cost
   skip system field: template_import_log
   skip system field: target_scope
   skip system field: sys_updated_on
   create transform field mapping: install_count -> install_count
   skip system field: target_class_name
   create transform field mapping: compliance_level -> compliance_level
   skip system field: sys_target_sys_id
   create transform field mapping: number -> number
   skip system field: sys_updated_by
   skip system field: sys_created_on
   skip system field: sys_import_set
   skip system field: target_created_by
   create transform field mapping: license_cost -> license_cost
   skip system field: target_sys_id
   create transform field mapping: invoice_number -> invoice_number
   skip system field: sys_created_by
   skip system field: sys_import_row
   skip system field: sys_row_error
   skip system field: target_domain_path
   create transform field mapping: license_count -> license_count
   skip system field: import_set_run
   create transform field mapping: license_key -> license_key
   create transform field mapping: percent_used -> percent_used
   create transform field mapping: purchased -> purchased
   create transform field mapping: maintenance_cost -> maintenance_cost
   create transform field mapping: option -> option
   create transform field mapping: short_description -> short_description
   skip system field: target_mod_count
   create transform field mapping: discoverable_key -> discoverable_key
   skip system field: batch_id
   skip system field: sys_import_state_comment
   create transform field mapping: description -> description
   create transform field mapping: manual -> manual
   skip system field: target_domain
   skip system field: sys_class_name
   create transform field mapping: manufacturer -> manufacturer
   create transform field mapping: po_number -> po_number
   create transform field mapping: vendor -> vendor
   skip system field: sys_transform_map
   create transform field mapping: upgraded_from -> upgraded_from
   create transform field mapping: department -> department
   create transform field mapping: vendor_contract -> vendor_contract
   create transform field mapping: license_available -> license_available
   skip system field: sys_target_table
   skip system field: target_created_on
   skip system field: sys_mod_count
   skip virtual field: sys_tags
   skip system field: sys_import_state
   create transform field mapping: location -> location
   create transform field mapping: vendor_account -> vendor_account
   skip system field: source_id
   create transform field mapping: target_class_name -> sys_class_name
   create transform field mapping: target_mod_count -> sys_mod_count
   create transform field mapping: target_created_by -> sys_created_by
   create transform field mapping: target_created_on -> sys_created_on
add sys_id_coalece
   create transform field mapping: target_sys_id -> sys_id
--synchronise transform map complete--
--Check Import Set WS and Transform Map Completed--

2018/06/18 07:43:57.737 [INFO] Scripted Web Service is Synchronised [u_itsmb_ast_license_generic]
2018/06/18 07:43:57.737 [DETAIL] Build Field Map [u_itsmb_ast_license_generic] started...
2018/06/18 07:43:59.223 [DETAIL] SNow: Build Field Map [u_itsmb_ast_license_generic] complete, 37 entries
2018/06/18 07:43:59.669 [INFO] Initialisation 9 of 9 [Generic Software License] Completed
2018/06/18 07:43:59.677 [INFO] ### Initialisation Step Complete
2018/06/18 07:43:59.682 [INFO] [Contract Type] Key Mapping Cache SYS:Menu Items -> Contract Model Ready.
2018/06/18 07:43:59.683 [INFO] [Contract Type] Migration in progress.
2018/06/18 07:43:59.683 [DETAIL] [Contract Type Chunk 0] Data Retrieve Started...
2018/06/18 07:43:59.737 [DETAIL] [Contract Type Chunk 0] Data Transform Started...
2018/06/18 07:43:59.738 [DETAIL] Add Project Variable [name [STRING]]
2018/06/18 07:43:59.738 [DETAIL] Add Project Variable [cmdb_model_category [STRING]]
2018/06/18 07:43:59.738 [DETAIL] Create SNow Lookup Query: cmdb_model_category#!#cmdb_model_category#!#^name#!#name#!#
2018/06/18 07:43:59.739 [DETAIL] Lookup Batch Retrieve-Start
2018/06/18 07:43:59.739 [DETAIL] [src=MNU000000015556] SNow Qual: name=Contract
2018/06/18 07:43:59.739 [DETAIL] [src=MNU000000015557] SNow Qual: name=Contract
2018/06/18 07:43:59.739 [DETAIL] [src=MNU000000015558] SNow Qual: name=Contract
2018/06/18 07:43:59.739 [DETAIL] [src=MNU000000015559] SNow Qual: name=Contract
2018/06/18 07:43:59.739 [DETAIL] [src=MNU000000017111] SNow Qual: name=Contract
2018/06/18 07:44:00.191 [DETAIL] Lookup Batch Retrieve-End
2018/06/18 07:44:00.204 [DETAIL] Lookup Batch Retrieve-Start
2018/06/18 07:44:00.205 [DETAIL] [src=MNU000000015556] SNow Qual: cmdb_model_category=996b568ec3102000b959fd251eba8f19^name=Support
2018/06/18 07:44:00.206 [DETAIL] [src=MNU000000015557] SNow Qual: cmdb_model_category=996b568ec3102000b959fd251eba8f19^name=Warranty
2018/06/18 07:44:00.206 [DETAIL] [src=MNU000000015558] SNow Qual: cmdb_model_category=996b568ec3102000b959fd251eba8f19^name=Lease
2018/06/18 07:44:00.206 [DETAIL] [src=MNU000000015559] SNow Qual: cmdb_model_category=996b568ec3102000b959fd251eba8f19^name=Maintenance
2018/06/18 07:44:00.206 [DETAIL] [src=MNU000000017111] SNow Qual: cmdb_model_category=996b568ec3102000b959fd251eba8f19^name=Master Contract
2018/06/18 07:44:00.716 [DETAIL] Lookup Batch Retrieve-End
2018/06/18 07:44:00.728 [DETAIL] [Contract Type Chunk 0] Data Update Started...
2018/06/18 07:44:00.729 [DETAIL] Batch Update of 3 Entries Started
2018/06/18 07:44:00.729 [DETAIL] Pre-Migration Task 0 Complete
2018/06/18 07:44:01.411 [DETAIL] Update entry complete [src=MNU000000015557 tgt=a781e836c3102000b959fd251eba8f80]
2018/06/18 07:44:01.425 [DETAIL] Update entry complete [src=MNU000000015558 tgt=1881a836c3102000b959fd251eba8fc9]
2018/06/18 07:44:01.439 [DETAIL] Update entry complete [src=MNU000000015559 tgt=a581e836c3102000b959fd251eba8fba]
2018/06/18 07:44:01.439 [DETAIL] Post-Migration Task 0 Complete
2018/06/18 07:44:01.443 [DETAIL] Batch Insert of 2 Entries Started
2018/06/18 07:44:02.092 [DETAIL] Create entry complete [src=MNU000000015556 tgt=2c13264137ba53005d19dcc773990ece]
2018/06/18 07:44:02.107 [DETAIL] Create entry complete [src=MNU000000017111 tgt=e813264137ba53005d19dcc773990ed1]
2018/06/18 07:44:02.110 [INFO] Migration Completed 
2018/06/18 07:44:02.112 [INFO] Summary...  Created:2 Updated:3 Skipped:0 Errors:0 [Warnings 0]
2018/06/18 07:44:02.118 [INFO] [Contract [ast_contract]] Key Mapping Cache CTR:ContractBase -> Contract Ready.
2018/06/18 07:44:02.118 [INFO] [Contract [ast_contract]] Migration in progress.
2018/06/18 07:44:02.118 [DETAIL] [Contract [ast_contract] Chunk 0] Data Retrieve Started...
2018/06/18 07:44:02.201 [DETAIL] [Contract [ast_contract] Chunk 0] Data Transform Started...
2018/06/18 07:44:02.202 [DETAIL] Add Project Variable [vendor_contract [STRING]]
2018/06/18 07:44:02.202 [DETAIL] Create SNow Lookup Query: vendor_contract#!#vendor_contract#!#
2018/06/18 07:44:02.210 [DETAIL] Lookup Batch Retrieve-Start
2018/06/18 07:44:02.345 [DETAIL] Lookup Batch Retrieve-End
2018/06/18 07:44:02.346 [DETAIL] Lookup Batch Retrieve-Start
2018/06/18 07:44:02.347 [DETAIL] [src=null] SNow Qual: code=225276-A
2018/06/18 07:44:02.347 [DETAIL] [src=null] SNow Qual: code=225276-B
2018/06/18 07:44:02.347 [DETAIL] [src=null] SNow Qual: code=225276-A
2018/06/18 07:44:02.347 [DETAIL] [src=null] SNow Qual: code=225276-A
2018/06/18 07:44:02.347 [DETAIL] [src=null] SNow Qual: code=225276-B
2018/06/18 07:44:02.347 [DETAIL] [src=null] SNow Qual: code=225276-B
2018/06/18 07:44:02.576 [DETAIL] Lookup Batch Retrieve-End
2018/06/18 07:44:02.577 [DETAIL] Lookup Batch Retrieve-Start
2018/06/18 07:44:02.577 [DETAIL] [src=null] SNow Qual: name=EZnet
2018/06/18 07:44:02.577 [DETAIL] [src=null] SNow Qual: name=EZnet
2018/06/18 07:44:02.577 [DETAIL] [src=null] SNow Qual: name=EZnet
2018/06/18 07:44:02.577 [DETAIL] [src=null] SNow Qual: name=EZnet
2018/06/18 07:44:02.577 [DETAIL] [src=null] SNow Qual: name=EZnet
2018/06/18 07:44:02.577 [DETAIL] [src=null] SNow Qual: name=EZnet
2018/06/18 07:44:02.813 [DETAIL] Lookup Batch Retrieve-End
2018/06/18 07:44:02.815 [DETAIL] Lookup Batch Retrieve-Start
2018/06/18 07:44:02.815 [DETAIL] [src=null] SNow Qual: name=Lease
2018/06/18 07:44:02.815 [DETAIL] [src=null] SNow Qual: name=Software License
2018/06/18 07:44:02.818 [DETAIL] [src=null] SNow Qual: name=Software License
2018/06/18 07:44:02.819 [DETAIL] [src=null] SNow Qual: name=Software License
2018/06/18 07:44:02.819 [DETAIL] [src=null] SNow Qual: name=Support
2018/06/18 07:44:02.819 [DETAIL] [src=null] SNow Qual: name=Warranty
2018/06/18 07:44:03.073 [DETAIL] Lookup Batch Retrieve-End
2018/06/18 07:44:03.075 [DETAIL] Lookup Batch Retrieve-Start
2018/06/18 07:44:03.075 [DETAIL] [src=null] SNow Qual: nameISEMPTY
2018/06/18 07:44:03.075 [DETAIL] [src=null] SNow Qual: name=Headquarters, Building 1.33
2018/06/18 07:44:03.075 [DETAIL] [src=null] SNow Qual: name=Amsterdam Support Center
2018/06/18 07:44:03.075 [DETAIL] [src=null] SNow Qual: nameISEMPTY
2018/06/18 07:44:03.075 [DETAIL] [src=null] SNow Qual: nameISEMPTY
2018/06/18 07:44:03.075 [DETAIL] [src=null] SNow Qual: nameISEMPTY
2018/06/18 07:44:03.584 [DETAIL] Lookup Batch Retrieve-End
2018/06/18 07:44:03.589 [DETAIL] Lookup Batch Retrieve-Start
2018/06/18 07:44:03.589 [DETAIL] [src=null] SNow Qual: name=Bob Baxter
2018/06/18 07:44:03.589 [DETAIL] [src=null] SNow Qual: name=Allen Allbrook
2018/06/18 07:44:03.589 [DETAIL] [src=null] SNow Qual: name=Allen Allbrook
2018/06/18 07:44:03.589 [DETAIL] [src=null] SNow Qual: name=Allen Allbrook
2018/06/18 07:44:03.589 [DETAIL] [src=null] SNow Qual: name=Allen Allbrook
2018/06/18 07:44:03.590 [DETAIL] [src=null] SNow Qual: name=Allen Allbrook
2018/06/18 07:44:03.869 [DETAIL] Lookup Batch Retrieve-End
2018/06/18 07:44:03.884 [DETAIL] Lookup Batch Retrieve-Start
2018/06/18 07:44:03.884 [DETAIL] [src=000000000000002] SNow Qual: vendor_contract=CAL.03355.1
2018/06/18 07:44:03.884 [DETAIL] [src=000000000000003] SNow Qual: vendor_contract=CAL.023623
2018/06/18 07:44:03.884 [DETAIL] [src=000000000000005] SNow Qual: vendor_contract=CAL.64276.A
2018/06/18 07:44:03.885 [DETAIL] [src=000000000000007] SNow Qual: vendor_contract=CAL.84746.C
2018/06/18 07:44:03.885 [DETAIL] [src=000000000000008] SNow Qual: vendor_contract=CAL.84746.A
2018/06/18 07:44:03.885 [DETAIL] [src=000000000000009] SNow Qual: vendor_contract=CAL.84746.B
2018/06/18 07:44:04.406 [DETAIL] Lookup Batch Retrieve-End
2018/06/18 07:44:04.406 [DETAIL] [Contract [ast_contract] Chunk 0] Data Update Started...
2018/06/18 07:44:04.407 [DETAIL] Batch Insert of 6 Entries Started
2018/06/18 07:44:05.640 [DETAIL] Create entry complete [src=000000000000002 tgt=9d13664137ba53005d19dcc773990e34]
2018/06/18 07:44:05.650 [DETAIL] Create entry complete [src=000000000000003 tgt=1113664137ba53005d19dcc773990e3f]
2018/06/18 07:44:05.658 [DETAIL] Create entry complete [src=000000000000005 tgt=1513664137ba53005d19dcc773990e47]
2018/06/18 07:44:05.667 [DETAIL] Create entry complete [src=000000000000007 tgt=9513664137ba53005d19dcc773990e4f]
2018/06/18 07:44:05.675 [DETAIL] Create entry complete [src=000000000000008 tgt=5113664137ba53005d19dcc773990ebb]
2018/06/18 07:44:05.683 [DETAIL] Create entry complete [src=000000000000009 tgt=1513664137ba53005d19dcc773990ec3]
2018/06/18 07:44:05.687 [INFO] Migration Completed 
2018/06/18 07:44:05.687 [INFO] Summary...  Created:6 Updated:0 Skipped:0 Errors:0 [Warnings 0]
2018/06/18 07:44:05.704 [INFO] [Terms and Conditions] Key Mapping Cache CTR:Terms_Conditions -> Terms and Conditions [clm_terms_and_conditions] Ready.
2018/06/18 07:44:05.704 [INFO] [Terms and Conditions] Migration in progress.
2018/06/18 07:44:05.704 [DETAIL] [Terms and Conditions Chunk 0] Data Retrieve Started...
2018/06/18 07:44:05.715 [DETAIL] Create Inclusion Query: [Operation=1,Operand Left=[Operation=4,Operand Left=[Operation=6,Operand Left=[Operand Type=[type=1],Operand=300574900],Operand Right=[Operand Type=[type=2],Operand=null]],Operand Right=<null>],Operand Right=[Operation=2,Operand Left=[Operation=2,Operand Left=[Operation=2,Operand Left=[Operation=2,Operand Left=[Operation=2,Operand Left=[Operation=4,Operand Left=[Operation=1,Operand Left=[Operand Type=[type=1],Operand=300574900],Operand Right=[Operand Type=[type=2],Operand=AS00123F73CF5EdtMTSQ5aREAgxEwB]],Operand Right=<null>],Operand Right=[Operation=4,Operand Left=[Operation=1,Operand Left=[Operand Type=[type=1],Operand=300574900],Operand Right=[Operand Type=[type=2],Operand=AS00123F73CF5Ed9MTSQkaVEAgxkwB]],Operand Right=<null>]],Operand Right=[Operation=4,Operand Left=[Operation=1,Operand Left=[Operand Type=[type=1],Operand=300574900],Operand Right=[Operand Type=[type=2],Operand=AS00123F73CF5EddMTSQPKFEAgrUwB]],Operand Right=<null>]],Operand Right=[Operation=4,Operand Left=[Operation=1,Operand Left=[Operand Type=[type=1],Operand=300574900],Operand Right=[Operand Type=[type=2],Operand=AS00123F73CF5EdtMTSQJKVEAgxUwB]],Operand Right=<null>]],Operand Right=[Operation=4,Operand Left=[Operation=1,Operand Left=[Operand Type=[type=1],Operand=300574900],Operand Right=[Operand Type=[type=2],Operand=AS00123F73CF5EdtMTSQ0qJEAgsEwB]],Operand Right=<null>]],Operand Right=[Operation=4,Operand Left=[Operation=1,Operand Left=[Operand Type=[type=1],Operand=300574900],Operand Right=[Operand Type=[type=2],Operand=AS00123F73CF5EdtMTSQVaJEAgrkwB]],Operand Right=<null>]]]
2018/06/18 07:44:05.771 [DETAIL] [Terms and Conditions Chunk 0] Data Transform Started...
2018/06/18 07:44:05.771 [DETAIL] [Terms and Conditions Chunk 0] Data Update Started...
2018/06/18 07:44:05.772 [DETAIL] [Terms and Conditions Chunk 0] Attachment Migration Started...
2018/06/18 07:44:05.772 [DETAIL] Source Attachment Info Loaded [0]
2018/06/18 07:44:05.772 [DETAIL] Attachment Target Check Complete [new=0 updates=0 duplicates=0]
2018/06/18 07:44:05.772 [DETAIL] Attachment Processing Queue Counts:- SRC: 0 TGTCHK: 0 GETDATA: 0 MIG: 0 DEL: 0
2018/06/18 07:44:05.772 [INFO] Migration Completed 
2018/06/18 07:44:05.772 [INFO] Summary...  Created:0 Updated:0 Skipped:0 Errors:0 [Warnings 0]
2018/06/18 07:44:05.780 [INFO] [Terms and Conditions Contract Join] Key Mapping Cache CTR:Terms_Conditions -> Terms and Conditions [clm_m2m_contract_and_terms] Ready.
2018/06/18 07:44:05.780 [INFO] [Terms and Conditions Contract Join] Migration in progress.
2018/06/18 07:44:05.781 [DETAIL] [Terms and Conditions Contract Join Chunk 0] Data Retrieve Started...
2018/06/18 07:44:05.784 [DETAIL] Create Inclusion Query: [Operation=1,Operand Left=[Operation=4,Operand Left=[Operation=6,Operand Left=[Operand Type=[type=1],Operand=300574900],Operand Right=[Operand Type=[type=2],Operand=null]],Operand Right=<null>],Operand Right=[Operation=2,Operand Left=[Operation=2,Operand Left=[Operation=2,Operand Left=[Operation=2,Operand Left=[Operation=2,Operand Left=[Operation=4,Operand Left=[Operation=1,Operand Left=[Operand Type=[type=1],Operand=300574900],Operand Right=[Operand Type=[type=2],Operand=AS00123F73CF5EdtMTSQ5aREAgxEwB]],Operand Right=<null>],Operand Right=[Operation=4,Operand Left=[Operation=1,Operand Left=[Operand Type=[type=1],Operand=300574900],Operand Right=[Operand Type=[type=2],Operand=AS00123F73CF5Ed9MTSQkaVEAgxkwB]],Operand Right=<null>]],Operand Right=[Operation=4,Operand Left=[Operation=1,Operand Left=[Operand Type=[type=1],Operand=300574900],Operand Right=[Operand Type=[type=2],Operand=AS00123F73CF5EddMTSQPKFEAgrUwB]],Operand Right=<null>]],Operand Right=[Operation=4,Operand Left=[Operation=1,Operand Left=[Operand Type=[type=1],Operand=300574900],Operand Right=[Operand Type=[type=2],Operand=AS00123F73CF5EdtMTSQJKVEAgxUwB]],Operand Right=<null>]],Operand Right=[Operation=4,Operand Left=[Operation=1,Operand Left=[Operand Type=[type=1],Operand=300574900],Operand Right=[Operand Type=[type=2],Operand=AS00123F73CF5EdtMTSQ0qJEAgsEwB]],Operand Right=<null>]],Operand Right=[Operation=4,Operand Left=[Operation=1,Operand Left=[Operand Type=[type=1],Operand=300574900],Operand Right=[Operand Type=[type=2],Operand=AS00123F73CF5EdtMTSQVaJEAgrkwB]],Operand Right=<null>]]]
2018/06/18 07:44:05.851 [DETAIL] [Terms and Conditions Contract Join Chunk 0] Data Transform Started...
2018/06/18 07:44:05.852 [DETAIL] [Terms and Conditions Contract Join Chunk 0] Data Update Started...
2018/06/18 07:44:05.852 [DETAIL] [Terms and Conditions Contract Join Chunk 0] Attachment Migration Started...
2018/06/18 07:44:05.852 [DETAIL] Source Attachment Info Loaded [0]
2018/06/18 07:44:05.852 [DETAIL] Attachment Target Check Complete [new=0 updates=0 duplicates=0]
2018/06/18 07:44:05.852 [DETAIL] Attachment Processing Queue Counts:- SRC: 0 TGTCHK: 0 GETDATA: 0 MIG: 0 DEL: 0
2018/06/18 07:44:05.852 [INFO] Migration Completed 
2018/06/18 07:44:05.853 [INFO] Summary...  Created:0 Updated:0 Skipped:0 Errors:0 [Warnings 0]
2018/06/18 07:44:05.861 [INFO] [Contract CI relationships] Key Mapping Cache CTR:Contract_Relationship -> Lease Instance Ready.
2018/06/18 07:44:05.861 [INFO] [Contract CI relationships] Migration in progress.
2018/06/18 07:44:05.861 [DETAIL] [Contract CI relationships Chunk 0] Data Retrieve Started...
2018/06/18 07:44:05.863 [DETAIL] Create Inclusion Query: [Operation=1,Operand Left=[Operation=4,Operand Left=[Operation=1,Operand Left=[Operand Type=[type=1],Operand=303504000],Operand Right=[Operand Type=[type=2],Operand=6000]],Operand Right=<null>],Operand Right=[Operation=2,Operand Left=[Operation=2,Operand Left=[Operation=2,Operand Left=[Operation=2,Operand Left=[Operation=2,Operand Left=[Operation=4,Operand Left=[Operation=1,Operand Left=[Operand Type=[type=1],Operand=303504500],Operand Right=[Operand Type=[type=2],Operand=AS00123F73CF5EdtMTSQ5aREAgxEwB]],Operand Right=<null>],Operand Right=[Operation=4,Operand Left=[Operation=1,Operand Left=[Operand Type=[type=1],Operand=303504500],Operand Right=[Operand Type=[type=2],Operand=AS00123F73CF5Ed9MTSQkaVEAgxkwB]],Operand Right=<null>]],Operand Right=[Operation=4,Operand Left=[Operation=1,Operand Left=[Operand Type=[type=1],Operand=303504500],Operand Right=[Operand Type=[type=2],Operand=AS00123F73CF5EddMTSQPKFEAgrUwB]],Operand Right=<null>]],Operand Right=[Operation=4,Operand Left=[Operation=1,Operand Left=[Operand Type=[type=1],Operand=303504500],Operand Right=[Operand Type=[type=2],Operand=AS00123F73CF5EdtMTSQJKVEAgxUwB]],Operand Right=<null>]],Operand Right=[Operation=4,Operand Left=[Operation=1,Operand Left=[Operand Type=[type=1],Operand=303504500],Operand Right=[Operand Type=[type=2],Operand=AS00123F73CF5EdtMTSQ0qJEAgsEwB]],Operand Right=<null>]],Operand Right=[Operation=4,Operand Left=[Operation=1,Operand Left=[Operand Type=[type=1],Operand=303504500],Operand Right=[Operand Type=[type=2],Operand=AS00123F73CF5EdtMTSQVaJEAgrkwB]],Operand Right=<null>]]]
2018/06/18 07:44:05.895 [DETAIL] [Contract CI relationships Chunk 0] Data Transform Started...
2018/06/18 07:44:05.897 [DETAIL] Add Project Variable [ast_contract [STRING]]
2018/06/18 07:44:05.898 [DETAIL] Add Project Variable [ci_item [STRING]]
2018/06/18 07:44:05.899 [DETAIL] Create SNow Lookup Query: ast_contract#!#ast_contract#!#^ci_item#!#ci_item#!#
2018/06/18 07:44:05.914 [DETAIL] Lookup Batch Retrieve-Start
2018/06/18 07:44:05.946 [DETAIL] Lookup Batch Retrieve-End
2018/06/18 07:44:05.946 [DETAIL] Lookup Batch Retrieve-Start
2018/06/18 07:44:05.946 [DETAIL] [src=CRE000000000001] SNow Qual: vendor_contract=CAL.023623
2018/06/18 07:44:06.407 [DETAIL] Lookup Batch Retrieve-End
2018/06/18 07:44:06.407 [DETAIL] Lookup Batch Retrieve-Start
2018/06/18 07:44:06.416 [DETAIL] Lookup Batch Retrieve-End
2018/06/18 07:44:06.433 [DETAIL] Lookup Batch Retrieve-Start
2018/06/18 07:44:06.433 [DETAIL] [src=null] SNow Qual: name=desktop-ienige3^serial_number=Default string
2018/06/18 07:44:06.945 [DETAIL] Lookup Batch Retrieve-End
2018/06/18 07:44:06.948 [DETAIL] Lookup Batch Retrieve-Start
2018/06/18 07:44:06.948 [DETAIL] [src=CRE000000000001] SNow Qual: ast_contract=1113664137ba53005d19dcc773990e3f^ci_item=a660c6a0373613005d19dcc773990ee9
2018/06/18 07:44:07.408 [DETAIL] Lookup Batch Retrieve-End
2018/06/18 07:44:07.409 [DETAIL] [Contract CI relationships Chunk 0] Data Update Started...
2018/06/18 07:44:07.409 [DETAIL] Batch Insert of 1 Entries Started
2018/06/18 07:44:08.074 [DETAIL] Create entry complete [src=CRE000000000001 tgt=c213a64137ba53005d19dcc773990eda]
2018/06/18 07:44:08.080 [INFO] Migration Completed 
2018/06/18 07:44:08.080 [INFO] Summary...  Created:1 Updated:0 Skipped:0 Errors:0 [Warnings 0]
2018/06/18 07:44:08.091 [INFO] [Expense Lines] Key Mapping Cache FIN:CostAssociationJoin -> Expense Line Ready.
2018/06/18 07:44:08.091 [INFO] [Expense Lines] Migration in progress.
2018/06/18 07:44:08.092 [DETAIL] [Expense Lines Chunk 0] Data Retrieve Started...
2018/06/18 07:44:08.099 [DETAIL] Create Inclusion Query: [Operation=1,Operand Left=[Operation=1,Operand Left=[Operation=4,Operand Left=[Operation=1,Operand Left=[Operand Type=[type=1],Operand=301269500],Operand Right=[Operand Type=[type=2],Operand=0]],Operand Right=<null>],Operand Right=[Operation=1,Operand Left=[Operation=4,Operand Left=[Operation=4,Operand Left=[Operand Type=[type=1],Operand=7],Operand Right=[Operand Type=[type=2],Operand=2]],Operand Right=<null>],Operand Right=[Operation=2,Operand Left=[Operation=4,Operand Left=[Operation=1,Operand Left=[Operand Type=[type=1],Operand=270002019],Operand Right=[Operand Type=[type=2],Operand=Purchase Cost]],Operand Right=<null>],Operand Right=[Operation=4,Operand Left=[Operation=1,Operand Left=[Operand Type=[type=1],Operand=270002019],Operand Right=[Operand Type=[type=2],Operand=Renewal Cost]],Operand Right=<null>]]]],Operand Right=[Operation=2,Operand Left=[Operation=2,Operand Left=[Operation=2,Operand Left=[Operation=2,Operand Left=[Operation=2,Operand Left=[Operation=4,Operand Left=[Operation=1,Operand Left=[Operand Type=[type=1],Operand=301403000],Operand Right=[Operand Type=[type=2],Operand=AS00123F73CF5EdtMTSQ5aREAgxEwB]],Operand Right=<null>],Operand Right=[Operation=4,Operand Left=[Operation=1,Operand Left=[Operand Type=[type=1],Operand=301403000],Operand Right=[Operand Type=[type=2],Operand=AS00123F73CF5Ed9MTSQkaVEAgxkwB]],Operand Right=<null>]],Operand Right=[Operation=4,Operand Left=[Operation=1,Operand Left=[Operand Type=[type=1],Operand=301403000],Operand Right=[Operand Type=[type=2],Operand=AS00123F73CF5EddMTSQPKFEAgrUwB]],Operand Right=<null>]],Operand Right=[Operation=4,Operand Left=[Operation=1,Operand Left=[Operand Type=[type=1],Operand=301403000],Operand Right=[Operand Type=[type=2],Operand=AS00123F73CF5EdtMTSQJKVEAgxUwB]],Operand Right=<null>]],Operand Right=[Operation=4,Operand Left=[Operation=1,Operand Left=[Operand Type=[type=1],Operand=301403000],Operand Right=[Operand Type=[type=2],Operand=AS00123F73CF5EdtMTSQ0qJEAgsEwB]],Operand Right=<null>]],Operand Right=[Operation=4,Operand Left=[Operation=1,Operand Left=[Operand Type=[type=1],Operand=301403000],Operand Right=[Operand Type=[type=2],Operand=AS00123F73CF5EdtMTSQVaJEAgrkwB]],Operand Right=<null>]]]
2018/06/18 07:44:08.162 [DETAIL] [Expense Lines Chunk 0] Data Transform Started...
2018/06/18 07:44:08.162 [DETAIL] Add Project Variable [date [DATE]]
2018/06/18 07:44:08.162 [DETAIL] Add Project Variable [short_description [STRING]]
2018/06/18 07:44:08.162 [DETAIL] Add Project Variable [contract [STRING]]
2018/06/18 07:44:08.162 [DETAIL] Create SNow Lookup Query: contract#!#contract#!#^short_description#!#short_description#!#^date#!#date#!#
2018/06/18 07:44:08.168 [DETAIL] Lookup Batch Retrieve-Start
2018/06/18 07:44:08.168 [DETAIL] [src=null] SNow Qual: code=225276-A
2018/06/18 07:44:08.628 [DETAIL] Lookup Batch Retrieve-End
2018/06/18 07:44:08.633 [DETAIL] Lookup Batch Retrieve-Start
2018/06/18 07:44:08.653 [DETAIL] Lookup Batch Retrieve-End
2018/06/18 07:44:08.653 [DETAIL] Lookup Batch Retrieve-Start
2018/06/18 07:44:08.653 [DETAIL] [src=000000000000001|FNA000000000001] SNow Qual: vendor_contract=CAL.023623
2018/06/18 07:44:09.123 [DETAIL] Lookup Batch Retrieve-End
2018/06/18 07:44:09.131 [DETAIL] Lookup Batch Retrieve-Start
2018/06/18 07:44:09.132 [DETAIL] [src=000000000000001|FNA000000000001] SNow Qual: contract=1113664137ba53005d19dcc773990e3f^short_description=rrr^date=2018-06-17
2018/06/18 07:44:09.598 [DETAIL] Lookup Batch Retrieve-End
2018/06/18 07:44:09.598 [DETAIL] [Expense Lines Chunk 0] Data Update Started...
2018/06/18 07:44:09.599 [DETAIL] Batch Insert of 1 Entries Started
2018/06/18 07:44:10.215 [DETAIL] Create entry complete [src=000000000000001|FNA000000000001 tgt=6213e64137ba53005d19dcc773990e63]
2018/06/18 07:44:10.219 [INFO] Migration Completed 
2018/06/18 07:44:10.219 [INFO] Summary...  Created:1 Updated:0 Skipped:0 Errors:0 [Warnings 0]
2018/06/18 07:44:10.239 [INFO] [Contract Attachments] Key Mapping Cache CTR:WorkLog -> Contract Ready.
2018/06/18 07:44:10.239 [INFO] [Contract Attachments] Migration in progress.
2018/06/18 07:44:10.240 [DETAIL] [Contract Attachments Chunk 0] Data Retrieve Started...
2018/06/18 07:44:10.259 [DETAIL] [Contract Attachments Chunk 0] Data Transform Started...
2018/06/18 07:44:10.260 [DETAIL] [Contract Attachments Chunk 0] Data Update Started...
2018/06/18 07:44:10.260 [DETAIL] [Contract Attachments Chunk 0] Attachment Migration Started...
2018/06/18 07:44:10.260 [DETAIL] Source Attachment Info Loaded [0]
2018/06/18 07:44:10.260 [DETAIL] Attachment Target Check Complete [new=0 updates=0 duplicates=0]
2018/06/18 07:44:10.260 [DETAIL] Attachment Processing Queue Counts:- SRC: 0 TGTCHK: 0 GETDATA: 0 MIG: 0 DEL: 0
2018/06/18 07:44:10.260 [INFO] Migration Completed 
2018/06/18 07:44:10.260 [INFO] Summary...  Created:0 Updated:0 Skipped:0 Errors:0 [Warnings 0]
2018/06/18 07:44:10.267 [INFO] [Set Notification Group ] Key Mapping Cache CTR:ContractBase -> Contract Ready.
2018/06/18 07:44:10.267 [INFO] [Set Notification Group ] Migration in progress.
2018/06/18 07:44:10.267 [DETAIL] [Set Notification Group  Chunk 0] Data Retrieve Started...
2018/06/18 07:44:10.308 [DETAIL] [Set Notification Group  Chunk 0] Data Transform Started...
2018/06/18 07:44:10.308 [DETAIL] Add Project Variable [vendor_contract [STRING]]
2018/06/18 07:44:10.308 [DETAIL] Create SNow Lookup Query: vendor_contract#!#vendor_contract#!#
2018/06/18 07:44:10.311 [DETAIL] Lookup Batch Retrieve-Start
2018/06/18 07:44:10.311 [DETAIL] [src=000000000000002] SNow Qual: vendor_contract=CAL.03355.1
2018/06/18 07:44:10.311 [DETAIL] [src=000000000000003] SNow Qual: vendor_contract=CAL.023623
2018/06/18 07:44:10.311 [DETAIL] [src=000000000000004] SNow Qual: vendor_contract=CAL.62333
2018/06/18 07:44:10.311 [DETAIL] [src=000000000000005] SNow Qual: vendor_contract=CAL.64276.A
2018/06/18 07:44:10.311 [DETAIL] [src=000000000000006] SNow Qual: vendor_contract=CAL.64276.B
2018/06/18 07:44:10.311 [DETAIL] [src=000000000000007] SNow Qual: vendor_contract=CAL.84746.C
2018/06/18 07:44:10.311 [DETAIL] [src=000000000000008] SNow Qual: vendor_contract=CAL.84746.A
2018/06/18 07:44:10.311 [DETAIL] [src=000000000000009] SNow Qual: vendor_contract=CAL.84746.B
2018/06/18 07:44:10.312 [DETAIL] [src=000000000000010] SNow Qual: vendor_contract=1000
2018/06/18 07:44:10.613 [DETAIL] Lookup Batch Retrieve-End
2018/06/18 07:44:10.636 [DETAIL] [Set Notification Group  Chunk 0] Data Update Started...
2018/06/18 07:44:10.636 [DETAIL] Batch Update of 6 Entries Started
2018/06/18 07:44:10.636 [DETAIL] Pre-Migration Task 0 Complete
2018/06/18 07:44:10.989 [DETAIL] Update entry complete [src=000000000000002 tgt=9d13664137ba53005d19dcc773990e34]
2018/06/18 07:44:11.001 [DETAIL] Update entry complete [src=000000000000003 tgt=1113664137ba53005d19dcc773990e3f]
2018/06/18 07:44:11.014 [DETAIL] Update entry complete [src=000000000000005 tgt=1513664137ba53005d19dcc773990e47]
2018/06/18 07:44:11.025 [DETAIL] Update entry complete [src=000000000000007 tgt=9513664137ba53005d19dcc773990e4f]
2018/06/18 07:44:11.062 [DETAIL] Update entry complete [src=000000000000008 tgt=5113664137ba53005d19dcc773990ebb]
2018/06/18 07:44:11.078 [DETAIL] Update entry complete [src=000000000000009 tgt=1513664137ba53005d19dcc773990ec3]
2018/06/18 07:44:11.078 [DETAIL] Post-Migration Task 0 Complete
2018/06/18 07:44:11.082 [INFO] Migration Completed 
2018/06/18 07:44:11.082 [INFO] Summary...  Created:0 Updated:6 Skipped:3 Errors:0 [Warnings 0]
2018/06/18 07:44:11.089 [INFO] [Generic Software License] Key Mapping Cache AST:LicenseCertificates -> Generic Software License Ready.
2018/06/18 07:44:11.090 [INFO] [Generic Software License] Migration in progress.
2018/06/18 07:44:11.090 [DETAIL] [Generic Software License Chunk 0] Data Retrieve Started...
2018/06/18 07:44:11.091 [DETAIL] Create Inclusion Query: [Operation=1,Operand Left=[Operation=4,Operand Left=[Operation=6,Operand Left=[Operand Type=[type=1],Operand=240001003],Operand Right=[Operand Type=[type=2],Operand=null]],Operand Right=<null>],Operand Right=[Operation=2,Operand Left=[Operation=2,Operand Left=[Operation=2,Operand Left=[Operation=2,Operand Left=[Operation=2,Operand Left=[Operation=4,Operand Left=[Operation=1,Operand Left=[Operand Type=[type=1],Operand=260142100],Operand Right=[Operand Type=[type=2],Operand=CAL.64276.A]],Operand Right=<null>],Operand Right=[Operation=4,Operand Left=[Operation=1,Operand Left=[Operand Type=[type=1],Operand=260142100],Operand Right=[Operand Type=[type=2],Operand=CAL.84746.B]],Operand Right=<null>]],Operand Right=[Operation=4,Operand Left=[Operation=1,Operand Left=[Operand Type=[type=1],Operand=260142100],Operand Right=[Operand Type=[type=2],Operand=CAL.023623]],Operand Right=<null>]],Operand Right=[Operation=4,Operand Left=[Operation=1,Operand Left=[Operand Type=[type=1],Operand=260142100],Operand Right=[Operand Type=[type=2],Operand=CAL.84746.A]],Operand Right=<null>]],Operand Right=[Operation=4,Operand Left=[Operation=1,Operand Left=[Operand Type=[type=1],Operand=260142100],Operand Right=[Operand Type=[type=2],Operand=CAL.03355.1]],Operand Right=<null>]],Operand Right=[Operation=4,Operand Left=[Operation=1,Operand Left=[Operand Type=[type=1],Operand=260142100],Operand Right=[Operand Type=[type=2],Operand=CAL.84746.C]],Operand Right=<null>]]]
2018/06/18 07:44:11.101 [DETAIL] [Generic Software License Chunk 0] Data Transform Started...
2018/06/18 07:44:11.101 [DETAIL] [Generic Software License Chunk 0] Data Update Started...
2018/06/18 07:44:11.101 [INFO] Migration Completed 
2018/06/18 07:44:11.101 [INFO] Summary...  Created:0 Updated:0 Skipped:0 Errors:0 [Warnings 0]
2018/06/18 07:44:11.101 [DETAIL] Closing Execution Task...
2018/06/18 07:44:11.160 [INFO] Execution has completed [Execution ID=2018-06-18_07-42]
2018/06/18 07:44:11.160 [INFO] --END OF LOG--
