2018/06/19 11:55:14.815 [INFO] Log Level set to Detail
2018/06/19 11:55:14.815 [INFO] ITSM Bridge version 3.7.14
2018/06/19 11:55:14.815 [INFO] Execution of Contract Management version 4
2018/06/19 11:55:14.817 [INFO] Execution started... [Execution ID=2018-06-19_11-55]
2018/06/19 11:55:14.818 [INFO] Initialisation Step Started...
2018/06/19 11:55:14.818 [INFO] Source Server Connected
2018/06/19 11:55:15.061 [INFO] Target Server Connected
2018/06/19 11:55:15.061 [DETAIL] Remedy Cache Initialisation started...
2018/06/19 11:55:15.061 [DETAIL] Remedy Cache Initialisation complete
2018/06/19 11:55:15.062 [INFO] Source Server Cache Initialised
2018/06/19 11:55:15.062 [DETAIL] Service Now Cache Initialisation started...
2018/06/19 11:55:15.062 [DETAIL] Service Now Cache Initialisation complete
2018/06/19 11:55:15.062 [INFO] Target Server Cache Initialised
2018/06/19 11:55:15.062 [DETAIL] Top Level Project Validation Completed
2018/06/19 11:55:15.065 [DETAIL] Create Remedy Qualification: 'Menu Type' = "Contract Type" AND 'Status' = "Enabled" AND 'Menu Label 2' = "Contract Event Type" AND 'Locale' = $\NULL$
2018/06/19 11:55:15.069 [DETAIL] Create SNow Lookup Query: name=Contract
2018/06/19 11:55:15.071 [INFO] Synchronising Scripted Web Service [u_itsmb_cmdb_contract_product_model]
2018/06/19 11:55:16.220 [DETAIL] --Check Import WS Started--
   WS Name: u_itsmb_cmdb_contract_product_model
   Target Table: cmdb_contract_product_model
   Scope: global
   Run Business Rules: true
   include fields from tables: cmdb_contract_product_model,cmdb_model
--created ws import set: u_itsmb_cmdb_contract_product_model [cmdb_contract_product_model]--
--synchronise ws fields with target complete--
--transform map updated: u_itsmb_cmdb_contract_product_model
   skip system field: template_import_log
   skip system field: target_scope
   skip system field: sys_updated_on
   transform field mapping exists: type -> type
   skip system field: target_class_name
   skip system field: sys_target_sys_id
   skip system field: sys_updated_by
   skip system field: sys_created_on
   skip system field: sys_import_set
   transform field mapping exists: barcode -> barcode
   skip system field: target_sys_id
   skip system field: target_created_by
   skip system field: sys_created_by
   skip system field: sys_import_row
   skip system field: sys_row_error
   skip system field: target_domain_path
   transform field mapping exists: power_consumption -> power_consumption
   transform field mapping exists: sla -> sla
   transform field mapping exists: weight -> weight
   skip system field: import_set_run
   transform field mapping exists: display_name -> display_name
   transform field mapping exists: full_name -> full_name
   transform field mapping exists: rack_units -> rack_units
   transform field mapping exists: product_catalog_item -> product_catalog_item
   transform field mapping exists: name -> name
   transform field mapping exists: cmdb_ci_class -> cmdb_ci_class
   transform field mapping exists: status -> status
   transform field mapping exists: short_description -> short_description
   skip system field: target_mod_count
   skip system field: batch_id
   transform field mapping exists: flow_rate -> flow_rate
   skip system field: sys_import_state_comment
   transform field mapping exists: description -> description
   skip system field: target_domain
   skip system field: sys_class_name
   transform field mapping exists: manufacturer -> manufacturer
   transform field mapping exists: sound_power -> sound_power
   skip system field: sys_transform_map
   transform field mapping exists: certified -> certified
   transform field mapping exists: model_number -> model_number
   transform field mapping exists: bundle -> bundle
   transform field mapping exists: expenditure_type -> expenditure_type
   transform field mapping exists: depreciation -> depreciation
   transform field mapping exists: owner -> owner
   transform field mapping exists: comments -> comments
   transform field mapping exists: cost -> cost
   skip system field: sys_target_table
   skip system field: target_created_on
   transform field mapping exists: acquisition_method -> acquisition_method
   skip system field: sys_mod_count
   transform field mapping exists: cmdb_model_category -> cmdb_model_category
   skip virtual field: sys_tags
   transform field mapping exists: asset_tracking_strategy -> asset_tracking_strategy
   transform field mapping exists: picture -> picture
   skip system field: sys_import_state
   transform field mapping exists: main_component -> main_component
   skip system field: source_id
   transform field mapping exists: salvage_value -> salvage_value
   transform field mapping exists: target_class_name -> sys_class_name
   transform field mapping exists: target_mod_count -> sys_mod_count
   transform field mapping exists: target_created_by -> sys_created_by
   transform field mapping exists: target_created_on -> sys_created_on
coalece field exists
--synchronise transform map complete--
--Check Import Set WS and Transform Map Completed--

2018/06/19 11:55:16.221 [INFO] Scripted Web Service is Synchronised [u_itsmb_cmdb_contract_product_model]
2018/06/19 11:55:16.695 [INFO] Initialisation 1 of 9 [Contract Type] Completed
2018/06/19 11:55:16.699 [DETAIL] Create Remedy Qualification: 'Start Date' != $\NULL$
2018/06/19 11:55:16.705 [DETAIL] Add Project Variable [Contract ID+ [STRING]]
2018/06/19 11:55:16.707 [DETAIL] Create Remedy Lookup Query: 'CTR ID' = ""
2018/06/19 11:55:16.707 [DETAIL] Add Project Variable [Cost Center [STRING]]
2018/06/19 11:55:16.707 [DETAIL] Create SNow Lookup Query: code#!#Cost Center#!#
2018/06/19 11:55:16.708 [DETAIL] Add Project Variable [Supplier Name+ [STRING]]
2018/06/19 11:55:16.708 [DETAIL] Create SNow Lookup Query: name#!#Supplier Name+#!#
2018/06/19 11:55:16.708 [DETAIL] Add Project Variable [ContractType [STRING]]
2018/06/19 11:55:16.708 [DETAIL] Create SNow Lookup Query: name#!#ContractType#!#
2018/06/19 11:55:16.708 [DETAIL] Add Project Variable [ContractSite [STRING]]
2018/06/19 11:55:16.708 [DETAIL] Create SNow Lookup Query: name#!#ContractSite#!#
2018/06/19 11:55:16.708 [DETAIL] Add Project Variable [Notification Contact+ [STRING]]
2018/06/19 11:55:16.708 [DETAIL] Create SNow Lookup Query: name#!#Notification Contact+#!#
2018/06/19 11:55:16.709 [INFO] Synchronising Scripted Web Service [u_itsmb_ast_contract]
2018/06/19 11:55:18.194 [DETAIL] --Check Import WS Started--
   WS Name: u_itsmb_ast_contract
   Target Table: ast_contract
   Scope: global
   Run Business Rules: true
   include fields from tables: ast_contract
--created ws import set: u_itsmb_ast_contract [ast_contract]--
--synchronise ws fields with target complete--
--transform map updated: u_itsmb_ast_contract
   transform field mapping exists: cost_adjustment_percentage -> cost_adjustment_percentage
   transform field mapping exists: total_cost -> total_cost
   transform field mapping exists: discount -> discount
   skip system field: template_import_log
   transform field mapping exists: cost_adjustment -> cost_adjustment
   skip system field: target_scope
   transform field mapping exists: renewal_end_date -> renewal_end_date
   skip system field: sys_updated_on
   skip system field: target_class_name
   transform field mapping exists: tax_rate -> tax_rate
   transform field mapping exists: approval_history -> approval_history
   skip system field: sys_target_sys_id
   transform field mapping exists: number -> number
   transform field mapping exists: tax_cost -> tax_cost
   skip system field: sys_updated_by
   transform field mapping exists: renewal_date -> renewal_date
   skip system field: sys_created_on
   transform field mapping exists: sub_total_cost -> sub_total_cost
   skip system field: sys_import_set
   transform field mapping exists: cost_adjustment_reason -> cost_adjustment_reason
   transform field mapping exists: state -> state
   transform field mapping exists: starts -> starts
   skip system field: target_sys_id
   skip system field: target_created_by
   skip system field: sys_created_by
   skip system field: sys_import_row
   skip system field: sys_row_error
   transform field mapping exists: tax_exempt -> tax_exempt
   skip system field: target_domain_path
   transform field mapping exists: yearly_cost -> yearly_cost
   transform field mapping exists: commitment -> commitment
   transform field mapping exists: active -> active
   transform field mapping exists: payment_amount -> payment_amount
   skip system field: import_set_run
   transform field mapping exists: payment_schedule -> payment_schedule
   transform field mapping exists: terms_and_conditions -> terms_and_conditions
   transform field mapping exists: cost_center -> cost_center
   transform field mapping exists: renewable -> renewable
   transform field mapping exists: renewal_contact -> renewal_contact
   transform field mapping exists: expiration -> expiration
   transform field mapping exists: invoice_payment_terms -> invoice_payment_terms
   transform field mapping exists: contract_administrator -> contract_administrator
   transform field mapping exists: short_description -> short_description
   transform field mapping exists: ratecard -> ratecard
   skip system field: target_mod_count
   transform field mapping exists: cost_adjustment_type -> cost_adjustment_type
   skip system field: batch_id
   skip system field: sys_import_state_comment
   transform field mapping exists: description -> description
   skip system field: target_domain
   skip system field: sys_class_name
   transform field mapping exists: po_number -> po_number
   transform field mapping exists: license_quantity_entitled -> license_quantity_entitled
   transform field mapping exists: vendor -> vendor
   transform field mapping exists: ends -> ends
   transform field mapping exists: contract_model -> contract_model
   skip system field: sys_transform_map
   transform field mapping exists: approver -> approver
   transform field mapping exists: process -> process
   transform field mapping exists: monthly_cost -> monthly_cost
   transform field mapping exists: vendor_contract -> vendor_contract
   skip system field: sys_target_table
   skip system field: target_created_on
   transform field mapping exists: license_type -> license_type
   transform field mapping exists: lifetime_cost -> lifetime_cost
   transform field mapping exists: renewal_options -> renewal_options
   skip system field: sys_mod_count
   skip virtual field: sys_tags
   skip system field: sys_import_state
   transform field mapping exists: sales_tax -> sales_tax
   transform field mapping exists: substate -> substate
   transform field mapping exists: application_model -> application_model
   transform field mapping exists: cost_per_unit -> cost_per_unit
   transform field mapping exists: location -> location
   transform field mapping exists: vendor_account -> vendor_account
   skip system field: source_id
   transform field mapping exists: target_domain -> sys_domain
   transform field mapping exists: target_class_name -> sys_class_name
   transform field mapping exists: target_mod_count -> sys_mod_count
   transform field mapping exists: target_created_by -> sys_created_by
   transform field mapping exists: target_created_on -> sys_created_on
coalece field exists
--synchronise transform map complete--
--Check Import Set WS and Transform Map Completed--

2018/06/19 11:55:18.195 [INFO] Scripted Web Service is Synchronised [u_itsmb_ast_contract]
2018/06/19 11:55:18.675 [INFO] Initialisation 2 of 9 [Contract [ast_contract]] Completed
2018/06/19 11:55:18.686 [DETAIL] Create Remedy Qualification: 'Contract_Instance_ID' != $\NULL$
2018/06/19 11:55:18.746 [DETAIL] Add Project Variable [Contract_Instance_ID [STRING]]
2018/06/19 11:55:18.748 [DETAIL] Create Remedy Lookup Query: 'instanceId' = ""
2018/06/19 11:55:18.748 [DETAIL] Create SNow Lookup Query: vendor_contract#!#!Contract Number!#!#
2018/06/19 11:55:18.750 [INFO] Synchronising Scripted Web Service [u_itsmb_clm_terms_and_conditions]
2018/06/19 11:55:19.374 [DETAIL] --Check Import WS Started--
   WS Name: u_itsmb_clm_terms_and_conditions
   Target Table: clm_terms_and_conditions
   Scope: global
   Run Business Rules: true
   include fields from tables: clm_terms_and_conditions
--created ws import set: u_itsmb_clm_terms_and_conditions [clm_terms_and_conditions]--
--synchronise ws fields with target complete--
--transform map updated: u_itsmb_clm_terms_and_conditions
   skip system field: target_mod_count
   skip system field: batch_id
   skip system field: sys_import_state_comment
   transform field mapping exists: description -> description
   skip system field: template_import_log
   skip system field: target_scope
   transform field mapping exists: used -> used
   skip system field: sys_updated_on
   skip system field: target_domain
   skip system field: target_class_name
   skip system field: sys_class_name
   skip system field: sys_target_sys_id
   transform field mapping exists: number -> number
   skip system field: sys_updated_by
   skip system field: sys_created_on
   skip system field: sys_import_set
   skip system field: sys_transform_map
   skip system field: target_created_by
   skip system field: target_sys_id
   skip system field: sys_created_by
   skip system field: sys_import_row
   skip system field: sys_row_error
   skip system field: sys_target_table
   skip system field: target_created_on
   transform field mapping exists: contract -> contract
   skip system field: target_domain_path
   skip system field: sys_mod_count
   skip system field: import_set_run
   skip virtual field: sys_tags
   skip system field: sys_import_state
   transform field mapping exists: name -> name
   skip system field: source_id
   transform field mapping exists: target_mod_count -> sys_mod_count
   transform field mapping exists: target_created_by -> sys_created_by
   transform field mapping exists: target_created_on -> sys_created_on
coalece field exists
--synchronise transform map complete--
--Check Import Set WS and Transform Map Completed--

2018/06/19 11:55:19.374 [INFO] Scripted Web Service is Synchronised [u_itsmb_clm_terms_and_conditions]
2018/06/19 11:55:19.852 [INFO] Initialisation 3 of 9 [Terms and Conditions] Completed
2018/06/19 11:55:19.860 [DETAIL] Create Remedy Qualification: 'Contract_Instance_ID' != $\NULL$
2018/06/19 11:55:19.920 [DETAIL] Add Project Variable [number [STRING]]
2018/06/19 11:55:19.920 [DETAIL] Create SNow Lookup Query: number#!#number#!#
2018/06/19 11:55:19.920 [DETAIL] Add Project Variable [Contract_Instance_ID [STRING]]
2018/06/19 11:55:19.932 [DETAIL] Create Remedy Lookup Query: 'instanceId' = ""
2018/06/19 11:55:19.933 [DETAIL] Create SNow Lookup Query: vendor_contract#!#!Contract Number!#!#
2018/06/19 11:55:19.933 [INFO] Synchronising Scripted Web Service [u_itsmb_clm_m2m_contract_and_terms]
2018/06/19 11:55:20.507 [DETAIL] --Check Import WS Started--
   WS Name: u_itsmb_clm_m2m_contract_and_terms
   Target Table: clm_m2m_contract_and_terms
   Scope: global
   Run Business Rules: true
   include fields from tables: clm_m2m_contract_and_terms
--created ws import set: u_itsmb_clm_m2m_contract_and_terms [clm_m2m_contract_and_terms]--
--synchronise ws fields with target complete--
--transform map updated: u_itsmb_clm_m2m_contract_and_terms
   skip system field: target_mod_count
   skip system field: batch_id
   skip system field: sys_import_state_comment
   skip system field: template_import_log
   skip system field: target_scope
   skip system field: sys_updated_on
   skip system field: target_domain
   skip system field: target_class_name
   skip system field: sys_class_name
   skip system field: sys_target_sys_id
   skip system field: sys_updated_by
   skip system field: sys_created_on
   skip system field: sys_import_set
   skip system field: sys_transform_map
   skip system field: target_sys_id
   skip system field: target_created_by
   skip system field: sys_created_by
   transform field mapping exists: order -> order
   skip system field: sys_import_row
   skip system field: sys_row_error
   skip system field: sys_target_table
   skip system field: target_created_on
   transform field mapping exists: contract -> contract
   skip system field: target_domain_path
   skip system field: sys_mod_count
   skip system field: import_set_run
   skip virtual field: sys_tags
   skip system field: sys_import_state
   transform field mapping exists: terms_and_conditions -> terms_and_conditions
   skip system field: source_id
   transform field mapping exists: target_mod_count -> sys_mod_count
   transform field mapping exists: target_created_by -> sys_created_by
   transform field mapping exists: target_created_on -> sys_created_on
coalece field exists
--synchronise transform map complete--
--Check Import Set WS and Transform Map Completed--

2018/06/19 11:55:20.507 [INFO] Scripted Web Service is Synchronised [u_itsmb_clm_m2m_contract_and_terms]
2018/06/19 11:55:20.986 [INFO] Initialisation 4 of 9 [Terms and Conditions Contract Join] Completed
2018/06/19 11:55:20.990 [DETAIL] Create Remedy Qualification: 'Parent_Relationship_Type' = "Configuration Item"
2018/06/19 11:55:20.994 [DETAIL] Create SNow Lookup Query: vendor_contract#!#!Contract ID!#!#
2018/06/19 11:55:20.995 [DETAIL] Add Project Variable [Child_Instance_ID [STRING]]
2018/06/19 11:55:21.038 [DETAIL] Create Remedy Lookup Query: 'instanceId' = ""
2018/06/19 11:55:21.039 [DETAIL] Add Project Variable [Parent_Instance_ID [STRING]]
2018/06/19 11:55:21.040 [DETAIL] Create Remedy Lookup Query: 'ReconciliationIdentity' = ""
2018/06/19 11:55:21.040 [DETAIL] Add Project Variable [Parent_Description [STRING]]
2018/06/19 11:55:21.040 [DETAIL] Create SNow Lookup Query: name#!#Parent_Description#!#^serial_number#!#!CI Serial Number!#!#
2018/06/19 11:55:21.041 [INFO] Synchronising Scripted Web Service [u_itsmb_ast_contract_instance]
2018/06/19 11:55:21.641 [DETAIL] --Check Import WS Started--
   WS Name: u_itsmb_ast_contract_instance
   Target Table: ast_contract_instance
   Scope: global
   Run Business Rules: true
   include fields from tables: ast_contract_instance
--created ws import set: u_itsmb_ast_contract_instance [ast_contract_instance]--
--synchronise ws fields with target complete--
--transform map updated: u_itsmb_ast_contract_instance
   transform field mapping exists: ast_contract -> ast_contract
   skip system field: target_mod_count
   skip system field: batch_id
   skip system field: sys_import_state_comment
   skip system field: template_import_log
   skip system field: target_scope
   skip system field: sys_updated_on
   skip system field: target_domain
   skip system field: target_class_name
   skip system field: sys_class_name
   skip system field: sys_target_sys_id
   skip system field: sys_updated_by
   transform field mapping exists: ci_type -> ci_type
   skip system field: sys_created_on
   skip system field: sys_import_set
   skip system field: sys_transform_map
   skip system field: target_created_by
   skip system field: target_sys_id
   skip system field: sys_created_by
   skip system field: sys_import_row
   skip system field: sys_row_error
   skip system field: sys_target_table
   skip system field: target_created_on
   skip system field: target_domain_path
   skip system field: sys_mod_count
   skip system field: import_set_run
   skip virtual field: sys_tags
   transform field mapping exists: ci_item -> ci_item
   skip system field: sys_import_state
   transform field mapping exists: contract_type -> contract_type
   skip system field: source_id
   transform field mapping exists: target_mod_count -> sys_mod_count
   transform field mapping exists: target_created_by -> sys_created_by
   transform field mapping exists: target_created_on -> sys_created_on
coalece field exists
--synchronise transform map complete--
--Check Import Set WS and Transform Map Completed--

2018/06/19 11:55:21.641 [INFO] Scripted Web Service is Synchronised [u_itsmb_ast_contract_instance]
2018/06/19 11:55:22.120 [INFO] Initialisation 5 of 9 [Contract CI relationships] Completed
2018/06/19 11:55:22.124 [DETAIL] Create Remedy Qualification: 'Cost Classification' = "Actual" AND 'Status' < "Delete" AND ('Cost Type' = "Purchase Cost" OR 'Cost Type' = "Renewal Cost")
2018/06/19 11:55:22.139 [DETAIL] Add Project Variable [Cost Center Code [STRING]]
2018/06/19 11:55:22.139 [DETAIL] Create SNow Lookup Query: code#!#Cost Center Code#!#
2018/06/19 11:55:22.140 [DETAIL] Create SNow Lookup Query: vendor_contract#!#!Contract ID!#!#
2018/06/19 11:55:22.140 [DETAIL] Add Project Variable [Instance ID 01 [STRING]]
2018/06/19 11:55:22.165 [DETAIL] Create Remedy Lookup Query: 'instanceId' = ""
2018/06/19 11:55:22.166 [INFO] Synchronising Scripted Web Service [u_itsmb_fm_expense_line]
2018/06/19 11:55:23.115 [DETAIL] --Check Import WS Started--
   WS Name: u_itsmb_fm_expense_line
   Target Table: fm_expense_line
   Scope: global
   Run Business Rules: true
   include fields from tables: fm_expense_line
--created ws import set: u_itsmb_fm_expense_line [fm_expense_line]--
--synchronise ws fields with target complete--
--transform map updated: u_itsmb_fm_expense_line
   transform field mapping exists: date -> date
   transform field mapping exists: parent -> parent
   skip system field: template_import_log
   skip system field: target_scope
   skip system field: sys_updated_on
   transform field mapping exists: type -> type
   skip system field: target_class_name
   skip system field: sys_target_sys_id
   transform field mapping exists: number -> number
   skip system field: sys_updated_by
   skip system field: sys_created_on
   skip system field: sys_import_set
   transform field mapping exists: state -> state
   skip system field: target_created_by
   skip system field: target_sys_id
   skip system field: sys_created_by
   skip system field: sys_import_row
   skip system field: sys_row_error
   transform field mapping exists: fixed_asset -> fixed_asset
   skip system field: target_domain_path
   transform field mapping exists: contract -> contract
   skip system field: import_set_run
   transform field mapping exists: cost_id -> cost_id
   transform field mapping exists: task -> task
   transform field mapping exists: month -> month
   transform field mapping exists: cost_center -> cost_center
   transform field mapping exists: process_date -> process_date
   transform field mapping exists: source_table -> source_table
   transform field mapping exists: short_description -> short_description
   transform field mapping exists: base_expense -> base_expense
   skip system field: target_mod_count
   skip system field: batch_id
   skip system field: sys_import_state_comment
   skip system field: target_domain
   transform field mapping exists: summary_type -> summary_type
   skip system field: sys_class_name
   skip system field: sys_transform_map
   transform field mapping exists: amount -> amount
   skip system field: sys_target_table
   transform field mapping exists: cost_table -> cost_table
   skip system field: target_created_on
   transform field mapping exists: ci -> ci
   skip system field: sys_mod_count
   skip virtual field: sys_tags
   skip system field: sys_import_state
   transform field mapping exists: inherited -> inherited
   transform field mapping exists: source_id -> source_id
   transform field mapping exists: asset -> asset
   transform field mapping exists: category -> category
   transform field mapping exists: user -> user
   transform field mapping exists: target_mod_count -> sys_mod_count
   transform field mapping exists: target_created_by -> sys_created_by
   transform field mapping exists: target_created_on -> sys_created_on
coalece field exists
--synchronise transform map complete--
--Check Import Set WS and Transform Map Completed--

2018/06/19 11:55:23.115 [INFO] Scripted Web Service is Synchronised [u_itsmb_fm_expense_line]
2018/06/19 11:55:23.597 [INFO] Initialisation 6 of 9 [Expense Lines] Completed
2018/06/19 11:55:23.601 [DETAIL] Create Remedy Qualification: 'z2AF Work Log01' != $\NULL$
2018/06/19 11:55:23.649 [INFO] Synchronising Scripted Web Service [u_itsmb_ast_contract]
2018/06/19 11:55:25.152 [DETAIL] --Check Import WS Started--
   WS Name: u_itsmb_ast_contract
   Target Table: ast_contract
   Scope: global
   Run Business Rules: true
   include fields from tables: ast_contract
--created ws import set: u_itsmb_ast_contract [ast_contract]--
--synchronise ws fields with target complete--
--transform map updated: u_itsmb_ast_contract
   transform field mapping exists: cost_adjustment_percentage -> cost_adjustment_percentage
   transform field mapping exists: total_cost -> total_cost
   transform field mapping exists: discount -> discount
   skip system field: template_import_log
   transform field mapping exists: cost_adjustment -> cost_adjustment
   skip system field: target_scope
   transform field mapping exists: renewal_end_date -> renewal_end_date
   skip system field: sys_updated_on
   skip system field: target_class_name
   transform field mapping exists: tax_rate -> tax_rate
   transform field mapping exists: approval_history -> approval_history
   skip system field: sys_target_sys_id
   transform field mapping exists: number -> number
   transform field mapping exists: tax_cost -> tax_cost
   skip system field: sys_updated_by
   transform field mapping exists: renewal_date -> renewal_date
   skip system field: sys_created_on
   transform field mapping exists: sub_total_cost -> sub_total_cost
   skip system field: sys_import_set
   transform field mapping exists: cost_adjustment_reason -> cost_adjustment_reason
   transform field mapping exists: state -> state
   transform field mapping exists: starts -> starts
   skip system field: target_sys_id
   skip system field: target_created_by
   skip system field: sys_created_by
   skip system field: sys_import_row
   skip system field: sys_row_error
   transform field mapping exists: tax_exempt -> tax_exempt
   skip system field: target_domain_path
   transform field mapping exists: yearly_cost -> yearly_cost
   transform field mapping exists: commitment -> commitment
   transform field mapping exists: active -> active
   transform field mapping exists: payment_amount -> payment_amount
   skip system field: import_set_run
   transform field mapping exists: payment_schedule -> payment_schedule
   transform field mapping exists: terms_and_conditions -> terms_and_conditions
   transform field mapping exists: cost_center -> cost_center
   transform field mapping exists: renewable -> renewable
   transform field mapping exists: renewal_contact -> renewal_contact
   transform field mapping exists: expiration -> expiration
   transform field mapping exists: invoice_payment_terms -> invoice_payment_terms
   transform field mapping exists: contract_administrator -> contract_administrator
   transform field mapping exists: short_description -> short_description
   transform field mapping exists: ratecard -> ratecard
   skip system field: target_mod_count
   transform field mapping exists: cost_adjustment_type -> cost_adjustment_type
   skip system field: batch_id
   skip system field: sys_import_state_comment
   transform field mapping exists: description -> description
   skip system field: target_domain
   skip system field: sys_class_name
   transform field mapping exists: po_number -> po_number
   transform field mapping exists: license_quantity_entitled -> license_quantity_entitled
   transform field mapping exists: vendor -> vendor
   transform field mapping exists: ends -> ends
   transform field mapping exists: contract_model -> contract_model
   skip system field: sys_transform_map
   transform field mapping exists: approver -> approver
   transform field mapping exists: process -> process
   transform field mapping exists: monthly_cost -> monthly_cost
   transform field mapping exists: vendor_contract -> vendor_contract
   skip system field: sys_target_table
   skip system field: target_created_on
   transform field mapping exists: license_type -> license_type
   transform field mapping exists: lifetime_cost -> lifetime_cost
   transform field mapping exists: renewal_options -> renewal_options
   skip system field: sys_mod_count
   skip virtual field: sys_tags
   skip system field: sys_import_state
   transform field mapping exists: sales_tax -> sales_tax
   transform field mapping exists: substate -> substate
   transform field mapping exists: application_model -> application_model
   transform field mapping exists: cost_per_unit -> cost_per_unit
   transform field mapping exists: location -> location
   transform field mapping exists: vendor_account -> vendor_account
   skip system field: source_id
   transform field mapping exists: target_domain -> sys_domain
   transform field mapping exists: target_class_name -> sys_class_name
   transform field mapping exists: target_mod_count -> sys_mod_count
   transform field mapping exists: target_created_by -> sys_created_by
   transform field mapping exists: target_created_on -> sys_created_on
coalece field exists
--synchronise transform map complete--
--Check Import Set WS and Transform Map Completed--

2018/06/19 11:55:25.152 [INFO] Scripted Web Service is Synchronised [u_itsmb_ast_contract]
2018/06/19 11:55:25.628 [INFO] Initialisation 7 of 9 [Contract Attachments] Completed
2018/06/19 11:55:25.639 [DETAIL] Create Remedy Qualification: 'Notification Group+' != $\NULL$
2018/06/19 11:55:25.689 [INFO] Synchronising Scripted Web Service [u_itsmb_ast_contract]
2018/06/19 11:55:27.171 [DETAIL] --Check Import WS Started--
   WS Name: u_itsmb_ast_contract
   Target Table: ast_contract
   Scope: global
   Run Business Rules: true
   include fields from tables: ast_contract
--created ws import set: u_itsmb_ast_contract [ast_contract]--
--synchronise ws fields with target complete--
--transform map updated: u_itsmb_ast_contract
   transform field mapping exists: cost_adjustment_percentage -> cost_adjustment_percentage
   transform field mapping exists: total_cost -> total_cost
   transform field mapping exists: discount -> discount
   skip system field: template_import_log
   transform field mapping exists: cost_adjustment -> cost_adjustment
   skip system field: target_scope
   transform field mapping exists: renewal_end_date -> renewal_end_date
   skip system field: sys_updated_on
   skip system field: target_class_name
   transform field mapping exists: tax_rate -> tax_rate
   transform field mapping exists: approval_history -> approval_history
   skip system field: sys_target_sys_id
   transform field mapping exists: number -> number
   transform field mapping exists: tax_cost -> tax_cost
   skip system field: sys_updated_by
   transform field mapping exists: renewal_date -> renewal_date
   skip system field: sys_created_on
   transform field mapping exists: sub_total_cost -> sub_total_cost
   skip system field: sys_import_set
   transform field mapping exists: cost_adjustment_reason -> cost_adjustment_reason
   transform field mapping exists: state -> state
   transform field mapping exists: starts -> starts
   skip system field: target_sys_id
   skip system field: target_created_by
   skip system field: sys_created_by
   skip system field: sys_import_row
   skip system field: sys_row_error
   transform field mapping exists: tax_exempt -> tax_exempt
   skip system field: target_domain_path
   transform field mapping exists: yearly_cost -> yearly_cost
   transform field mapping exists: commitment -> commitment
   transform field mapping exists: active -> active
   transform field mapping exists: payment_amount -> payment_amount
   skip system field: import_set_run
   transform field mapping exists: payment_schedule -> payment_schedule
   transform field mapping exists: terms_and_conditions -> terms_and_conditions
   transform field mapping exists: cost_center -> cost_center
   transform field mapping exists: renewable -> renewable
   transform field mapping exists: renewal_contact -> renewal_contact
   transform field mapping exists: expiration -> expiration
   transform field mapping exists: invoice_payment_terms -> invoice_payment_terms
   transform field mapping exists: contract_administrator -> contract_administrator
   transform field mapping exists: short_description -> short_description
   transform field mapping exists: ratecard -> ratecard
   skip system field: target_mod_count
   transform field mapping exists: cost_adjustment_type -> cost_adjustment_type
   skip system field: batch_id
   skip system field: sys_import_state_comment
   transform field mapping exists: description -> description
   skip system field: target_domain
   skip system field: sys_class_name
   transform field mapping exists: po_number -> po_number
   transform field mapping exists: license_quantity_entitled -> license_quantity_entitled
   transform field mapping exists: vendor -> vendor
   transform field mapping exists: ends -> ends
   transform field mapping exists: contract_model -> contract_model
   skip system field: sys_transform_map
   transform field mapping exists: approver -> approver
   transform field mapping exists: process -> process
   transform field mapping exists: monthly_cost -> monthly_cost
   transform field mapping exists: vendor_contract -> vendor_contract
   skip system field: sys_target_table
   skip system field: target_created_on
   transform field mapping exists: license_type -> license_type
   transform field mapping exists: lifetime_cost -> lifetime_cost
   transform field mapping exists: renewal_options -> renewal_options
   skip system field: sys_mod_count
   skip virtual field: sys_tags
   skip system field: sys_import_state
   transform field mapping exists: sales_tax -> sales_tax
   transform field mapping exists: substate -> substate
   transform field mapping exists: application_model -> application_model
   transform field mapping exists: cost_per_unit -> cost_per_unit
   transform field mapping exists: location -> location
   transform field mapping exists: vendor_account -> vendor_account
   skip system field: source_id
   transform field mapping exists: target_domain -> sys_domain
   transform field mapping exists: target_class_name -> sys_class_name
   transform field mapping exists: target_mod_count -> sys_mod_count
   transform field mapping exists: target_created_by -> sys_created_by
   transform field mapping exists: target_created_on -> sys_created_on
coalece field exists
--synchronise transform map complete--
--Check Import Set WS and Transform Map Completed--

2018/06/19 11:55:27.171 [INFO] Scripted Web Service is Synchronised [u_itsmb_ast_contract]
2018/06/19 11:55:27.656 [INFO] Initialisation 8 of 9 [Set Notification Group ] Completed
2018/06/19 11:55:27.659 [DETAIL] Create Remedy Qualification: 'Manufacturer' != $\NULL$
2018/06/19 11:55:27.720 [DETAIL] Add Project Variable [Supplier Company [STRING]]
2018/06/19 11:55:27.720 [DETAIL] Create SNow Lookup Query: name#!#Supplier Company#!#
2018/06/19 11:55:27.720 [DETAIL] Add Project Variable [Company [STRING]]
2018/06/19 11:55:27.720 [DETAIL] Add Project Variable [Department [STRING]]
2018/06/19 11:55:27.720 [DETAIL] Create SNow Lookup Query: name#!#Department#!#^company#!#Company#!#
2018/06/19 11:55:27.721 [DETAIL] Add Project Variable [Manufacturer [STRING]]
2018/06/19 11:55:27.721 [DETAIL] Create SNow Lookup Query: name#!#Manufacturer#!#
2018/06/19 11:55:27.721 [INFO] Synchronising Scripted Web Service [u_itsmb_ast_license_generic]
2018/06/19 11:55:28.758 [DETAIL] --Check Import WS Started--
   WS Name: u_itsmb_ast_license_generic
   Target Table: ast_license_generic
   Scope: global
   Run Business Rules: true
   include fields from tables: ast_license_generic,ast_license_base
--created ws import set: u_itsmb_ast_license_generic [ast_license_generic]--
--synchronise ws fields with target complete--
--transform map updated: u_itsmb_ast_license_generic
   transform field mapping exists: parent -> parent
   transform field mapping exists: total_cost -> total_cost
   skip system field: template_import_log
   skip system field: target_scope
   skip system field: sys_updated_on
   transform field mapping exists: install_count -> install_count
   skip system field: target_class_name
   transform field mapping exists: compliance_level -> compliance_level
   skip system field: sys_target_sys_id
   transform field mapping exists: number -> number
   skip system field: sys_updated_by
   skip system field: sys_created_on
   skip system field: sys_import_set
   skip system field: target_sys_id
   transform field mapping exists: invoice_number -> invoice_number
   skip system field: target_created_by
   transform field mapping exists: license_cost -> license_cost
   skip system field: sys_created_by
   skip system field: sys_import_row
   skip system field: sys_row_error
   transform field mapping exists: license_count -> license_count
   skip system field: target_domain_path
   skip system field: import_set_run
   transform field mapping exists: license_key -> license_key
   transform field mapping exists: percent_used -> percent_used
   transform field mapping exists: purchased -> purchased
   transform field mapping exists: maintenance_cost -> maintenance_cost
   transform field mapping exists: option -> option
   transform field mapping exists: short_description -> short_description
   skip system field: target_mod_count
   skip system field: batch_id
   transform field mapping exists: discoverable_key -> discoverable_key
   skip system field: sys_import_state_comment
   transform field mapping exists: description -> description
   transform field mapping exists: manual -> manual
   skip system field: target_domain
   skip system field: sys_class_name
   transform field mapping exists: manufacturer -> manufacturer
   transform field mapping exists: po_number -> po_number
   transform field mapping exists: vendor -> vendor
   skip system field: sys_transform_map
   transform field mapping exists: upgraded_from -> upgraded_from
   transform field mapping exists: department -> department
   transform field mapping exists: license_available -> license_available
   transform field mapping exists: vendor_contract -> vendor_contract
   skip system field: sys_target_table
   skip system field: target_created_on
   skip system field: sys_mod_count
   skip virtual field: sys_tags
   skip system field: sys_import_state
   transform field mapping exists: location -> location
   transform field mapping exists: vendor_account -> vendor_account
   skip system field: source_id
   transform field mapping exists: target_class_name -> sys_class_name
   transform field mapping exists: target_mod_count -> sys_mod_count
   transform field mapping exists: target_created_by -> sys_created_by
   transform field mapping exists: target_created_on -> sys_created_on
coalece field exists
--synchronise transform map complete--
--Check Import Set WS and Transform Map Completed--

2018/06/19 11:55:28.758 [INFO] Scripted Web Service is Synchronised [u_itsmb_ast_license_generic]
2018/06/19 11:55:29.236 [INFO] Initialisation 9 of 9 [Generic Software License] Completed
2018/06/19 11:55:29.236 [INFO] ### Initialisation Step Complete
2018/06/19 11:55:29.236 [INFO] [Contract Type] Key Mapping Cache SYS:Menu Items -> Contract Model Ready.
2018/06/19 11:55:29.236 [INFO] [Contract Type] Migration in progress.
2018/06/19 11:55:29.236 [DETAIL] [Contract Type Chunk 0] Data Retrieve Started...
2018/06/19 11:55:29.288 [DETAIL] [Contract Type Chunk 0] Data Transform Started...
2018/06/19 11:55:29.288 [DETAIL] Add Project Variable [name [STRING]]
2018/06/19 11:55:29.288 [DETAIL] Add Project Variable [cmdb_model_category [STRING]]
2018/06/19 11:55:29.288 [DETAIL] Create SNow Lookup Query: cmdb_model_category#!#cmdb_model_category#!#^name#!#name#!#
2018/06/19 11:55:29.289 [DETAIL] Lookup Batch Retrieve-Start
2018/06/19 11:55:29.289 [DETAIL] [src=MNU000000015556] SNow Qual: name=Contract
2018/06/19 11:55:29.289 [DETAIL] [src=MNU000000015557] SNow Qual: name=Contract
2018/06/19 11:55:29.289 [DETAIL] [src=MNU000000015558] SNow Qual: name=Contract
2018/06/19 11:55:29.289 [DETAIL] [src=MNU000000015559] SNow Qual: name=Contract
2018/06/19 11:55:29.289 [DETAIL] [src=MNU000000017111] SNow Qual: name=Contract
2018/06/19 11:55:29.533 [DETAIL] Lookup Batch Retrieve-End
2018/06/19 11:55:29.533 [DETAIL] Lookup Batch Retrieve-Start
2018/06/19 11:55:29.533 [DETAIL] [src=MNU000000015556] SNow Qual: cmdb_model_category=996b568ec3102000b959fd251eba8f19^name=Support
2018/06/19 11:55:29.533 [DETAIL] [src=MNU000000015557] SNow Qual: cmdb_model_category=996b568ec3102000b959fd251eba8f19^name=Warranty
2018/06/19 11:55:29.533 [DETAIL] [src=MNU000000015558] SNow Qual: cmdb_model_category=996b568ec3102000b959fd251eba8f19^name=Lease
2018/06/19 11:55:29.533 [DETAIL] [src=MNU000000015559] SNow Qual: cmdb_model_category=996b568ec3102000b959fd251eba8f19^name=Maintenance
2018/06/19 11:55:29.533 [DETAIL] [src=MNU000000017111] SNow Qual: cmdb_model_category=996b568ec3102000b959fd251eba8f19^name=Master Contract
2018/06/19 11:55:29.775 [DETAIL] Lookup Batch Retrieve-End
2018/06/19 11:55:29.775 [DETAIL] [Contract Type Chunk 0] Data Update Started...
2018/06/19 11:55:29.775 [DETAIL] Batch Update of 5 Entries Started
2018/06/19 11:55:29.775 [DETAIL] Pre-Migration Task 0 Complete
2018/06/19 11:55:30.107 [DETAIL] Update entry complete [src=MNU000000015556 tgt=ea9fd46ddbf613007f3873278c96197f]
2018/06/19 11:55:30.107 [DETAIL] Update entry complete [src=MNU000000015557 tgt=a781e836c3102000b959fd251eba8f80]
2018/06/19 11:55:30.110 [DETAIL] Update entry complete [src=MNU000000015558 tgt=1881a836c3102000b959fd251eba8fc9]
2018/06/19 11:55:30.110 [DETAIL] Update entry complete [src=MNU000000015559 tgt=a581e836c3102000b959fd251eba8fba]
2018/06/19 11:55:30.111 [DETAIL] Update entry complete [src=MNU000000017111 tgt=e69fd46ddbf613007f3873278c961982]
2018/06/19 11:55:30.111 [DETAIL] Post-Migration Task 0 Complete
2018/06/19 11:55:30.112 [INFO] Migration Completed 
2018/06/19 11:55:30.112 [INFO] Summary...  Created:0 Updated:5 Skipped:0 Errors:0 [Warnings 0]
2018/06/19 11:55:30.112 [INFO] [Contract [ast_contract]] Key Mapping Cache CTR:ContractBase -> Contract Ready.
2018/06/19 11:55:30.114 [INFO] [Contract [ast_contract]] Migration in progress.
2018/06/19 11:55:30.114 [DETAIL] [Contract [ast_contract] Chunk 0] Data Retrieve Started...
2018/06/19 11:55:30.159 [DETAIL] [Contract [ast_contract] Chunk 0] Data Transform Started...
2018/06/19 11:55:30.159 [DETAIL] Add Project Variable [vendor_contract [STRING]]
2018/06/19 11:55:30.159 [DETAIL] Create SNow Lookup Query: vendor_contract#!#vendor_contract#!#
2018/06/19 11:55:30.161 [DETAIL] Lookup Batch Retrieve-Start
2018/06/19 11:55:30.182 [DETAIL] Lookup Batch Retrieve-End
2018/06/19 11:55:30.184 [DETAIL] Lookup Batch Retrieve-Start
2018/06/19 11:55:30.184 [DETAIL] [src=null] SNow Qual: code=225276-A
2018/06/19 11:55:30.184 [DETAIL] [src=null] SNow Qual: code=225276-B
2018/06/19 11:55:30.184 [DETAIL] [src=null] SNow Qual: code=225276-A
2018/06/19 11:55:30.184 [DETAIL] [src=null] SNow Qual: code=225276-A
2018/06/19 11:55:30.184 [DETAIL] [src=null] SNow Qual: code=225276-B
2018/06/19 11:55:30.184 [DETAIL] [src=null] SNow Qual: code=225276-B
2018/06/19 11:55:30.427 [DETAIL] Lookup Batch Retrieve-End
2018/06/19 11:55:30.427 [DETAIL] Lookup Batch Retrieve-Start
2018/06/19 11:55:30.427 [DETAIL] [src=null] SNow Qual: name=EZnet
2018/06/19 11:55:30.427 [DETAIL] [src=null] SNow Qual: name=EZnet
2018/06/19 11:55:30.427 [DETAIL] [src=null] SNow Qual: name=EZnet
2018/06/19 11:55:30.427 [DETAIL] [src=null] SNow Qual: name=EZnet
2018/06/19 11:55:30.427 [DETAIL] [src=null] SNow Qual: name=EZnet
2018/06/19 11:55:30.427 [DETAIL] [src=null] SNow Qual: name=EZnet
2018/06/19 11:55:30.672 [DETAIL] Lookup Batch Retrieve-End
2018/06/19 11:55:30.672 [DETAIL] Lookup Batch Retrieve-Start
2018/06/19 11:55:30.672 [DETAIL] [src=null] SNow Qual: name=Lease
2018/06/19 11:55:30.672 [DETAIL] [src=null] SNow Qual: name=Software License
2018/06/19 11:55:30.672 [DETAIL] [src=null] SNow Qual: name=Software License
2018/06/19 11:55:30.672 [DETAIL] [src=null] SNow Qual: name=Software License
2018/06/19 11:55:30.672 [DETAIL] [src=null] SNow Qual: name=Support
2018/06/19 11:55:30.672 [DETAIL] [src=null] SNow Qual: name=Warranty
2018/06/19 11:55:30.919 [DETAIL] Lookup Batch Retrieve-End
2018/06/19 11:55:30.920 [DETAIL] Lookup Batch Retrieve-Start
2018/06/19 11:55:30.920 [DETAIL] [src=null] SNow Qual: nameISEMPTY
2018/06/19 11:55:30.920 [DETAIL] [src=null] SNow Qual: name=Headquarters, Building 1.33
2018/06/19 11:55:30.920 [DETAIL] [src=null] SNow Qual: name=Amsterdam Support Center
2018/06/19 11:55:30.920 [DETAIL] [src=null] SNow Qual: nameISEMPTY
2018/06/19 11:55:30.920 [DETAIL] [src=null] SNow Qual: nameISEMPTY
2018/06/19 11:55:30.920 [DETAIL] [src=null] SNow Qual: nameISEMPTY
2018/06/19 11:55:31.161 [DETAIL] Lookup Batch Retrieve-End
2018/06/19 11:55:31.161 [DETAIL] Lookup Batch Retrieve-Start
2018/06/19 11:55:31.161 [DETAIL] [src=null] SNow Qual: name=Bob Baxter
2018/06/19 11:55:31.161 [DETAIL] [src=null] SNow Qual: name=Allen Allbrook
2018/06/19 11:55:31.161 [DETAIL] [src=null] SNow Qual: name=Allen Allbrook
2018/06/19 11:55:31.161 [DETAIL] [src=null] SNow Qual: name=Allen Allbrook
2018/06/19 11:55:31.161 [DETAIL] [src=null] SNow Qual: name=Allen Allbrook
2018/06/19 11:55:31.161 [DETAIL] [src=null] SNow Qual: name=Allen Allbrook
2018/06/19 11:55:31.418 [DETAIL] Lookup Batch Retrieve-End
2018/06/19 11:55:31.419 [DETAIL] Lookup Batch Retrieve-Start
2018/06/19 11:55:31.419 [DETAIL] [src=000000000000002] SNow Qual: vendor_contract=CAL.03355.1
2018/06/19 11:55:31.419 [DETAIL] [src=000000000000003] SNow Qual: vendor_contract=CAL.023623
2018/06/19 11:55:31.419 [DETAIL] [src=000000000000005] SNow Qual: vendor_contract=CAL.64276.A
2018/06/19 11:55:31.419 [DETAIL] [src=000000000000007] SNow Qual: vendor_contract=CAL.84746.C
2018/06/19 11:55:31.419 [DETAIL] [src=000000000000008] SNow Qual: vendor_contract=CAL.84746.A
2018/06/19 11:55:31.419 [DETAIL] [src=000000000000009] SNow Qual: vendor_contract=CAL.84746.B
2018/06/19 11:55:31.669 [DETAIL] Lookup Batch Retrieve-End
2018/06/19 11:55:31.670 [DETAIL] [Contract [ast_contract] Chunk 0] Data Update Started...
2018/06/19 11:55:31.670 [DETAIL] Batch Update of 6 Entries Started
2018/06/19 11:55:31.670 [DETAIL] Pre-Migration Task 0 Complete
2018/06/19 11:55:32.197 [DETAIL] Update entry complete [src=000000000000002 tgt=4f9f186ddbf613007f3873278c96190b]
2018/06/19 11:55:32.197 [DETAIL] Update entry complete [src=000000000000003 tgt=079f186ddbf613007f3873278c961916]
2018/06/19 11:55:32.197 [DETAIL] Update entry complete [src=000000000000005 tgt=1b9f186ddbf613007f3873278c96191e]
2018/06/19 11:55:32.197 [DETAIL] Update entry complete [src=000000000000007 tgt=539f186ddbf613007f3873278c961933]
2018/06/19 11:55:32.198 [DETAIL] Update entry complete [src=000000000000008 tgt=179f186ddbf613007f3873278c96193b]
2018/06/19 11:55:32.198 [DETAIL] Update entry complete [src=000000000000009 tgt=d79f186ddbf613007f3873278c961943]
2018/06/19 11:55:32.198 [DETAIL] Post-Migration Task 0 Complete
2018/06/19 11:55:32.207 [INFO] Migration Completed 
2018/06/19 11:55:32.207 [INFO] Summary...  Created:0 Updated:6 Skipped:0 Errors:0 [Warnings 0]
2018/06/19 11:55:32.208 [INFO] [Terms and Conditions] Key Mapping Cache CTR:Terms_Conditions -> Terms and Conditions [clm_terms_and_conditions] Ready.
2018/06/19 11:55:32.208 [INFO] [Terms and Conditions] Migration in progress.
2018/06/19 11:55:32.208 [DETAIL] [Terms and Conditions Chunk 0] Data Retrieve Started...
2018/06/19 11:55:32.208 [DETAIL] Create Inclusion Query: [Operation=1,Operand Left=[Operation=4,Operand Left=[Operation=6,Operand Left=[Operand Type=[type=1],Operand=300574900],Operand Right=[Operand Type=[type=2],Operand=null]],Operand Right=<null>],Operand Right=[Operation=2,Operand Left=[Operation=2,Operand Left=[Operation=2,Operand Left=[Operation=2,Operand Left=[Operation=2,Operand Left=[Operation=4,Operand Left=[Operation=1,Operand Left=[Operand Type=[type=1],Operand=300574900],Operand Right=[Operand Type=[type=2],Operand=AS00123F73CF5EdtMTSQ0qJEAgsEwB]],Operand Right=<null>],Operand Right=[Operation=4,Operand Left=[Operation=1,Operand Left=[Operand Type=[type=1],Operand=300574900],Operand Right=[Operand Type=[type=2],Operand=AS00123F73CF5EdtMTSQVaJEAgrkwB]],Operand Right=<null>]],Operand Right=[Operation=4,Operand Left=[Operation=1,Operand Left=[Operand Type=[type=1],Operand=300574900],Operand Right=[Operand Type=[type=2],Operand=AS00123F73CF5EdtMTSQ5aREAgxEwB]],Operand Right=<null>]],Operand Right=[Operation=4,Operand Left=[Operation=1,Operand Left=[Operand Type=[type=1],Operand=300574900],Operand Right=[Operand Type=[type=2],Operand=AS00123F73CF5Ed9MTSQkaVEAgxkwB]],Operand Right=<null>]],Operand Right=[Operation=4,Operand Left=[Operation=1,Operand Left=[Operand Type=[type=1],Operand=300574900],Operand Right=[Operand Type=[type=2],Operand=AS00123F73CF5EddMTSQPKFEAgrUwB]],Operand Right=<null>]],Operand Right=[Operation=4,Operand Left=[Operation=1,Operand Left=[Operand Type=[type=1],Operand=300574900],Operand Right=[Operand Type=[type=2],Operand=AS00123F73CF5EdtMTSQJKVEAgxUwB]],Operand Right=<null>]]]
2018/06/19 11:55:32.230 [DETAIL] [Terms and Conditions Chunk 0] Data Transform Started...
2018/06/19 11:55:32.230 [DETAIL] Add Project Variable [number [STRING]]
2018/06/19 11:55:32.230 [DETAIL] Create SNow Lookup Query: number#!#number#!#
2018/06/19 11:55:32.231 [DETAIL] Lookup Batch Retrieve-Start
2018/06/19 11:55:32.238 [DETAIL] Lookup Batch Retrieve-End
2018/06/19 11:55:32.238 [DETAIL] Lookup Batch Retrieve-Start
2018/06/19 11:55:32.238 [DETAIL] [src=TAC000000000001] SNow Qual: vendor_contract=CAL.84746.B
2018/06/19 11:55:32.238 [DETAIL] [src=TAC000000000101] SNow Qual: vendor_contract=CAL.023623
2018/06/19 11:55:32.691 [DETAIL] Lookup Batch Retrieve-End
2018/06/19 11:55:32.691 [DETAIL] Lookup Batch Retrieve-Start
2018/06/19 11:55:32.691 [DETAIL] [src=TAC000000000001] SNow Qual: number=TAC000000000001
2018/06/19 11:55:32.691 [DETAIL] [src=TAC000000000101] SNow Qual: number=TAC000000000101
2018/06/19 11:55:33.133 [DETAIL] Lookup Batch Retrieve-End
2018/06/19 11:55:33.133 [DETAIL] [Terms and Conditions Chunk 0] Data Update Started...
2018/06/19 11:55:33.133 [DETAIL] Batch Update of 2 Entries Started
2018/06/19 11:55:33.133 [DETAIL] Pre-Migration Task 0 Complete
2018/06/19 11:55:33.449 [DETAIL] Update entry complete [src=TAC000000000001 tgt=a79f186ddbf613007f3873278c961979]
2018/06/19 11:55:33.449 [DETAIL] Update entry complete [src=TAC000000000101 tgt=869024addbf613007f3873278c96195f]
2018/06/19 11:55:33.449 [DETAIL] Post-Migration Task 0 Complete
2018/06/19 11:55:33.449 [DETAIL] [Terms and Conditions Chunk 0] Attachment Migration Started...
2018/06/19 11:55:33.450 [DETAIL] Source Attachment Info Loaded [1]
2018/06/19 11:55:33.450 [DETAIL] Attachment Retrieve-Start
2018/06/19 11:55:33.690 [DETAIL] Target Attachment Info Retrieve [1 attachments of estimated 1 retrieved]
2018/06/19 11:55:33.690 [DETAIL] Attachment Target Check Complete [new=0 updates=0 duplicates=1]
2018/06/19 11:55:33.690 [DETAIL] Attachment Processing Queue Counts:- SRC: 0 TGTCHK: 0 GETDATA: 0 MIG: 0 DEL: 0
2018/06/19 11:55:33.691 [INFO] Migration Completed 
2018/06/19 11:55:33.691 [INFO] Summary...  Created:0 Updated:2 Skipped:0 Errors:0 [Warnings 0]
2018/06/19 11:55:33.692 [INFO] [Terms and Conditions Contract Join] Key Mapping Cache CTR:Terms_Conditions -> Terms and Conditions [clm_m2m_contract_and_terms] Ready.
2018/06/19 11:55:33.692 [INFO] [Terms and Conditions Contract Join] Migration in progress.
2018/06/19 11:55:33.692 [DETAIL] [Terms and Conditions Contract Join Chunk 0] Data Retrieve Started...
2018/06/19 11:55:33.693 [DETAIL] Create Inclusion Query: [Operation=1,Operand Left=[Operation=4,Operand Left=[Operation=6,Operand Left=[Operand Type=[type=1],Operand=300574900],Operand Right=[Operand Type=[type=2],Operand=null]],Operand Right=<null>],Operand Right=[Operation=2,Operand Left=[Operation=2,Operand Left=[Operation=2,Operand Left=[Operation=2,Operand Left=[Operation=2,Operand Left=[Operation=4,Operand Left=[Operation=1,Operand Left=[Operand Type=[type=1],Operand=300574900],Operand Right=[Operand Type=[type=2],Operand=AS00123F73CF5EdtMTSQ0qJEAgsEwB]],Operand Right=<null>],Operand Right=[Operation=4,Operand Left=[Operation=1,Operand Left=[Operand Type=[type=1],Operand=300574900],Operand Right=[Operand Type=[type=2],Operand=AS00123F73CF5EdtMTSQVaJEAgrkwB]],Operand Right=<null>]],Operand Right=[Operation=4,Operand Left=[Operation=1,Operand Left=[Operand Type=[type=1],Operand=300574900],Operand Right=[Operand Type=[type=2],Operand=AS00123F73CF5EdtMTSQ5aREAgxEwB]],Operand Right=<null>]],Operand Right=[Operation=4,Operand Left=[Operation=1,Operand Left=[Operand Type=[type=1],Operand=300574900],Operand Right=[Operand Type=[type=2],Operand=AS00123F73CF5Ed9MTSQkaVEAgxkwB]],Operand Right=<null>]],Operand Right=[Operation=4,Operand Left=[Operation=1,Operand Left=[Operand Type=[type=1],Operand=300574900],Operand Right=[Operand Type=[type=2],Operand=AS00123F73CF5EddMTSQPKFEAgrUwB]],Operand Right=<null>]],Operand Right=[Operation=4,Operand Left=[Operation=1,Operand Left=[Operand Type=[type=1],Operand=300574900],Operand Right=[Operand Type=[type=2],Operand=AS00123F73CF5EdtMTSQJKVEAgxUwB]],Operand Right=<null>]]]
2018/06/19 11:55:33.700 [DETAIL] [Terms and Conditions Contract Join Chunk 0] Data Transform Started...
2018/06/19 11:55:33.702 [DETAIL] Add Project Variable [terms_and_conditions [STRING]]
2018/06/19 11:55:33.702 [DETAIL] Add Project Variable [contract [STRING]]
2018/06/19 11:55:33.702 [DETAIL] Create SNow Lookup Query: contract#!#contract#!#^terms_and_conditions#!#terms_and_conditions#!#
2018/06/19 11:55:33.703 [DETAIL] Lookup Batch Retrieve-Start
2018/06/19 11:55:33.747 [DETAIL] Lookup Batch Retrieve-End
2018/06/19 11:55:33.749 [DETAIL] Lookup Batch Retrieve-Start
2018/06/19 11:55:33.749 [DETAIL] [src=TAC000000000001] SNow Qual: vendor_contract=CAL.84746.B
2018/06/19 11:55:33.749 [DETAIL] [src=TAC000000000101] SNow Qual: vendor_contract=CAL.023623
2018/06/19 11:55:34.186 [DETAIL] Lookup Batch Retrieve-End
2018/06/19 11:55:34.187 [DETAIL] Lookup Batch Retrieve-Start
2018/06/19 11:55:34.187 [DETAIL] [src=TAC000000000001] SNow Qual: contract=d79f186ddbf613007f3873278c961943^terms_and_conditions=a79f186ddbf613007f3873278c961979
2018/06/19 11:55:34.187 [DETAIL] [src=TAC000000000101] SNow Qual: contract=079f186ddbf613007f3873278c961916^terms_and_conditions=869024addbf613007f3873278c96195f
2018/06/19 11:55:34.618 [DETAIL] Lookup Batch Retrieve-End
2018/06/19 11:55:34.618 [DETAIL] [Terms and Conditions Contract Join Chunk 0] Data Update Started...
2018/06/19 11:55:34.619 [DETAIL] Batch Update of 2 Entries Started
2018/06/19 11:55:34.619 [DETAIL] Pre-Migration Task 0 Complete
2018/06/19 11:55:34.944 [DETAIL] Update entry complete [src=TAC000000000001 tgt=c8af186ddbf613007f3873278c9619b7]
2018/06/19 11:55:34.946 [DETAIL] Update entry complete [src=TAC000000000101 tgt=629024addbf613007f3873278c9619c3]
2018/06/19 11:55:34.946 [DETAIL] Post-Migration Task 0 Complete
2018/06/19 11:55:34.946 [DETAIL] [Terms and Conditions Contract Join Chunk 0] Attachment Migration Started...
2018/06/19 11:55:34.946 [DETAIL] Source Attachment Info Loaded [1]
2018/06/19 11:55:34.946 [DETAIL] Attachment Retrieve-Start
2018/06/19 11:55:35.181 [DETAIL] Target Attachment Info Retrieve [1 attachments of estimated 1 retrieved]
2018/06/19 11:55:35.181 [DETAIL] Attachment Target Check Complete [new=0 updates=0 duplicates=1]
2018/06/19 11:55:35.181 [DETAIL] Attachment Processing Queue Counts:- SRC: 0 TGTCHK: 0 GETDATA: 0 MIG: 0 DEL: 0
2018/06/19 11:55:35.182 [INFO] Migration Completed 
2018/06/19 11:55:35.182 [INFO] Summary...  Created:0 Updated:2 Skipped:0 Errors:0 [Warnings 0]
2018/06/19 11:55:35.184 [INFO] [Contract CI relationships] Key Mapping Cache CTR:Contract_Relationship -> Lease Instance Ready.
2018/06/19 11:55:35.184 [INFO] [Contract CI relationships] Migration in progress.
2018/06/19 11:55:35.184 [DETAIL] [Contract CI relationships Chunk 0] Data Retrieve Started...
2018/06/19 11:55:35.184 [DETAIL] Create Inclusion Query: [Operation=1,Operand Left=[Operation=4,Operand Left=[Operation=1,Operand Left=[Operand Type=[type=1],Operand=303504000],Operand Right=[Operand Type=[type=2],Operand=6000]],Operand Right=<null>],Operand Right=[Operation=2,Operand Left=[Operation=2,Operand Left=[Operation=2,Operand Left=[Operation=2,Operand Left=[Operation=2,Operand Left=[Operation=4,Operand Left=[Operation=1,Operand Left=[Operand Type=[type=1],Operand=303504500],Operand Right=[Operand Type=[type=2],Operand=AS00123F73CF5EdtMTSQ0qJEAgsEwB]],Operand Right=<null>],Operand Right=[Operation=4,Operand Left=[Operation=1,Operand Left=[Operand Type=[type=1],Operand=303504500],Operand Right=[Operand Type=[type=2],Operand=AS00123F73CF5EdtMTSQVaJEAgrkwB]],Operand Right=<null>]],Operand Right=[Operation=4,Operand Left=[Operation=1,Operand Left=[Operand Type=[type=1],Operand=303504500],Operand Right=[Operand Type=[type=2],Operand=AS00123F73CF5EdtMTSQ5aREAgxEwB]],Operand Right=<null>]],Operand Right=[Operation=4,Operand Left=[Operation=1,Operand Left=[Operand Type=[type=1],Operand=303504500],Operand Right=[Operand Type=[type=2],Operand=AS00123F73CF5Ed9MTSQkaVEAgxkwB]],Operand Right=<null>]],Operand Right=[Operation=4,Operand Left=[Operation=1,Operand Left=[Operand Type=[type=1],Operand=303504500],Operand Right=[Operand Type=[type=2],Operand=AS00123F73CF5EddMTSQPKFEAgrUwB]],Operand Right=<null>]],Operand Right=[Operation=4,Operand Left=[Operation=1,Operand Left=[Operand Type=[type=1],Operand=303504500],Operand Right=[Operand Type=[type=2],Operand=AS00123F73CF5EdtMTSQJKVEAgxUwB]],Operand Right=<null>]]]
2018/06/19 11:55:35.236 [DETAIL] [Contract CI relationships Chunk 0] Data Transform Started...
2018/06/19 11:55:35.237 [DETAIL] Add Project Variable [ast_contract [STRING]]
2018/06/19 11:55:35.237 [DETAIL] Add Project Variable [ci_item [STRING]]
2018/06/19 11:55:35.237 [DETAIL] Create SNow Lookup Query: ast_contract#!#ast_contract#!#^ci_item#!#ci_item#!#
2018/06/19 11:55:35.237 [DETAIL] Lookup Batch Retrieve-Start
2018/06/19 11:55:35.243 [DETAIL] Lookup Batch Retrieve-End
2018/06/19 11:55:35.243 [DETAIL] Lookup Batch Retrieve-Start
2018/06/19 11:55:35.243 [DETAIL] [src=CRE000000000001] SNow Qual: vendor_contract=CAL.023623
2018/06/19 11:55:35.243 [DETAIL] [src=CRE000000000101] SNow Qual: vendor_contract=CAL.84746.B
2018/06/19 11:55:35.680 [DETAIL] Lookup Batch Retrieve-End
2018/06/19 11:55:35.680 [DETAIL] Lookup Batch Retrieve-Start
2018/06/19 11:55:35.690 [DETAIL] Lookup Batch Retrieve-End
2018/06/19 11:55:35.691 [DETAIL] Lookup Batch Retrieve-Start
2018/06/19 11:55:35.691 [DETAIL] [src=null] SNow Qual: name=desktop-ienige3^serial_number=Default string
2018/06/19 11:55:35.691 [DETAIL] [src=null] SNow Qual: name=Pentaho Data Integration on win-55d03vk7vvs^serial_numberISEMPTY
2018/06/19 11:55:36.119 [DETAIL] Lookup Batch Retrieve-End
2018/06/19 11:55:36.119 [DETAIL] Lookup Batch Retrieve-Start
2018/06/19 11:55:36.119 [DETAIL] [src=CRE000000000001] SNow Qual: ast_contract=079f186ddbf613007f3873278c961916^ci_item=39e1375ddb7613007f3873278c961954
2018/06/19 11:55:36.119 [DETAIL] [src=CRE000000000101] SNow Qual: ast_contract=d79f186ddbf613007f3873278c961943^ci_item=77e1775ddb7613007f3873278c9619a8
2018/06/19 11:55:36.552 [DETAIL] Lookup Batch Retrieve-End
2018/06/19 11:55:36.553 [DETAIL] [Contract CI relationships Chunk 0] Data Update Started...
2018/06/19 11:55:36.553 [DETAIL] Batch Update of 2 Entries Started
2018/06/19 11:55:36.553 [DETAIL] Pre-Migration Task 0 Complete
2018/06/19 11:55:36.857 [DETAIL] Update entry complete [src=CRE000000000001 tgt=f8af586ddbf613007f3873278c961902]
2018/06/19 11:55:36.858 [DETAIL] Update entry complete [src=CRE000000000101 tgt=74af586ddbf613007f3873278c961904]
2018/06/19 11:55:36.858 [DETAIL] Post-Migration Task 0 Complete
2018/06/19 11:55:36.859 [INFO] Migration Completed 
2018/06/19 11:55:36.859 [INFO] Summary...  Created:0 Updated:2 Skipped:0 Errors:0 [Warnings 0]
2018/06/19 11:55:36.860 [INFO] [Expense Lines] Key Mapping Cache FIN:CostAssociationJoin -> Expense Line Ready.
2018/06/19 11:55:36.860 [INFO] [Expense Lines] Migration in progress.
2018/06/19 11:55:36.860 [DETAIL] [Expense Lines Chunk 0] Data Retrieve Started...
2018/06/19 11:55:36.860 [DETAIL] Create Inclusion Query: [Operation=1,Operand Left=[Operation=1,Operand Left=[Operation=4,Operand Left=[Operation=1,Operand Left=[Operand Type=[type=1],Operand=301269500],Operand Right=[Operand Type=[type=2],Operand=0]],Operand Right=<null>],Operand Right=[Operation=1,Operand Left=[Operation=4,Operand Left=[Operation=4,Operand Left=[Operand Type=[type=1],Operand=7],Operand Right=[Operand Type=[type=2],Operand=2]],Operand Right=<null>],Operand Right=[Operation=2,Operand Left=[Operation=4,Operand Left=[Operation=1,Operand Left=[Operand Type=[type=1],Operand=270002019],Operand Right=[Operand Type=[type=2],Operand=Purchase Cost]],Operand Right=<null>],Operand Right=[Operation=4,Operand Left=[Operation=1,Operand Left=[Operand Type=[type=1],Operand=270002019],Operand Right=[Operand Type=[type=2],Operand=Renewal Cost]],Operand Right=<null>]]]],Operand Right=[Operation=2,Operand Left=[Operation=2,Operand Left=[Operation=2,Operand Left=[Operation=2,Operand Left=[Operation=2,Operand Left=[Operation=4,Operand Left=[Operation=1,Operand Left=[Operand Type=[type=1],Operand=301403000],Operand Right=[Operand Type=[type=2],Operand=AS00123F73CF5EdtMTSQ0qJEAgsEwB]],Operand Right=<null>],Operand Right=[Operation=4,Operand Left=[Operation=1,Operand Left=[Operand Type=[type=1],Operand=301403000],Operand Right=[Operand Type=[type=2],Operand=AS00123F73CF5EdtMTSQVaJEAgrkwB]],Operand Right=<null>]],Operand Right=[Operation=4,Operand Left=[Operation=1,Operand Left=[Operand Type=[type=1],Operand=301403000],Operand Right=[Operand Type=[type=2],Operand=AS00123F73CF5EdtMTSQ5aREAgxEwB]],Operand Right=<null>]],Operand Right=[Operation=4,Operand Left=[Operation=1,Operand Left=[Operand Type=[type=1],Operand=301403000],Operand Right=[Operand Type=[type=2],Operand=AS00123F73CF5Ed9MTSQkaVEAgxkwB]],Operand Right=<null>]],Operand Right=[Operation=4,Operand Left=[Operation=1,Operand Left=[Operand Type=[type=1],Operand=301403000],Operand Right=[Operand Type=[type=2],Operand=AS00123F73CF5EddMTSQPKFEAgrUwB]],Operand Right=<null>]],Operand Right=[Operation=4,Operand Left=[Operation=1,Operand Left=[Operand Type=[type=1],Operand=301403000],Operand Right=[Operand Type=[type=2],Operand=AS00123F73CF5EdtMTSQJKVEAgxUwB]],Operand Right=<null>]]]
2018/06/19 11:55:36.868 [DETAIL] [Expense Lines Chunk 0] Data Transform Started...
2018/06/19 11:55:36.869 [DETAIL] Add Project Variable [date [DATE]]
2018/06/19 11:55:36.869 [DETAIL] Add Project Variable [short_description [STRING]]
2018/06/19 11:55:36.869 [DETAIL] Add Project Variable [contract [STRING]]
2018/06/19 11:55:36.869 [DETAIL] Create SNow Lookup Query: contract#!#contract#!#^short_description#!#short_description#!#^date#!#date#!#
2018/06/19 11:55:36.869 [DETAIL] Lookup Batch Retrieve-Start
2018/06/19 11:55:36.869 [DETAIL] [src=null] SNow Qual: code=225276-A
2018/06/19 11:55:36.869 [DETAIL] [src=null] SNow Qual: code=225276-A
2018/06/19 11:55:36.869 [DETAIL] [src=null] SNow Qual: code=225276-A
2018/06/19 11:55:37.106 [DETAIL] Lookup Batch Retrieve-End
2018/06/19 11:55:37.106 [DETAIL] Lookup Batch Retrieve-Start
2018/06/19 11:55:37.117 [DETAIL] Lookup Batch Retrieve-End
2018/06/19 11:55:37.117 [DETAIL] Lookup Batch Retrieve-Start
2018/06/19 11:55:37.117 [DETAIL] [src=000000000000001|FNA000000000001] SNow Qual: vendor_contract=CAL.023623
2018/06/19 11:55:37.117 [DETAIL] [src=000000000000102|FNA000000000103] SNow Qual: vendor_contractISEMPTY
2018/06/19 11:55:37.117 [DETAIL] [src=000000000000201|FNA000000000201] SNow Qual: vendor_contractISEMPTY
2018/06/19 11:55:37.371 [DETAIL] Lookup Batch Retrieve-End
2018/06/19 11:55:37.373 [DETAIL] Lookup Batch Retrieve-Start
2018/06/19 11:55:37.373 [DETAIL] [src=000000000000001|FNA000000000001] SNow Qual: contract=079f186ddbf613007f3873278c961916^short_description=rrr^date=2018-06-17
2018/06/19 11:55:37.373 [DETAIL] [src=000000000000102|FNA000000000103] SNow Qual: contractISEMPTY^short_description=fff^date=2018-06-28
2018/06/19 11:55:37.373 [DETAIL] [src=000000000000201|FNA000000000201] SNow Qual: contractISEMPTY^short_descriptionISEMPTY^date=2018-06-20
2018/06/19 11:55:37.824 [DETAIL] Lookup Batch Retrieve-End
2018/06/19 11:55:37.825 [DETAIL] [Expense Lines Chunk 0] Data Update Started...
2018/06/19 11:55:37.825 [DETAIL] Batch Insert of 1 Entries Started
2018/06/19 11:55:38.334 [DETAIL] Create entry complete [src=000000000000001|FNA000000000001 tgt=4a36ac61db3a13007f3873278c961955]
2018/06/19 11:55:38.335 [INFO] Migration Completed 
2018/06/19 11:55:38.335 [INFO] Summary...  Created:1 Updated:0 Skipped:2 Errors:0 [Warnings 0]
2018/06/19 11:55:38.336 [INFO] [Contract Attachments] Key Mapping Cache CTR:WorkLog -> Contract Ready.
2018/06/19 11:55:38.336 [INFO] [Contract Attachments] Migration in progress.
2018/06/19 11:55:38.336 [DETAIL] [Contract Attachments Chunk 0] Data Retrieve Started...
2018/06/19 11:55:38.392 [DETAIL] [Contract Attachments Chunk 0] Data Transform Started...
2018/06/19 11:55:38.392 [DETAIL] [Contract Attachments Chunk 0] Data Update Started...
2018/06/19 11:55:38.392 [DETAIL] [Contract Attachments Chunk 0] Attachment Migration Started...
2018/06/19 11:55:38.392 [DETAIL] Source Attachment Info Loaded [0]
2018/06/19 11:55:38.392 [DETAIL] Attachment Target Check Complete [new=0 updates=0 duplicates=0]
2018/06/19 11:55:38.392 [DETAIL] Attachment Processing Queue Counts:- SRC: 0 TGTCHK: 0 GETDATA: 0 MIG: 0 DEL: 0
2018/06/19 11:55:38.392 [INFO] Migration Completed 
2018/06/19 11:55:38.392 [INFO] Summary...  Created:0 Updated:0 Skipped:0 Errors:0 [Warnings 0]
2018/06/19 11:55:38.393 [INFO] [Set Notification Group ] Key Mapping Cache CTR:ContractBase -> Contract Ready.
2018/06/19 11:55:38.393 [INFO] [Set Notification Group ] Migration in progress.
2018/06/19 11:55:38.393 [DETAIL] [Set Notification Group  Chunk 0] Data Retrieve Started...
2018/06/19 11:55:38.397 [DETAIL] [Set Notification Group  Chunk 0] Data Transform Started...
2018/06/19 11:55:38.397 [DETAIL] Add Project Variable [vendor_contract [STRING]]
2018/06/19 11:55:38.397 [DETAIL] Create SNow Lookup Query: vendor_contract#!#vendor_contract#!#
2018/06/19 11:55:38.398 [DETAIL] Lookup Batch Retrieve-Start
2018/06/19 11:55:38.398 [DETAIL] [src=000000000000002] SNow Qual: vendor_contract=CAL.03355.1
2018/06/19 11:55:38.398 [DETAIL] [src=000000000000003] SNow Qual: vendor_contract=CAL.023623
2018/06/19 11:55:38.398 [DETAIL] [src=000000000000004] SNow Qual: vendor_contract=CAL.62333
2018/06/19 11:55:38.398 [DETAIL] [src=000000000000005] SNow Qual: vendor_contract=CAL.64276.A
2018/06/19 11:55:38.398 [DETAIL] [src=000000000000006] SNow Qual: vendor_contract=CAL.64276.B
2018/06/19 11:55:38.398 [DETAIL] [src=000000000000007] SNow Qual: vendor_contract=CAL.84746.C
2018/06/19 11:55:38.398 [DETAIL] [src=000000000000008] SNow Qual: vendor_contract=CAL.84746.A
2018/06/19 11:55:38.398 [DETAIL] [src=000000000000009] SNow Qual: vendor_contract=CAL.84746.B
2018/06/19 11:55:38.398 [DETAIL] [src=000000000000010] SNow Qual: vendor_contract=1000
2018/06/19 11:55:38.666 [DETAIL] Lookup Batch Retrieve-End
2018/06/19 11:55:38.666 [DETAIL] [Set Notification Group  Chunk 0] Data Update Started...
2018/06/19 11:55:38.666 [DETAIL] Batch Update of 6 Entries Started
2018/06/19 11:55:38.666 [DETAIL] Pre-Migration Task 0 Complete
2018/06/19 11:55:39.014 [DETAIL] Update entry complete [src=000000000000002 tgt=4f9f186ddbf613007f3873278c96190b]
2018/06/19 11:55:39.014 [DETAIL] Update entry complete [src=000000000000003 tgt=079f186ddbf613007f3873278c961916]
2018/06/19 11:55:39.014 [DETAIL] Update entry complete [src=000000000000005 tgt=1b9f186ddbf613007f3873278c96191e]
2018/06/19 11:55:39.015 [DETAIL] Update entry complete [src=000000000000007 tgt=539f186ddbf613007f3873278c961933]
2018/06/19 11:55:39.015 [DETAIL] Update entry complete [src=000000000000008 tgt=179f186ddbf613007f3873278c96193b]
2018/06/19 11:55:39.015 [DETAIL] Update entry complete [src=000000000000009 tgt=d79f186ddbf613007f3873278c961943]
2018/06/19 11:55:39.015 [DETAIL] Post-Migration Task 0 Complete
2018/06/19 11:55:39.021 [INFO] Migration Completed 
2018/06/19 11:55:39.021 [INFO] Summary...  Created:0 Updated:6 Skipped:3 Errors:0 [Warnings 0]
2018/06/19 11:55:39.025 [INFO] [Generic Software License] Key Mapping Cache AST:LicenseCertificates -> Generic Software License Ready.
2018/06/19 11:55:39.025 [INFO] [Generic Software License] Migration in progress.
2018/06/19 11:55:39.025 [DETAIL] [Generic Software License Chunk 0] Data Retrieve Started...
2018/06/19 11:55:39.025 [DETAIL] Create Inclusion Query: [Operation=1,Operand Left=[Operation=4,Operand Left=[Operation=6,Operand Left=[Operand Type=[type=1],Operand=240001003],Operand Right=[Operand Type=[type=2],Operand=null]],Operand Right=<null>],Operand Right=[Operation=2,Operand Left=[Operation=2,Operand Left=[Operation=2,Operand Left=[Operation=2,Operand Left=[Operation=2,Operand Left=[Operation=4,Operand Left=[Operation=1,Operand Left=[Operand Type=[type=1],Operand=260142100],Operand Right=[Operand Type=[type=2],Operand=CAL.023623]],Operand Right=<null>],Operand Right=[Operation=4,Operand Left=[Operation=1,Operand Left=[Operand Type=[type=1],Operand=260142100],Operand Right=[Operand Type=[type=2],Operand=CAL.84746.C]],Operand Right=<null>]],Operand Right=[Operation=4,Operand Left=[Operation=1,Operand Left=[Operand Type=[type=1],Operand=260142100],Operand Right=[Operand Type=[type=2],Operand=CAL.84746.B]],Operand Right=<null>]],Operand Right=[Operation=4,Operand Left=[Operation=1,Operand Left=[Operand Type=[type=1],Operand=260142100],Operand Right=[Operand Type=[type=2],Operand=CAL.03355.1]],Operand Right=<null>]],Operand Right=[Operation=4,Operand Left=[Operation=1,Operand Left=[Operand Type=[type=1],Operand=260142100],Operand Right=[Operand Type=[type=2],Operand=CAL.84746.A]],Operand Right=<null>]],Operand Right=[Operation=4,Operand Left=[Operation=1,Operand Left=[Operand Type=[type=1],Operand=260142100],Operand Right=[Operand Type=[type=2],Operand=CAL.64276.A]],Operand Right=<null>]]]
2018/06/19 11:55:39.046 [DETAIL] [Generic Software License Chunk 0] Data Transform Started...
2018/06/19 11:55:39.046 [DETAIL] Add Project Variable [short_description [STRING]]
2018/06/19 11:55:39.046 [DETAIL] Add Project Variable [vendor_contract [STRING]]
2018/06/19 11:55:39.046 [DETAIL] Create SNow Lookup Query: vendor_contract#!#vendor_contract#!#^short_description#!#short_description#!#
2018/06/19 11:55:39.047 [DETAIL] Lookup Batch Retrieve-Start
2018/06/19 11:55:39.047 [DETAIL] [src=null] SNow Qual: name=EZnet
2018/06/19 11:55:39.481 [DETAIL] Lookup Batch Retrieve-End
2018/06/19 11:55:39.481 [DETAIL] Lookup Batch Retrieve-Start
2018/06/19 11:55:39.481 [DETAIL] [src=null] SNow Qual: nameISEMPTY^company=Calbro Services
2018/06/19 11:55:39.976 [DETAIL] Lookup Batch Retrieve-End
2018/06/19 11:55:39.976 [DETAIL] Lookup Batch Retrieve-Start
2018/06/19 11:55:39.976 [DETAIL] [src=null] SNow Qual: name=Adobe Systems
2018/06/19 11:55:40.414 [DETAIL] Lookup Batch Retrieve-End
2018/06/19 11:55:40.414 [DETAIL] Lookup Batch Retrieve-Start
2018/06/19 11:55:40.414 [DETAIL] [src=000000000000001] SNow Qual: vendor_contract=CAL.84746.C^short_description=ABC
2018/06/19 11:55:40.908 [DETAIL] Lookup Batch Retrieve-End
2018/06/19 11:55:40.908 [DETAIL] [Generic Software License Chunk 0] Data Update Started...
2018/06/19 11:55:40.908 [DETAIL] Batch Insert of 1 Entries Started
2018/06/19 11:55:41.497 [DETAIL] Create entry complete [src=000000000000001 tgt=f236ac61db3a13007f3873278c9619c7]
2018/06/19 11:55:41.499 [INFO] Migration Completed 
2018/06/19 11:55:41.499 [INFO] Summary...  Created:1 Updated:0 Skipped:0 Errors:0 [Warnings 0]
2018/06/19 11:55:41.499 [DETAIL] Closing Execution Task...
2018/06/19 11:55:41.576 [INFO] Execution has completed [Execution ID=2018-06-19_11-55]
2018/06/19 11:55:41.576 [INFO] --END OF LOG--
