2018/06/17 10:12:53.141 [INFO] Log Level set to Information
2018/06/17 10:12:53.141 [INFO] ITSM Bridge version 3.7.14
2018/06/17 10:12:53.141 [INFO] Execution of Contract version 8
2018/06/17 10:12:53.144 [INFO] Execution started... [Execution ID=2018-06-17_10-12]
2018/06/17 10:12:53.144 [INFO] Initialisation Step Started...
2018/06/17 10:12:53.144 [INFO] Source Server Connected
2018/06/17 10:12:53.370 [INFO] Target Server Connected
2018/06/17 10:12:53.370 [INFO] Source Server Cache Initialised
2018/06/17 10:12:53.370 [INFO] Target Server Cache Initialised
2018/06/17 10:12:53.379 [INFO] Synchronising Scripted Web Service [u_itsmb_ast_contract_n]
2018/06/17 10:12:54.967 [INFO] Scripted Web Service is Synchronised [u_itsmb_ast_contract_n]
2018/06/17 10:12:55.417 [INFO] Initialisation 1 of 1 [Contract] Completed
2018/06/17 10:12:55.417 [INFO] ### Initialisation Step Complete
2018/06/17 10:12:55.418 [INFO] [Contract] Key Mapping Cache CTR:ContractBase -> Contract Ready.
2018/06/17 10:12:55.418 [INFO] [Contract] Migration in progress.
2018/06/17 10:12:56.912 [ERROR] Errors occurred during migration of records to Contract.
2018/06/17 10:12:56.917 [WARNING] Migration Completed  [2errors]
2018/06/17 10:12:56.917 [INFO] Summary...  Created:0 Updated:7 Skipped:0 Errors:2 [Warnings 0]
2018/06/17 10:12:56.952 [INFO] Execution has completed [Execution ID=2018-06-17_10-12]
2018/06/17 10:12:56.952 [INFO] --END OF LOG--
