2018/06/17 11:41:01.300 [INFO] Log Level set to Information
2018/06/17 11:41:01.301 [INFO] ITSM Bridge version 3.7.14
2018/06/17 11:41:01.301 [INFO] Execution of Contract version 20
2018/06/17 11:41:01.302 [INFO] Execution started... [Execution ID=2018-06-17_11-40]
2018/06/17 11:41:01.303 [INFO] Initialisation Step Started...
2018/06/17 11:41:01.303 [INFO] Source Server Connected
2018/06/17 11:41:01.524 [INFO] Target Server Connected
2018/06/17 11:41:01.524 [INFO] Source Server Cache Initialised
2018/06/17 11:41:01.524 [INFO] Target Server Cache Initialised
2018/06/17 11:41:01.532 [INFO] Synchronising Scripted Web Service [u_itsmb_ast_contract_n]
2018/06/17 11:41:02.962 [INFO] Scripted Web Service is Synchronised [u_itsmb_ast_contract_n]
2018/06/17 11:41:03.402 [INFO] Initialisation 1 of 2 [Contract_Soft_Lic] Completed
2018/06/17 11:41:03.487 [INFO] Synchronising Scripted Web Service [u_itsmb_ast_contract]
2018/06/17 11:41:04.879 [INFO] Scripted Web Service is Synchronised [u_itsmb_ast_contract]
2018/06/17 11:41:05.316 [INFO] Initialisation 2 of 2 [Contract Payments] Completed
2018/06/17 11:41:05.316 [INFO] ### Initialisation Step Complete
2018/06/17 11:41:05.317 [INFO] [Contract_Soft_Lic] Key Mapping Cache CTR:ContractBase -> Contract Ready.
2018/06/17 11:41:05.317 [INFO] [Contract_Soft_Lic] Migration in progress.
2018/06/17 11:41:07.965 [INFO] Migration Completed 
2018/06/17 11:41:07.965 [INFO] Summary...  Created:0 Updated:5 Skipped:0 Errors:0 [Warnings 0]
2018/06/17 11:41:07.966 [INFO] [Contract Payments] Key Mapping Cache FIN:Payments -> Contract Ready.
2018/06/17 11:41:07.966 [INFO] [Contract Payments] Migration in progress.
2018/06/17 11:41:08.885 [INFO] Migration Completed 
2018/06/17 11:41:08.885 [INFO] Summary...  Created:0 Updated:1 Skipped:0 Errors:0 [Warnings 0]
2018/06/17 11:41:08.947 [INFO] Execution has completed [Execution ID=2018-06-17_11-40]
2018/06/17 11:41:08.947 [INFO] --END OF LOG--
