2018/06/17 11:14:09.580 [INFO] Log Level set to Information
2018/06/17 11:14:09.580 [INFO] ITSM Bridge version 3.7.14
2018/06/17 11:14:09.580 [INFO] Execution of Contract version 18
2018/06/17 11:14:09.583 [INFO] Execution started... [Execution ID=2018-06-17_11-14]
2018/06/17 11:14:09.583 [INFO] Initialisation Step Started...
2018/06/17 11:14:09.584 [INFO] Source Server Connected
2018/06/17 11:14:09.807 [INFO] Target Server Connected
2018/06/17 11:14:09.808 [INFO] Source Server Cache Initialised
2018/06/17 11:14:09.808 [INFO] Target Server Cache Initialised
2018/06/17 11:14:09.827 [INFO] Synchronising Scripted Web Service [u_itsmb_ast_contract_n]
2018/06/17 11:14:11.230 [INFO] Scripted Web Service is Synchronised [u_itsmb_ast_contract_n]
2018/06/17 11:14:11.681 [INFO] Initialisation 1 of 2 [Contract_Soft_Lic] Completed
2018/06/17 11:14:11.691 [INFO] Synchronising Scripted Web Service [u_itsmb_ast_contract]
2018/06/17 11:14:13.066 [INFO] Scripted Web Service is Synchronised [u_itsmb_ast_contract]
2018/06/17 11:14:13.526 [INFO] Initialisation 2 of 2 [Contract Payments] Completed
2018/06/17 11:14:13.526 [INFO] ### Initialisation Step Complete
2018/06/17 11:14:13.527 [INFO] [Contract_Soft_Lic] Key Mapping Cache CTR:ContractBase -> Contract Ready.
2018/06/17 11:14:13.527 [INFO] [Contract_Soft_Lic] Migration in progress.
2018/06/17 11:14:15.293 [INFO] Migration Completed 
2018/06/17 11:14:15.293 [INFO] Summary...  Created:0 Updated:5 Skipped:0 Errors:0 [Warnings 0]
2018/06/17 11:14:15.294 [INFO] [Contract Payments] Key Mapping Cache FIN:Payments -> Contract Ready.
2018/06/17 11:14:15.294 [INFO] [Contract Payments] Migration in progress.
2018/06/17 11:14:16.330 [INFO] Migration Completed 
2018/06/17 11:14:16.330 [INFO] Summary...  Created:0 Updated:1 Skipped:0 Errors:0 [Warnings 0]
2018/06/17 11:14:16.431 [INFO] Execution has completed [Execution ID=2018-06-17_11-14]
2018/06/17 11:14:16.432 [INFO] --END OF LOG--
