2018/06/17 13:35:54.667 [INFO] Log Level set to Information
2018/06/17 13:35:54.667 [INFO] ITSM Bridge version 3.7.14
2018/06/17 13:35:54.667 [INFO] Execution of Contract version 27
2018/06/17 13:35:54.671 [INFO] Execution started... [Execution ID=2018-06-17_13-35]
2018/06/17 13:35:54.671 [INFO] Initialisation Step Started...
2018/06/17 13:35:54.671 [INFO] Source Server Connected
2018/06/17 13:35:54.906 [INFO] Target Server Connected
2018/06/17 13:35:54.906 [INFO] Source Server Cache Initialised
2018/06/17 13:35:54.906 [INFO] Target Server Cache Initialised
2018/06/17 13:35:54.922 [INFO] Synchronising Scripted Web Service [u_itsmb_ast_contract_n]
2018/06/17 13:35:56.526 [INFO] Scripted Web Service is Synchronised [u_itsmb_ast_contract_n]
2018/06/17 13:35:56.965 [INFO] Initialisation 1 of 3 [Contract_Soft_Lic] Completed
2018/06/17 13:35:56.986 [INFO] Synchronising Scripted Web Service [u_itsmb_ast_contract]
2018/06/17 13:35:58.436 [INFO] Scripted Web Service is Synchronised [u_itsmb_ast_contract]
2018/06/17 13:35:58.876 [INFO] Initialisation 2 of 3 [Contract Payments] Completed
2018/06/17 13:35:59.002 [INFO] Synchronising Scripted Web Service [u_itsmb_clm_m2m_contract_asset]
2018/06/17 13:35:59.586 [INFO] Scripted Web Service is Synchronised [u_itsmb_clm_m2m_contract_asset]
2018/06/17 13:35:59.588 [INFO] Initialisation 3 of 3 [Asset Covered [clm_m2m_contract_asset]] Completed
2018/06/17 13:35:59.589 [INFO] ### Initialisation Step Complete
2018/06/17 13:35:59.590 [INFO] [Contract_Soft_Lic] Key Mapping Cache CTR:ContractBase -> Contract Ready.
2018/06/17 13:35:59.590 [INFO] [Contract_Soft_Lic] Migration in progress.
2018/06/17 13:36:01.800 [INFO] Migration Completed 
2018/06/17 13:36:01.803 [INFO] Summary...  Created:0 Updated:5 Skipped:0 Errors:0 [Warnings 0]
2018/06/17 13:36:01.804 [INFO] [Contract Payments] Key Mapping Cache FIN:Payments -> Contract Ready.
2018/06/17 13:36:01.804 [INFO] [Contract Payments] Migration in progress.
2018/06/17 13:36:03.195 [INFO] Migration Completed 
2018/06/17 13:36:03.196 [INFO] Summary...  Created:0 Updated:1 Skipped:0 Errors:0 [Warnings 0]
2018/06/17 13:36:03.196 [INFO] [Asset Covered [clm_m2m_contract_asset]] Migration in progress.
2018/06/17 13:36:04.133 [ERROR] Errors occurred during migration of records to Asset Covered [clm_m2m_contract_asset].
2018/06/17 13:36:04.134 [WARNING] Migration Completed  [1 error]
2018/06/17 13:36:04.134 [INFO] Summary...  Created:0 Updated:0 Skipped:0 Errors:1 [Warnings 0]
2018/06/17 13:36:04.213 [INFO] Execution has completed [Execution ID=2018-06-17_13-35]
2018/06/17 13:36:04.213 [INFO] --END OF LOG--
