2018/06/17 11:20:43.287 [INFO] Log Level set to Information
2018/06/17 11:20:43.288 [INFO] ITSM Bridge version 3.7.14
2018/06/17 11:20:43.288 [INFO] Execution of Contract version 19
2018/06/17 11:20:43.290 [INFO] Execution started... [Execution ID=2018-06-17_11-20]
2018/06/17 11:20:43.290 [INFO] Initialisation Step Started...
2018/06/17 11:20:43.290 [INFO] Source Server Connected
2018/06/17 11:20:43.512 [INFO] Target Server Connected
2018/06/17 11:20:43.512 [INFO] Source Server Cache Initialised
2018/06/17 11:20:43.512 [INFO] Target Server Cache Initialised
2018/06/17 11:20:43.523 [INFO] Synchronising Scripted Web Service [u_itsmb_ast_contract_n]
2018/06/17 11:20:44.848 [INFO] Scripted Web Service is Synchronised [u_itsmb_ast_contract_n]
2018/06/17 11:20:45.299 [INFO] Initialisation 1 of 2 [Contract_Soft_Lic] Completed
2018/06/17 11:20:45.310 [INFO] Synchronising Scripted Web Service [u_itsmb_ast_contract]
2018/06/17 11:20:46.745 [INFO] Scripted Web Service is Synchronised [u_itsmb_ast_contract]
2018/06/17 11:20:47.205 [INFO] Initialisation 2 of 2 [Contract Payments] Completed
2018/06/17 11:20:47.205 [INFO] ### Initialisation Step Complete
2018/06/17 11:20:47.206 [INFO] [Contract_Soft_Lic] Key Mapping Cache CTR:ContractBase -> Contract Ready.
2018/06/17 11:20:47.206 [INFO] [Contract_Soft_Lic] Migration in progress.
2018/06/17 11:20:48.801 [INFO] Migration Completed 
2018/06/17 11:20:48.802 [INFO] Summary...  Created:0 Updated:5 Skipped:0 Errors:0 [Warnings 0]
2018/06/17 11:20:48.802 [INFO] [Contract Payments] Key Mapping Cache FIN:Payments -> Contract Ready.
2018/06/17 11:20:48.803 [INFO] [Contract Payments] Migration in progress.
2018/06/17 11:20:49.705 [INFO] Migration Completed 
2018/06/17 11:20:49.705 [INFO] Summary...  Created:0 Updated:1 Skipped:0 Errors:0 [Warnings 0]
2018/06/17 11:20:49.765 [INFO] Execution has completed [Execution ID=2018-06-17_11-20]
2018/06/17 11:20:49.765 [INFO] --END OF LOG--
