2018/06/17 10:37:32.555 [INFO] Log Level set to Information
2018/06/17 10:37:32.555 [INFO] ITSM Bridge version 3.7.14
2018/06/17 10:37:32.555 [INFO] Execution of Contract version 11
2018/06/17 10:37:32.557 [INFO] Execution started... [Execution ID=2018-06-17_10-37]
2018/06/17 10:37:32.557 [INFO] Initialisation Step Started...
2018/06/17 10:37:32.558 [INFO] Source Server Connected
2018/06/17 10:37:32.783 [INFO] Target Server Connected
2018/06/17 10:37:32.783 [INFO] Source Server Cache Initialised
2018/06/17 10:37:32.783 [INFO] Target Server Cache Initialised
2018/06/17 10:37:32.791 [INFO] Synchronising Scripted Web Service [u_itsmb_ast_contract_n]
2018/06/17 10:37:34.135 [INFO] Scripted Web Service is Synchronised [u_itsmb_ast_contract_n]
2018/06/17 10:37:34.577 [INFO] Initialisation 1 of 1 [Contract] Completed
2018/06/17 10:37:34.577 [INFO] ### Initialisation Step Complete
2018/06/17 10:37:34.577 [INFO] [Contract] Key Mapping Cache CTR:ContractBase -> Contract Ready.
2018/06/17 10:37:34.577 [INFO] [Contract] Migration in progress.
2018/06/17 10:37:36.486 [ERROR] Errors occurred during migration of records to Contract.
2018/06/17 10:37:36.488 [WARNING] Migration Completed  [2errors]
2018/06/17 10:37:36.488 [INFO] Summary...  Created:0 Updated:7 Skipped:0 Errors:2 [Warnings 0]
2018/06/17 10:37:36.575 [INFO] Execution has completed [Execution ID=2018-06-17_10-37]
2018/06/17 10:37:36.575 [INFO] --END OF LOG--
