2018/06/17 11:09:51.068 [INFO] Log Level set to Information
2018/06/17 11:09:51.068 [INFO] ITSM Bridge version 3.7.14
2018/06/17 11:09:51.068 [INFO] Execution of Contract version 17
2018/06/17 11:09:51.071 [INFO] Execution started... [Execution ID=2018-06-17_11-09]
2018/06/17 11:09:51.071 [INFO] Initialisation Step Started...
2018/06/17 11:09:51.071 [INFO] Source Server Connected
2018/06/17 11:09:51.287 [INFO] Target Server Connected
2018/06/17 11:09:51.288 [INFO] Source Server Cache Initialised
2018/06/17 11:09:51.288 [INFO] Target Server Cache Initialised
2018/06/17 11:09:51.300 [INFO] Synchronising Scripted Web Service [u_itsmb_ast_contract_n]
2018/06/17 11:09:52.607 [INFO] Scripted Web Service is Synchronised [u_itsmb_ast_contract_n]
2018/06/17 11:09:53.047 [INFO] Initialisation 1 of 2 [Contract_Soft_Lic] Completed
2018/06/17 11:09:53.095 [INFO] Synchronising Scripted Web Service [u_itsmb_ast_contract]
2018/06/17 11:09:54.410 [INFO] Scripted Web Service is Synchronised [u_itsmb_ast_contract]
2018/06/17 11:09:54.846 [INFO] Initialisation 2 of 2 [Contract Payments] Completed
2018/06/17 11:09:54.846 [INFO] ### Initialisation Step Complete
2018/06/17 11:09:54.846 [INFO] [Contract_Soft_Lic] Key Mapping Cache CTR:ContractBase -> Contract Ready.
2018/06/17 11:09:54.846 [INFO] [Contract_Soft_Lic] Migration in progress.
2018/06/17 11:09:58.307 [INFO] Migration Completed 
2018/06/17 11:09:58.307 [INFO] Summary...  Created:0 Updated:5 Skipped:0 Errors:0 [Warnings 0]
2018/06/17 11:09:58.309 [INFO] [Contract Payments] Key Mapping Cache FIN:Payments -> Contract Ready.
2018/06/17 11:09:58.309 [INFO] [Contract Payments] Migration in progress.
2018/06/17 11:09:59.333 [INFO] Migration Completed 
2018/06/17 11:09:59.333 [INFO] Summary...  Created:0 Updated:1 Skipped:0 Errors:0 [Warnings 0]
2018/06/17 11:09:59.426 [INFO] Execution has completed [Execution ID=2018-06-17_11-09]
2018/06/17 11:09:59.426 [INFO] --END OF LOG--
