2018/06/17 11:07:13.506 [INFO] Log Level set to Information
2018/06/17 11:07:13.506 [INFO] ITSM Bridge version 3.7.14
2018/06/17 11:07:13.506 [INFO] Execution of Contract version 15
2018/06/17 11:07:13.509 [INFO] Execution started... [Execution ID=2018-06-17_11-07]
2018/06/17 11:07:13.510 [INFO] Initialisation Step Started...
2018/06/17 11:07:13.510 [INFO] Source Server Connected
2018/06/17 11:07:13.746 [INFO] Target Server Connected
2018/06/17 11:07:13.746 [INFO] Source Server Cache Initialised
2018/06/17 11:07:13.746 [INFO] Target Server Cache Initialised
2018/06/17 11:07:13.758 [INFO] Synchronising Scripted Web Service [u_itsmb_ast_contract_n]
2018/06/17 11:07:15.378 [INFO] Scripted Web Service is Synchronised [u_itsmb_ast_contract_n]
2018/06/17 11:07:15.833 [INFO] Initialisation 1 of 2 [Contract_Soft_Lic] Completed
2018/06/17 11:07:15.917 [INFO] Synchronising Scripted Web Service [u_itsmb_ast_contract]
2018/06/17 11:07:17.539 [INFO] Scripted Web Service is Synchronised [u_itsmb_ast_contract]
2018/06/17 11:07:17.976 [ERROR] Fatal Error in Initialisation step
	w.c: Fatal Error in Initialisation step
	Fatal Error in Load Key Mapping Data step
	[Contract Payments] No Key Mappings selected
		at u.f.a(ExecutionStep.java:210)
		at u.g.a(InitialisationStep.java:301)
		at u.g.b(InitialisationStep.java:256)
		at s.c.call(ExecutionTask.java:274)
		at javafx.concurrent.Task$TaskCallable.call(Task.java:1423)
		at java.util.concurrent.FutureTask.run(Unknown Source)
		at java.lang.Thread.run(Unknown Source)
	Caused by: w.c: Fatal Error in Load Key Mapping Data step
	[Contract Payments] No Key Mappings selected
		at v.c.<init>(InitialiseKeyCacheStep_KeyMapping.java:69)
		at u.g.b(InitialisationStep.java:192)
		... 4 more
	
2018/06/17 11:07:17.978 [ERROR] Execution Terminated during Initialisation due to Error - No Data has been changed
2018/06/17 11:07:18.074 [INFO] --END OF LOG--
