2018/06/17 13:15:44.280 [INFO] Log Level set to Information
2018/06/17 13:15:44.281 [INFO] ITSM Bridge version 3.7.14
2018/06/17 13:15:44.281 [INFO] Execution of Contract version 25
2018/06/17 13:15:44.282 [INFO] Execution started... [Execution ID=2018-06-17_13-15]
2018/06/17 13:15:44.283 [INFO] Initialisation Step Started...
2018/06/17 13:15:44.283 [INFO] Source Server Connected
2018/06/17 13:15:44.505 [INFO] Target Server Connected
2018/06/17 13:15:44.505 [INFO] Source Server Cache Initialised
2018/06/17 13:15:44.505 [INFO] Target Server Cache Initialised
2018/06/17 13:15:44.523 [INFO] Synchronising Scripted Web Service [u_itsmb_ast_contract_n]
2018/06/17 13:15:45.934 [INFO] Scripted Web Service is Synchronised [u_itsmb_ast_contract_n]
2018/06/17 13:15:46.377 [INFO] Initialisation 1 of 3 [Contract_Soft_Lic] Completed
2018/06/17 13:15:46.485 [INFO] Synchronising Scripted Web Service [u_itsmb_ast_contract]
2018/06/17 13:15:48.005 [INFO] Scripted Web Service is Synchronised [u_itsmb_ast_contract]
2018/06/17 13:15:48.447 [INFO] Initialisation 2 of 3 [Contract Payments] Completed
2018/06/17 13:15:48.497 [INFO] Synchronising Scripted Web Service [u_itsmb_clm_m2m_contract_asset]
2018/06/17 13:15:49.058 [INFO] Scripted Web Service is Synchronised [u_itsmb_clm_m2m_contract_asset]
2018/06/17 13:15:49.060 [INFO] Initialisation 3 of 3 [Asset Covered [clm_m2m_contract_asset]] Completed
2018/06/17 13:15:49.060 [INFO] ### Initialisation Step Complete
2018/06/17 13:15:49.060 [INFO] [Contract_Soft_Lic] Key Mapping Cache CTR:ContractBase -> Contract Ready.
2018/06/17 13:15:49.061 [INFO] [Contract_Soft_Lic] Migration in progress.
2018/06/17 13:15:51.116 [INFO] Migration Completed 
2018/06/17 13:15:51.116 [INFO] Summary...  Created:0 Updated:5 Skipped:0 Errors:0 [Warnings 0]
2018/06/17 13:15:51.117 [INFO] [Contract Payments] Key Mapping Cache FIN:Payments -> Contract Ready.
2018/06/17 13:15:51.117 [INFO] [Contract Payments] Migration in progress.
2018/06/17 13:15:52.013 [INFO] Migration Completed 
2018/06/17 13:15:52.013 [INFO] Summary...  Created:0 Updated:1 Skipped:0 Errors:0 [Warnings 0]
2018/06/17 13:15:52.013 [INFO] [Asset Covered [clm_m2m_contract_asset]] Migration in progress.
2018/06/17 13:15:53.331 [ERROR] Errors occurred during migration of records to Asset Covered [clm_m2m_contract_asset].
2018/06/17 13:15:53.331 [WARNING] Migration Completed  [1 error]
2018/06/17 13:15:53.331 [INFO] Summary...  Created:0 Updated:0 Skipped:0 Errors:1 [Warnings 0]
2018/06/17 13:15:53.391 [INFO] Execution has completed [Execution ID=2018-06-17_13-15]
2018/06/17 13:15:53.391 [INFO] --END OF LOG--
