2018/06/17 10:43:20.719 [INFO] Log Level set to Information
2018/06/17 10:43:20.719 [INFO] ITSM Bridge version 3.7.14
2018/06/17 10:43:20.719 [INFO] Execution of Contract version 12
2018/06/17 10:43:20.721 [INFO] Execution started... [Execution ID=2018-06-17_10-43]
2018/06/17 10:43:20.721 [INFO] Initialisation Step Started...
2018/06/17 10:43:20.721 [INFO] Source Server Connected
2018/06/17 10:43:20.946 [INFO] Target Server Connected
2018/06/17 10:43:20.946 [INFO] Source Server Cache Initialised
2018/06/17 10:43:20.946 [INFO] Target Server Cache Initialised
2018/06/17 10:43:20.956 [INFO] Synchronising Scripted Web Service [u_itsmb_ast_contract_n]
2018/06/17 10:43:22.300 [INFO] Scripted Web Service is Synchronised [u_itsmb_ast_contract_n]
2018/06/17 10:43:22.731 [INFO] Initialisation 1 of 1 [Contract] Completed
2018/06/17 10:43:22.731 [INFO] ### Initialisation Step Complete
2018/06/17 10:43:22.733 [INFO] [Contract] Key Mapping Cache CTR:ContractBase -> Contract Ready.
2018/06/17 10:43:22.733 [INFO] [Contract] Migration in progress.
2018/06/17 10:43:25.003 [ERROR] Errors occurred during migration of records to Contract.
2018/06/17 10:43:25.004 [WARNING] Migration Completed  [2errors]
2018/06/17 10:43:25.004 [INFO] Summary...  Created:0 Updated:7 Skipped:0 Errors:2 [Warnings 0]
2018/06/17 10:43:25.034 [INFO] Execution has completed [Execution ID=2018-06-17_10-43]
2018/06/17 10:43:25.034 [INFO] --END OF LOG--
