2018/06/17 11:39:20.212 [INFO] Log Level set to Information
2018/06/17 11:39:20.213 [INFO] ITSM Bridge version 3.7.14
2018/06/17 11:39:20.213 [INFO] Execution of Contract version 20
2018/06/17 11:39:20.215 [INFO] Execution started... [Execution ID=2018-06-17_11-39]
2018/06/17 11:39:20.215 [INFO] Initialisation Step Started...
2018/06/17 11:39:20.215 [INFO] Source Server Connected
2018/06/17 11:39:20.616 [INFO] Target Server Connected
2018/06/17 11:39:20.616 [INFO] Source Server Cache Initialised
2018/06/17 11:39:20.616 [INFO] Target Server Cache Initialised
2018/06/17 11:39:20.657 [INFO] Synchronising Scripted Web Service [u_itsmb_ast_contract_n]
2018/06/17 11:39:21.898 [INFO] Scripted Web Service is Synchronised [u_itsmb_ast_contract_n]
2018/06/17 11:39:22.334 [INFO] Initialisation 1 of 2 [Contract_Soft_Lic] Completed
2018/06/17 11:39:22.348 [INFO] Synchronising Scripted Web Service [u_itsmb_ast_contract]
2018/06/17 11:39:23.695 [INFO] Scripted Web Service is Synchronised [u_itsmb_ast_contract]
2018/06/17 11:39:24.126 [INFO] Initialisation 2 of 2 [Contract Payments] Completed
2018/06/17 11:39:24.127 [INFO] ### Initialisation Step Complete
2018/06/17 11:39:24.127 [INFO] [Contract_Soft_Lic] Key Mapping Cache CTR:ContractBase -> Contract Ready.
2018/06/17 11:39:24.127 [INFO] [Contract_Soft_Lic] Migration in progress.
2018/06/17 11:39:26.094 [INFO] Migration Completed 
2018/06/17 11:39:26.094 [INFO] Summary...  Created:0 Updated:5 Skipped:0 Errors:0 [Warnings 0]
2018/06/17 11:39:26.095 [INFO] [Contract Payments] Key Mapping Cache FIN:Payments -> Contract Ready.
2018/06/17 11:39:26.095 [INFO] [Contract Payments] Migration in progress.
2018/06/17 11:39:27.005 [INFO] Migration Completed 
2018/06/17 11:39:27.005 [INFO] Summary...  Created:0 Updated:1 Skipped:0 Errors:0 [Warnings 0]
2018/06/17 11:39:27.080 [INFO] Execution has completed [Execution ID=2018-06-17_11-39]
2018/06/17 11:39:27.080 [INFO] --END OF LOG--
