2018/06/16 11:11:41.181 [INFO] Log Level set to Detail
2018/06/16 11:11:41.181 [INFO] ITSM Bridge version 3.7.14
2018/06/16 11:11:41.181 [INFO] Execution of INC_PBM version 4
2018/06/16 11:11:41.181 [INFO] Set Variable Modified Since Date to value '2018-01-01 00:00:00'
2018/06/16 11:11:41.181 [INFO] Set Variable Single Company to value 'TRUE'
2018/06/16 11:11:41.181 [INFO] Set Variable Company to value 'Calbro Services'
2018/06/16 11:11:41.183 [INFO] Execution started... [Execution ID=2018-06-16_11-11]
2018/06/16 11:11:41.184 [INFO] Initialisation Step Started...
2018/06/16 11:11:41.186 [INFO] Source Server Connected
2018/06/16 11:11:43.184 [INFO] Target Server Connected
2018/06/16 11:11:43.674 [DETAIL] Remedy Cache Initialisation started...
2018/06/16 11:11:43.674 [DETAIL] Remedy Cache Initialisation complete
2018/06/16 11:11:43.674 [INFO] Source Server Cache Initialised
2018/06/16 11:11:43.674 [DETAIL] Service Now Cache Initialisation started...
2018/06/16 11:11:43.674 [DETAIL] Service Now Cache Initialisation complete
2018/06/16 11:11:43.674 [INFO] Target Server Cache Initialised
2018/06/16 11:11:43.674 [DETAIL] Top Level Project Validation Completed
2018/06/16 11:11:44.154 [INFO] Initialisation 1 of 12 [User Reference] Disabled [Key Mapping Cache Initialised]
2018/06/16 11:11:44.640 [INFO] Initialisation 2 of 12 [Group Reference] Disabled [Key Mapping Cache Initialised]
2018/06/16 11:11:45.121 [DETAIL] Create SNow Lookup Query: name#!#!Company Name!#!#
2018/06/16 11:11:45.123 [DETAIL] Add Project Variable [Site ID [STRING]]
2018/06/16 11:11:45.127 [DETAIL] Create Remedy Lookup Query: 'Site ID' = ""
2018/06/16 11:11:45.129 [INFO] Initialisation 3 of 12 [Location Reference] Disabled [Key Mapping Cache Initialised]
2018/06/16 11:11:45.137 [DETAIL] Create Remedy Qualification: 'Last Modified Date' > "1/1/2018 1:00:00 AM" AND (1 = 1 AND 'Contact Company' = "Calbro Services" OR 1 = 0)
2018/06/16 11:11:45.178 [DETAIL] Add Project Variable [name [STRING]]
2018/06/16 11:11:45.178 [DETAIL] Create SNow Lookup Query: name#!#name#!#
2018/06/16 11:11:45.178 [DETAIL] Add Project Variable [Assignee Login ID [STRING]]
2018/06/16 11:11:45.189 [DETAIL] Create Remedy Lookup Query: 'Remedy Login ID' = ""
2018/06/16 11:11:45.190 [DETAIL] Add Project Variable [Assignee [STRING]]
2018/06/16 11:11:45.190 [DETAIL] Create SNow Lookup Query: name#!#Assignee#!#^email#!#!Assignee Email!#!#
2018/06/16 11:11:45.191 [DETAIL] Add Project Variable [Incident Number [STRING]]
2018/06/16 11:11:45.197 [DETAIL] Create Remedy Lookup Query: 'Incident Number' = ""
2018/06/16 11:11:45.197 [DETAIL] Add Project Variable [name [STRING]]
2018/06/16 11:11:45.197 [DETAIL] Add Project Variable [email [STRING]]
2018/06/16 11:11:45.197 [DETAIL] Create SNow Lookup Query: name#!#name#!#^email#!#email#!#
2018/06/16 11:11:45.197 [DETAIL] Add Project Variable [Contact Company [STRING]]
2018/06/16 11:11:45.197 [DETAIL] Create SNow Lookup Query: name#!#Contact Company#!#
2018/06/16 11:11:45.200 [DETAIL] Add Project Variable [country [STRING]]
2018/06/16 11:11:45.200 [DETAIL] Add Project Variable [city [STRING]]
2018/06/16 11:11:45.200 [DETAIL] Add Project Variable [name [STRING]]
2018/06/16 11:11:45.200 [DETAIL] Create SNow Lookup Query: name#!#name#!#^country#!#country#!#^city#!#city#!#
2018/06/16 11:11:45.202 [INFO] Synchronising Scripted Web Service [u_itsmb_incident]
2018/06/16 11:11:47.472 [DETAIL] --Check Import WS Started--
   WS Name: u_itsmb_incident
   Target Table: incident
   Scope: global
   Run Business Rules: true
   include fields from tables: incident,task
--created ws import set: u_itsmb_incident [incident]--
--synchronise ws fields with target complete--
--transform map updated: u_itsmb_incident
   transform field mapping exists: parent -> parent
   transform field mapping exists: caused_by -> caused_by
   transform field mapping exists: watch_list -> watch_list
   skip system field: template_import_log
   skip system field: target_scope
   transform field mapping exists: upon_reject -> upon_reject
   skip system field: sys_updated_on
   transform field mapping exists: approval_history -> approval_history
   transform field mapping exists: number -> number
   transform field mapping exists: state -> state
   skip system field: sys_created_by
   transform field mapping exists: order -> order
   transform field mapping exists: knowledge -> knowledge
   skip system field: sys_import_row
   transform field mapping exists: cmdb_ci -> cmdb_ci
   transform field mapping exists: delivery_plan -> delivery_plan
   transform field mapping exists: impact -> impact
   transform field mapping exists: active -> active
   transform field mapping exists: work_notes_list -> work_notes_list
   transform field mapping exists: priority -> priority
   transform field mapping exists: rejection_goto -> rejection_goto
   transform field mapping exists: group_list -> group_list
   transform field mapping exists: business_duration -> business_duration
   transform field mapping exists: approval_set -> approval_set
   transform field mapping exists: wf_activity -> wf_activity
   transform field mapping exists: short_description -> short_description
   transform field mapping exists: correlation_display -> correlation_display
   transform field mapping exists: delivery_task -> delivery_task
   skip system field: target_mod_count
   transform field mapping exists: work_start -> work_start
   skip system field: batch_id
   skip system field: sys_import_state_comment
   transform field mapping exists: additional_assignee_list -> additional_assignee_list
   skip system field: target_domain
   transform field mapping exists: notify -> notify
   skip system field: sys_class_name
   transform field mapping exists: follow_up -> follow_up
   transform field mapping exists: closed_by -> closed_by
   transform field mapping exists: parent_incident -> parent_incident
   transform field mapping exists: reopened_by -> reopened_by
   transform field mapping exists: reassignment_count -> reassignment_count
   transform field mapping exists: assigned_to -> assigned_to
   transform field mapping exists: variables -> variables
   skip system field: sys_target_table
   transform field mapping exists: sla_due -> sla_due
   transform field mapping exists: comments_and_work_notes -> comments_and_work_notes
   skip system field: sys_import_state
   transform field mapping exists: escalation -> escalation
   transform field mapping exists: upon_approval -> upon_approval
   transform field mapping exists: correlation_id -> correlation_id
   skip system field: source_id
   transform field mapping exists: made_sla -> made_sla
   skip system field: target_class_name
   transform field mapping exists: child_incidents -> child_incidents
   transform field mapping exists: hold_reason -> hold_reason
   skip system field: sys_target_sys_id
   transform field mapping exists: resolved_by -> resolved_by
   skip system field: sys_updated_by
   transform field mapping exists: user_input -> user_input
   transform field mapping exists: opened_by -> opened_by
   skip system field: sys_created_on
   skip system field: sys_import_set
   skip system field: target_created_by
   skip system field: target_sys_id
   transform field mapping exists: calendar_stc -> calendar_stc
   skip system field: sys_row_error
   transform field mapping exists: closed_at -> closed_at
   skip system field: target_domain_path
   transform field mapping exists: business_service -> business_service
   skip system field: import_set_run
   transform field mapping exists: rfc -> rfc
   transform field mapping exists: time_worked -> time_worked
   transform field mapping exists: expected_start -> expected_start
   transform field mapping exists: opened_at -> opened_at
   transform field mapping exists: work_end -> work_end
   transform field mapping exists: reopened_time -> reopened_time
   transform field mapping exists: resolved_at -> resolved_at
   transform field mapping exists: caller_id -> caller_id
   transform field mapping exists: subcategory -> subcategory
   transform field mapping exists: work_notes -> work_notes
   transform field mapping exists: close_code -> close_code
   transform field mapping exists: assignment_group -> assignment_group
   transform field mapping exists: business_stc -> business_stc
   transform field mapping exists: description -> description
   transform field mapping exists: calendar_duration -> calendar_duration
   transform field mapping exists: close_notes -> close_notes
   transform field mapping exists: contact_type -> contact_type
   transform field mapping exists: incident_state -> incident_state
   transform field mapping exists: urgency -> urgency
   transform field mapping exists: problem_id -> problem_id
   skip system field: sys_transform_map
   transform field mapping exists: company -> company
   transform field mapping exists: activity_due -> activity_due
   transform field mapping exists: severity -> severity
   transform field mapping exists: comments -> comments
   skip system field: target_created_on
   transform field mapping exists: approval -> approval
   transform field mapping exists: due_date -> due_date
   skip system field: sys_mod_count
   transform field mapping exists: reopen_count -> reopen_count
   skip virtual field: sys_tags
   transform field mapping exists: location -> location
   transform field mapping exists: category -> category
   transform field mapping exists: target_domain -> sys_domain
   transform field mapping exists: target_class_name -> sys_class_name
   transform field mapping exists: target_mod_count -> sys_mod_count
   transform field mapping exists: target_created_by -> sys_created_by
   transform field mapping exists: target_created_on -> sys_created_on
coalece field exists
--synchronise transform map complete--
--Check Import Set WS and Transform Map Completed--

2018/06/16 11:11:47.472 [INFO] Scripted Web Service is Synchronised [u_itsmb_incident]
2018/06/16 11:11:47.956 [INFO] Initialisation 4 of 12 [Incident] Completed
2018/06/16 11:11:48.006 [DETAIL] Create Remedy Qualification: 'RootRequestFormName' = "HPD:Help Desk"
2018/06/16 11:11:48.012 [DETAIL] Add Project Variable [name [STRING]]
2018/06/16 11:11:48.013 [DETAIL] Create SNow Lookup Query: name#!#name#!#
2018/06/16 11:11:48.013 [DETAIL] Add Project Variable [Task ID [STRING]]
2018/06/16 11:11:48.027 [DETAIL] Create Remedy Lookup Query: 'TaskOrTaskGroupID' = ""
2018/06/16 11:11:48.027 [DETAIL] Add Project Variable [Company [STRING]]
2018/06/16 11:11:48.028 [DETAIL] Create SNow Lookup Query: name#!#Company#!#
2018/06/16 11:11:48.028 [DETAIL] Add Project Variable [Site [STRING]]
2018/06/16 11:11:48.028 [DETAIL] Add Project Variable [Company [STRING]]
2018/06/16 11:11:48.028 [DETAIL] Create SNow Lookup Query: company#!#Company#!#^name#!#Site#!#
2018/06/16 11:11:48.029 [DETAIL] Add Project Variable [RootRequestID [STRING]]
2018/06/16 11:11:48.029 [DETAIL] Create SNow Lookup Query: number#!#RootRequestID#!#
2018/06/16 11:11:48.029 [DETAIL] Add Project Variable [name [STRING]]
2018/06/16 11:11:48.029 [DETAIL] Add Project Variable [email [STRING]]
2018/06/16 11:11:48.029 [DETAIL] Create SNow Lookup Query: name#!#name#!#^email#!#email#!#
2018/06/16 11:11:48.030 [INFO] Synchronising Scripted Web Service [u_itsmb_incident_task_n]
2018/06/16 11:11:49.784 [DETAIL] --Check Import WS Started--
   WS Name: u_itsmb_incident_task_n
   Target Table: incident_task
   Scope: global
   Run Business Rules: false
   include fields from tables: incident_task,task
--created ws import set: u_itsmb_incident_task_n [incident_task]--
--synchronise ws fields with target complete--
--transform map updated: u_itsmb_incident_task_n
   transform field mapping exists: parent -> parent
   transform field mapping exists: made_sla -> made_sla
   transform field mapping exists: watch_list -> watch_list
   skip system field: template_import_log
   transform field mapping exists: upon_reject -> upon_reject
   skip system field: target_scope
   skip system field: sys_updated_on
   skip system field: target_class_name
   transform field mapping exists: approval_history -> approval_history
   skip system field: sys_target_sys_id
   transform field mapping exists: number -> number
   skip system field: sys_updated_by
   transform field mapping exists: opened_by -> opened_by
   transform field mapping exists: user_input -> user_input
   skip system field: sys_created_on
   skip system field: sys_import_set
   transform field mapping exists: state -> state
   skip system field: target_sys_id
   skip system field: target_created_by
   skip system field: sys_created_by
   transform field mapping exists: order -> order
   transform field mapping exists: knowledge -> knowledge
   skip system field: sys_import_row
   skip system field: sys_row_error
   transform field mapping exists: closed_at -> closed_at
   transform field mapping exists: delivery_plan -> delivery_plan
   transform field mapping exists: cmdb_ci -> cmdb_ci
   skip system field: target_domain_path
   transform field mapping exists: impact -> impact
   transform field mapping exists: work_notes_list -> work_notes_list
   transform field mapping exists: active -> active
   transform field mapping exists: business_service -> business_service
   skip system field: import_set_run
   transform field mapping exists: priority -> priority
   transform field mapping exists: time_worked -> time_worked
   transform field mapping exists: expected_start -> expected_start
   transform field mapping exists: rejection_goto -> rejection_goto
   transform field mapping exists: opened_at -> opened_at
   transform field mapping exists: business_duration -> business_duration
   transform field mapping exists: group_list -> group_list
   transform field mapping exists: work_end -> work_end
   transform field mapping exists: approval_set -> approval_set
   transform field mapping exists: work_notes -> work_notes
   transform field mapping exists: wf_activity -> wf_activity
   transform field mapping exists: short_description -> short_description
   transform field mapping exists: delivery_task -> delivery_task
   skip system field: target_mod_count
   transform field mapping exists: correlation_display -> correlation_display
   transform field mapping exists: work_start -> work_start
   transform field mapping exists: assignment_group -> assignment_group
   skip system field: batch_id
   skip system field: sys_import_state_comment
   transform field mapping exists: additional_assignee_list -> additional_assignee_list
   transform field mapping exists: description -> description
   transform field mapping exists: calendar_duration -> calendar_duration
   skip system field: target_domain
   transform field mapping exists: close_notes -> close_notes
   skip system field: sys_class_name
   transform field mapping exists: follow_up -> follow_up
   transform field mapping exists: closed_by -> closed_by
   transform field mapping exists: contact_type -> contact_type
   transform field mapping exists: urgency -> urgency
   skip system field: sys_transform_map
   transform field mapping exists: company -> company
   transform field mapping exists: reassignment_count -> reassignment_count
   transform field mapping exists: activity_due -> activity_due
   transform field mapping exists: assigned_to -> assigned_to
   transform field mapping exists: variables -> variables
   transform field mapping exists: comments -> comments
   skip system field: sys_target_table
   skip system field: target_created_on
   transform field mapping exists: sla_due -> sla_due
   transform field mapping exists: approval -> approval
   transform field mapping exists: comments_and_work_notes -> comments_and_work_notes
   transform field mapping exists: due_date -> due_date
   skip system field: sys_mod_count
   skip virtual field: sys_tags
   skip system field: sys_import_state
   transform field mapping exists: upon_approval -> upon_approval
   transform field mapping exists: escalation -> escalation
   transform field mapping exists: correlation_id -> correlation_id
   transform field mapping exists: location -> location
   skip system field: source_id
   transform field mapping exists: incident -> incident
   transform field mapping exists: target_domain -> sys_domain
   transform field mapping exists: target_class_name -> sys_class_name
   transform field mapping exists: target_mod_count -> sys_mod_count
   transform field mapping exists: target_created_by -> sys_created_by
   transform field mapping exists: target_created_on -> sys_created_on
coalece field exists
--synchronise transform map complete--
--Check Import Set WS and Transform Map Completed--

2018/06/16 11:11:49.784 [INFO] Scripted Web Service is Synchronised [u_itsmb_incident_task_n]
2018/06/16 11:11:50.274 [INFO] Initialisation 5 of 12 [Incident Task] Completed
2018/06/16 11:11:50.305 [DETAIL] Create Remedy Qualification: 'Form Name01' = "HPD:Help Desk" AND 'Form Name02' = "HPD:Help Desk" AND 'Request ID02' < 'Request ID01'
2018/06/16 11:11:50.308 [DETAIL] Add Project Variable [Request ID01 [STRING]]
2018/06/16 11:11:50.308 [DETAIL] Create SNow Lookup Query: number#!#Request ID01#!#
2018/06/16 11:11:50.310 [INFO] Synchronising Scripted Web Service [u_itsmb_incident_n]
2018/06/16 11:11:52.474 [DETAIL] --Check Import WS Started--
   WS Name: u_itsmb_incident_n
   Target Table: incident
   Scope: global
   Run Business Rules: false
   include fields from tables: incident,task
--created ws import set: u_itsmb_incident_n [incident]--
--synchronise ws fields with target complete--
--transform map updated: u_itsmb_incident_n
   transform field mapping exists: parent -> parent
   transform field mapping exists: caused_by -> caused_by
   transform field mapping exists: watch_list -> watch_list
   skip system field: template_import_log
   transform field mapping exists: upon_reject -> upon_reject
   skip system field: target_scope
   skip system field: sys_updated_on
   transform field mapping exists: approval_history -> approval_history
   transform field mapping exists: number -> number
   transform field mapping exists: state -> state
   skip system field: sys_created_by
   transform field mapping exists: order -> order
   transform field mapping exists: knowledge -> knowledge
   skip system field: sys_import_row
   transform field mapping exists: delivery_plan -> delivery_plan
   transform field mapping exists: cmdb_ci -> cmdb_ci
   transform field mapping exists: impact -> impact
   transform field mapping exists: active -> active
   transform field mapping exists: work_notes_list -> work_notes_list
   transform field mapping exists: priority -> priority
   transform field mapping exists: rejection_goto -> rejection_goto
   transform field mapping exists: group_list -> group_list
   transform field mapping exists: business_duration -> business_duration
   transform field mapping exists: approval_set -> approval_set
   transform field mapping exists: wf_activity -> wf_activity
   transform field mapping exists: short_description -> short_description
   transform field mapping exists: work_start -> work_start
   skip system field: target_mod_count
   transform field mapping exists: delivery_task -> delivery_task
   transform field mapping exists: correlation_display -> correlation_display
   skip system field: batch_id
   skip system field: sys_import_state_comment
   transform field mapping exists: additional_assignee_list -> additional_assignee_list
   skip system field: target_domain
   transform field mapping exists: notify -> notify
   skip system field: sys_class_name
   transform field mapping exists: closed_by -> closed_by
   transform field mapping exists: follow_up -> follow_up
   transform field mapping exists: parent_incident -> parent_incident
   transform field mapping exists: reopened_by -> reopened_by
   transform field mapping exists: reassignment_count -> reassignment_count
   transform field mapping exists: assigned_to -> assigned_to
   transform field mapping exists: variables -> variables
   skip system field: sys_target_table
   transform field mapping exists: sla_due -> sla_due
   transform field mapping exists: comments_and_work_notes -> comments_and_work_notes
   skip system field: sys_import_state
   transform field mapping exists: escalation -> escalation
   transform field mapping exists: upon_approval -> upon_approval
   transform field mapping exists: correlation_id -> correlation_id
   skip system field: source_id
   transform field mapping exists: made_sla -> made_sla
   transform field mapping exists: child_incidents -> child_incidents
   skip system field: target_class_name
   transform field mapping exists: hold_reason -> hold_reason
   skip system field: sys_target_sys_id
   transform field mapping exists: resolved_by -> resolved_by
   skip system field: sys_updated_by
   transform field mapping exists: user_input -> user_input
   transform field mapping exists: opened_by -> opened_by
   skip system field: sys_created_on
   skip system field: sys_import_set
   skip system field: target_created_by
   skip system field: target_sys_id
   transform field mapping exists: calendar_stc -> calendar_stc
   skip system field: sys_row_error
   transform field mapping exists: closed_at -> closed_at
   skip system field: target_domain_path
   transform field mapping exists: business_service -> business_service
   skip system field: import_set_run
   transform field mapping exists: rfc -> rfc
   transform field mapping exists: time_worked -> time_worked
   transform field mapping exists: expected_start -> expected_start
   transform field mapping exists: opened_at -> opened_at
   transform field mapping exists: work_end -> work_end
   transform field mapping exists: caller_id -> caller_id
   transform field mapping exists: resolved_at -> resolved_at
   transform field mapping exists: reopened_time -> reopened_time
   transform field mapping exists: work_notes -> work_notes
   transform field mapping exists: subcategory -> subcategory
   transform field mapping exists: close_code -> close_code
   transform field mapping exists: assignment_group -> assignment_group
   transform field mapping exists: business_stc -> business_stc
   transform field mapping exists: description -> description
   transform field mapping exists: calendar_duration -> calendar_duration
   transform field mapping exists: close_notes -> close_notes
   transform field mapping exists: contact_type -> contact_type
   transform field mapping exists: incident_state -> incident_state
   transform field mapping exists: urgency -> urgency
   transform field mapping exists: problem_id -> problem_id
   skip system field: sys_transform_map
   transform field mapping exists: company -> company
   transform field mapping exists: activity_due -> activity_due
   transform field mapping exists: severity -> severity
   transform field mapping exists: comments -> comments
   skip system field: target_created_on
   transform field mapping exists: approval -> approval
   transform field mapping exists: due_date -> due_date
   skip system field: sys_mod_count
   transform field mapping exists: reopen_count -> reopen_count
   skip virtual field: sys_tags
   transform field mapping exists: location -> location
   transform field mapping exists: category -> category
   transform field mapping exists: target_domain -> sys_domain
   transform field mapping exists: target_class_name -> sys_class_name
   transform field mapping exists: target_mod_count -> sys_mod_count
   transform field mapping exists: target_created_by -> sys_created_by
   transform field mapping exists: target_created_on -> sys_created_on
coalece field exists
--synchronise transform map complete--
--Check Import Set WS and Transform Map Completed--

2018/06/16 11:11:52.474 [INFO] Scripted Web Service is Synchronised [u_itsmb_incident_n]
2018/06/16 11:11:52.957 [INFO] Initialisation 6 of 12 [Child Incidents] Completed
2018/06/16 11:11:52.961 [DETAIL] Create Remedy Qualification: 'Last Modified Date' > "1/1/2018 1:00:00 AM" AND (1 = 1 AND 'Contact Company' = "Calbro Services" OR 1 = 0)
2018/06/16 11:11:53.059 [DETAIL] Add Project Variable [name [STRING]]
2018/06/16 11:11:53.060 [DETAIL] Create SNow Lookup Query: name#!#name#!#
2018/06/16 11:11:53.060 [DETAIL] Add Project Variable [Assignee Login ID [STRING]]
2018/06/16 11:11:53.065 [DETAIL] Create Remedy Lookup Query: 'Remedy Login ID' = ""
2018/06/16 11:11:53.065 [DETAIL] Add Project Variable [Assignee [STRING]]
2018/06/16 11:11:53.065 [DETAIL] Create SNow Lookup Query: name#!#Assignee#!#^email#!#!Assignee Email!#!#
2018/06/16 11:11:53.066 [DETAIL] Add Project Variable [Problem Investigation ID [STRING]]
2018/06/16 11:11:53.069 [DETAIL] Create Remedy Lookup Query: 'Problem Investigation ID' = ""
2018/06/16 11:11:53.069 [DETAIL] Add Project Variable [Contact Company [STRING]]
2018/06/16 11:11:53.069 [DETAIL] Create SNow Lookup Query: name#!#Contact Company#!#
2018/06/16 11:11:53.070 [DETAIL] Add Project Variable [country [STRING]]
2018/06/16 11:11:53.070 [DETAIL] Add Project Variable [city [STRING]]
2018/06/16 11:11:53.070 [DETAIL] Add Project Variable [name [STRING]]
2018/06/16 11:11:53.070 [DETAIL] Create SNow Lookup Query: name#!#name#!#^country#!#country#!#^city#!#city#!#
2018/06/16 11:11:53.071 [INFO] Synchronising Scripted Web Service [u_itsmb_problem_n]
2018/06/16 11:11:54.920 [DETAIL] --Check Import WS Started--
   WS Name: u_itsmb_problem_n
   Target Table: problem
   Scope: global
   Run Business Rules: false
   include fields from tables: problem,task
--created ws import set: u_itsmb_problem_n [problem]--
--synchronise ws fields with target complete--
--transform map updated: u_itsmb_problem_n
   transform field mapping exists: parent -> parent
   transform field mapping exists: made_sla -> made_sla
   transform field mapping exists: watch_list -> watch_list
   skip system field: template_import_log
   transform field mapping exists: upon_reject -> upon_reject
   skip system field: target_scope
   skip system field: sys_updated_on
   skip system field: target_class_name
   transform field mapping exists: approval_history -> approval_history
   skip system field: sys_target_sys_id
   transform field mapping exists: number -> number
   skip system field: sys_updated_by
   transform field mapping exists: work_around -> work_around
   transform field mapping exists: user_input -> user_input
   transform field mapping exists: opened_by -> opened_by
   skip system field: sys_created_on
   skip system field: sys_import_set
   transform field mapping exists: state -> state
   skip system field: target_created_by
   skip system field: target_sys_id
   skip system field: sys_created_by
   transform field mapping exists: order -> order
   transform field mapping exists: knowledge -> knowledge
   skip system field: sys_import_row
   transform field mapping exists: major_problem -> major_problem
   skip system field: sys_row_error
   transform field mapping exists: closed_at -> closed_at
   transform field mapping exists: cmdb_ci -> cmdb_ci
   transform field mapping exists: delivery_plan -> delivery_plan
   skip system field: target_domain_path
   transform field mapping exists: impact -> impact
   transform field mapping exists: active -> active
   transform field mapping exists: work_notes_list -> work_notes_list
   transform field mapping exists: business_service -> business_service
   skip system field: import_set_run
   transform field mapping exists: priority -> priority
   transform field mapping exists: time_worked -> time_worked
   transform field mapping exists: rfc -> rfc
   transform field mapping exists: expected_start -> expected_start
   transform field mapping exists: rejection_goto -> rejection_goto
   transform field mapping exists: opened_at -> opened_at
   transform field mapping exists: business_duration -> business_duration
   transform field mapping exists: group_list -> group_list
   transform field mapping exists: work_end -> work_end
   transform field mapping exists: approval_set -> approval_set
   transform field mapping exists: work_notes -> work_notes
   transform field mapping exists: wf_activity -> wf_activity
   transform field mapping exists: short_description -> short_description
   transform field mapping exists: work_start -> work_start
   transform field mapping exists: delivery_task -> delivery_task
   skip system field: target_mod_count
   transform field mapping exists: correlation_display -> correlation_display
   transform field mapping exists: assignment_group -> assignment_group
   skip system field: batch_id
   skip system field: sys_import_state_comment
   transform field mapping exists: known_error -> known_error
   transform field mapping exists: additional_assignee_list -> additional_assignee_list
   transform field mapping exists: description -> description
   transform field mapping exists: calendar_duration -> calendar_duration
   skip system field: target_domain
   transform field mapping exists: close_notes -> close_notes
   skip system field: sys_class_name
   transform field mapping exists: closed_by -> closed_by
   transform field mapping exists: follow_up -> follow_up
   transform field mapping exists: contact_type -> contact_type
   transform field mapping exists: urgency -> urgency
   skip system field: sys_transform_map
   transform field mapping exists: company -> company
   transform field mapping exists: reassignment_count -> reassignment_count
   transform field mapping exists: related_incidents -> related_incidents
   transform field mapping exists: activity_due -> activity_due
   transform field mapping exists: assigned_to -> assigned_to
   transform field mapping exists: review_outcome -> review_outcome
   transform field mapping exists: variables -> variables
   transform field mapping exists: comments -> comments
   skip system field: sys_target_table
   skip system field: target_created_on
   transform field mapping exists: sla_due -> sla_due
   transform field mapping exists: approval -> approval
   transform field mapping exists: problem_state -> problem_state
   transform field mapping exists: due_date -> due_date
   transform field mapping exists: comments_and_work_notes -> comments_and_work_notes
   skip system field: sys_mod_count
   skip virtual field: sys_tags
   skip system field: sys_import_state
   transform field mapping exists: escalation -> escalation
   transform field mapping exists: upon_approval -> upon_approval
   transform field mapping exists: correlation_id -> correlation_id
   transform field mapping exists: location -> location
   skip system field: source_id
   transform field mapping exists: target_domain -> sys_domain
   transform field mapping exists: target_class_name -> sys_class_name
   transform field mapping exists: target_mod_count -> sys_mod_count
   transform field mapping exists: target_created_by -> sys_created_by
   transform field mapping exists: target_created_on -> sys_created_on
coalece field exists
--synchronise transform map complete--
--Check Import Set WS and Transform Map Completed--

2018/06/16 11:11:54.920 [INFO] Scripted Web Service is Synchronised [u_itsmb_problem_n]
2018/06/16 11:11:55.417 [INFO] Initialisation 7 of 12 [Problem] Completed
2018/06/16 11:11:55.425 [DETAIL] Create Remedy Qualification: 'RootRequestFormName' = "PBM:Problem Investigation"
2018/06/16 11:11:55.430 [DETAIL] Add Project Variable [name [STRING]]
2018/06/16 11:11:55.431 [DETAIL] Create SNow Lookup Query: name#!#name#!#
2018/06/16 11:11:55.431 [DETAIL] Add Project Variable [Task ID [STRING]]
2018/06/16 11:11:55.455 [DETAIL] Create Remedy Lookup Query: 'TaskOrTaskGroupID' = ""
2018/06/16 11:11:55.455 [DETAIL] Add Project Variable [RootRequestID [STRING]]
2018/06/16 11:11:55.456 [DETAIL] Create SNow Lookup Query: number#!#RootRequestID#!#
2018/06/16 11:11:55.456 [DETAIL] Add Project Variable [Company [STRING]]
2018/06/16 11:11:55.456 [DETAIL] Create SNow Lookup Query: name#!#Company#!#
2018/06/16 11:11:55.457 [DETAIL] Add Project Variable [Site [STRING]]
2018/06/16 11:11:55.457 [DETAIL] Add Project Variable [Company [STRING]]
2018/06/16 11:11:55.457 [DETAIL] Create SNow Lookup Query: company#!#Company#!#^name#!#Site#!#
2018/06/16 11:11:55.457 [DETAIL] Add Project Variable [name [STRING]]
2018/06/16 11:11:55.457 [DETAIL] Add Project Variable [email [STRING]]
2018/06/16 11:11:55.457 [DETAIL] Create SNow Lookup Query: name#!#name#!#^email#!#email#!#
2018/06/16 11:11:55.458 [INFO] Synchronising Scripted Web Service [u_itsmb_problem_task_n]
2018/06/16 11:11:57.247 [DETAIL] --Check Import WS Started--
   WS Name: u_itsmb_problem_task_n
   Target Table: problem_task
   Scope: global
   Run Business Rules: false
   include fields from tables: problem_task,task
--created ws import set: u_itsmb_problem_task_n [problem_task]--
--synchronise ws fields with target complete--
--transform map updated: u_itsmb_problem_task_n
   transform field mapping exists: parent -> parent
   transform field mapping exists: made_sla -> made_sla
   transform field mapping exists: watch_list -> watch_list
   skip system field: template_import_log
   skip system field: target_scope
   transform field mapping exists: upon_reject -> upon_reject
   skip system field: sys_updated_on
   skip system field: target_class_name
   transform field mapping exists: approval_history -> approval_history
   skip system field: sys_target_sys_id
   transform field mapping exists: number -> number
   transform field mapping exists: problem -> problem
   skip system field: sys_updated_by
   transform field mapping exists: user_input -> user_input
   transform field mapping exists: opened_by -> opened_by
   skip system field: sys_created_on
   skip system field: sys_import_set
   transform field mapping exists: state -> state
   skip system field: target_sys_id
   skip system field: target_created_by
   skip system field: sys_created_by
   transform field mapping exists: knowledge -> knowledge
   transform field mapping exists: order -> order
   skip system field: sys_import_row
   skip system field: sys_row_error
   transform field mapping exists: closed_at -> closed_at
   transform field mapping exists: cmdb_ci -> cmdb_ci
   transform field mapping exists: delivery_plan -> delivery_plan
   skip system field: target_domain_path
   transform field mapping exists: impact -> impact
   transform field mapping exists: active -> active
   transform field mapping exists: work_notes_list -> work_notes_list
   transform field mapping exists: business_service -> business_service
   skip system field: import_set_run
   transform field mapping exists: priority -> priority
   transform field mapping exists: time_worked -> time_worked
   transform field mapping exists: expected_start -> expected_start
   transform field mapping exists: rejection_goto -> rejection_goto
   transform field mapping exists: opened_at -> opened_at
   transform field mapping exists: group_list -> group_list
   transform field mapping exists: business_duration -> business_duration
   transform field mapping exists: work_end -> work_end
   transform field mapping exists: approval_set -> approval_set
   transform field mapping exists: work_notes -> work_notes
   transform field mapping exists: wf_activity -> wf_activity
   transform field mapping exists: short_description -> short_description
   transform field mapping exists: work_start -> work_start
   skip system field: target_mod_count
   transform field mapping exists: correlation_display -> correlation_display
   transform field mapping exists: delivery_task -> delivery_task
   transform field mapping exists: assignment_group -> assignment_group
   skip system field: batch_id
   skip system field: sys_import_state_comment
   transform field mapping exists: additional_assignee_list -> additional_assignee_list
   transform field mapping exists: description -> description
   transform field mapping exists: calendar_duration -> calendar_duration
   skip system field: target_domain
   transform field mapping exists: close_notes -> close_notes
   skip system field: sys_class_name
   transform field mapping exists: follow_up -> follow_up
   transform field mapping exists: closed_by -> closed_by
   transform field mapping exists: contact_type -> contact_type
   transform field mapping exists: urgency -> urgency
   skip system field: sys_transform_map
   transform field mapping exists: company -> company
   transform field mapping exists: reassignment_count -> reassignment_count
   transform field mapping exists: activity_due -> activity_due
   transform field mapping exists: assigned_to -> assigned_to
   transform field mapping exists: variables -> variables
   transform field mapping exists: comments -> comments
   skip system field: sys_target_table
   skip system field: target_created_on
   transform field mapping exists: approval -> approval
   transform field mapping exists: sla_due -> sla_due
   transform field mapping exists: due_date -> due_date
   transform field mapping exists: comments_and_work_notes -> comments_and_work_notes
   skip system field: sys_mod_count
   skip virtual field: sys_tags
   skip system field: sys_import_state
   transform field mapping exists: escalation -> escalation
   transform field mapping exists: upon_approval -> upon_approval
   transform field mapping exists: correlation_id -> correlation_id
   transform field mapping exists: location -> location
   skip system field: source_id
   transform field mapping exists: target_domain -> sys_domain
   transform field mapping exists: target_class_name -> sys_class_name
   transform field mapping exists: target_mod_count -> sys_mod_count
   transform field mapping exists: target_created_by -> sys_created_by
   transform field mapping exists: target_created_on -> sys_created_on
coalece field exists
--synchronise transform map complete--
--Check Import Set WS and Transform Map Completed--

2018/06/16 11:11:57.247 [INFO] Scripted Web Service is Synchronised [u_itsmb_problem_task_n]
2018/06/16 11:11:57.741 [INFO] Initialisation 8 of 12 [Problem Task] Completed
2018/06/16 11:11:57.745 [DETAIL] Create Remedy Qualification: 'Form Name01' = "PBM:Problem Investigation" AND 'Form Name02' = "HPD:Help Desk"
2018/06/16 11:11:57.750 [DETAIL] Add Project Variable [Request ID01 [STRING]]
2018/06/16 11:11:57.750 [DETAIL] Create SNow Lookup Query: number#!#Request ID01#!#
2018/06/16 11:11:57.766 [INFO] Synchronising Scripted Web Service [u_itsmb_incident_n]
2018/06/16 11:11:59.906 [DETAIL] --Check Import WS Started--
   WS Name: u_itsmb_incident_n
   Target Table: incident
   Scope: global
   Run Business Rules: false
   include fields from tables: incident,task
--created ws import set: u_itsmb_incident_n [incident]--
--synchronise ws fields with target complete--
--transform map updated: u_itsmb_incident_n
   transform field mapping exists: parent -> parent
   transform field mapping exists: caused_by -> caused_by
   transform field mapping exists: watch_list -> watch_list
   skip system field: template_import_log
   transform field mapping exists: upon_reject -> upon_reject
   skip system field: target_scope
   skip system field: sys_updated_on
   transform field mapping exists: approval_history -> approval_history
   transform field mapping exists: number -> number
   transform field mapping exists: state -> state
   skip system field: sys_created_by
   transform field mapping exists: order -> order
   transform field mapping exists: knowledge -> knowledge
   skip system field: sys_import_row
   transform field mapping exists: delivery_plan -> delivery_plan
   transform field mapping exists: cmdb_ci -> cmdb_ci
   transform field mapping exists: impact -> impact
   transform field mapping exists: active -> active
   transform field mapping exists: work_notes_list -> work_notes_list
   transform field mapping exists: priority -> priority
   transform field mapping exists: rejection_goto -> rejection_goto
   transform field mapping exists: group_list -> group_list
   transform field mapping exists: business_duration -> business_duration
   transform field mapping exists: approval_set -> approval_set
   transform field mapping exists: wf_activity -> wf_activity
   transform field mapping exists: short_description -> short_description
   transform field mapping exists: work_start -> work_start
   skip system field: target_mod_count
   transform field mapping exists: delivery_task -> delivery_task
   transform field mapping exists: correlation_display -> correlation_display
   skip system field: batch_id
   skip system field: sys_import_state_comment
   transform field mapping exists: additional_assignee_list -> additional_assignee_list
   skip system field: target_domain
   transform field mapping exists: notify -> notify
   skip system field: sys_class_name
   transform field mapping exists: closed_by -> closed_by
   transform field mapping exists: follow_up -> follow_up
   transform field mapping exists: parent_incident -> parent_incident
   transform field mapping exists: reopened_by -> reopened_by
   transform field mapping exists: reassignment_count -> reassignment_count
   transform field mapping exists: assigned_to -> assigned_to
   transform field mapping exists: variables -> variables
   skip system field: sys_target_table
   transform field mapping exists: sla_due -> sla_due
   transform field mapping exists: comments_and_work_notes -> comments_and_work_notes
   skip system field: sys_import_state
   transform field mapping exists: escalation -> escalation
   transform field mapping exists: upon_approval -> upon_approval
   transform field mapping exists: correlation_id -> correlation_id
   skip system field: source_id
   transform field mapping exists: made_sla -> made_sla
   transform field mapping exists: child_incidents -> child_incidents
   skip system field: target_class_name
   transform field mapping exists: hold_reason -> hold_reason
   skip system field: sys_target_sys_id
   transform field mapping exists: resolved_by -> resolved_by
   skip system field: sys_updated_by
   transform field mapping exists: user_input -> user_input
   transform field mapping exists: opened_by -> opened_by
   skip system field: sys_created_on
   skip system field: sys_import_set
   skip system field: target_created_by
   skip system field: target_sys_id
   transform field mapping exists: calendar_stc -> calendar_stc
   skip system field: sys_row_error
   transform field mapping exists: closed_at -> closed_at
   skip system field: target_domain_path
   transform field mapping exists: business_service -> business_service
   skip system field: import_set_run
   transform field mapping exists: rfc -> rfc
   transform field mapping exists: time_worked -> time_worked
   transform field mapping exists: expected_start -> expected_start
   transform field mapping exists: opened_at -> opened_at
   transform field mapping exists: work_end -> work_end
   transform field mapping exists: caller_id -> caller_id
   transform field mapping exists: resolved_at -> resolved_at
   transform field mapping exists: reopened_time -> reopened_time
   transform field mapping exists: work_notes -> work_notes
   transform field mapping exists: subcategory -> subcategory
   transform field mapping exists: close_code -> close_code
   transform field mapping exists: assignment_group -> assignment_group
   transform field mapping exists: business_stc -> business_stc
   transform field mapping exists: description -> description
   transform field mapping exists: calendar_duration -> calendar_duration
   transform field mapping exists: close_notes -> close_notes
   transform field mapping exists: contact_type -> contact_type
   transform field mapping exists: incident_state -> incident_state
   transform field mapping exists: urgency -> urgency
   transform field mapping exists: problem_id -> problem_id
   skip system field: sys_transform_map
   transform field mapping exists: company -> company
   transform field mapping exists: activity_due -> activity_due
   transform field mapping exists: severity -> severity
   transform field mapping exists: comments -> comments
   skip system field: target_created_on
   transform field mapping exists: approval -> approval
   transform field mapping exists: due_date -> due_date
   skip system field: sys_mod_count
   transform field mapping exists: reopen_count -> reopen_count
   skip virtual field: sys_tags
   transform field mapping exists: location -> location
   transform field mapping exists: category -> category
   transform field mapping exists: target_domain -> sys_domain
   transform field mapping exists: target_class_name -> sys_class_name
   transform field mapping exists: target_mod_count -> sys_mod_count
   transform field mapping exists: target_created_by -> sys_created_by
   transform field mapping exists: target_created_on -> sys_created_on
coalece field exists
--synchronise transform map complete--
--Check Import Set WS and Transform Map Completed--

2018/06/16 11:11:59.906 [INFO] Scripted Web Service is Synchronised [u_itsmb_incident_n]
2018/06/16 11:12:00.390 [INFO] Initialisation 9 of 12 [Incident Related Problem] Completed
2018/06/16 11:12:00.402 [DETAIL] Create Remedy Qualification: 'Last Modified Date' > "1/1/2018 1:00:00 AM" AND (1 = 1 AND 'Company' = "Calbro Services" OR 1 = 0)
2018/06/16 11:12:00.408 [DETAIL] Add Project Variable [name [STRING]]
2018/06/16 11:12:00.408 [DETAIL] Create SNow Lookup Query: name#!#name#!#
2018/06/16 11:12:00.410 [DETAIL] Add Project Variable [Assignee Login [STRING]]
2018/06/16 11:12:00.413 [DETAIL] Create Remedy Lookup Query: 'Remedy Login ID' = ""
2018/06/16 11:12:00.414 [DETAIL] Add Project Variable [Assignee [STRING]]
2018/06/16 11:12:00.415 [DETAIL] Create SNow Lookup Query: name#!#Assignee#!#^email#!#!Assignee Email!#!#
2018/06/16 11:12:00.416 [DETAIL] Add Project Variable [Known Error ID [STRING]]
2018/06/16 11:12:00.418 [DETAIL] Create Remedy Lookup Query: 'Known Error ID' = ""
2018/06/16 11:12:00.418 [DETAIL] Add Project Variable [Company [STRING]]
2018/06/16 11:12:00.418 [DETAIL] Create SNow Lookup Query: name#!#Company#!#
2018/06/16 11:12:00.419 [DETAIL] Add Project Variable [Site [STRING]]
2018/06/16 11:12:00.419 [DETAIL] Add Project Variable [Company [STRING]]
2018/06/16 11:12:00.430 [DETAIL] Create SNow Lookup Query: company#!#Company#!#^name#!#Site#!#
2018/06/16 11:12:00.432 [INFO] Synchronising Scripted Web Service [u_itsmb_problem_n]
2018/06/16 11:12:02.348 [DETAIL] --Check Import WS Started--
   WS Name: u_itsmb_problem_n
   Target Table: problem
   Scope: global
   Run Business Rules: false
   include fields from tables: problem,task
--created ws import set: u_itsmb_problem_n [problem]--
--synchronise ws fields with target complete--
--transform map updated: u_itsmb_problem_n
   transform field mapping exists: parent -> parent
   transform field mapping exists: made_sla -> made_sla
   transform field mapping exists: watch_list -> watch_list
   skip system field: template_import_log
   transform field mapping exists: upon_reject -> upon_reject
   skip system field: target_scope
   skip system field: sys_updated_on
   skip system field: target_class_name
   transform field mapping exists: approval_history -> approval_history
   skip system field: sys_target_sys_id
   transform field mapping exists: number -> number
   skip system field: sys_updated_by
   transform field mapping exists: work_around -> work_around
   transform field mapping exists: user_input -> user_input
   transform field mapping exists: opened_by -> opened_by
   skip system field: sys_created_on
   skip system field: sys_import_set
   transform field mapping exists: state -> state
   skip system field: target_created_by
   skip system field: target_sys_id
   skip system field: sys_created_by
   transform field mapping exists: order -> order
   transform field mapping exists: knowledge -> knowledge
   skip system field: sys_import_row
   transform field mapping exists: major_problem -> major_problem
   skip system field: sys_row_error
   transform field mapping exists: closed_at -> closed_at
   transform field mapping exists: cmdb_ci -> cmdb_ci
   transform field mapping exists: delivery_plan -> delivery_plan
   skip system field: target_domain_path
   transform field mapping exists: impact -> impact
   transform field mapping exists: active -> active
   transform field mapping exists: work_notes_list -> work_notes_list
   transform field mapping exists: business_service -> business_service
   skip system field: import_set_run
   transform field mapping exists: priority -> priority
   transform field mapping exists: time_worked -> time_worked
   transform field mapping exists: rfc -> rfc
   transform field mapping exists: expected_start -> expected_start
   transform field mapping exists: rejection_goto -> rejection_goto
   transform field mapping exists: opened_at -> opened_at
   transform field mapping exists: business_duration -> business_duration
   transform field mapping exists: group_list -> group_list
   transform field mapping exists: work_end -> work_end
   transform field mapping exists: approval_set -> approval_set
   transform field mapping exists: work_notes -> work_notes
   transform field mapping exists: wf_activity -> wf_activity
   transform field mapping exists: short_description -> short_description
   transform field mapping exists: work_start -> work_start
   transform field mapping exists: delivery_task -> delivery_task
   skip system field: target_mod_count
   transform field mapping exists: correlation_display -> correlation_display
   transform field mapping exists: assignment_group -> assignment_group
   skip system field: batch_id
   skip system field: sys_import_state_comment
   transform field mapping exists: known_error -> known_error
   transform field mapping exists: additional_assignee_list -> additional_assignee_list
   transform field mapping exists: description -> description
   transform field mapping exists: calendar_duration -> calendar_duration
   skip system field: target_domain
   transform field mapping exists: close_notes -> close_notes
   skip system field: sys_class_name
   transform field mapping exists: closed_by -> closed_by
   transform field mapping exists: follow_up -> follow_up
   transform field mapping exists: contact_type -> contact_type
   transform field mapping exists: urgency -> urgency
   skip system field: sys_transform_map
   transform field mapping exists: company -> company
   transform field mapping exists: reassignment_count -> reassignment_count
   transform field mapping exists: related_incidents -> related_incidents
   transform field mapping exists: activity_due -> activity_due
   transform field mapping exists: assigned_to -> assigned_to
   transform field mapping exists: review_outcome -> review_outcome
   transform field mapping exists: variables -> variables
   transform field mapping exists: comments -> comments
   skip system field: sys_target_table
   skip system field: target_created_on
   transform field mapping exists: sla_due -> sla_due
   transform field mapping exists: approval -> approval
   transform field mapping exists: problem_state -> problem_state
   transform field mapping exists: due_date -> due_date
   transform field mapping exists: comments_and_work_notes -> comments_and_work_notes
   skip system field: sys_mod_count
   skip virtual field: sys_tags
   skip system field: sys_import_state
   transform field mapping exists: escalation -> escalation
   transform field mapping exists: upon_approval -> upon_approval
   transform field mapping exists: correlation_id -> correlation_id
   transform field mapping exists: location -> location
   skip system field: source_id
   transform field mapping exists: target_domain -> sys_domain
   transform field mapping exists: target_class_name -> sys_class_name
   transform field mapping exists: target_mod_count -> sys_mod_count
   transform field mapping exists: target_created_by -> sys_created_by
   transform field mapping exists: target_created_on -> sys_created_on
coalece field exists
--synchronise transform map complete--
--Check Import Set WS and Transform Map Completed--

2018/06/16 11:12:02.348 [INFO] Scripted Web Service is Synchronised [u_itsmb_problem_n]
2018/06/16 11:12:02.840 [INFO] Initialisation 10 of 12 [Known Errors] Completed
2018/06/16 11:12:02.854 [DETAIL] Create Remedy Qualification: 'RootRequestFormName' = "PBM:Known Error"
2018/06/16 11:12:02.890 [DETAIL] Add Project Variable [name [STRING]]
2018/06/16 11:12:02.891 [DETAIL] Create SNow Lookup Query: name#!#name#!#
2018/06/16 11:12:02.891 [DETAIL] Add Project Variable [Task ID [STRING]]
2018/06/16 11:12:02.893 [DETAIL] Create Remedy Lookup Query: 'TaskOrTaskGroupID' = ""
2018/06/16 11:12:02.894 [DETAIL] Add Project Variable [RootRequestID [STRING]]
2018/06/16 11:12:02.894 [DETAIL] Create SNow Lookup Query: number#!#RootRequestID#!#
2018/06/16 11:12:02.894 [DETAIL] Add Project Variable [Company [STRING]]
2018/06/16 11:12:02.894 [DETAIL] Create SNow Lookup Query: name#!#Company#!#
2018/06/16 11:12:02.895 [DETAIL] Add Project Variable [Site [STRING]]
2018/06/16 11:12:02.895 [DETAIL] Add Project Variable [Company [STRING]]
2018/06/16 11:12:02.895 [DETAIL] Create SNow Lookup Query: company#!#Company#!#^name#!#Site#!#
2018/06/16 11:12:02.895 [DETAIL] Add Project Variable [name [STRING]]
2018/06/16 11:12:02.895 [DETAIL] Add Project Variable [email [STRING]]
2018/06/16 11:12:02.895 [DETAIL] Create SNow Lookup Query: name#!#name#!#^email#!#email#!#
2018/06/16 11:12:02.896 [INFO] Synchronising Scripted Web Service [u_itsmb_problem_task_n]
2018/06/16 11:12:04.647 [DETAIL] --Check Import WS Started--
   WS Name: u_itsmb_problem_task_n
   Target Table: problem_task
   Scope: global
   Run Business Rules: false
   include fields from tables: problem_task,task
--created ws import set: u_itsmb_problem_task_n [problem_task]--
--synchronise ws fields with target complete--
--transform map updated: u_itsmb_problem_task_n
   transform field mapping exists: parent -> parent
   transform field mapping exists: made_sla -> made_sla
   transform field mapping exists: watch_list -> watch_list
   skip system field: template_import_log
   skip system field: target_scope
   transform field mapping exists: upon_reject -> upon_reject
   skip system field: sys_updated_on
   skip system field: target_class_name
   transform field mapping exists: approval_history -> approval_history
   skip system field: sys_target_sys_id
   transform field mapping exists: number -> number
   transform field mapping exists: problem -> problem
   skip system field: sys_updated_by
   transform field mapping exists: user_input -> user_input
   transform field mapping exists: opened_by -> opened_by
   skip system field: sys_created_on
   skip system field: sys_import_set
   transform field mapping exists: state -> state
   skip system field: target_sys_id
   skip system field: target_created_by
   skip system field: sys_created_by
   transform field mapping exists: knowledge -> knowledge
   transform field mapping exists: order -> order
   skip system field: sys_import_row
   skip system field: sys_row_error
   transform field mapping exists: closed_at -> closed_at
   transform field mapping exists: cmdb_ci -> cmdb_ci
   transform field mapping exists: delivery_plan -> delivery_plan
   skip system field: target_domain_path
   transform field mapping exists: impact -> impact
   transform field mapping exists: active -> active
   transform field mapping exists: work_notes_list -> work_notes_list
   transform field mapping exists: business_service -> business_service
   skip system field: import_set_run
   transform field mapping exists: priority -> priority
   transform field mapping exists: time_worked -> time_worked
   transform field mapping exists: expected_start -> expected_start
   transform field mapping exists: rejection_goto -> rejection_goto
   transform field mapping exists: opened_at -> opened_at
   transform field mapping exists: group_list -> group_list
   transform field mapping exists: business_duration -> business_duration
   transform field mapping exists: work_end -> work_end
   transform field mapping exists: approval_set -> approval_set
   transform field mapping exists: work_notes -> work_notes
   transform field mapping exists: wf_activity -> wf_activity
   transform field mapping exists: short_description -> short_description
   transform field mapping exists: work_start -> work_start
   skip system field: target_mod_count
   transform field mapping exists: correlation_display -> correlation_display
   transform field mapping exists: delivery_task -> delivery_task
   transform field mapping exists: assignment_group -> assignment_group
   skip system field: batch_id
   skip system field: sys_import_state_comment
   transform field mapping exists: additional_assignee_list -> additional_assignee_list
   transform field mapping exists: description -> description
   transform field mapping exists: calendar_duration -> calendar_duration
   skip system field: target_domain
   transform field mapping exists: close_notes -> close_notes
   skip system field: sys_class_name
   transform field mapping exists: follow_up -> follow_up
   transform field mapping exists: closed_by -> closed_by
   transform field mapping exists: contact_type -> contact_type
   transform field mapping exists: urgency -> urgency
   skip system field: sys_transform_map
   transform field mapping exists: company -> company
   transform field mapping exists: reassignment_count -> reassignment_count
   transform field mapping exists: activity_due -> activity_due
   transform field mapping exists: assigned_to -> assigned_to
   transform field mapping exists: variables -> variables
   transform field mapping exists: comments -> comments
   skip system field: sys_target_table
   skip system field: target_created_on
   transform field mapping exists: approval -> approval
   transform field mapping exists: sla_due -> sla_due
   transform field mapping exists: due_date -> due_date
   transform field mapping exists: comments_and_work_notes -> comments_and_work_notes
   skip system field: sys_mod_count
   skip virtual field: sys_tags
   skip system field: sys_import_state
   transform field mapping exists: escalation -> escalation
   transform field mapping exists: upon_approval -> upon_approval
   transform field mapping exists: correlation_id -> correlation_id
   transform field mapping exists: location -> location
   skip system field: source_id
   transform field mapping exists: target_domain -> sys_domain
   transform field mapping exists: target_class_name -> sys_class_name
   transform field mapping exists: target_mod_count -> sys_mod_count
   transform field mapping exists: target_created_by -> sys_created_by
   transform field mapping exists: target_created_on -> sys_created_on
coalece field exists
--synchronise transform map complete--
--Check Import Set WS and Transform Map Completed--

2018/06/16 11:12:04.647 [INFO] Scripted Web Service is Synchronised [u_itsmb_problem_task_n]
2018/06/16 11:12:05.124 [INFO] Initialisation 11 of 12 [Known Error Tasks] Completed
2018/06/16 11:12:05.128 [DETAIL] Create Remedy Qualification: 'Form Name01' = "PBM:Known Error" AND 'Form Name02' = "HPD:Help Desk"
2018/06/16 11:12:05.160 [DETAIL] Add Project Variable [Request ID01 [STRING]]
2018/06/16 11:12:05.160 [DETAIL] Create SNow Lookup Query: number#!#Request ID01#!#
2018/06/16 11:12:05.161 [INFO] Synchronising Scripted Web Service [u_itsmb_incident_n]
2018/06/16 11:12:07.397 [DETAIL] --Check Import WS Started--
   WS Name: u_itsmb_incident_n
   Target Table: incident
   Scope: global
   Run Business Rules: false
   include fields from tables: incident,task
--created ws import set: u_itsmb_incident_n [incident]--
--synchronise ws fields with target complete--
--transform map updated: u_itsmb_incident_n
   transform field mapping exists: parent -> parent
   transform field mapping exists: caused_by -> caused_by
   transform field mapping exists: watch_list -> watch_list
   skip system field: template_import_log
   transform field mapping exists: upon_reject -> upon_reject
   skip system field: target_scope
   skip system field: sys_updated_on
   transform field mapping exists: approval_history -> approval_history
   transform field mapping exists: number -> number
   transform field mapping exists: state -> state
   skip system field: sys_created_by
   transform field mapping exists: order -> order
   transform field mapping exists: knowledge -> knowledge
   skip system field: sys_import_row
   transform field mapping exists: delivery_plan -> delivery_plan
   transform field mapping exists: cmdb_ci -> cmdb_ci
   transform field mapping exists: impact -> impact
   transform field mapping exists: active -> active
   transform field mapping exists: work_notes_list -> work_notes_list
   transform field mapping exists: priority -> priority
   transform field mapping exists: rejection_goto -> rejection_goto
   transform field mapping exists: group_list -> group_list
   transform field mapping exists: business_duration -> business_duration
   transform field mapping exists: approval_set -> approval_set
   transform field mapping exists: wf_activity -> wf_activity
   transform field mapping exists: short_description -> short_description
   transform field mapping exists: work_start -> work_start
   skip system field: target_mod_count
   transform field mapping exists: delivery_task -> delivery_task
   transform field mapping exists: correlation_display -> correlation_display
   skip system field: batch_id
   skip system field: sys_import_state_comment
   transform field mapping exists: additional_assignee_list -> additional_assignee_list
   skip system field: target_domain
   transform field mapping exists: notify -> notify
   skip system field: sys_class_name
   transform field mapping exists: closed_by -> closed_by
   transform field mapping exists: follow_up -> follow_up
   transform field mapping exists: parent_incident -> parent_incident
   transform field mapping exists: reopened_by -> reopened_by
   transform field mapping exists: reassignment_count -> reassignment_count
   transform field mapping exists: assigned_to -> assigned_to
   transform field mapping exists: variables -> variables
   skip system field: sys_target_table
   transform field mapping exists: sla_due -> sla_due
   transform field mapping exists: comments_and_work_notes -> comments_and_work_notes
   skip system field: sys_import_state
   transform field mapping exists: escalation -> escalation
   transform field mapping exists: upon_approval -> upon_approval
   transform field mapping exists: correlation_id -> correlation_id
   skip system field: source_id
   transform field mapping exists: made_sla -> made_sla
   transform field mapping exists: child_incidents -> child_incidents
   skip system field: target_class_name
   transform field mapping exists: hold_reason -> hold_reason
   skip system field: sys_target_sys_id
   transform field mapping exists: resolved_by -> resolved_by
   skip system field: sys_updated_by
   transform field mapping exists: user_input -> user_input
   transform field mapping exists: opened_by -> opened_by
   skip system field: sys_created_on
   skip system field: sys_import_set
   skip system field: target_created_by
   skip system field: target_sys_id
   transform field mapping exists: calendar_stc -> calendar_stc
   skip system field: sys_row_error
   transform field mapping exists: closed_at -> closed_at
   skip system field: target_domain_path
   transform field mapping exists: business_service -> business_service
   skip system field: import_set_run
   transform field mapping exists: rfc -> rfc
   transform field mapping exists: time_worked -> time_worked
   transform field mapping exists: expected_start -> expected_start
   transform field mapping exists: opened_at -> opened_at
   transform field mapping exists: work_end -> work_end
   transform field mapping exists: caller_id -> caller_id
   transform field mapping exists: resolved_at -> resolved_at
   transform field mapping exists: reopened_time -> reopened_time
   transform field mapping exists: work_notes -> work_notes
   transform field mapping exists: subcategory -> subcategory
   transform field mapping exists: close_code -> close_code
   transform field mapping exists: assignment_group -> assignment_group
   transform field mapping exists: business_stc -> business_stc
   transform field mapping exists: description -> description
   transform field mapping exists: calendar_duration -> calendar_duration
   transform field mapping exists: close_notes -> close_notes
   transform field mapping exists: contact_type -> contact_type
   transform field mapping exists: incident_state -> incident_state
   transform field mapping exists: urgency -> urgency
   transform field mapping exists: problem_id -> problem_id
   skip system field: sys_transform_map
   transform field mapping exists: company -> company
   transform field mapping exists: activity_due -> activity_due
   transform field mapping exists: severity -> severity
   transform field mapping exists: comments -> comments
   skip system field: target_created_on
   transform field mapping exists: approval -> approval
   transform field mapping exists: due_date -> due_date
   skip system field: sys_mod_count
   transform field mapping exists: reopen_count -> reopen_count
   skip virtual field: sys_tags
   transform field mapping exists: location -> location
   transform field mapping exists: category -> category
   transform field mapping exists: target_domain -> sys_domain
   transform field mapping exists: target_class_name -> sys_class_name
   transform field mapping exists: target_mod_count -> sys_mod_count
   transform field mapping exists: target_created_by -> sys_created_by
   transform field mapping exists: target_created_on -> sys_created_on
coalece field exists
--synchronise transform map complete--
--Check Import Set WS and Transform Map Completed--

2018/06/16 11:12:07.397 [INFO] Scripted Web Service is Synchronised [u_itsmb_incident_n]
2018/06/16 11:12:07.889 [INFO] Initialisation 12 of 12 [Incident Related Known Error] Completed
2018/06/16 11:12:07.889 [INFO] ### Initialisation Step Complete
2018/06/16 11:12:07.890 [INFO] [User Reference] Key Mapping Cache CTM:People -> User [sys_user] Ready.
2018/06/16 11:12:07.893 [INFO] [Group Reference] Key Mapping Cache CTM:Support Group -> Group [sys_user_group] Ready.
2018/06/16 11:12:07.897 [INFO] [Location Reference] Key Mapping Cache SIT:Site -> Location [cmn_location] Ready.
2018/06/16 11:12:07.900 [INFO] [Incident] Key Mapping Cache HPD:Help Desk -> Incident Ready.
2018/06/16 11:12:07.900 [INFO] [Incident] Migration in progress.
2018/06/16 11:12:07.900 [DETAIL] [Incident Chunk 0] Data Retrieve Started...
2018/06/16 11:12:07.909 [DETAIL] [Incident Chunk 0] Data Transform Started...
2018/06/16 11:12:07.911 [DETAIL] Add Project Variable [number [STRING]]
2018/06/16 11:12:07.911 [DETAIL] Create SNow Lookup Query: number#!#number#!#
2018/06/16 11:12:07.959 [DETAIL] Lookup Batch Retrieve-Start
2018/06/16 11:12:07.959 [DETAIL] [src=SGP000000000009] SNow Qual: name=Backoffice Support
2018/06/16 11:12:07.959 [DETAIL] [src=SGP000000000011] SNow Qual: name=Service Desk
2018/06/16 11:12:08.400 [DETAIL] Lookup Batch Retrieve-End
2018/06/16 11:12:08.401 [DETAIL] Lookup Batch Retrieve-Start
2018/06/16 11:12:08.433 [DETAIL] Lookup Batch Retrieve-End
2018/06/16 11:12:08.433 [DETAIL] Lookup Batch Retrieve-Start
2018/06/16 11:12:08.433 [DETAIL] [src=null] SNow Qual: nameISEMPTY^emailISEMPTY
2018/06/16 11:12:08.433 [DETAIL] [src=null] SNow Qual: name=Francie Stafford^email=F.Stafford@calbroservices.com
2018/06/16 11:12:08.880 [DETAIL] Lookup Batch Retrieve-End
2018/06/16 11:12:08.880 [DETAIL] Lookup Batch Retrieve-Start
2018/06/16 11:12:08.896 [DETAIL] Lookup Batch Retrieve-End
2018/06/16 11:12:08.916 [DETAIL] Lookup Batch Retrieve-Start
2018/06/16 11:12:08.916 [DETAIL] [src=PPL000000000013] SNow Qual: name=Allen Allbrook^email=A.Allbrook@calbroservices.com
2018/06/16 11:12:08.916 [DETAIL] [src=PPL000000000022] SNow Qual: name=Joe Unser^email=J.Unser@calbroservices.com
2018/06/16 11:12:09.362 [DETAIL] Lookup Batch Retrieve-End
2018/06/16 11:12:09.363 [DETAIL] Lookup Batch Retrieve-Start
2018/06/16 11:12:09.363 [DETAIL] [src=null] SNow Qual: name=Calbro Services
2018/06/16 11:12:09.363 [DETAIL] [src=null] SNow Qual: name=Calbro Services
2018/06/16 11:12:09.800 [DETAIL] Lookup Batch Retrieve-End
2018/06/16 11:12:09.811 [DETAIL] Lookup Batch Retrieve-Start
2018/06/16 11:12:09.811 [DETAIL] [src=STE_SOLN0002846] SNow Qual: name=Headquarters, Building 1.31^country=United States^city=New York
2018/06/16 11:12:09.811 [DETAIL] [src=STE_SOLN0002846] SNow Qual: name=Headquarters, Building 1.31^country=United States^city=New York
2018/06/16 11:12:10.249 [DETAIL] Lookup Batch Retrieve-End
2018/06/16 11:12:10.250 [DETAIL] Lookup Batch Retrieve-Start
2018/06/16 11:12:10.250 [DETAIL] [src=INC000000000103] SNow Qual: number=INC000000000002
2018/06/16 11:12:10.250 [DETAIL] [src=INC000000000024] SNow Qual: number=INC_CAL_1000022
2018/06/16 11:12:10.754 [DETAIL] Lookup Batch Retrieve-End
2018/06/16 11:12:10.754 [DETAIL] [Incident Chunk 0] Data Update Started...
2018/06/16 11:12:10.754 [DETAIL] Batch Insert of 2 Entries Started
2018/06/16 11:12:11.744 [DETAIL] Update entry complete [src=INC000000000103 tgt=]
2018/06/16 11:12:11.744 [DETAIL] Update entry complete [src=INC000000000024 tgt=]
2018/06/16 11:12:11.745 [DETAIL] [Incident Chunk 0] Attachment Migration Started...
2018/06/16 11:12:11.745 [DETAIL] Source Attachment Info Loaded [0]
2018/06/16 11:12:11.745 [DETAIL] Attachment Target Check Complete [new=0 updates=0 duplicates=0]
2018/06/16 11:12:11.745 [DETAIL] Attachment Processing Queue Counts:- SRC: 0 TGTCHK: 0 GETDATA: 0 MIG: 0 DEL: 0
2018/06/16 11:12:11.746 [INFO] Migration Completed 
2018/06/16 11:12:11.746 [INFO] Summary...  Created:0 Updated:2 Skipped:0 Errors:0 [Warnings 0]
2018/06/16 11:12:11.752 [INFO] [Incident Task] Key Mapping Cache TMS:Task -> Incident Task Ready.
2018/06/16 11:12:11.752 [INFO] [Incident Task] Migration in progress.
2018/06/16 11:12:11.752 [DETAIL] [Incident Task Chunk 0] Data Retrieve Started...
2018/06/16 11:12:11.752 [DETAIL] Create Inclusion Query: [Operation=1,Operand Left=[Operation=4,Operand Left=[Operation=1,Operand Left=[Operand Type=[type=1],Operand=10000005],Operand Right=[Operand Type=[type=2],Operand=HPD:Help Desk]],Operand Right=<null>],Operand Right=[Operation=2,Operand Left=[Operation=4,Operand Left=[Operation=1,Operand Left=[Operand Type=[type=1],Operand=10000006],Operand Right=[Operand Type=[type=2],Operand=INC000000000002]],Operand Right=<null>],Operand Right=[Operation=4,Operand Left=[Operation=1,Operand Left=[Operand Type=[type=1],Operand=10000006],Operand Right=[Operand Type=[type=2],Operand=INC_CAL_1000022]],Operand Right=<null>]]]
2018/06/16 11:12:11.790 [DETAIL] [Incident Task Chunk 0] Data Transform Started...
2018/06/16 11:12:11.790 [DETAIL] [Incident Task Chunk 0] Data Update Started...
2018/06/16 11:12:11.790 [INFO] Migration Completed 
2018/06/16 11:12:11.790 [INFO] Summary...  Created:0 Updated:0 Skipped:0 Errors:0 [Warnings 0]
2018/06/16 11:12:11.792 [INFO] [Child Incidents] Key Mapping Cache HPD:Associations -> Incident Ready.
2018/06/16 11:12:11.792 [INFO] [Child Incidents] Migration in progress.
2018/06/16 11:12:11.792 [DETAIL] [Child Incidents Chunk 0] Data Retrieve Started...
2018/06/16 11:12:11.793 [DETAIL] Create Inclusion Query: [Operation=1,Operand Left=[Operation=1,Operand Left=[Operation=4,Operand Left=[Operation=1,Operand Left=[Operand Type=[type=1],Operand=1000000101],Operand Right=[Operand Type=[type=2],Operand=HPD:Help Desk]],Operand Right=<null>],Operand Right=[Operation=1,Operand Left=[Operation=4,Operand Left=[Operation=1,Operand Left=[Operand Type=[type=1],Operand=1000000203],Operand Right=[Operand Type=[type=2],Operand=HPD:Help Desk]],Operand Right=<null>],Operand Right=[Operation=4,Operand Left=[Operation=4,Operand Left=[Operand Type=[type=1],Operand=1000000205],Operand Right=[Operand Type=[type=1],Operand=1000000204]],Operand Right=<null>]]],Operand Right=[Operation=2,Operand Left=[Operation=4,Operand Left=[Operation=1,Operand Left=[Operand Type=[type=1],Operand=1000000205],Operand Right=[Operand Type=[type=2],Operand=INC000000000002]],Operand Right=<null>],Operand Right=[Operation=4,Operand Left=[Operation=1,Operand Left=[Operand Type=[type=1],Operand=1000000205],Operand Right=[Operand Type=[type=2],Operand=INC_CAL_1000022]],Operand Right=<null>]]]
2018/06/16 11:12:11.809 [DETAIL] [Child Incidents Chunk 0] Data Transform Started...
2018/06/16 11:12:11.809 [DETAIL] [Child Incidents Chunk 0] Data Update Started...
2018/06/16 11:12:11.809 [INFO] Migration Completed 
2018/06/16 11:12:11.809 [INFO] Summary...  Created:0 Updated:0 Skipped:0 Errors:0 [Warnings 0]
2018/06/16 11:12:11.812 [INFO] [Problem] Key Mapping Cache PBM:Problem Investigation -> Problem Ready.
2018/06/16 11:12:11.812 [INFO] [Problem] Migration in progress.
2018/06/16 11:12:11.812 [DETAIL] [Problem Chunk 0] Data Retrieve Started...
2018/06/16 11:12:11.838 [DETAIL] [Problem Chunk 0] Data Transform Started...
2018/06/16 11:12:11.838 [DETAIL] [Problem Chunk 0] Data Update Started...
2018/06/16 11:12:11.838 [INFO] Migration Completed 
2018/06/16 11:12:11.839 [INFO] Summary...  Created:0 Updated:0 Skipped:0 Errors:0 [Warnings 0]
2018/06/16 11:12:11.841 [INFO] [Problem Task] Key Mapping Cache TMS:Task -> Problem Task Ready.
2018/06/16 11:12:11.841 [INFO] [Problem Task] Migration in progress.
2018/06/16 11:12:11.841 [DETAIL] [Problem Task Chunk 0] Data Retrieve Started...
2018/06/16 11:12:11.841 [DETAIL] [Problem Task Chunk 0] Data Transform Started...
2018/06/16 11:12:11.841 [DETAIL] [Problem Task Chunk 0] Data Update Started...
2018/06/16 11:12:11.841 [INFO] Migration Completed 
2018/06/16 11:12:11.841 [INFO] Summary...  Created:0 Updated:0 Skipped:0 Errors:0 [Warnings 0]
2018/06/16 11:12:11.842 [INFO] [Incident Related Problem] Key Mapping Cache HPD:Associations -> Incident Ready.
2018/06/16 11:12:11.842 [INFO] [Incident Related Problem] Migration in progress.
2018/06/16 11:12:11.842 [DETAIL] [Incident Related Problem Chunk 0] Data Retrieve Started...
2018/06/16 11:12:11.842 [DETAIL] Create Inclusion Query: [Operation=1,Operand Left=[Operation=1,Operand Left=[Operation=4,Operand Left=[Operation=1,Operand Left=[Operand Type=[type=1],Operand=1000000101],Operand Right=[Operand Type=[type=2],Operand=PBM:Problem Investigation]],Operand Right=<null>],Operand Right=[Operation=4,Operand Left=[Operation=1,Operand Left=[Operand Type=[type=1],Operand=1000000203],Operand Right=[Operand Type=[type=2],Operand=HPD:Help Desk]],Operand Right=<null>]],Operand Right=[Operation=2,Operand Left=[Operation=4,Operand Left=[Operation=1,Operand Left=[Operand Type=[type=1],Operand=1000000205],Operand Right=[Operand Type=[type=2],Operand=INC000000000002]],Operand Right=<null>],Operand Right=[Operation=4,Operand Left=[Operation=1,Operand Left=[Operand Type=[type=1],Operand=1000000205],Operand Right=[Operand Type=[type=2],Operand=INC_CAL_1000022]],Operand Right=<null>]]]
2018/06/16 11:12:11.850 [DETAIL] [Incident Related Problem Chunk 0] Data Transform Started...
2018/06/16 11:12:11.850 [DETAIL] Add Project Variable [number [STRING]]
2018/06/16 11:12:11.851 [DETAIL] Create SNow Lookup Query: number#!#number#!#
2018/06/16 11:12:11.851 [DETAIL] Lookup Batch Retrieve-Start
2018/06/16 11:12:11.851 [DETAIL] [src=null] SNow Qual: number=PBI_CAL_1000025
2018/06/16 11:12:12.295 [DETAIL] Lookup Batch Retrieve-End
2018/06/16 11:12:12.295 [DETAIL] Lookup Batch Retrieve-Start
2018/06/16 11:12:12.295 [DETAIL] [src=HAS000000000104] SNow Qual: number=INC_CAL_1000022
2018/06/16 11:12:12.786 [DETAIL] Lookup Batch Retrieve-End
2018/06/16 11:12:12.786 [DETAIL] [Incident Related Problem Chunk 0] Data Update Started...
2018/06/16 11:12:12.804 [INFO] Migration Completed 
2018/06/16 11:12:12.804 [INFO] Summary...  Created:0 Updated:0 Skipped:1 Errors:0 [Warnings 0]
2018/06/16 11:12:12.807 [INFO] [Known Errors] Key Mapping Cache PBM:Known Error -> Problem Ready.
2018/06/16 11:12:12.807 [INFO] [Known Errors] Migration in progress.
2018/06/16 11:12:12.807 [DETAIL] [Known Errors Chunk 0] Data Retrieve Started...
2018/06/16 11:12:12.836 [DETAIL] [Known Errors Chunk 0] Data Transform Started...
2018/06/16 11:12:12.836 [DETAIL] [Known Errors Chunk 0] Data Update Started...
2018/06/16 11:12:12.836 [INFO] Migration Completed 
2018/06/16 11:12:12.836 [INFO] Summary...  Created:0 Updated:0 Skipped:0 Errors:0 [Warnings 0]
2018/06/16 11:12:12.838 [INFO] [Known Error Tasks] Key Mapping Cache TMS:Task -> Problem Task Ready.
2018/06/16 11:12:12.838 [INFO] [Known Error Tasks] Migration in progress.
2018/06/16 11:12:12.838 [DETAIL] [Known Error Tasks Chunk 0] Data Retrieve Started...
2018/06/16 11:12:12.838 [DETAIL] [Known Error Tasks Chunk 0] Data Transform Started...
2018/06/16 11:12:12.838 [DETAIL] [Known Error Tasks Chunk 0] Data Update Started...
2018/06/16 11:12:12.838 [INFO] Migration Completed 
2018/06/16 11:12:12.838 [INFO] Summary...  Created:0 Updated:0 Skipped:0 Errors:0 [Warnings 0]
2018/06/16 11:12:12.839 [INFO] [Incident Related Known Error] Key Mapping Cache HPD:Associations -> Incident Ready.
2018/06/16 11:12:12.839 [INFO] [Incident Related Known Error] Migration in progress.
2018/06/16 11:12:12.839 [DETAIL] [Incident Related Known Error Chunk 0] Data Retrieve Started...
2018/06/16 11:12:12.840 [DETAIL] Create Inclusion Query: [Operation=1,Operand Left=[Operation=1,Operand Left=[Operation=4,Operand Left=[Operation=1,Operand Left=[Operand Type=[type=1],Operand=1000000101],Operand Right=[Operand Type=[type=2],Operand=PBM:Known Error]],Operand Right=<null>],Operand Right=[Operation=4,Operand Left=[Operation=1,Operand Left=[Operand Type=[type=1],Operand=1000000203],Operand Right=[Operand Type=[type=2],Operand=HPD:Help Desk]],Operand Right=<null>]],Operand Right=[Operation=2,Operand Left=[Operation=4,Operand Left=[Operation=1,Operand Left=[Operand Type=[type=1],Operand=1000000205],Operand Right=[Operand Type=[type=2],Operand=INC000000000002]],Operand Right=<null>],Operand Right=[Operation=4,Operand Left=[Operation=1,Operand Left=[Operand Type=[type=1],Operand=1000000205],Operand Right=[Operand Type=[type=2],Operand=INC_CAL_1000022]],Operand Right=<null>]]]
2018/06/16 11:12:12.858 [DETAIL] [Incident Related Known Error Chunk 0] Data Transform Started...
2018/06/16 11:12:12.858 [DETAIL] Add Project Variable [number [STRING]]
2018/06/16 11:12:12.858 [DETAIL] Create SNow Lookup Query: number#!#number#!#
2018/06/16 11:12:12.859 [DETAIL] Lookup Batch Retrieve-Start
2018/06/16 11:12:12.859 [DETAIL] [src=null] SNow Qual: number=PKE_CAL_1000002
2018/06/16 11:12:13.294 [DETAIL] Lookup Batch Retrieve-End
2018/06/16 11:12:13.294 [DETAIL] Lookup Batch Retrieve-Start
2018/06/16 11:12:13.294 [DETAIL] [src=HAS000000000105] SNow Qual: number=INC_CAL_1000022
2018/06/16 11:12:13.785 [DETAIL] Lookup Batch Retrieve-End
2018/06/16 11:12:13.785 [DETAIL] [Incident Related Known Error Chunk 0] Data Update Started...
2018/06/16 11:12:13.787 [INFO] Migration Completed 
2018/06/16 11:12:13.787 [INFO] Summary...  Created:0 Updated:0 Skipped:1 Errors:0 [Warnings 0]
2018/06/16 11:12:13.787 [DETAIL] Closing Execution Task...
2018/06/16 11:12:13.881 [INFO] Execution has completed [Execution ID=2018-06-16_11-11]
2018/06/16 11:12:13.881 [INFO] --END OF LOG--
