2018/06/16 12:19:28.781 [INFO] Log Level set to Detail
2018/06/16 12:19:28.781 [INFO] ITSM Bridge version 3.7.14
2018/06/16 12:19:28.781 [INFO] Execution of INC_PBM version 10
2018/06/16 12:19:28.781 [INFO] Set Variable Modified Since Date to value '2018-01-01 00:00:00'
2018/06/16 12:19:28.781 [INFO] Set Variable Single Company to value 'FALSE'
2018/06/16 12:19:28.781 [INFO] Set Variable Company to value 'Calbro Services'
2018/06/16 12:19:28.792 [INFO] Execution started... [Execution ID=2018-06-16_12-19]
2018/06/16 12:19:28.792 [INFO] Initialisation Step Started...
2018/06/16 12:19:28.793 [INFO] Source Server Connected
2018/06/16 12:19:33.546 [INFO] Target Server Connected
2018/06/16 12:19:34.024 [DETAIL] Remedy Cache Initialisation started...
2018/06/16 12:19:34.024 [DETAIL] Remedy Cache Initialisation complete
2018/06/16 12:19:34.024 [INFO] Source Server Cache Initialised
2018/06/16 12:19:34.024 [DETAIL] Service Now Cache Initialisation started...
2018/06/16 12:19:34.024 [DETAIL] Service Now Cache Initialisation complete
2018/06/16 12:19:34.024 [INFO] Target Server Cache Initialised
2018/06/16 12:19:34.024 [DETAIL] Top Level Project Validation Completed
2018/06/16 12:19:34.525 [INFO] Initialisation 1 of 12 [User Reference] Disabled [Key Mapping Cache Initialised]
2018/06/16 12:19:35.024 [INFO] Initialisation 2 of 12 [Group Reference] Disabled [Key Mapping Cache Initialised]
2018/06/16 12:19:35.522 [DETAIL] Create SNow Lookup Query: name#!#!Company Name!#!#
2018/06/16 12:19:35.523 [DETAIL] Add Project Variable [Site ID [STRING]]
2018/06/16 12:19:35.527 [DETAIL] Create Remedy Lookup Query: 'Site ID' = ""
2018/06/16 12:19:35.527 [INFO] Initialisation 3 of 12 [Location Reference] Disabled [Key Mapping Cache Initialised]
2018/06/16 12:19:35.530 [DETAIL] Create Remedy Qualification: 'Last Modified Date' > "1/1/2018 1:00:00 AM" AND (0 = 1 AND 'Contact Company' = "Calbro Services" OR 0 = 0)
2018/06/16 12:19:35.538 [DETAIL] Add Project Variable [name [STRING]]
2018/06/16 12:19:35.538 [DETAIL] Create SNow Lookup Query: name#!#name#!#
2018/06/16 12:19:35.538 [DETAIL] Add Project Variable [Assignee Login ID [STRING]]
2018/06/16 12:19:35.541 [DETAIL] Create Remedy Lookup Query: 'Remedy Login ID' = ""
2018/06/16 12:19:35.541 [DETAIL] Add Project Variable [Assignee [STRING]]
2018/06/16 12:19:35.541 [DETAIL] Create SNow Lookup Query: name#!#Assignee#!#^email#!#!Assignee Email!#!#
2018/06/16 12:19:35.542 [DETAIL] Add Project Variable [Incident Number [STRING]]
2018/06/16 12:19:35.544 [DETAIL] Create Remedy Lookup Query: 'Incident Number' = ""
2018/06/16 12:19:35.544 [DETAIL] Add Project Variable [name [STRING]]
2018/06/16 12:19:35.544 [DETAIL] Add Project Variable [email [STRING]]
2018/06/16 12:19:35.544 [DETAIL] Create SNow Lookup Query: name#!#name#!#^email#!#email#!#
2018/06/16 12:19:35.545 [DETAIL] Add Project Variable [Contact Company [STRING]]
2018/06/16 12:19:35.545 [DETAIL] Create SNow Lookup Query: name#!#Contact Company#!#
2018/06/16 12:19:35.545 [DETAIL] Add Project Variable [country [STRING]]
2018/06/16 12:19:35.545 [DETAIL] Add Project Variable [city [STRING]]
2018/06/16 12:19:35.545 [DETAIL] Add Project Variable [name [STRING]]
2018/06/16 12:19:35.545 [DETAIL] Create SNow Lookup Query: name#!#name#!#^country#!#country#!#^city#!#city#!#
2018/06/16 12:19:35.546 [INFO] Synchronising Scripted Web Service [u_itsmb_incident]
2018/06/16 12:19:37.644 [DETAIL] --Check Import WS Started--
   WS Name: u_itsmb_incident
   Target Table: incident
   Scope: global
   Run Business Rules: true
   include fields from tables: incident,task
--created ws import set: u_itsmb_incident [incident]--
--synchronise ws fields with target complete--
--transform map updated: u_itsmb_incident
   transform field mapping exists: parent -> parent
   transform field mapping exists: watch_list -> watch_list
   transform field mapping exists: caused_by -> caused_by
   skip system field: template_import_log
   skip system field: target_scope
   transform field mapping exists: upon_reject -> upon_reject
   skip system field: sys_updated_on
   transform field mapping exists: approval_history -> approval_history
   transform field mapping exists: number -> number
   transform field mapping exists: state -> state
   skip system field: sys_created_by
   transform field mapping exists: knowledge -> knowledge
   transform field mapping exists: order -> order
   skip system field: sys_import_row
   transform field mapping exists: cmdb_ci -> cmdb_ci
   transform field mapping exists: delivery_plan -> delivery_plan
   transform field mapping exists: impact -> impact
   transform field mapping exists: active -> active
   transform field mapping exists: work_notes_list -> work_notes_list
   transform field mapping exists: priority -> priority
   transform field mapping exists: rejection_goto -> rejection_goto
   transform field mapping exists: group_list -> group_list
   transform field mapping exists: business_duration -> business_duration
   transform field mapping exists: approval_set -> approval_set
   transform field mapping exists: wf_activity -> wf_activity
   transform field mapping exists: short_description -> short_description
   transform field mapping exists: work_start -> work_start
   transform field mapping exists: delivery_task -> delivery_task
   skip system field: target_mod_count
   transform field mapping exists: correlation_display -> correlation_display
   skip system field: batch_id
   skip system field: sys_import_state_comment
   transform field mapping exists: additional_assignee_list -> additional_assignee_list
   skip system field: target_domain
   transform field mapping exists: notify -> notify
   skip system field: sys_class_name
   transform field mapping exists: closed_by -> closed_by
   transform field mapping exists: follow_up -> follow_up
   transform field mapping exists: parent_incident -> parent_incident
   transform field mapping exists: reopened_by -> reopened_by
   transform field mapping exists: reassignment_count -> reassignment_count
   transform field mapping exists: assigned_to -> assigned_to
   transform field mapping exists: variables -> variables
   skip system field: sys_target_table
   transform field mapping exists: sla_due -> sla_due
   transform field mapping exists: comments_and_work_notes -> comments_and_work_notes
   skip system field: sys_import_state
   transform field mapping exists: upon_approval -> upon_approval
   transform field mapping exists: escalation -> escalation
   transform field mapping exists: correlation_id -> correlation_id
   skip system field: source_id
   transform field mapping exists: made_sla -> made_sla
   transform field mapping exists: child_incidents -> child_incidents
   skip system field: target_class_name
   transform field mapping exists: hold_reason -> hold_reason
   skip system field: sys_target_sys_id
   transform field mapping exists: resolved_by -> resolved_by
   skip system field: sys_updated_by
   transform field mapping exists: user_input -> user_input
   transform field mapping exists: opened_by -> opened_by
   skip system field: sys_created_on
   skip system field: sys_import_set
   skip system field: target_created_by
   skip system field: target_sys_id
   transform field mapping exists: calendar_stc -> calendar_stc
   skip system field: sys_row_error
   transform field mapping exists: closed_at -> closed_at
   skip system field: target_domain_path
   transform field mapping exists: business_service -> business_service
   skip system field: import_set_run
   transform field mapping exists: time_worked -> time_worked
   transform field mapping exists: rfc -> rfc
   transform field mapping exists: expected_start -> expected_start
   transform field mapping exists: opened_at -> opened_at
   transform field mapping exists: work_end -> work_end
   transform field mapping exists: resolved_at -> resolved_at
   transform field mapping exists: caller_id -> caller_id
   transform field mapping exists: reopened_time -> reopened_time
   transform field mapping exists: work_notes -> work_notes
   transform field mapping exists: subcategory -> subcategory
   transform field mapping exists: close_code -> close_code
   transform field mapping exists: assignment_group -> assignment_group
   transform field mapping exists: business_stc -> business_stc
   transform field mapping exists: description -> description
   transform field mapping exists: calendar_duration -> calendar_duration
   transform field mapping exists: close_notes -> close_notes
   transform field mapping exists: contact_type -> contact_type
   transform field mapping exists: incident_state -> incident_state
   transform field mapping exists: urgency -> urgency
   transform field mapping exists: problem_id -> problem_id
   skip system field: sys_transform_map
   transform field mapping exists: company -> company
   transform field mapping exists: activity_due -> activity_due
   transform field mapping exists: severity -> severity
   transform field mapping exists: comments -> comments
   skip system field: target_created_on
   transform field mapping exists: approval -> approval
   transform field mapping exists: due_date -> due_date
   skip system field: sys_mod_count
   transform field mapping exists: reopen_count -> reopen_count
   skip virtual field: sys_tags
   transform field mapping exists: location -> location
   transform field mapping exists: category -> category
   transform field mapping exists: target_domain -> sys_domain
   transform field mapping exists: target_class_name -> sys_class_name
   transform field mapping exists: target_mod_count -> sys_mod_count
   transform field mapping exists: target_created_by -> sys_created_by
   transform field mapping exists: target_created_on -> sys_created_on
coalece field exists
--synchronise transform map complete--
--Check Import Set WS and Transform Map Completed--

2018/06/16 12:19:37.644 [INFO] Scripted Web Service is Synchronised [u_itsmb_incident]
2018/06/16 12:19:38.148 [INFO] Initialisation 4 of 12 [Incident] Completed
2018/06/16 12:19:38.151 [DETAIL] Create Remedy Qualification: 'RootRequestFormName' = "HPD:Help Desk"
2018/06/16 12:19:38.175 [DETAIL] Add Project Variable [name [STRING]]
2018/06/16 12:19:38.175 [DETAIL] Create SNow Lookup Query: name#!#name#!#
2018/06/16 12:19:38.175 [DETAIL] Add Project Variable [Task ID [STRING]]
2018/06/16 12:19:38.192 [DETAIL] Create Remedy Lookup Query: 'TaskOrTaskGroupID' = ""
2018/06/16 12:19:38.192 [DETAIL] Add Project Variable [Company [STRING]]
2018/06/16 12:19:38.192 [DETAIL] Create SNow Lookup Query: name#!#Company#!#
2018/06/16 12:19:38.193 [DETAIL] Add Project Variable [Site [STRING]]
2018/06/16 12:19:38.193 [DETAIL] Add Project Variable [Company [STRING]]
2018/06/16 12:19:38.193 [DETAIL] Create SNow Lookup Query: company#!#Company#!#^name#!#Site#!#
2018/06/16 12:19:38.193 [DETAIL] Add Project Variable [RootRequestID [STRING]]
2018/06/16 12:19:38.193 [DETAIL] Create SNow Lookup Query: number#!#RootRequestID#!#
2018/06/16 12:19:38.194 [DETAIL] Add Project Variable [name [STRING]]
2018/06/16 12:19:38.194 [DETAIL] Add Project Variable [email [STRING]]
2018/06/16 12:19:38.194 [DETAIL] Create SNow Lookup Query: name#!#name#!#^email#!#email#!#
2018/06/16 12:19:38.195 [INFO] Synchronising Scripted Web Service [u_itsmb_incident_task_n]
2018/06/16 12:19:39.971 [DETAIL] --Check Import WS Started--
   WS Name: u_itsmb_incident_task_n
   Target Table: incident_task
   Scope: global
   Run Business Rules: false
   include fields from tables: incident_task,task
--created ws import set: u_itsmb_incident_task_n [incident_task]--
--synchronise ws fields with target complete--
--transform map updated: u_itsmb_incident_task_n
   transform field mapping exists: parent -> parent
   transform field mapping exists: made_sla -> made_sla
   transform field mapping exists: watch_list -> watch_list
   skip system field: template_import_log
   skip system field: target_scope
   transform field mapping exists: upon_reject -> upon_reject
   skip system field: sys_updated_on
   skip system field: target_class_name
   transform field mapping exists: approval_history -> approval_history
   skip system field: sys_target_sys_id
   transform field mapping exists: number -> number
   skip system field: sys_updated_by
   transform field mapping exists: user_input -> user_input
   transform field mapping exists: opened_by -> opened_by
   skip system field: sys_created_on
   skip system field: sys_import_set
   transform field mapping exists: state -> state
   skip system field: target_created_by
   skip system field: target_sys_id
   skip system field: sys_created_by
   transform field mapping exists: order -> order
   transform field mapping exists: knowledge -> knowledge
   skip system field: sys_import_row
   skip system field: sys_row_error
   transform field mapping exists: closed_at -> closed_at
   transform field mapping exists: delivery_plan -> delivery_plan
   transform field mapping exists: cmdb_ci -> cmdb_ci
   skip system field: target_domain_path
   transform field mapping exists: impact -> impact
   transform field mapping exists: work_notes_list -> work_notes_list
   transform field mapping exists: active -> active
   transform field mapping exists: business_service -> business_service
   skip system field: import_set_run
   transform field mapping exists: priority -> priority
   transform field mapping exists: time_worked -> time_worked
   transform field mapping exists: expected_start -> expected_start
   transform field mapping exists: rejection_goto -> rejection_goto
   transform field mapping exists: opened_at -> opened_at
   transform field mapping exists: business_duration -> business_duration
   transform field mapping exists: group_list -> group_list
   transform field mapping exists: work_end -> work_end
   transform field mapping exists: approval_set -> approval_set
   transform field mapping exists: work_notes -> work_notes
   transform field mapping exists: wf_activity -> wf_activity
   transform field mapping exists: short_description -> short_description
   skip system field: target_mod_count
   transform field mapping exists: work_start -> work_start
   transform field mapping exists: correlation_display -> correlation_display
   transform field mapping exists: delivery_task -> delivery_task
   transform field mapping exists: assignment_group -> assignment_group
   skip system field: batch_id
   skip system field: sys_import_state_comment
   transform field mapping exists: additional_assignee_list -> additional_assignee_list
   transform field mapping exists: description -> description
   transform field mapping exists: calendar_duration -> calendar_duration
   skip system field: target_domain
   transform field mapping exists: close_notes -> close_notes
   skip system field: sys_class_name
   transform field mapping exists: closed_by -> closed_by
   transform field mapping exists: follow_up -> follow_up
   transform field mapping exists: contact_type -> contact_type
   transform field mapping exists: urgency -> urgency
   skip system field: sys_transform_map
   transform field mapping exists: company -> company
   transform field mapping exists: reassignment_count -> reassignment_count
   transform field mapping exists: activity_due -> activity_due
   transform field mapping exists: assigned_to -> assigned_to
   transform field mapping exists: variables -> variables
   transform field mapping exists: comments -> comments
   skip system field: sys_target_table
   skip system field: target_created_on
   transform field mapping exists: approval -> approval
   transform field mapping exists: sla_due -> sla_due
   transform field mapping exists: due_date -> due_date
   transform field mapping exists: comments_and_work_notes -> comments_and_work_notes
   skip system field: sys_mod_count
   skip virtual field: sys_tags
   skip system field: sys_import_state
   transform field mapping exists: escalation -> escalation
   transform field mapping exists: upon_approval -> upon_approval
   transform field mapping exists: correlation_id -> correlation_id
   transform field mapping exists: location -> location
   skip system field: source_id
   transform field mapping exists: incident -> incident
   transform field mapping exists: target_domain -> sys_domain
   transform field mapping exists: target_class_name -> sys_class_name
   transform field mapping exists: target_mod_count -> sys_mod_count
   transform field mapping exists: target_created_by -> sys_created_by
   transform field mapping exists: target_created_on -> sys_created_on
coalece field exists
--synchronise transform map complete--
--Check Import Set WS and Transform Map Completed--

2018/06/16 12:19:39.971 [INFO] Scripted Web Service is Synchronised [u_itsmb_incident_task_n]
2018/06/16 12:19:40.524 [INFO] Initialisation 5 of 12 [Incident Task] Completed
2018/06/16 12:19:40.527 [DETAIL] Create Remedy Qualification: 'Form Name01' = "HPD:Help Desk" AND 'Form Name02' = "HPD:Help Desk" AND 'Request ID02' < 'Request ID01'
2018/06/16 12:19:40.530 [DETAIL] Add Project Variable [Request ID01 [STRING]]
2018/06/16 12:19:40.531 [DETAIL] Create SNow Lookup Query: number#!#Request ID01#!#
2018/06/16 12:19:40.532 [INFO] Synchronising Scripted Web Service [u_itsmb_incident_n]
2018/06/16 12:19:42.478 [DETAIL] --Check Import WS Started--
   WS Name: u_itsmb_incident_n
   Target Table: incident
   Scope: global
   Run Business Rules: false
   include fields from tables: incident,task
--created ws import set: u_itsmb_incident_n [incident]--
--synchronise ws fields with target complete--
--transform map updated: u_itsmb_incident_n
   transform field mapping exists: parent -> parent
   transform field mapping exists: watch_list -> watch_list
   transform field mapping exists: caused_by -> caused_by
   skip system field: template_import_log
   transform field mapping exists: upon_reject -> upon_reject
   skip system field: target_scope
   skip system field: sys_updated_on
   transform field mapping exists: approval_history -> approval_history
   transform field mapping exists: number -> number
   transform field mapping exists: state -> state
   skip system field: sys_created_by
   transform field mapping exists: order -> order
   transform field mapping exists: knowledge -> knowledge
   skip system field: sys_import_row
   transform field mapping exists: delivery_plan -> delivery_plan
   transform field mapping exists: cmdb_ci -> cmdb_ci
   transform field mapping exists: impact -> impact
   transform field mapping exists: work_notes_list -> work_notes_list
   transform field mapping exists: active -> active
   transform field mapping exists: priority -> priority
   transform field mapping exists: rejection_goto -> rejection_goto
   transform field mapping exists: group_list -> group_list
   transform field mapping exists: business_duration -> business_duration
   transform field mapping exists: approval_set -> approval_set
   transform field mapping exists: wf_activity -> wf_activity
   transform field mapping exists: short_description -> short_description
   transform field mapping exists: delivery_task -> delivery_task
   transform field mapping exists: correlation_display -> correlation_display
   skip system field: target_mod_count
   transform field mapping exists: work_start -> work_start
   skip system field: batch_id
   skip system field: sys_import_state_comment
   transform field mapping exists: additional_assignee_list -> additional_assignee_list
   skip system field: target_domain
   transform field mapping exists: notify -> notify
   skip system field: sys_class_name
   transform field mapping exists: closed_by -> closed_by
   transform field mapping exists: follow_up -> follow_up
   transform field mapping exists: parent_incident -> parent_incident
   transform field mapping exists: reopened_by -> reopened_by
   transform field mapping exists: reassignment_count -> reassignment_count
   transform field mapping exists: assigned_to -> assigned_to
   transform field mapping exists: variables -> variables
   skip system field: sys_target_table
   transform field mapping exists: sla_due -> sla_due
   transform field mapping exists: comments_and_work_notes -> comments_and_work_notes
   skip system field: sys_import_state
   transform field mapping exists: upon_approval -> upon_approval
   transform field mapping exists: escalation -> escalation
   transform field mapping exists: correlation_id -> correlation_id
   skip system field: source_id
   transform field mapping exists: made_sla -> made_sla
   skip system field: target_class_name
   transform field mapping exists: child_incidents -> child_incidents
   transform field mapping exists: hold_reason -> hold_reason
   skip system field: sys_target_sys_id
   transform field mapping exists: resolved_by -> resolved_by
   skip system field: sys_updated_by
   transform field mapping exists: user_input -> user_input
   transform field mapping exists: opened_by -> opened_by
   skip system field: sys_created_on
   skip system field: sys_import_set
   skip system field: target_sys_id
   skip system field: target_created_by
   transform field mapping exists: calendar_stc -> calendar_stc
   skip system field: sys_row_error
   transform field mapping exists: closed_at -> closed_at
   skip system field: target_domain_path
   transform field mapping exists: business_service -> business_service
   skip system field: import_set_run
   transform field mapping exists: rfc -> rfc
   transform field mapping exists: time_worked -> time_worked
   transform field mapping exists: expected_start -> expected_start
   transform field mapping exists: opened_at -> opened_at
   transform field mapping exists: work_end -> work_end
   transform field mapping exists: reopened_time -> reopened_time
   transform field mapping exists: caller_id -> caller_id
   transform field mapping exists: resolved_at -> resolved_at
   transform field mapping exists: work_notes -> work_notes
   transform field mapping exists: subcategory -> subcategory
   transform field mapping exists: close_code -> close_code
   transform field mapping exists: assignment_group -> assignment_group
   transform field mapping exists: business_stc -> business_stc
   transform field mapping exists: description -> description
   transform field mapping exists: calendar_duration -> calendar_duration
   transform field mapping exists: close_notes -> close_notes
   transform field mapping exists: contact_type -> contact_type
   transform field mapping exists: incident_state -> incident_state
   transform field mapping exists: urgency -> urgency
   transform field mapping exists: problem_id -> problem_id
   skip system field: sys_transform_map
   transform field mapping exists: company -> company
   transform field mapping exists: activity_due -> activity_due
   transform field mapping exists: severity -> severity
   transform field mapping exists: comments -> comments
   skip system field: target_created_on
   transform field mapping exists: approval -> approval
   transform field mapping exists: due_date -> due_date
   skip system field: sys_mod_count
   transform field mapping exists: reopen_count -> reopen_count
   skip virtual field: sys_tags
   transform field mapping exists: location -> location
   transform field mapping exists: category -> category
   transform field mapping exists: target_domain -> sys_domain
   transform field mapping exists: target_class_name -> sys_class_name
   transform field mapping exists: target_mod_count -> sys_mod_count
   transform field mapping exists: target_created_by -> sys_created_by
   transform field mapping exists: target_created_on -> sys_created_on
coalece field exists
--synchronise transform map complete--
--Check Import Set WS and Transform Map Completed--

2018/06/16 12:19:42.478 [INFO] Scripted Web Service is Synchronised [u_itsmb_incident_n]
2018/06/16 12:19:43.024 [INFO] Initialisation 6 of 12 [Child Incidents] Completed
2018/06/16 12:19:43.027 [DETAIL] Create Remedy Qualification: 'Last Modified Date' > "1/1/2018 1:00:00 AM" AND (0 = 1 AND 'Contact Company' = "Calbro Services" OR 0 = 0)
2018/06/16 12:19:43.138 [DETAIL] Add Project Variable [name [STRING]]
2018/06/16 12:19:43.139 [DETAIL] Create SNow Lookup Query: name#!#name#!#
2018/06/16 12:19:43.139 [DETAIL] Add Project Variable [Assignee Login ID [STRING]]
2018/06/16 12:19:43.145 [DETAIL] Create Remedy Lookup Query: 'Remedy Login ID' = ""
2018/06/16 12:19:43.146 [DETAIL] Add Project Variable [Assignee [STRING]]
2018/06/16 12:19:43.146 [DETAIL] Create SNow Lookup Query: name#!#Assignee#!#^email#!#!Assignee Email!#!#
2018/06/16 12:19:43.147 [DETAIL] Add Project Variable [Problem Investigation ID [STRING]]
2018/06/16 12:19:43.149 [DETAIL] Create Remedy Lookup Query: 'Problem Investigation ID' = ""
2018/06/16 12:19:43.149 [DETAIL] Add Project Variable [Contact Company [STRING]]
2018/06/16 12:19:43.149 [DETAIL] Create SNow Lookup Query: name#!#Contact Company#!#
2018/06/16 12:19:43.150 [DETAIL] Add Project Variable [country [STRING]]
2018/06/16 12:19:43.150 [DETAIL] Add Project Variable [city [STRING]]
2018/06/16 12:19:43.150 [DETAIL] Add Project Variable [name [STRING]]
2018/06/16 12:19:43.150 [DETAIL] Create SNow Lookup Query: name#!#name#!#^country#!#country#!#^city#!#city#!#
2018/06/16 12:19:43.151 [INFO] Synchronising Scripted Web Service [u_itsmb_problem_n]
2018/06/16 12:19:44.937 [DETAIL] --Check Import WS Started--
   WS Name: u_itsmb_problem_n
   Target Table: problem
   Scope: global
   Run Business Rules: false
   include fields from tables: problem,task
--created ws import set: u_itsmb_problem_n [problem]--
--synchronise ws fields with target complete--
--transform map updated: u_itsmb_problem_n
   transform field mapping exists: parent -> parent
   transform field mapping exists: made_sla -> made_sla
   transform field mapping exists: watch_list -> watch_list
   skip system field: template_import_log
   transform field mapping exists: upon_reject -> upon_reject
   skip system field: target_scope
   skip system field: sys_updated_on
   skip system field: target_class_name
   transform field mapping exists: approval_history -> approval_history
   skip system field: sys_target_sys_id
   transform field mapping exists: number -> number
   skip system field: sys_updated_by
   transform field mapping exists: work_around -> work_around
   transform field mapping exists: opened_by -> opened_by
   transform field mapping exists: user_input -> user_input
   skip system field: sys_created_on
   skip system field: sys_import_set
   transform field mapping exists: state -> state
   skip system field: target_sys_id
   skip system field: target_created_by
   skip system field: sys_created_by
   transform field mapping exists: order -> order
   transform field mapping exists: knowledge -> knowledge
   skip system field: sys_import_row
   transform field mapping exists: major_problem -> major_problem
   skip system field: sys_row_error
   transform field mapping exists: closed_at -> closed_at
   transform field mapping exists: cmdb_ci -> cmdb_ci
   transform field mapping exists: delivery_plan -> delivery_plan
   transform field mapping exists: impact -> impact
   skip system field: target_domain_path
   transform field mapping exists: work_notes_list -> work_notes_list
   transform field mapping exists: active -> active
   transform field mapping exists: business_service -> business_service
   skip system field: import_set_run
   transform field mapping exists: priority -> priority
   transform field mapping exists: time_worked -> time_worked
   transform field mapping exists: rfc -> rfc
   transform field mapping exists: expected_start -> expected_start
   transform field mapping exists: rejection_goto -> rejection_goto
   transform field mapping exists: opened_at -> opened_at
   transform field mapping exists: business_duration -> business_duration
   transform field mapping exists: group_list -> group_list
   transform field mapping exists: work_end -> work_end
   transform field mapping exists: approval_set -> approval_set
   transform field mapping exists: wf_activity -> wf_activity
   transform field mapping exists: work_notes -> work_notes
   transform field mapping exists: short_description -> short_description
   transform field mapping exists: work_start -> work_start
   transform field mapping exists: correlation_display -> correlation_display
   transform field mapping exists: delivery_task -> delivery_task
   skip system field: target_mod_count
   transform field mapping exists: assignment_group -> assignment_group
   skip system field: batch_id
   skip system field: sys_import_state_comment
   transform field mapping exists: known_error -> known_error
   transform field mapping exists: additional_assignee_list -> additional_assignee_list
   transform field mapping exists: description -> description
   transform field mapping exists: calendar_duration -> calendar_duration
   skip system field: target_domain
   transform field mapping exists: close_notes -> close_notes
   skip system field: sys_class_name
   transform field mapping exists: closed_by -> closed_by
   transform field mapping exists: follow_up -> follow_up
   transform field mapping exists: contact_type -> contact_type
   transform field mapping exists: urgency -> urgency
   skip system field: sys_transform_map
   transform field mapping exists: company -> company
   transform field mapping exists: reassignment_count -> reassignment_count
   transform field mapping exists: related_incidents -> related_incidents
   transform field mapping exists: activity_due -> activity_due
   transform field mapping exists: assigned_to -> assigned_to
   transform field mapping exists: variables -> variables
   transform field mapping exists: review_outcome -> review_outcome
   transform field mapping exists: comments -> comments
   skip system field: sys_target_table
   skip system field: target_created_on
   transform field mapping exists: approval -> approval
   transform field mapping exists: sla_due -> sla_due
   transform field mapping exists: problem_state -> problem_state
   transform field mapping exists: comments_and_work_notes -> comments_and_work_notes
   transform field mapping exists: due_date -> due_date
   skip system field: sys_mod_count
   skip virtual field: sys_tags
   skip system field: sys_import_state
   transform field mapping exists: escalation -> escalation
   transform field mapping exists: upon_approval -> upon_approval
   transform field mapping exists: correlation_id -> correlation_id
   transform field mapping exists: location -> location
   skip system field: source_id
   transform field mapping exists: target_domain -> sys_domain
   transform field mapping exists: target_class_name -> sys_class_name
   transform field mapping exists: target_mod_count -> sys_mod_count
   transform field mapping exists: target_created_by -> sys_created_by
   transform field mapping exists: target_created_on -> sys_created_on
coalece field exists
--synchronise transform map complete--
--Check Import Set WS and Transform Map Completed--

2018/06/16 12:19:44.937 [INFO] Scripted Web Service is Synchronised [u_itsmb_problem_n]
2018/06/16 12:19:45.409 [INFO] Initialisation 7 of 12 [Problem] Completed
2018/06/16 12:19:45.454 [DETAIL] Create Remedy Qualification: 'RootRequestFormName' = "PBM:Problem Investigation"
2018/06/16 12:19:45.522 [DETAIL] Add Project Variable [name [STRING]]
2018/06/16 12:19:45.522 [DETAIL] Create SNow Lookup Query: name#!#name#!#
2018/06/16 12:19:45.523 [DETAIL] Add Project Variable [Task ID [STRING]]
2018/06/16 12:19:45.525 [DETAIL] Create Remedy Lookup Query: 'TaskOrTaskGroupID' = ""
2018/06/16 12:19:45.525 [DETAIL] Add Project Variable [RootRequestID [STRING]]
2018/06/16 12:19:45.525 [DETAIL] Create SNow Lookup Query: number#!#RootRequestID#!#
2018/06/16 12:19:45.525 [DETAIL] Add Project Variable [Company [STRING]]
2018/06/16 12:19:45.525 [DETAIL] Create SNow Lookup Query: name#!#Company#!#
2018/06/16 12:19:45.526 [DETAIL] Add Project Variable [Site [STRING]]
2018/06/16 12:19:45.526 [DETAIL] Add Project Variable [Company [STRING]]
2018/06/16 12:19:45.526 [DETAIL] Create SNow Lookup Query: company#!#Company#!#^name#!#Site#!#
2018/06/16 12:19:45.526 [DETAIL] Add Project Variable [name [STRING]]
2018/06/16 12:19:45.526 [DETAIL] Add Project Variable [email [STRING]]
2018/06/16 12:19:45.526 [DETAIL] Create SNow Lookup Query: name#!#name#!#^email#!#email#!#
2018/06/16 12:19:45.527 [INFO] Synchronising Scripted Web Service [u_itsmb_problem_task_n]
2018/06/16 12:19:47.237 [DETAIL] --Check Import WS Started--
   WS Name: u_itsmb_problem_task_n
   Target Table: problem_task
   Scope: global
   Run Business Rules: false
   include fields from tables: problem_task,task
--created ws import set: u_itsmb_problem_task_n [problem_task]--
--synchronise ws fields with target complete--
--transform map updated: u_itsmb_problem_task_n
   transform field mapping exists: parent -> parent
   transform field mapping exists: made_sla -> made_sla
   transform field mapping exists: watch_list -> watch_list
   skip system field: template_import_log
   skip system field: target_scope
   transform field mapping exists: upon_reject -> upon_reject
   skip system field: sys_updated_on
   skip system field: target_class_name
   transform field mapping exists: approval_history -> approval_history
   skip system field: sys_target_sys_id
   transform field mapping exists: number -> number
   transform field mapping exists: problem -> problem
   skip system field: sys_updated_by
   transform field mapping exists: opened_by -> opened_by
   transform field mapping exists: user_input -> user_input
   skip system field: sys_created_on
   skip system field: sys_import_set
   transform field mapping exists: state -> state
   skip system field: target_created_by
   skip system field: target_sys_id
   skip system field: sys_created_by
   transform field mapping exists: order -> order
   transform field mapping exists: knowledge -> knowledge
   skip system field: sys_import_row
   skip system field: sys_row_error
   transform field mapping exists: closed_at -> closed_at
   transform field mapping exists: cmdb_ci -> cmdb_ci
   transform field mapping exists: delivery_plan -> delivery_plan
   transform field mapping exists: impact -> impact
   skip system field: target_domain_path
   transform field mapping exists: work_notes_list -> work_notes_list
   transform field mapping exists: active -> active
   transform field mapping exists: business_service -> business_service
   skip system field: import_set_run
   transform field mapping exists: priority -> priority
   transform field mapping exists: time_worked -> time_worked
   transform field mapping exists: expected_start -> expected_start
   transform field mapping exists: rejection_goto -> rejection_goto
   transform field mapping exists: opened_at -> opened_at
   transform field mapping exists: business_duration -> business_duration
   transform field mapping exists: group_list -> group_list
   transform field mapping exists: work_end -> work_end
   transform field mapping exists: approval_set -> approval_set
   transform field mapping exists: work_notes -> work_notes
   transform field mapping exists: wf_activity -> wf_activity
   transform field mapping exists: short_description -> short_description
   transform field mapping exists: correlation_display -> correlation_display
   skip system field: target_mod_count
   transform field mapping exists: work_start -> work_start
   transform field mapping exists: delivery_task -> delivery_task
   transform field mapping exists: assignment_group -> assignment_group
   skip system field: batch_id
   skip system field: sys_import_state_comment
   transform field mapping exists: additional_assignee_list -> additional_assignee_list
   transform field mapping exists: description -> description
   transform field mapping exists: calendar_duration -> calendar_duration
   skip system field: target_domain
   transform field mapping exists: close_notes -> close_notes
   skip system field: sys_class_name
   transform field mapping exists: closed_by -> closed_by
   transform field mapping exists: follow_up -> follow_up
   transform field mapping exists: contact_type -> contact_type
   transform field mapping exists: urgency -> urgency
   skip system field: sys_transform_map
   transform field mapping exists: company -> company
   transform field mapping exists: reassignment_count -> reassignment_count
   transform field mapping exists: activity_due -> activity_due
   transform field mapping exists: assigned_to -> assigned_to
   transform field mapping exists: variables -> variables
   transform field mapping exists: comments -> comments
   skip system field: sys_target_table
   skip system field: target_created_on
   transform field mapping exists: sla_due -> sla_due
   transform field mapping exists: approval -> approval
   transform field mapping exists: due_date -> due_date
   transform field mapping exists: comments_and_work_notes -> comments_and_work_notes
   skip system field: sys_mod_count
   skip virtual field: sys_tags
   skip system field: sys_import_state
   transform field mapping exists: escalation -> escalation
   transform field mapping exists: upon_approval -> upon_approval
   transform field mapping exists: correlation_id -> correlation_id
   transform field mapping exists: location -> location
   skip system field: source_id
   transform field mapping exists: target_domain -> sys_domain
   transform field mapping exists: target_class_name -> sys_class_name
   transform field mapping exists: target_mod_count -> sys_mod_count
   transform field mapping exists: target_created_by -> sys_created_by
   transform field mapping exists: target_created_on -> sys_created_on
coalece field exists
--synchronise transform map complete--
--Check Import Set WS and Transform Map Completed--

2018/06/16 12:19:47.237 [INFO] Scripted Web Service is Synchronised [u_itsmb_problem_task_n]
2018/06/16 12:19:48.650 [INFO] Initialisation 8 of 12 [Problem Task] Completed
2018/06/16 12:19:48.655 [DETAIL] Create Remedy Qualification: 'Form Name01' = "PBM:Problem Investigation" AND 'Form Name02' = "HPD:Help Desk"
2018/06/16 12:19:48.659 [DETAIL] Add Project Variable [Request ID01 [STRING]]
2018/06/16 12:19:48.659 [DETAIL] Create SNow Lookup Query: number#!#Request ID01#!#
2018/06/16 12:19:48.660 [INFO] Synchronising Scripted Web Service [u_itsmb_incident_n]
2018/06/16 12:19:50.627 [DETAIL] --Check Import WS Started--
   WS Name: u_itsmb_incident_n
   Target Table: incident
   Scope: global
   Run Business Rules: false
   include fields from tables: incident,task
--created ws import set: u_itsmb_incident_n [incident]--
--synchronise ws fields with target complete--
--transform map updated: u_itsmb_incident_n
   transform field mapping exists: parent -> parent
   transform field mapping exists: watch_list -> watch_list
   transform field mapping exists: caused_by -> caused_by
   skip system field: template_import_log
   transform field mapping exists: upon_reject -> upon_reject
   skip system field: target_scope
   skip system field: sys_updated_on
   transform field mapping exists: approval_history -> approval_history
   transform field mapping exists: number -> number
   transform field mapping exists: state -> state
   skip system field: sys_created_by
   transform field mapping exists: order -> order
   transform field mapping exists: knowledge -> knowledge
   skip system field: sys_import_row
   transform field mapping exists: delivery_plan -> delivery_plan
   transform field mapping exists: cmdb_ci -> cmdb_ci
   transform field mapping exists: impact -> impact
   transform field mapping exists: work_notes_list -> work_notes_list
   transform field mapping exists: active -> active
   transform field mapping exists: priority -> priority
   transform field mapping exists: rejection_goto -> rejection_goto
   transform field mapping exists: group_list -> group_list
   transform field mapping exists: business_duration -> business_duration
   transform field mapping exists: approval_set -> approval_set
   transform field mapping exists: wf_activity -> wf_activity
   transform field mapping exists: short_description -> short_description
   transform field mapping exists: delivery_task -> delivery_task
   transform field mapping exists: correlation_display -> correlation_display
   skip system field: target_mod_count
   transform field mapping exists: work_start -> work_start
   skip system field: batch_id
   skip system field: sys_import_state_comment
   transform field mapping exists: additional_assignee_list -> additional_assignee_list
   skip system field: target_domain
   transform field mapping exists: notify -> notify
   skip system field: sys_class_name
   transform field mapping exists: closed_by -> closed_by
   transform field mapping exists: follow_up -> follow_up
   transform field mapping exists: parent_incident -> parent_incident
   transform field mapping exists: reopened_by -> reopened_by
   transform field mapping exists: reassignment_count -> reassignment_count
   transform field mapping exists: assigned_to -> assigned_to
   transform field mapping exists: variables -> variables
   skip system field: sys_target_table
   transform field mapping exists: sla_due -> sla_due
   transform field mapping exists: comments_and_work_notes -> comments_and_work_notes
   skip system field: sys_import_state
   transform field mapping exists: upon_approval -> upon_approval
   transform field mapping exists: escalation -> escalation
   transform field mapping exists: correlation_id -> correlation_id
   skip system field: source_id
   transform field mapping exists: made_sla -> made_sla
   skip system field: target_class_name
   transform field mapping exists: child_incidents -> child_incidents
   transform field mapping exists: hold_reason -> hold_reason
   skip system field: sys_target_sys_id
   transform field mapping exists: resolved_by -> resolved_by
   skip system field: sys_updated_by
   transform field mapping exists: user_input -> user_input
   transform field mapping exists: opened_by -> opened_by
   skip system field: sys_created_on
   skip system field: sys_import_set
   skip system field: target_sys_id
   skip system field: target_created_by
   transform field mapping exists: calendar_stc -> calendar_stc
   skip system field: sys_row_error
   transform field mapping exists: closed_at -> closed_at
   skip system field: target_domain_path
   transform field mapping exists: business_service -> business_service
   skip system field: import_set_run
   transform field mapping exists: rfc -> rfc
   transform field mapping exists: time_worked -> time_worked
   transform field mapping exists: expected_start -> expected_start
   transform field mapping exists: opened_at -> opened_at
   transform field mapping exists: work_end -> work_end
   transform field mapping exists: reopened_time -> reopened_time
   transform field mapping exists: caller_id -> caller_id
   transform field mapping exists: resolved_at -> resolved_at
   transform field mapping exists: work_notes -> work_notes
   transform field mapping exists: subcategory -> subcategory
   transform field mapping exists: close_code -> close_code
   transform field mapping exists: assignment_group -> assignment_group
   transform field mapping exists: business_stc -> business_stc
   transform field mapping exists: description -> description
   transform field mapping exists: calendar_duration -> calendar_duration
   transform field mapping exists: close_notes -> close_notes
   transform field mapping exists: contact_type -> contact_type
   transform field mapping exists: incident_state -> incident_state
   transform field mapping exists: urgency -> urgency
   transform field mapping exists: problem_id -> problem_id
   skip system field: sys_transform_map
   transform field mapping exists: company -> company
   transform field mapping exists: activity_due -> activity_due
   transform field mapping exists: severity -> severity
   transform field mapping exists: comments -> comments
   skip system field: target_created_on
   transform field mapping exists: approval -> approval
   transform field mapping exists: due_date -> due_date
   skip system field: sys_mod_count
   transform field mapping exists: reopen_count -> reopen_count
   skip virtual field: sys_tags
   transform field mapping exists: location -> location
   transform field mapping exists: category -> category
   transform field mapping exists: target_domain -> sys_domain
   transform field mapping exists: target_class_name -> sys_class_name
   transform field mapping exists: target_mod_count -> sys_mod_count
   transform field mapping exists: target_created_by -> sys_created_by
   transform field mapping exists: target_created_on -> sys_created_on
coalece field exists
--synchronise transform map complete--
--Check Import Set WS and Transform Map Completed--

2018/06/16 12:19:50.627 [INFO] Scripted Web Service is Synchronised [u_itsmb_incident_n]
2018/06/16 12:19:51.086 [INFO] Initialisation 9 of 12 [Incident Related Problem] Completed
2018/06/16 12:19:51.091 [DETAIL] Create Remedy Qualification: 'Last Modified Date' > "1/1/2018 1:00:00 AM" AND (0 = 1 AND 'Company' = "Calbro Services" OR 0 = 0)
2018/06/16 12:19:51.123 [DETAIL] Add Project Variable [name [STRING]]
2018/06/16 12:19:51.123 [DETAIL] Create SNow Lookup Query: name#!#name#!#
2018/06/16 12:19:51.123 [DETAIL] Add Project Variable [Assignee Login [STRING]]
2018/06/16 12:19:51.128 [DETAIL] Create Remedy Lookup Query: 'Remedy Login ID' = ""
2018/06/16 12:19:51.128 [DETAIL] Add Project Variable [Assignee [STRING]]
2018/06/16 12:19:51.128 [DETAIL] Create SNow Lookup Query: name#!#Assignee#!#^email#!#!Assignee Email!#!#
2018/06/16 12:19:51.129 [DETAIL] Add Project Variable [Known Error ID [STRING]]
2018/06/16 12:19:51.130 [DETAIL] Create Remedy Lookup Query: 'Known Error ID' = ""
2018/06/16 12:19:51.131 [DETAIL] Add Project Variable [Company [STRING]]
2018/06/16 12:19:51.131 [DETAIL] Create SNow Lookup Query: name#!#Company#!#
2018/06/16 12:19:51.131 [DETAIL] Add Project Variable [Site [STRING]]
2018/06/16 12:19:51.131 [DETAIL] Add Project Variable [Company [STRING]]
2018/06/16 12:19:51.131 [DETAIL] Create SNow Lookup Query: company#!#Company#!#^name#!#Site#!#
2018/06/16 12:19:51.132 [INFO] Synchronising Scripted Web Service [u_itsmb_problem_n]
2018/06/16 12:19:52.831 [DETAIL] --Check Import WS Started--
   WS Name: u_itsmb_problem_n
   Target Table: problem
   Scope: global
   Run Business Rules: false
   include fields from tables: problem,task
--created ws import set: u_itsmb_problem_n [problem]--
--synchronise ws fields with target complete--
--transform map updated: u_itsmb_problem_n
   transform field mapping exists: parent -> parent
   transform field mapping exists: made_sla -> made_sla
   transform field mapping exists: watch_list -> watch_list
   skip system field: template_import_log
   transform field mapping exists: upon_reject -> upon_reject
   skip system field: target_scope
   skip system field: sys_updated_on
   skip system field: target_class_name
   transform field mapping exists: approval_history -> approval_history
   skip system field: sys_target_sys_id
   transform field mapping exists: number -> number
   skip system field: sys_updated_by
   transform field mapping exists: work_around -> work_around
   transform field mapping exists: opened_by -> opened_by
   transform field mapping exists: user_input -> user_input
   skip system field: sys_created_on
   skip system field: sys_import_set
   transform field mapping exists: state -> state
   skip system field: target_sys_id
   skip system field: target_created_by
   skip system field: sys_created_by
   transform field mapping exists: order -> order
   transform field mapping exists: knowledge -> knowledge
   skip system field: sys_import_row
   transform field mapping exists: major_problem -> major_problem
   skip system field: sys_row_error
   transform field mapping exists: closed_at -> closed_at
   transform field mapping exists: cmdb_ci -> cmdb_ci
   transform field mapping exists: delivery_plan -> delivery_plan
   transform field mapping exists: impact -> impact
   skip system field: target_domain_path
   transform field mapping exists: work_notes_list -> work_notes_list
   transform field mapping exists: active -> active
   transform field mapping exists: business_service -> business_service
   skip system field: import_set_run
   transform field mapping exists: priority -> priority
   transform field mapping exists: time_worked -> time_worked
   transform field mapping exists: rfc -> rfc
   transform field mapping exists: expected_start -> expected_start
   transform field mapping exists: rejection_goto -> rejection_goto
   transform field mapping exists: opened_at -> opened_at
   transform field mapping exists: business_duration -> business_duration
   transform field mapping exists: group_list -> group_list
   transform field mapping exists: work_end -> work_end
   transform field mapping exists: approval_set -> approval_set
   transform field mapping exists: wf_activity -> wf_activity
   transform field mapping exists: work_notes -> work_notes
   transform field mapping exists: short_description -> short_description
   transform field mapping exists: work_start -> work_start
   transform field mapping exists: correlation_display -> correlation_display
   transform field mapping exists: delivery_task -> delivery_task
   skip system field: target_mod_count
   transform field mapping exists: assignment_group -> assignment_group
   skip system field: batch_id
   skip system field: sys_import_state_comment
   transform field mapping exists: known_error -> known_error
   transform field mapping exists: additional_assignee_list -> additional_assignee_list
   transform field mapping exists: description -> description
   transform field mapping exists: calendar_duration -> calendar_duration
   skip system field: target_domain
   transform field mapping exists: close_notes -> close_notes
   skip system field: sys_class_name
   transform field mapping exists: closed_by -> closed_by
   transform field mapping exists: follow_up -> follow_up
   transform field mapping exists: contact_type -> contact_type
   transform field mapping exists: urgency -> urgency
   skip system field: sys_transform_map
   transform field mapping exists: company -> company
   transform field mapping exists: reassignment_count -> reassignment_count
   transform field mapping exists: related_incidents -> related_incidents
   transform field mapping exists: activity_due -> activity_due
   transform field mapping exists: assigned_to -> assigned_to
   transform field mapping exists: variables -> variables
   transform field mapping exists: review_outcome -> review_outcome
   transform field mapping exists: comments -> comments
   skip system field: sys_target_table
   skip system field: target_created_on
   transform field mapping exists: approval -> approval
   transform field mapping exists: sla_due -> sla_due
   transform field mapping exists: problem_state -> problem_state
   transform field mapping exists: comments_and_work_notes -> comments_and_work_notes
   transform field mapping exists: due_date -> due_date
   skip system field: sys_mod_count
   skip virtual field: sys_tags
   skip system field: sys_import_state
   transform field mapping exists: escalation -> escalation
   transform field mapping exists: upon_approval -> upon_approval
   transform field mapping exists: correlation_id -> correlation_id
   transform field mapping exists: location -> location
   skip system field: source_id
   transform field mapping exists: target_domain -> sys_domain
   transform field mapping exists: target_class_name -> sys_class_name
   transform field mapping exists: target_mod_count -> sys_mod_count
   transform field mapping exists: target_created_by -> sys_created_by
   transform field mapping exists: target_created_on -> sys_created_on
coalece field exists
--synchronise transform map complete--
--Check Import Set WS and Transform Map Completed--

2018/06/16 12:19:52.831 [INFO] Scripted Web Service is Synchronised [u_itsmb_problem_n]
2018/06/16 12:19:53.291 [INFO] Initialisation 10 of 12 [Known Errors] Completed
2018/06/16 12:19:53.296 [DETAIL] Create Remedy Qualification: 'RootRequestFormName' = "PBM:Known Error"
2018/06/16 12:19:53.301 [DETAIL] Add Project Variable [name [STRING]]
2018/06/16 12:19:53.301 [DETAIL] Create SNow Lookup Query: name#!#name#!#
2018/06/16 12:19:53.301 [DETAIL] Add Project Variable [Task ID [STRING]]
2018/06/16 12:19:53.305 [DETAIL] Create Remedy Lookup Query: 'TaskOrTaskGroupID' = ""
2018/06/16 12:19:53.305 [DETAIL] Add Project Variable [RootRequestID [STRING]]
2018/06/16 12:19:53.305 [DETAIL] Create SNow Lookup Query: number#!#RootRequestID#!#
2018/06/16 12:19:53.306 [DETAIL] Add Project Variable [Company [STRING]]
2018/06/16 12:19:53.306 [DETAIL] Create SNow Lookup Query: name#!#Company#!#
2018/06/16 12:19:53.306 [DETAIL] Add Project Variable [Site [STRING]]
2018/06/16 12:19:53.306 [DETAIL] Add Project Variable [Company [STRING]]
2018/06/16 12:19:53.306 [DETAIL] Create SNow Lookup Query: company#!#Company#!#^name#!#Site#!#
2018/06/16 12:19:53.307 [DETAIL] Add Project Variable [name [STRING]]
2018/06/16 12:19:53.307 [DETAIL] Add Project Variable [email [STRING]]
2018/06/16 12:19:53.307 [DETAIL] Create SNow Lookup Query: name#!#name#!#^email#!#email#!#
2018/06/16 12:19:53.308 [INFO] Synchronising Scripted Web Service [u_itsmb_problem_task_n]
2018/06/16 12:19:54.946 [DETAIL] --Check Import WS Started--
   WS Name: u_itsmb_problem_task_n
   Target Table: problem_task
   Scope: global
   Run Business Rules: false
   include fields from tables: problem_task,task
--created ws import set: u_itsmb_problem_task_n [problem_task]--
--synchronise ws fields with target complete--
--transform map updated: u_itsmb_problem_task_n
   transform field mapping exists: parent -> parent
   transform field mapping exists: made_sla -> made_sla
   transform field mapping exists: watch_list -> watch_list
   skip system field: template_import_log
   skip system field: target_scope
   transform field mapping exists: upon_reject -> upon_reject
   skip system field: sys_updated_on
   skip system field: target_class_name
   transform field mapping exists: approval_history -> approval_history
   skip system field: sys_target_sys_id
   transform field mapping exists: number -> number
   transform field mapping exists: problem -> problem
   skip system field: sys_updated_by
   transform field mapping exists: opened_by -> opened_by
   transform field mapping exists: user_input -> user_input
   skip system field: sys_created_on
   skip system field: sys_import_set
   transform field mapping exists: state -> state
   skip system field: target_created_by
   skip system field: target_sys_id
   skip system field: sys_created_by
   transform field mapping exists: order -> order
   transform field mapping exists: knowledge -> knowledge
   skip system field: sys_import_row
   skip system field: sys_row_error
   transform field mapping exists: closed_at -> closed_at
   transform field mapping exists: cmdb_ci -> cmdb_ci
   transform field mapping exists: delivery_plan -> delivery_plan
   transform field mapping exists: impact -> impact
   skip system field: target_domain_path
   transform field mapping exists: work_notes_list -> work_notes_list
   transform field mapping exists: active -> active
   transform field mapping exists: business_service -> business_service
   skip system field: import_set_run
   transform field mapping exists: priority -> priority
   transform field mapping exists: time_worked -> time_worked
   transform field mapping exists: expected_start -> expected_start
   transform field mapping exists: rejection_goto -> rejection_goto
   transform field mapping exists: opened_at -> opened_at
   transform field mapping exists: business_duration -> business_duration
   transform field mapping exists: group_list -> group_list
   transform field mapping exists: work_end -> work_end
   transform field mapping exists: approval_set -> approval_set
   transform field mapping exists: work_notes -> work_notes
   transform field mapping exists: wf_activity -> wf_activity
   transform field mapping exists: short_description -> short_description
   transform field mapping exists: correlation_display -> correlation_display
   skip system field: target_mod_count
   transform field mapping exists: work_start -> work_start
   transform field mapping exists: delivery_task -> delivery_task
   transform field mapping exists: assignment_group -> assignment_group
   skip system field: batch_id
   skip system field: sys_import_state_comment
   transform field mapping exists: additional_assignee_list -> additional_assignee_list
   transform field mapping exists: description -> description
   transform field mapping exists: calendar_duration -> calendar_duration
   skip system field: target_domain
   transform field mapping exists: close_notes -> close_notes
   skip system field: sys_class_name
   transform field mapping exists: closed_by -> closed_by
   transform field mapping exists: follow_up -> follow_up
   transform field mapping exists: contact_type -> contact_type
   transform field mapping exists: urgency -> urgency
   skip system field: sys_transform_map
   transform field mapping exists: company -> company
   transform field mapping exists: reassignment_count -> reassignment_count
   transform field mapping exists: activity_due -> activity_due
   transform field mapping exists: assigned_to -> assigned_to
   transform field mapping exists: variables -> variables
   transform field mapping exists: comments -> comments
   skip system field: sys_target_table
   skip system field: target_created_on
   transform field mapping exists: sla_due -> sla_due
   transform field mapping exists: approval -> approval
   transform field mapping exists: due_date -> due_date
   transform field mapping exists: comments_and_work_notes -> comments_and_work_notes
   skip system field: sys_mod_count
   skip virtual field: sys_tags
   skip system field: sys_import_state
   transform field mapping exists: escalation -> escalation
   transform field mapping exists: upon_approval -> upon_approval
   transform field mapping exists: correlation_id -> correlation_id
   transform field mapping exists: location -> location
   skip system field: source_id
   transform field mapping exists: target_domain -> sys_domain
   transform field mapping exists: target_class_name -> sys_class_name
   transform field mapping exists: target_mod_count -> sys_mod_count
   transform field mapping exists: target_created_by -> sys_created_by
   transform field mapping exists: target_created_on -> sys_created_on
coalece field exists
--synchronise transform map complete--
--Check Import Set WS and Transform Map Completed--

2018/06/16 12:19:54.946 [INFO] Scripted Web Service is Synchronised [u_itsmb_problem_task_n]
2018/06/16 12:19:55.407 [INFO] Initialisation 11 of 12 [Known Error Tasks] Completed
2018/06/16 12:19:55.411 [DETAIL] Create Remedy Qualification: 'Form Name01' = "PBM:Known Error" AND 'Form Name02' = "HPD:Help Desk"
2018/06/16 12:19:55.518 [DETAIL] Add Project Variable [Request ID01 [STRING]]
2018/06/16 12:19:55.518 [DETAIL] Create SNow Lookup Query: number#!#Request ID01#!#
2018/06/16 12:19:55.519 [INFO] Synchronising Scripted Web Service [u_itsmb_incident_n]
2018/06/16 12:19:57.581 [DETAIL] --Check Import WS Started--
   WS Name: u_itsmb_incident_n
   Target Table: incident
   Scope: global
   Run Business Rules: false
   include fields from tables: incident,task
--created ws import set: u_itsmb_incident_n [incident]--
--synchronise ws fields with target complete--
--transform map updated: u_itsmb_incident_n
   transform field mapping exists: parent -> parent
   transform field mapping exists: watch_list -> watch_list
   transform field mapping exists: caused_by -> caused_by
   skip system field: template_import_log
   transform field mapping exists: upon_reject -> upon_reject
   skip system field: target_scope
   skip system field: sys_updated_on
   transform field mapping exists: approval_history -> approval_history
   transform field mapping exists: number -> number
   transform field mapping exists: state -> state
   skip system field: sys_created_by
   transform field mapping exists: order -> order
   transform field mapping exists: knowledge -> knowledge
   skip system field: sys_import_row
   transform field mapping exists: delivery_plan -> delivery_plan
   transform field mapping exists: cmdb_ci -> cmdb_ci
   transform field mapping exists: impact -> impact
   transform field mapping exists: work_notes_list -> work_notes_list
   transform field mapping exists: active -> active
   transform field mapping exists: priority -> priority
   transform field mapping exists: rejection_goto -> rejection_goto
   transform field mapping exists: group_list -> group_list
   transform field mapping exists: business_duration -> business_duration
   transform field mapping exists: approval_set -> approval_set
   transform field mapping exists: wf_activity -> wf_activity
   transform field mapping exists: short_description -> short_description
   transform field mapping exists: delivery_task -> delivery_task
   transform field mapping exists: correlation_display -> correlation_display
   skip system field: target_mod_count
   transform field mapping exists: work_start -> work_start
   skip system field: batch_id
   skip system field: sys_import_state_comment
   transform field mapping exists: additional_assignee_list -> additional_assignee_list
   skip system field: target_domain
   transform field mapping exists: notify -> notify
   skip system field: sys_class_name
   transform field mapping exists: closed_by -> closed_by
   transform field mapping exists: follow_up -> follow_up
   transform field mapping exists: parent_incident -> parent_incident
   transform field mapping exists: reopened_by -> reopened_by
   transform field mapping exists: reassignment_count -> reassignment_count
   transform field mapping exists: assigned_to -> assigned_to
   transform field mapping exists: variables -> variables
   skip system field: sys_target_table
   transform field mapping exists: sla_due -> sla_due
   transform field mapping exists: comments_and_work_notes -> comments_and_work_notes
   skip system field: sys_import_state
   transform field mapping exists: upon_approval -> upon_approval
   transform field mapping exists: escalation -> escalation
   transform field mapping exists: correlation_id -> correlation_id
   skip system field: source_id
   transform field mapping exists: made_sla -> made_sla
   skip system field: target_class_name
   transform field mapping exists: child_incidents -> child_incidents
   transform field mapping exists: hold_reason -> hold_reason
   skip system field: sys_target_sys_id
   transform field mapping exists: resolved_by -> resolved_by
   skip system field: sys_updated_by
   transform field mapping exists: user_input -> user_input
   transform field mapping exists: opened_by -> opened_by
   skip system field: sys_created_on
   skip system field: sys_import_set
   skip system field: target_sys_id
   skip system field: target_created_by
   transform field mapping exists: calendar_stc -> calendar_stc
   skip system field: sys_row_error
   transform field mapping exists: closed_at -> closed_at
   skip system field: target_domain_path
   transform field mapping exists: business_service -> business_service
   skip system field: import_set_run
   transform field mapping exists: rfc -> rfc
   transform field mapping exists: time_worked -> time_worked
   transform field mapping exists: expected_start -> expected_start
   transform field mapping exists: opened_at -> opened_at
   transform field mapping exists: work_end -> work_end
   transform field mapping exists: reopened_time -> reopened_time
   transform field mapping exists: caller_id -> caller_id
   transform field mapping exists: resolved_at -> resolved_at
   transform field mapping exists: work_notes -> work_notes
   transform field mapping exists: subcategory -> subcategory
   transform field mapping exists: close_code -> close_code
   transform field mapping exists: assignment_group -> assignment_group
   transform field mapping exists: business_stc -> business_stc
   transform field mapping exists: description -> description
   transform field mapping exists: calendar_duration -> calendar_duration
   transform field mapping exists: close_notes -> close_notes
   transform field mapping exists: contact_type -> contact_type
   transform field mapping exists: incident_state -> incident_state
   transform field mapping exists: urgency -> urgency
   transform field mapping exists: problem_id -> problem_id
   skip system field: sys_transform_map
   transform field mapping exists: company -> company
   transform field mapping exists: activity_due -> activity_due
   transform field mapping exists: severity -> severity
   transform field mapping exists: comments -> comments
   skip system field: target_created_on
   transform field mapping exists: approval -> approval
   transform field mapping exists: due_date -> due_date
   skip system field: sys_mod_count
   transform field mapping exists: reopen_count -> reopen_count
   skip virtual field: sys_tags
   transform field mapping exists: location -> location
   transform field mapping exists: category -> category
   transform field mapping exists: target_domain -> sys_domain
   transform field mapping exists: target_class_name -> sys_class_name
   transform field mapping exists: target_mod_count -> sys_mod_count
   transform field mapping exists: target_created_by -> sys_created_by
   transform field mapping exists: target_created_on -> sys_created_on
coalece field exists
--synchronise transform map complete--
--Check Import Set WS and Transform Map Completed--

2018/06/16 12:19:57.581 [INFO] Scripted Web Service is Synchronised [u_itsmb_incident_n]
2018/06/16 12:19:58.041 [INFO] Initialisation 12 of 12 [Incident Related Known Error] Completed
2018/06/16 12:19:58.043 [INFO] ### Initialisation Step Complete
2018/06/16 12:19:58.044 [INFO] [User Reference] Key Mapping Cache CTM:People -> User [sys_user] Ready.
2018/06/16 12:19:58.045 [INFO] [Group Reference] Key Mapping Cache CTM:Support Group -> Group [sys_user_group] Ready.
2018/06/16 12:19:58.047 [INFO] [Location Reference] Key Mapping Cache SIT:Site -> Location [cmn_location] Ready.
2018/06/16 12:19:58.050 [INFO] [Incident] Key Mapping Cache HPD:Help Desk -> Incident Ready.
2018/06/16 12:19:58.050 [INFO] [Incident] Migration in progress.
2018/06/16 12:19:58.050 [DETAIL] [Incident Chunk 0] Data Retrieve Started...
2018/06/16 12:19:58.061 [DETAIL] [Incident Chunk 0] Data Transform Started...
2018/06/16 12:19:58.063 [DETAIL] Add Project Variable [number [STRING]]
2018/06/16 12:19:58.063 [DETAIL] Create SNow Lookup Query: number#!#number#!#
2018/06/16 12:19:58.118 [DETAIL] Lookup Batch Retrieve-Start
2018/06/16 12:19:58.118 [DETAIL] [src=SGP000000000009] SNow Qual: name=Backoffice Support
2018/06/16 12:19:58.118 [DETAIL] [src=SGP000000000009] SNow Qual: name=Backoffice Support
2018/06/16 12:19:58.118 [DETAIL] [src=SGP000000000011] SNow Qual: name=Service Desk
2018/06/16 12:19:58.353 [DETAIL] Lookup Batch Retrieve-End
2018/06/16 12:19:58.375 [DETAIL] Lookup Batch Retrieve-Start
2018/06/16 12:19:58.384 [DETAIL] Lookup Batch Retrieve-End
2018/06/16 12:19:58.385 [DETAIL] Lookup Batch Retrieve-Start
2018/06/16 12:19:58.385 [DETAIL] [src=null] SNow Qual: nameISEMPTY^emailISEMPTY
2018/06/16 12:19:58.385 [DETAIL] [src=null] SNow Qual: nameISEMPTY^emailISEMPTY
2018/06/16 12:19:58.385 [DETAIL] [src=null] SNow Qual: name=Francie Stafford^email=F.Stafford@calbroservices.com
2018/06/16 12:19:58.797 [DETAIL] Lookup Batch Retrieve-End
2018/06/16 12:19:58.798 [DETAIL] Lookup Batch Retrieve-Start
2018/06/16 12:19:58.812 [DETAIL] Lookup Batch Retrieve-End
2018/06/16 12:19:58.825 [DETAIL] Lookup Batch Retrieve-Start
2018/06/16 12:19:58.825 [DETAIL] [src=PPL000000000014] SNow Qual: name=Bob Baxter^email=B.Baxter@calbroservices.com
2018/06/16 12:19:58.825 [DETAIL] [src=PPL000000000013] SNow Qual: name=Allen Allbrook^email=A.Allbrook@calbroservices.com
2018/06/16 12:19:58.825 [DETAIL] [src=PPL000000000022] SNow Qual: name=Joe Unser^email=J.Unser@calbroservices.com
2018/06/16 12:19:59.071 [DETAIL] Lookup Batch Retrieve-End
2018/06/16 12:19:59.072 [DETAIL] Lookup Batch Retrieve-Start
2018/06/16 12:19:59.072 [DETAIL] [src=null] SNow Qual: name=Calbro Services
2018/06/16 12:19:59.072 [DETAIL] [src=null] SNow Qual: name=Calbro Services
2018/06/16 12:19:59.072 [DETAIL] [src=null] SNow Qual: name=Calbro Services
2018/06/16 12:19:59.313 [DETAIL] Lookup Batch Retrieve-End
2018/06/16 12:19:59.324 [DETAIL] Lookup Batch Retrieve-Start
2018/06/16 12:19:59.324 [DETAIL] [src=STE_SOLN0002846] SNow Qual: name=Headquarters, Building 1.31^country=United States^city=New York
2018/06/16 12:19:59.324 [DETAIL] [src=STE_SOLN0002846] SNow Qual: name=Headquarters, Building 1.31^country=United States^city=New York
2018/06/16 12:19:59.324 [DETAIL] [src=STE_SOLN0002846] SNow Qual: name=Headquarters, Building 1.31^country=United States^city=New York
2018/06/16 12:19:59.559 [DETAIL] Lookup Batch Retrieve-End
2018/06/16 12:19:59.560 [DETAIL] Lookup Batch Retrieve-Start
2018/06/16 12:19:59.560 [DETAIL] [src=INC000000000104] SNow Qual: number=INC000000000004
2018/06/16 12:19:59.560 [DETAIL] [src=INC000000000103] SNow Qual: number=INC000000000002
2018/06/16 12:19:59.560 [DETAIL] [src=INC000000000024] SNow Qual: number=INC_CAL_1000022
2018/06/16 12:19:59.801 [DETAIL] Lookup Batch Retrieve-End
2018/06/16 12:19:59.802 [DETAIL] [Incident Chunk 0] Data Update Started...
2018/06/16 12:19:59.802 [DETAIL] Batch Update of 3 Entries Started
2018/06/16 12:19:59.802 [DETAIL] Pre-Migration Task 0 Complete
2018/06/16 12:20:00.534 [DETAIL] Update entry complete [src=INC000000000104 tgt=c8864520377213005d19dcc773990e17]
2018/06/16 12:20:00.534 [DETAIL] Update entry complete [src=INC000000000103 tgt=e555cdac373213005d19dcc773990eab]
2018/06/16 12:20:00.535 [DETAIL] Update entry complete [src=INC000000000024 tgt=b555cdac373213005d19dcc773990ed4]
2018/06/16 12:20:00.535 [DETAIL] Post-Migration Task 0 Complete
2018/06/16 12:20:00.536 [DETAIL] [Incident Chunk 0] Attachment Migration Started...
2018/06/16 12:20:00.536 [DETAIL] Source Attachment Info Loaded [0]
2018/06/16 12:20:00.537 [DETAIL] Attachment Target Check Complete [new=0 updates=0 duplicates=0]
2018/06/16 12:20:00.537 [DETAIL] Attachment Processing Queue Counts:- SRC: 0 TGTCHK: 0 GETDATA: 0 MIG: 0 DEL: 0
2018/06/16 12:20:00.537 [INFO] Migration Completed 
2018/06/16 12:20:00.539 [INFO] Summary...  Created:0 Updated:3 Skipped:0 Errors:0 [Warnings 0]
2018/06/16 12:20:00.554 [INFO] [Incident Task] Key Mapping Cache TMS:Task -> Incident Task Ready.
2018/06/16 12:20:00.554 [INFO] [Incident Task] Migration in progress.
2018/06/16 12:20:00.554 [DETAIL] [Incident Task Chunk 0] Data Retrieve Started...
2018/06/16 12:20:00.554 [DETAIL] Create Inclusion Query: [Operation=1,Operand Left=[Operation=4,Operand Left=[Operation=1,Operand Left=[Operand Type=[type=1],Operand=10000005],Operand Right=[Operand Type=[type=2],Operand=HPD:Help Desk]],Operand Right=<null>],Operand Right=[Operation=2,Operand Left=[Operation=2,Operand Left=[Operation=4,Operand Left=[Operation=1,Operand Left=[Operand Type=[type=1],Operand=10000006],Operand Right=[Operand Type=[type=2],Operand=INC000000000002]],Operand Right=<null>],Operand Right=[Operation=4,Operand Left=[Operation=1,Operand Left=[Operand Type=[type=1],Operand=10000006],Operand Right=[Operand Type=[type=2],Operand=INC_CAL_1000022]],Operand Right=<null>]],Operand Right=[Operation=4,Operand Left=[Operation=1,Operand Left=[Operand Type=[type=1],Operand=10000006],Operand Right=[Operand Type=[type=2],Operand=INC000000000004]],Operand Right=<null>]]]
2018/06/16 12:20:00.603 [DETAIL] [Incident Task Chunk 0] Data Transform Started...
2018/06/16 12:20:00.604 [DETAIL] Add Project Variable [number [STRING]]
2018/06/16 12:20:00.604 [DETAIL] Create SNow Lookup Query: number#!#number#!#
2018/06/16 12:20:00.640 [DETAIL] Lookup Batch Retrieve-Start
2018/06/16 12:20:00.640 [DETAIL] [src=SGP000000000010] SNow Qual: name=Frontoffice Support
2018/06/16 12:20:01.066 [DETAIL] Lookup Batch Retrieve-End
2018/06/16 12:20:01.066 [DETAIL] Lookup Batch Retrieve-Start
2018/06/16 12:20:01.071 [DETAIL] Lookup Batch Retrieve-End
2018/06/16 12:20:01.071 [DETAIL] Lookup Batch Retrieve-Start
2018/06/16 12:20:01.071 [DETAIL] [src=null] SNow Qual: name=Calbro Services
2018/06/16 12:20:01.487 [DETAIL] Lookup Batch Retrieve-End
2018/06/16 12:20:01.487 [DETAIL] Lookup Batch Retrieve-Start
2018/06/16 12:20:01.487 [DETAIL] [src=null] SNow Qual: company=Calbro Services^nameISEMPTY
2018/06/16 12:20:01.952 [DETAIL] Lookup Batch Retrieve-End
2018/06/16 12:20:01.952 [DETAIL] Lookup Batch Retrieve-Start
2018/06/16 12:20:01.952 [DETAIL] [src=null] SNow Qual: number=INC000000000004
2018/06/16 12:20:02.641 [DETAIL] Lookup Batch Retrieve-End
2018/06/16 12:20:02.646 [DETAIL] Lookup Batch Retrieve-Start
2018/06/16 12:20:02.646 [DETAIL] [src=PPL000000000018] SNow Qual: name=Ian Plyment^email=I.Plyment@calbroservices.com
2018/06/16 12:20:03.069 [DETAIL] Lookup Batch Retrieve-End
2018/06/16 12:20:03.070 [DETAIL] Lookup Batch Retrieve-Start
2018/06/16 12:20:03.070 [DETAIL] [src=TAS000000000109] SNow Qual: number=TAS000000000109
2018/06/16 12:20:03.514 [DETAIL] Lookup Batch Retrieve-End
2018/06/16 12:20:03.515 [DETAIL] [Incident Task Chunk 0] Data Update Started...
2018/06/16 12:20:03.515 [DETAIL] Batch Update of 1 Entries Started
2018/06/16 12:20:03.515 [DETAIL] Pre-Migration Task 0 Complete
2018/06/16 12:20:04.018 [DETAIL] Update entry complete [src=TAS000000000109 tgt=f3f849a0377213005d19dcc773990ee2]
2018/06/16 12:20:04.018 [DETAIL] Post-Migration Task 0 Complete
2018/06/16 12:20:04.019 [DETAIL] [Incident Task Chunk 0] Attachment Migration Started...
2018/06/16 12:20:04.019 [DETAIL] Source Attachment Info Loaded [1]
2018/06/16 12:20:04.019 [DETAIL] Attachment Retrieve-Start
2018/06/16 12:20:04.254 [DETAIL] Target Attachment Info Retrieve [1 attachments of estimated 1 retrieved]
2018/06/16 12:20:04.254 [DETAIL] Attachment Target Check Complete [new=0 updates=0 duplicates=1]
2018/06/16 12:20:04.254 [DETAIL] Attachment Processing Queue Counts:- SRC: 0 TGTCHK: 0 GETDATA: 0 MIG: 0 DEL: 0
2018/06/16 12:20:04.256 [INFO] Migration Completed 
2018/06/16 12:20:04.256 [INFO] Summary...  Created:0 Updated:1 Skipped:0 Errors:0 [Warnings 0]
2018/06/16 12:20:04.266 [INFO] [Child Incidents] Key Mapping Cache HPD:Associations -> Incident Ready.
2018/06/16 12:20:04.266 [INFO] [Child Incidents] Migration in progress.
2018/06/16 12:20:04.266 [DETAIL] [Child Incidents Chunk 0] Data Retrieve Started...
2018/06/16 12:20:04.266 [DETAIL] Create Inclusion Query: [Operation=1,Operand Left=[Operation=1,Operand Left=[Operation=4,Operand Left=[Operation=1,Operand Left=[Operand Type=[type=1],Operand=1000000101],Operand Right=[Operand Type=[type=2],Operand=HPD:Help Desk]],Operand Right=<null>],Operand Right=[Operation=1,Operand Left=[Operation=4,Operand Left=[Operation=1,Operand Left=[Operand Type=[type=1],Operand=1000000203],Operand Right=[Operand Type=[type=2],Operand=HPD:Help Desk]],Operand Right=<null>],Operand Right=[Operation=4,Operand Left=[Operation=4,Operand Left=[Operand Type=[type=1],Operand=1000000205],Operand Right=[Operand Type=[type=1],Operand=1000000204]],Operand Right=<null>]]],Operand Right=[Operation=2,Operand Left=[Operation=2,Operand Left=[Operation=4,Operand Left=[Operation=1,Operand Left=[Operand Type=[type=1],Operand=1000000205],Operand Right=[Operand Type=[type=2],Operand=INC000000000002]],Operand Right=<null>],Operand Right=[Operation=4,Operand Left=[Operation=1,Operand Left=[Operand Type=[type=1],Operand=1000000205],Operand Right=[Operand Type=[type=2],Operand=INC_CAL_1000022]],Operand Right=<null>]],Operand Right=[Operation=4,Operand Left=[Operation=1,Operand Left=[Operand Type=[type=1],Operand=1000000205],Operand Right=[Operand Type=[type=2],Operand=INC000000000004]],Operand Right=<null>]]]
2018/06/16 12:20:04.373 [DETAIL] [Child Incidents Chunk 0] Data Transform Started...
2018/06/16 12:20:04.373 [DETAIL] [Child Incidents Chunk 0] Data Update Started...
2018/06/16 12:20:04.375 [INFO] Migration Completed 
2018/06/16 12:20:04.375 [INFO] Summary...  Created:0 Updated:0 Skipped:0 Errors:0 [Warnings 0]
2018/06/16 12:20:04.377 [INFO] [Problem] Key Mapping Cache PBM:Problem Investigation -> Problem Ready.
2018/06/16 12:20:04.377 [INFO] [Problem] Migration in progress.
2018/06/16 12:20:04.377 [DETAIL] [Problem Chunk 0] Data Retrieve Started...
2018/06/16 12:20:04.381 [DETAIL] [Problem Chunk 0] Data Transform Started...
2018/06/16 12:20:04.381 [DETAIL] Add Project Variable [number [STRING]]
2018/06/16 12:20:04.381 [DETAIL] Create SNow Lookup Query: number#!#number#!#
2018/06/16 12:20:04.383 [DETAIL] Lookup Batch Retrieve-Start
2018/06/16 12:20:04.391 [DETAIL] Lookup Batch Retrieve-End
2018/06/16 12:20:04.391 [DETAIL] Lookup Batch Retrieve-Start
2018/06/16 12:20:04.400 [DETAIL] Lookup Batch Retrieve-End
2018/06/16 12:20:04.400 [DETAIL] Lookup Batch Retrieve-Start
2018/06/16 12:20:04.400 [DETAIL] [src=null] SNow Qual: name=Ian Plyment^email=I.Plyment@calbroservices.com
2018/06/16 12:20:05.826 [DETAIL] Lookup Batch Retrieve-End
2018/06/16 12:20:05.826 [DETAIL] Lookup Batch Retrieve-Start
2018/06/16 12:20:05.826 [DETAIL] [src=null] SNow Qual: name=Calbro Services
2018/06/16 12:20:06.244 [DETAIL] Lookup Batch Retrieve-End
2018/06/16 12:20:06.245 [DETAIL] Lookup Batch Retrieve-Start
2018/06/16 12:20:06.245 [DETAIL] [src=PBI000000000025] SNow Qual: number=PBI_CAL_1000024
2018/06/16 12:20:06.661 [DETAIL] Lookup Batch Retrieve-End
2018/06/16 12:20:06.681 [DETAIL] [Problem Chunk 0] Data Update Started...
2018/06/16 12:20:06.681 [DETAIL] Batch Update of 1 Entries Started
2018/06/16 12:20:06.681 [DETAIL] Pre-Migration Task 0 Complete
2018/06/16 12:20:07.236 [DETAIL] Update entry complete [src=PBI000000000025 tgt=83c985e0377213005d19dcc773990ec3]
2018/06/16 12:20:07.236 [DETAIL] Post-Migration Task 0 Complete
2018/06/16 12:20:07.236 [DETAIL] [Problem Chunk 0] Attachment Migration Started...
2018/06/16 12:20:07.236 [DETAIL] Source Attachment Info Loaded [0]
2018/06/16 12:20:07.236 [DETAIL] Attachment Target Check Complete [new=0 updates=0 duplicates=0]
2018/06/16 12:20:07.236 [DETAIL] Attachment Processing Queue Counts:- SRC: 0 TGTCHK: 0 GETDATA: 0 MIG: 0 DEL: 0
2018/06/16 12:20:07.238 [INFO] Migration Completed 
2018/06/16 12:20:07.238 [INFO] Summary...  Created:0 Updated:1 Skipped:0 Errors:0 [Warnings 0]
2018/06/16 12:20:07.242 [INFO] [Problem Task] Key Mapping Cache TMS:Task -> Problem Task Ready.
2018/06/16 12:20:07.242 [INFO] [Problem Task] Migration in progress.
2018/06/16 12:20:07.242 [DETAIL] [Problem Task Chunk 0] Data Retrieve Started...
2018/06/16 12:20:07.242 [DETAIL] Create Inclusion Query: [Operation=1,Operand Left=[Operation=4,Operand Left=[Operation=1,Operand Left=[Operand Type=[type=1],Operand=10000005],Operand Right=[Operand Type=[type=2],Operand=PBM:Problem Investigation]],Operand Right=<null>],Operand Right=[Operation=4,Operand Left=[Operation=1,Operand Left=[Operand Type=[type=1],Operand=10000006],Operand Right=[Operand Type=[type=2],Operand=PBI_CAL_1000024]],Operand Right=<null>]]
2018/06/16 12:20:07.271 [DETAIL] [Problem Task Chunk 0] Data Transform Started...
2018/06/16 12:20:07.271 [DETAIL] [Problem Task Chunk 0] Data Update Started...
2018/06/16 12:20:07.271 [INFO] Migration Completed 
2018/06/16 12:20:07.271 [INFO] Summary...  Created:0 Updated:0 Skipped:0 Errors:0 [Warnings 0]
2018/06/16 12:20:07.272 [INFO] [Incident Related Problem] Key Mapping Cache HPD:Associations -> Incident Ready.
2018/06/16 12:20:07.272 [INFO] [Incident Related Problem] Migration in progress.
2018/06/16 12:20:07.273 [DETAIL] [Incident Related Problem Chunk 0] Data Retrieve Started...
2018/06/16 12:20:07.273 [DETAIL] Create Inclusion Query: [Operation=1,Operand Left=[Operation=1,Operand Left=[Operation=4,Operand Left=[Operation=1,Operand Left=[Operand Type=[type=1],Operand=1000000101],Operand Right=[Operand Type=[type=2],Operand=PBM:Problem Investigation]],Operand Right=<null>],Operand Right=[Operation=4,Operand Left=[Operation=1,Operand Left=[Operand Type=[type=1],Operand=1000000203],Operand Right=[Operand Type=[type=2],Operand=HPD:Help Desk]],Operand Right=<null>]],Operand Right=[Operation=2,Operand Left=[Operation=2,Operand Left=[Operation=4,Operand Left=[Operation=1,Operand Left=[Operand Type=[type=1],Operand=1000000205],Operand Right=[Operand Type=[type=2],Operand=INC000000000002]],Operand Right=<null>],Operand Right=[Operation=4,Operand Left=[Operation=1,Operand Left=[Operand Type=[type=1],Operand=1000000205],Operand Right=[Operand Type=[type=2],Operand=INC_CAL_1000022]],Operand Right=<null>]],Operand Right=[Operation=4,Operand Left=[Operation=1,Operand Left=[Operand Type=[type=1],Operand=1000000205],Operand Right=[Operand Type=[type=2],Operand=INC000000000004]],Operand Right=<null>]]]
2018/06/16 12:20:07.292 [DETAIL] [Incident Related Problem Chunk 0] Data Transform Started...
2018/06/16 12:20:07.292 [DETAIL] Add Project Variable [number [STRING]]
2018/06/16 12:20:07.292 [DETAIL] Create SNow Lookup Query: number#!#number#!#
2018/06/16 12:20:07.293 [DETAIL] Lookup Batch Retrieve-Start
2018/06/16 12:20:07.293 [DETAIL] [src=null] SNow Qual: number=PBI_CAL_1000025
2018/06/16 12:20:07.293 [DETAIL] [src=null] SNow Qual: number=PBI_CAL_1000024
2018/06/16 12:20:07.738 [DETAIL] Lookup Batch Retrieve-End
2018/06/16 12:20:07.738 [DETAIL] Lookup Batch Retrieve-Start
2018/06/16 12:20:07.738 [DETAIL] [src=HAS000000000104] SNow Qual: number=INC_CAL_1000022
2018/06/16 12:20:07.738 [DETAIL] [src=HAS000000000106] SNow Qual: number=INC000000000004
2018/06/16 12:20:08.161 [DETAIL] Lookup Batch Retrieve-End
2018/06/16 12:20:08.162 [DETAIL] [Incident Related Problem Chunk 0] Data Update Started...
2018/06/16 12:20:08.162 [DETAIL] Batch Update of 2 Entries Started
2018/06/16 12:20:08.162 [DETAIL] Pre-Migration Task 0 Complete
2018/06/16 12:20:08.480 [DETAIL] Update entry complete [src=HAS000000000104 tgt=b555cdac373213005d19dcc773990ed4]
2018/06/16 12:20:08.480 [DETAIL] Update entry complete [src=HAS000000000106 tgt=c8864520377213005d19dcc773990e17]
2018/06/16 12:20:08.481 [DETAIL] Post-Migration Task 0 Complete
2018/06/16 12:20:08.486 [INFO] Migration Completed 
2018/06/16 12:20:08.486 [INFO] Summary...  Created:0 Updated:2 Skipped:0 Errors:0 [Warnings 0]
2018/06/16 12:20:08.488 [INFO] [Known Errors] Key Mapping Cache PBM:Known Error -> Problem Ready.
2018/06/16 12:20:08.488 [INFO] [Known Errors] Migration in progress.
2018/06/16 12:20:08.488 [DETAIL] [Known Errors Chunk 0] Data Retrieve Started...
2018/06/16 12:20:08.517 [DETAIL] [Known Errors Chunk 0] Data Transform Started...
2018/06/16 12:20:08.517 [DETAIL] [Known Errors Chunk 0] Data Update Started...
2018/06/16 12:20:08.517 [INFO] Migration Completed 
2018/06/16 12:20:08.517 [INFO] Summary...  Created:0 Updated:0 Skipped:0 Errors:0 [Warnings 0]
2018/06/16 12:20:08.518 [INFO] [Known Error Tasks] Key Mapping Cache TMS:Task -> Problem Task Ready.
2018/06/16 12:20:08.518 [INFO] [Known Error Tasks] Migration in progress.
2018/06/16 12:20:08.519 [DETAIL] [Known Error Tasks Chunk 0] Data Retrieve Started...
2018/06/16 12:20:08.519 [DETAIL] [Known Error Tasks Chunk 0] Data Transform Started...
2018/06/16 12:20:08.519 [DETAIL] [Known Error Tasks Chunk 0] Data Update Started...
2018/06/16 12:20:08.519 [INFO] Migration Completed 
2018/06/16 12:20:08.519 [INFO] Summary...  Created:0 Updated:0 Skipped:0 Errors:0 [Warnings 0]
2018/06/16 12:20:08.519 [INFO] [Incident Related Known Error] Key Mapping Cache HPD:Associations -> Incident Ready.
2018/06/16 12:20:08.519 [INFO] [Incident Related Known Error] Migration in progress.
2018/06/16 12:20:08.519 [DETAIL] [Incident Related Known Error Chunk 0] Data Retrieve Started...
2018/06/16 12:20:08.519 [DETAIL] Create Inclusion Query: [Operation=1,Operand Left=[Operation=1,Operand Left=[Operation=4,Operand Left=[Operation=1,Operand Left=[Operand Type=[type=1],Operand=1000000101],Operand Right=[Operand Type=[type=2],Operand=PBM:Known Error]],Operand Right=<null>],Operand Right=[Operation=4,Operand Left=[Operation=1,Operand Left=[Operand Type=[type=1],Operand=1000000203],Operand Right=[Operand Type=[type=2],Operand=HPD:Help Desk]],Operand Right=<null>]],Operand Right=[Operation=2,Operand Left=[Operation=2,Operand Left=[Operation=4,Operand Left=[Operation=1,Operand Left=[Operand Type=[type=1],Operand=1000000205],Operand Right=[Operand Type=[type=2],Operand=INC000000000002]],Operand Right=<null>],Operand Right=[Operation=4,Operand Left=[Operation=1,Operand Left=[Operand Type=[type=1],Operand=1000000205],Operand Right=[Operand Type=[type=2],Operand=INC_CAL_1000022]],Operand Right=<null>]],Operand Right=[Operation=4,Operand Left=[Operation=1,Operand Left=[Operand Type=[type=1],Operand=1000000205],Operand Right=[Operand Type=[type=2],Operand=INC000000000004]],Operand Right=<null>]]]
2018/06/16 12:20:08.579 [DETAIL] [Incident Related Known Error Chunk 0] Data Transform Started...
2018/06/16 12:20:08.580 [DETAIL] Add Project Variable [number [STRING]]
2018/06/16 12:20:08.580 [DETAIL] Create SNow Lookup Query: number#!#number#!#
2018/06/16 12:20:08.580 [DETAIL] Lookup Batch Retrieve-Start
2018/06/16 12:20:08.580 [DETAIL] [src=null] SNow Qual: number=PKE_CAL_1000002
2018/06/16 12:20:09.056 [DETAIL] Lookup Batch Retrieve-End
2018/06/16 12:20:09.056 [DETAIL] Lookup Batch Retrieve-Start
2018/06/16 12:20:09.056 [DETAIL] [src=HAS000000000105] SNow Qual: number=INC_CAL_1000022
2018/06/16 12:20:09.474 [DETAIL] Lookup Batch Retrieve-End
2018/06/16 12:20:09.475 [DETAIL] [Incident Related Known Error Chunk 0] Data Update Started...
2018/06/16 12:20:09.475 [DETAIL] Batch Update of 1 Entries Started
2018/06/16 12:20:09.475 [DETAIL] Pre-Migration Task 0 Complete
2018/06/16 12:20:09.942 [DETAIL] Update entry complete [src=HAS000000000105 tgt=b555cdac373213005d19dcc773990ed4]
2018/06/16 12:20:09.942 [DETAIL] Post-Migration Task 0 Complete
2018/06/16 12:20:09.944 [INFO] Migration Completed 
2018/06/16 12:20:09.944 [INFO] Summary...  Created:0 Updated:1 Skipped:0 Errors:0 [Warnings 0]
2018/06/16 12:20:09.944 [DETAIL] Closing Execution Task...
2018/06/16 12:20:10.060 [INFO] Execution has completed [Execution ID=2018-06-16_12-19]
2018/06/16 12:20:10.060 [INFO] --END OF LOG--
