2018/06/16 11:42:13.625 [INFO] Log Level set to Detail
2018/06/16 11:42:13.625 [INFO] ITSM Bridge version 3.7.14
2018/06/16 11:42:13.625 [INFO] Execution of INC_PBM version 7
2018/06/16 11:42:13.625 [INFO] Set Variable Modified Since Date to value '2018-01-01 00:00:00'
2018/06/16 11:42:13.625 [INFO] Set Variable Single Company to value 'FALSE'
2018/06/16 11:42:13.625 [INFO] Set Variable Company to value 'Calbro Services'
2018/06/16 11:42:13.627 [INFO] Execution started... [Execution ID=2018-06-16_11-42]
2018/06/16 11:42:13.628 [INFO] Initialisation Step Started...
2018/06/16 11:42:13.630 [INFO] Source Server Connected
2018/06/16 11:42:15.275 [INFO] Target Server Connected
2018/06/16 11:42:15.748 [DETAIL] Remedy Cache Initialisation started...
2018/06/16 11:42:15.748 [DETAIL] Remedy Cache Initialisation complete
2018/06/16 11:42:15.748 [INFO] Source Server Cache Initialised
2018/06/16 11:42:15.748 [DETAIL] Service Now Cache Initialisation started...
2018/06/16 11:42:15.748 [DETAIL] Service Now Cache Initialisation complete
2018/06/16 11:42:15.748 [INFO] Target Server Cache Initialised
2018/06/16 11:42:15.748 [DETAIL] Top Level Project Validation Completed
2018/06/16 11:42:16.214 [INFO] Initialisation 1 of 12 [User Reference] Disabled [Key Mapping Cache Initialised]
2018/06/16 11:42:16.677 [INFO] Initialisation 2 of 12 [Group Reference] Disabled [Key Mapping Cache Initialised]
2018/06/16 11:42:17.141 [DETAIL] Create SNow Lookup Query: name#!#!Company Name!#!#
2018/06/16 11:42:17.142 [DETAIL] Add Project Variable [Site ID [STRING]]
2018/06/16 11:42:17.145 [DETAIL] Create Remedy Lookup Query: 'Site ID' = ""
2018/06/16 11:42:17.146 [INFO] Initialisation 3 of 12 [Location Reference] Disabled [Key Mapping Cache Initialised]
2018/06/16 11:42:17.149 [DETAIL] Create Remedy Qualification: 'Last Modified Date' > "1/1/2018 1:00:00 AM" AND (0 = 1 AND 'Contact Company' = "Calbro Services" OR 0 = 0)
2018/06/16 11:42:17.159 [DETAIL] Add Project Variable [name [STRING]]
2018/06/16 11:42:17.159 [DETAIL] Create SNow Lookup Query: name#!#name#!#
2018/06/16 11:42:17.159 [DETAIL] Add Project Variable [Assignee Login ID [STRING]]
2018/06/16 11:42:17.205 [DETAIL] Create Remedy Lookup Query: 'Remedy Login ID' = ""
2018/06/16 11:42:17.206 [DETAIL] Add Project Variable [Assignee [STRING]]
2018/06/16 11:42:17.206 [DETAIL] Create SNow Lookup Query: name#!#Assignee#!#^email#!#!Assignee Email!#!#
2018/06/16 11:42:17.206 [DETAIL] Add Project Variable [Incident Number [STRING]]
2018/06/16 11:42:17.209 [DETAIL] Create Remedy Lookup Query: 'Incident Number' = ""
2018/06/16 11:42:17.209 [DETAIL] Add Project Variable [name [STRING]]
2018/06/16 11:42:17.209 [DETAIL] Add Project Variable [email [STRING]]
2018/06/16 11:42:17.209 [DETAIL] Create SNow Lookup Query: name#!#name#!#^email#!#email#!#
2018/06/16 11:42:17.209 [DETAIL] Add Project Variable [Contact Company [STRING]]
2018/06/16 11:42:17.209 [DETAIL] Create SNow Lookup Query: name#!#Contact Company#!#
2018/06/16 11:42:17.210 [DETAIL] Add Project Variable [country [STRING]]
2018/06/16 11:42:17.210 [DETAIL] Add Project Variable [city [STRING]]
2018/06/16 11:42:17.210 [DETAIL] Add Project Variable [name [STRING]]
2018/06/16 11:42:17.210 [DETAIL] Create SNow Lookup Query: name#!#name#!#^country#!#country#!#^city#!#city#!#
2018/06/16 11:42:17.969 [INFO] Initialisation 4 of 12 [Incident] Completed
2018/06/16 11:42:18.003 [DETAIL] Create Remedy Qualification: 'RootRequestFormName' = "HPD:Help Desk"
2018/06/16 11:42:18.062 [DETAIL] Add Project Variable [name [STRING]]
2018/06/16 11:42:18.064 [DETAIL] Create SNow Lookup Query: name#!#name#!#
2018/06/16 11:42:18.064 [DETAIL] Add Project Variable [Task ID [STRING]]
2018/06/16 11:42:18.066 [DETAIL] Create Remedy Lookup Query: 'TaskOrTaskGroupID' = ""
2018/06/16 11:42:18.067 [DETAIL] Add Project Variable [Company [STRING]]
2018/06/16 11:42:18.067 [DETAIL] Create SNow Lookup Query: name#!#Company#!#
2018/06/16 11:42:18.068 [DETAIL] Add Project Variable [Site [STRING]]
2018/06/16 11:42:18.068 [DETAIL] Add Project Variable [Company [STRING]]
2018/06/16 11:42:18.068 [DETAIL] Create SNow Lookup Query: company#!#Company#!#^name#!#Site#!#
2018/06/16 11:42:18.069 [DETAIL] Add Project Variable [RootRequestID [STRING]]
2018/06/16 11:42:18.069 [DETAIL] Create SNow Lookup Query: number#!#RootRequestID#!#
2018/06/16 11:42:18.069 [DETAIL] Add Project Variable [name [STRING]]
2018/06/16 11:42:18.069 [DETAIL] Add Project Variable [email [STRING]]
2018/06/16 11:42:18.069 [DETAIL] Create SNow Lookup Query: name#!#name#!#^email#!#email#!#
2018/06/16 11:42:18.070 [INFO] Synchronising Scripted Web Service [u_itsmb_incident_task_n]
2018/06/16 11:42:19.940 [DETAIL] --Check Import WS Started--
   WS Name: u_itsmb_incident_task_n
   Target Table: incident_task
   Scope: global
   Run Business Rules: false
   include fields from tables: incident_task,task
--created ws import set: u_itsmb_incident_task_n [incident_task]--
--synchronise ws fields with target complete--
--transform map updated: u_itsmb_incident_task_n
   transform field mapping exists: parent -> parent
   transform field mapping exists: made_sla -> made_sla
   transform field mapping exists: watch_list -> watch_list
   skip system field: template_import_log
   skip system field: target_scope
   transform field mapping exists: upon_reject -> upon_reject
   skip system field: sys_updated_on
   skip system field: target_class_name
   transform field mapping exists: approval_history -> approval_history
   skip system field: sys_target_sys_id
   transform field mapping exists: number -> number
   skip system field: sys_updated_by
   transform field mapping exists: user_input -> user_input
   transform field mapping exists: opened_by -> opened_by
   skip system field: sys_created_on
   skip system field: sys_import_set
   transform field mapping exists: state -> state
   skip system field: target_created_by
   skip system field: target_sys_id
   skip system field: sys_created_by
   transform field mapping exists: order -> order
   transform field mapping exists: knowledge -> knowledge
   skip system field: sys_import_row
   skip system field: sys_row_error
   transform field mapping exists: closed_at -> closed_at
   transform field mapping exists: delivery_plan -> delivery_plan
   transform field mapping exists: cmdb_ci -> cmdb_ci
   skip system field: target_domain_path
   transform field mapping exists: impact -> impact
   transform field mapping exists: work_notes_list -> work_notes_list
   transform field mapping exists: active -> active
   transform field mapping exists: business_service -> business_service
   skip system field: import_set_run
   transform field mapping exists: priority -> priority
   transform field mapping exists: time_worked -> time_worked
   transform field mapping exists: expected_start -> expected_start
   transform field mapping exists: rejection_goto -> rejection_goto
   transform field mapping exists: opened_at -> opened_at
   transform field mapping exists: business_duration -> business_duration
   transform field mapping exists: group_list -> group_list
   transform field mapping exists: work_end -> work_end
   transform field mapping exists: approval_set -> approval_set
   transform field mapping exists: work_notes -> work_notes
   transform field mapping exists: wf_activity -> wf_activity
   transform field mapping exists: short_description -> short_description
   skip system field: target_mod_count
   transform field mapping exists: work_start -> work_start
   transform field mapping exists: correlation_display -> correlation_display
   transform field mapping exists: delivery_task -> delivery_task
   transform field mapping exists: assignment_group -> assignment_group
   skip system field: batch_id
   skip system field: sys_import_state_comment
   transform field mapping exists: additional_assignee_list -> additional_assignee_list
   transform field mapping exists: description -> description
   transform field mapping exists: calendar_duration -> calendar_duration
   skip system field: target_domain
   transform field mapping exists: close_notes -> close_notes
   skip system field: sys_class_name
   transform field mapping exists: closed_by -> closed_by
   transform field mapping exists: follow_up -> follow_up
   transform field mapping exists: contact_type -> contact_type
   transform field mapping exists: urgency -> urgency
   skip system field: sys_transform_map
   transform field mapping exists: company -> company
   transform field mapping exists: reassignment_count -> reassignment_count
   transform field mapping exists: activity_due -> activity_due
   transform field mapping exists: assigned_to -> assigned_to
   transform field mapping exists: variables -> variables
   transform field mapping exists: comments -> comments
   skip system field: sys_target_table
   skip system field: target_created_on
   transform field mapping exists: approval -> approval
   transform field mapping exists: sla_due -> sla_due
   transform field mapping exists: due_date -> due_date
   transform field mapping exists: comments_and_work_notes -> comments_and_work_notes
   skip system field: sys_mod_count
   skip virtual field: sys_tags
   skip system field: sys_import_state
   transform field mapping exists: escalation -> escalation
   transform field mapping exists: upon_approval -> upon_approval
   transform field mapping exists: correlation_id -> correlation_id
   transform field mapping exists: location -> location
   skip system field: source_id
   transform field mapping exists: incident -> incident
   transform field mapping exists: target_domain -> sys_domain
   transform field mapping exists: target_class_name -> sys_class_name
   transform field mapping exists: target_mod_count -> sys_mod_count
   transform field mapping exists: target_created_by -> sys_created_by
   transform field mapping exists: target_created_on -> sys_created_on
coalece field exists
--synchronise transform map complete--
--Check Import Set WS and Transform Map Completed--

2018/06/16 11:42:19.940 [INFO] Scripted Web Service is Synchronised [u_itsmb_incident_task_n]
2018/06/16 11:42:20.399 [INFO] Initialisation 5 of 12 [Incident Task] Completed
2018/06/16 11:42:20.402 [DETAIL] Create Remedy Qualification: 'Form Name01' = "HPD:Help Desk" AND 'Form Name02' = "HPD:Help Desk" AND 'Request ID02' < 'Request ID01'
2018/06/16 11:42:20.421 [DETAIL] Add Project Variable [Request ID01 [STRING]]
2018/06/16 11:42:20.421 [DETAIL] Create SNow Lookup Query: number#!#Request ID01#!#
2018/06/16 11:42:20.424 [INFO] Synchronising Scripted Web Service [u_itsmb_incident_n]
2018/06/16 11:42:22.406 [DETAIL] --Check Import WS Started--
   WS Name: u_itsmb_incident_n
   Target Table: incident
   Scope: global
   Run Business Rules: false
   include fields from tables: incident,task
--created ws import set: u_itsmb_incident_n [incident]--
--synchronise ws fields with target complete--
--transform map updated: u_itsmb_incident_n
   transform field mapping exists: parent -> parent
   transform field mapping exists: watch_list -> watch_list
   transform field mapping exists: caused_by -> caused_by
   skip system field: template_import_log
   transform field mapping exists: upon_reject -> upon_reject
   skip system field: target_scope
   skip system field: sys_updated_on
   transform field mapping exists: approval_history -> approval_history
   transform field mapping exists: number -> number
   transform field mapping exists: state -> state
   skip system field: sys_created_by
   transform field mapping exists: order -> order
   transform field mapping exists: knowledge -> knowledge
   skip system field: sys_import_row
   transform field mapping exists: delivery_plan -> delivery_plan
   transform field mapping exists: cmdb_ci -> cmdb_ci
   transform field mapping exists: impact -> impact
   transform field mapping exists: work_notes_list -> work_notes_list
   transform field mapping exists: active -> active
   transform field mapping exists: priority -> priority
   transform field mapping exists: rejection_goto -> rejection_goto
   transform field mapping exists: group_list -> group_list
   transform field mapping exists: business_duration -> business_duration
   transform field mapping exists: approval_set -> approval_set
   transform field mapping exists: wf_activity -> wf_activity
   transform field mapping exists: short_description -> short_description
   transform field mapping exists: delivery_task -> delivery_task
   transform field mapping exists: correlation_display -> correlation_display
   skip system field: target_mod_count
   transform field mapping exists: work_start -> work_start
   skip system field: batch_id
   skip system field: sys_import_state_comment
   transform field mapping exists: additional_assignee_list -> additional_assignee_list
   skip system field: target_domain
   transform field mapping exists: notify -> notify
   skip system field: sys_class_name
   transform field mapping exists: closed_by -> closed_by
   transform field mapping exists: follow_up -> follow_up
   transform field mapping exists: parent_incident -> parent_incident
   transform field mapping exists: reopened_by -> reopened_by
   transform field mapping exists: reassignment_count -> reassignment_count
   transform field mapping exists: assigned_to -> assigned_to
   transform field mapping exists: variables -> variables
   skip system field: sys_target_table
   transform field mapping exists: sla_due -> sla_due
   transform field mapping exists: comments_and_work_notes -> comments_and_work_notes
   skip system field: sys_import_state
   transform field mapping exists: upon_approval -> upon_approval
   transform field mapping exists: escalation -> escalation
   transform field mapping exists: correlation_id -> correlation_id
   skip system field: source_id
   transform field mapping exists: made_sla -> made_sla
   skip system field: target_class_name
   transform field mapping exists: child_incidents -> child_incidents
   transform field mapping exists: hold_reason -> hold_reason
   skip system field: sys_target_sys_id
   transform field mapping exists: resolved_by -> resolved_by
   skip system field: sys_updated_by
   transform field mapping exists: user_input -> user_input
   transform field mapping exists: opened_by -> opened_by
   skip system field: sys_created_on
   skip system field: sys_import_set
   skip system field: target_sys_id
   skip system field: target_created_by
   transform field mapping exists: calendar_stc -> calendar_stc
   skip system field: sys_row_error
   transform field mapping exists: closed_at -> closed_at
   skip system field: target_domain_path
   transform field mapping exists: business_service -> business_service
   skip system field: import_set_run
   transform field mapping exists: rfc -> rfc
   transform field mapping exists: time_worked -> time_worked
   transform field mapping exists: expected_start -> expected_start
   transform field mapping exists: opened_at -> opened_at
   transform field mapping exists: work_end -> work_end
   transform field mapping exists: reopened_time -> reopened_time
   transform field mapping exists: caller_id -> caller_id
   transform field mapping exists: resolved_at -> resolved_at
   transform field mapping exists: work_notes -> work_notes
   transform field mapping exists: subcategory -> subcategory
   transform field mapping exists: close_code -> close_code
   transform field mapping exists: assignment_group -> assignment_group
   transform field mapping exists: business_stc -> business_stc
   transform field mapping exists: description -> description
   transform field mapping exists: calendar_duration -> calendar_duration
   transform field mapping exists: close_notes -> close_notes
   transform field mapping exists: contact_type -> contact_type
   transform field mapping exists: incident_state -> incident_state
   transform field mapping exists: urgency -> urgency
   transform field mapping exists: problem_id -> problem_id
   skip system field: sys_transform_map
   transform field mapping exists: company -> company
   transform field mapping exists: activity_due -> activity_due
   transform field mapping exists: severity -> severity
   transform field mapping exists: comments -> comments
   skip system field: target_created_on
   transform field mapping exists: approval -> approval
   transform field mapping exists: due_date -> due_date
   skip system field: sys_mod_count
   transform field mapping exists: reopen_count -> reopen_count
   skip virtual field: sys_tags
   transform field mapping exists: location -> location
   transform field mapping exists: category -> category
   transform field mapping exists: target_domain -> sys_domain
   transform field mapping exists: target_class_name -> sys_class_name
   transform field mapping exists: target_mod_count -> sys_mod_count
   transform field mapping exists: target_created_by -> sys_created_by
   transform field mapping exists: target_created_on -> sys_created_on
coalece field exists
--synchronise transform map complete--
--Check Import Set WS and Transform Map Completed--

2018/06/16 11:42:22.406 [INFO] Scripted Web Service is Synchronised [u_itsmb_incident_n]
2018/06/16 11:42:22.872 [INFO] Initialisation 6 of 12 [Child Incidents] Completed
2018/06/16 11:42:22.879 [DETAIL] Create Remedy Qualification: 'Last Modified Date' > "1/1/2018 1:00:00 AM" AND (0 = 1 AND 'Contact Company' = "Calbro Services" OR 0 = 0)
2018/06/16 11:42:22.914 [DETAIL] Add Project Variable [name [STRING]]
2018/06/16 11:42:22.914 [DETAIL] Create SNow Lookup Query: name#!#name#!#
2018/06/16 11:42:22.915 [DETAIL] Add Project Variable [Assignee Login ID [STRING]]
2018/06/16 11:42:22.916 [DETAIL] Create Remedy Lookup Query: 'Remedy Login ID' = ""
2018/06/16 11:42:22.916 [DETAIL] Add Project Variable [Assignee [STRING]]
2018/06/16 11:42:22.916 [DETAIL] Create SNow Lookup Query: name#!#Assignee#!#^email#!#!Assignee Email!#!#
2018/06/16 11:42:22.918 [DETAIL] Add Project Variable [Problem Investigation ID [STRING]]
2018/06/16 11:42:22.920 [DETAIL] Create Remedy Lookup Query: 'Problem Investigation ID' = ""
2018/06/16 11:42:22.920 [DETAIL] Add Project Variable [Contact Company [STRING]]
2018/06/16 11:42:22.920 [DETAIL] Create SNow Lookup Query: name#!#Contact Company#!#
2018/06/16 11:42:22.920 [DETAIL] Add Project Variable [country [STRING]]
2018/06/16 11:42:22.920 [DETAIL] Add Project Variable [city [STRING]]
2018/06/16 11:42:22.920 [DETAIL] Add Project Variable [name [STRING]]
2018/06/16 11:42:22.920 [DETAIL] Create SNow Lookup Query: name#!#name#!#^country#!#country#!#^city#!#city#!#
2018/06/16 11:42:22.922 [INFO] Synchronising Scripted Web Service [u_itsmb_problem_n]
2018/06/16 11:42:24.706 [DETAIL] --Check Import WS Started--
   WS Name: u_itsmb_problem_n
   Target Table: problem
   Scope: global
   Run Business Rules: false
   include fields from tables: problem,task
--created ws import set: u_itsmb_problem_n [problem]--
--synchronise ws fields with target complete--
--transform map updated: u_itsmb_problem_n
   transform field mapping exists: parent -> parent
   transform field mapping exists: made_sla -> made_sla
   transform field mapping exists: watch_list -> watch_list
   skip system field: template_import_log
   transform field mapping exists: upon_reject -> upon_reject
   skip system field: target_scope
   skip system field: sys_updated_on
   skip system field: target_class_name
   transform field mapping exists: approval_history -> approval_history
   skip system field: sys_target_sys_id
   transform field mapping exists: number -> number
   skip system field: sys_updated_by
   transform field mapping exists: work_around -> work_around
   transform field mapping exists: opened_by -> opened_by
   transform field mapping exists: user_input -> user_input
   skip system field: sys_created_on
   skip system field: sys_import_set
   transform field mapping exists: state -> state
   skip system field: target_sys_id
   skip system field: target_created_by
   skip system field: sys_created_by
   transform field mapping exists: order -> order
   transform field mapping exists: knowledge -> knowledge
   skip system field: sys_import_row
   transform field mapping exists: major_problem -> major_problem
   skip system field: sys_row_error
   transform field mapping exists: closed_at -> closed_at
   transform field mapping exists: cmdb_ci -> cmdb_ci
   transform field mapping exists: delivery_plan -> delivery_plan
   transform field mapping exists: impact -> impact
   skip system field: target_domain_path
   transform field mapping exists: work_notes_list -> work_notes_list
   transform field mapping exists: active -> active
   transform field mapping exists: business_service -> business_service
   skip system field: import_set_run
   transform field mapping exists: priority -> priority
   transform field mapping exists: time_worked -> time_worked
   transform field mapping exists: rfc -> rfc
   transform field mapping exists: expected_start -> expected_start
   transform field mapping exists: rejection_goto -> rejection_goto
   transform field mapping exists: opened_at -> opened_at
   transform field mapping exists: business_duration -> business_duration
   transform field mapping exists: group_list -> group_list
   transform field mapping exists: work_end -> work_end
   transform field mapping exists: approval_set -> approval_set
   transform field mapping exists: wf_activity -> wf_activity
   transform field mapping exists: work_notes -> work_notes
   transform field mapping exists: short_description -> short_description
   transform field mapping exists: work_start -> work_start
   transform field mapping exists: correlation_display -> correlation_display
   transform field mapping exists: delivery_task -> delivery_task
   skip system field: target_mod_count
   transform field mapping exists: assignment_group -> assignment_group
   skip system field: batch_id
   skip system field: sys_import_state_comment
   transform field mapping exists: known_error -> known_error
   transform field mapping exists: additional_assignee_list -> additional_assignee_list
   transform field mapping exists: description -> description
   transform field mapping exists: calendar_duration -> calendar_duration
   skip system field: target_domain
   transform field mapping exists: close_notes -> close_notes
   skip system field: sys_class_name
   transform field mapping exists: closed_by -> closed_by
   transform field mapping exists: follow_up -> follow_up
   transform field mapping exists: contact_type -> contact_type
   transform field mapping exists: urgency -> urgency
   skip system field: sys_transform_map
   transform field mapping exists: company -> company
   transform field mapping exists: reassignment_count -> reassignment_count
   transform field mapping exists: related_incidents -> related_incidents
   transform field mapping exists: activity_due -> activity_due
   transform field mapping exists: assigned_to -> assigned_to
   transform field mapping exists: variables -> variables
   transform field mapping exists: review_outcome -> review_outcome
   transform field mapping exists: comments -> comments
   skip system field: sys_target_table
   skip system field: target_created_on
   transform field mapping exists: approval -> approval
   transform field mapping exists: sla_due -> sla_due
   transform field mapping exists: problem_state -> problem_state
   transform field mapping exists: comments_and_work_notes -> comments_and_work_notes
   transform field mapping exists: due_date -> due_date
   skip system field: sys_mod_count
   skip virtual field: sys_tags
   skip system field: sys_import_state
   transform field mapping exists: escalation -> escalation
   transform field mapping exists: upon_approval -> upon_approval
   transform field mapping exists: correlation_id -> correlation_id
   transform field mapping exists: location -> location
   skip system field: source_id
   transform field mapping exists: target_domain -> sys_domain
   transform field mapping exists: target_class_name -> sys_class_name
   transform field mapping exists: target_mod_count -> sys_mod_count
   transform field mapping exists: target_created_by -> sys_created_by
   transform field mapping exists: target_created_on -> sys_created_on
coalece field exists
--synchronise transform map complete--
--Check Import Set WS and Transform Map Completed--

2018/06/16 11:42:24.706 [INFO] Scripted Web Service is Synchronised [u_itsmb_problem_n]
2018/06/16 11:42:25.166 [INFO] Initialisation 7 of 12 [Problem] Completed
2018/06/16 11:42:25.170 [DETAIL] Create Remedy Qualification: 'RootRequestFormName' = "PBM:Problem Investigation"
2018/06/16 11:42:25.207 [DETAIL] Add Project Variable [name [STRING]]
2018/06/16 11:42:25.209 [DETAIL] Create SNow Lookup Query: name#!#name#!#
2018/06/16 11:42:25.209 [DETAIL] Add Project Variable [Task ID [STRING]]
2018/06/16 11:42:25.211 [DETAIL] Create Remedy Lookup Query: 'TaskOrTaskGroupID' = ""
2018/06/16 11:42:25.211 [DETAIL] Add Project Variable [RootRequestID [STRING]]
2018/06/16 11:42:25.211 [DETAIL] Create SNow Lookup Query: number#!#RootRequestID#!#
2018/06/16 11:42:25.212 [DETAIL] Add Project Variable [Company [STRING]]
2018/06/16 11:42:25.212 [DETAIL] Create SNow Lookup Query: name#!#Company#!#
2018/06/16 11:42:25.213 [DETAIL] Add Project Variable [Site [STRING]]
2018/06/16 11:42:25.213 [DETAIL] Add Project Variable [Company [STRING]]
2018/06/16 11:42:25.213 [DETAIL] Create SNow Lookup Query: company#!#Company#!#^name#!#Site#!#
2018/06/16 11:42:25.213 [DETAIL] Add Project Variable [name [STRING]]
2018/06/16 11:42:25.213 [DETAIL] Add Project Variable [email [STRING]]
2018/06/16 11:42:25.214 [DETAIL] Create SNow Lookup Query: name#!#name#!#^email#!#email#!#
2018/06/16 11:42:25.215 [INFO] Synchronising Scripted Web Service [u_itsmb_problem_task_n]
2018/06/16 11:42:26.967 [DETAIL] --Check Import WS Started--
   WS Name: u_itsmb_problem_task_n
   Target Table: problem_task
   Scope: global
   Run Business Rules: false
   include fields from tables: problem_task,task
--created ws import set: u_itsmb_problem_task_n [problem_task]--
--synchronise ws fields with target complete--
--transform map updated: u_itsmb_problem_task_n
   transform field mapping exists: parent -> parent
   transform field mapping exists: made_sla -> made_sla
   transform field mapping exists: watch_list -> watch_list
   skip system field: template_import_log
   skip system field: target_scope
   transform field mapping exists: upon_reject -> upon_reject
   skip system field: sys_updated_on
   skip system field: target_class_name
   transform field mapping exists: approval_history -> approval_history
   skip system field: sys_target_sys_id
   transform field mapping exists: number -> number
   transform field mapping exists: problem -> problem
   skip system field: sys_updated_by
   transform field mapping exists: opened_by -> opened_by
   transform field mapping exists: user_input -> user_input
   skip system field: sys_created_on
   skip system field: sys_import_set
   transform field mapping exists: state -> state
   skip system field: target_created_by
   skip system field: target_sys_id
   skip system field: sys_created_by
   transform field mapping exists: order -> order
   transform field mapping exists: knowledge -> knowledge
   skip system field: sys_import_row
   skip system field: sys_row_error
   transform field mapping exists: closed_at -> closed_at
   transform field mapping exists: cmdb_ci -> cmdb_ci
   transform field mapping exists: delivery_plan -> delivery_plan
   transform field mapping exists: impact -> impact
   skip system field: target_domain_path
   transform field mapping exists: work_notes_list -> work_notes_list
   transform field mapping exists: active -> active
   transform field mapping exists: business_service -> business_service
   skip system field: import_set_run
   transform field mapping exists: priority -> priority
   transform field mapping exists: time_worked -> time_worked
   transform field mapping exists: expected_start -> expected_start
   transform field mapping exists: rejection_goto -> rejection_goto
   transform field mapping exists: opened_at -> opened_at
   transform field mapping exists: business_duration -> business_duration
   transform field mapping exists: group_list -> group_list
   transform field mapping exists: work_end -> work_end
   transform field mapping exists: approval_set -> approval_set
   transform field mapping exists: work_notes -> work_notes
   transform field mapping exists: wf_activity -> wf_activity
   transform field mapping exists: short_description -> short_description
   transform field mapping exists: correlation_display -> correlation_display
   skip system field: target_mod_count
   transform field mapping exists: work_start -> work_start
   transform field mapping exists: delivery_task -> delivery_task
   transform field mapping exists: assignment_group -> assignment_group
   skip system field: batch_id
   skip system field: sys_import_state_comment
   transform field mapping exists: additional_assignee_list -> additional_assignee_list
   transform field mapping exists: description -> description
   transform field mapping exists: calendar_duration -> calendar_duration
   skip system field: target_domain
   transform field mapping exists: close_notes -> close_notes
   skip system field: sys_class_name
   transform field mapping exists: closed_by -> closed_by
   transform field mapping exists: follow_up -> follow_up
   transform field mapping exists: contact_type -> contact_type
   transform field mapping exists: urgency -> urgency
   skip system field: sys_transform_map
   transform field mapping exists: company -> company
   transform field mapping exists: reassignment_count -> reassignment_count
   transform field mapping exists: activity_due -> activity_due
   transform field mapping exists: assigned_to -> assigned_to
   transform field mapping exists: variables -> variables
   transform field mapping exists: comments -> comments
   skip system field: sys_target_table
   skip system field: target_created_on
   transform field mapping exists: sla_due -> sla_due
   transform field mapping exists: approval -> approval
   transform field mapping exists: due_date -> due_date
   transform field mapping exists: comments_and_work_notes -> comments_and_work_notes
   skip system field: sys_mod_count
   skip virtual field: sys_tags
   skip system field: sys_import_state
   transform field mapping exists: escalation -> escalation
   transform field mapping exists: upon_approval -> upon_approval
   transform field mapping exists: correlation_id -> correlation_id
   transform field mapping exists: location -> location
   skip system field: source_id
   transform field mapping exists: target_domain -> sys_domain
   transform field mapping exists: target_class_name -> sys_class_name
   transform field mapping exists: target_mod_count -> sys_mod_count
   transform field mapping exists: target_created_by -> sys_created_by
   transform field mapping exists: target_created_on -> sys_created_on
coalece field exists
--synchronise transform map complete--
--Check Import Set WS and Transform Map Completed--

2018/06/16 11:42:26.968 [INFO] Scripted Web Service is Synchronised [u_itsmb_problem_task_n]
2018/06/16 11:42:27.430 [INFO] Initialisation 8 of 12 [Problem Task] Completed
2018/06/16 11:42:27.434 [DETAIL] Create Remedy Qualification: 'Form Name01' = "PBM:Problem Investigation" AND 'Form Name02' = "HPD:Help Desk"
2018/06/16 11:42:27.440 [DETAIL] Add Project Variable [Request ID01 [STRING]]
2018/06/16 11:42:27.440 [DETAIL] Create SNow Lookup Query: number#!#Request ID01#!#
2018/06/16 11:42:27.442 [INFO] Synchronising Scripted Web Service [u_itsmb_incident_n]
2018/06/16 11:42:29.511 [DETAIL] --Check Import WS Started--
   WS Name: u_itsmb_incident_n
   Target Table: incident
   Scope: global
   Run Business Rules: false
   include fields from tables: incident,task
--created ws import set: u_itsmb_incident_n [incident]--
--synchronise ws fields with target complete--
--transform map updated: u_itsmb_incident_n
   transform field mapping exists: parent -> parent
   transform field mapping exists: watch_list -> watch_list
   transform field mapping exists: caused_by -> caused_by
   skip system field: template_import_log
   transform field mapping exists: upon_reject -> upon_reject
   skip system field: target_scope
   skip system field: sys_updated_on
   transform field mapping exists: approval_history -> approval_history
   transform field mapping exists: number -> number
   transform field mapping exists: state -> state
   skip system field: sys_created_by
   transform field mapping exists: order -> order
   transform field mapping exists: knowledge -> knowledge
   skip system field: sys_import_row
   transform field mapping exists: delivery_plan -> delivery_plan
   transform field mapping exists: cmdb_ci -> cmdb_ci
   transform field mapping exists: impact -> impact
   transform field mapping exists: work_notes_list -> work_notes_list
   transform field mapping exists: active -> active
   transform field mapping exists: priority -> priority
   transform field mapping exists: rejection_goto -> rejection_goto
   transform field mapping exists: group_list -> group_list
   transform field mapping exists: business_duration -> business_duration
   transform field mapping exists: approval_set -> approval_set
   transform field mapping exists: wf_activity -> wf_activity
   transform field mapping exists: short_description -> short_description
   transform field mapping exists: delivery_task -> delivery_task
   transform field mapping exists: correlation_display -> correlation_display
   skip system field: target_mod_count
   transform field mapping exists: work_start -> work_start
   skip system field: batch_id
   skip system field: sys_import_state_comment
   transform field mapping exists: additional_assignee_list -> additional_assignee_list
   skip system field: target_domain
   transform field mapping exists: notify -> notify
   skip system field: sys_class_name
   transform field mapping exists: closed_by -> closed_by
   transform field mapping exists: follow_up -> follow_up
   transform field mapping exists: parent_incident -> parent_incident
   transform field mapping exists: reopened_by -> reopened_by
   transform field mapping exists: reassignment_count -> reassignment_count
   transform field mapping exists: assigned_to -> assigned_to
   transform field mapping exists: variables -> variables
   skip system field: sys_target_table
   transform field mapping exists: sla_due -> sla_due
   transform field mapping exists: comments_and_work_notes -> comments_and_work_notes
   skip system field: sys_import_state
   transform field mapping exists: upon_approval -> upon_approval
   transform field mapping exists: escalation -> escalation
   transform field mapping exists: correlation_id -> correlation_id
   skip system field: source_id
   transform field mapping exists: made_sla -> made_sla
   skip system field: target_class_name
   transform field mapping exists: child_incidents -> child_incidents
   transform field mapping exists: hold_reason -> hold_reason
   skip system field: sys_target_sys_id
   transform field mapping exists: resolved_by -> resolved_by
   skip system field: sys_updated_by
   transform field mapping exists: user_input -> user_input
   transform field mapping exists: opened_by -> opened_by
   skip system field: sys_created_on
   skip system field: sys_import_set
   skip system field: target_sys_id
   skip system field: target_created_by
   transform field mapping exists: calendar_stc -> calendar_stc
   skip system field: sys_row_error
   transform field mapping exists: closed_at -> closed_at
   skip system field: target_domain_path
   transform field mapping exists: business_service -> business_service
   skip system field: import_set_run
   transform field mapping exists: rfc -> rfc
   transform field mapping exists: time_worked -> time_worked
   transform field mapping exists: expected_start -> expected_start
   transform field mapping exists: opened_at -> opened_at
   transform field mapping exists: work_end -> work_end
   transform field mapping exists: reopened_time -> reopened_time
   transform field mapping exists: caller_id -> caller_id
   transform field mapping exists: resolved_at -> resolved_at
   transform field mapping exists: work_notes -> work_notes
   transform field mapping exists: subcategory -> subcategory
   transform field mapping exists: close_code -> close_code
   transform field mapping exists: assignment_group -> assignment_group
   transform field mapping exists: business_stc -> business_stc
   transform field mapping exists: description -> description
   transform field mapping exists: calendar_duration -> calendar_duration
   transform field mapping exists: close_notes -> close_notes
   transform field mapping exists: contact_type -> contact_type
   transform field mapping exists: incident_state -> incident_state
   transform field mapping exists: urgency -> urgency
   transform field mapping exists: problem_id -> problem_id
   skip system field: sys_transform_map
   transform field mapping exists: company -> company
   transform field mapping exists: activity_due -> activity_due
   transform field mapping exists: severity -> severity
   transform field mapping exists: comments -> comments
   skip system field: target_created_on
   transform field mapping exists: approval -> approval
   transform field mapping exists: due_date -> due_date
   skip system field: sys_mod_count
   transform field mapping exists: reopen_count -> reopen_count
   skip virtual field: sys_tags
   transform field mapping exists: location -> location
   transform field mapping exists: category -> category
   transform field mapping exists: target_domain -> sys_domain
   transform field mapping exists: target_class_name -> sys_class_name
   transform field mapping exists: target_mod_count -> sys_mod_count
   transform field mapping exists: target_created_by -> sys_created_by
   transform field mapping exists: target_created_on -> sys_created_on
coalece field exists
--synchronise transform map complete--
--Check Import Set WS and Transform Map Completed--

2018/06/16 11:42:29.511 [INFO] Scripted Web Service is Synchronised [u_itsmb_incident_n]
2018/06/16 11:42:29.974 [INFO] Initialisation 9 of 12 [Incident Related Problem] Completed
2018/06/16 11:42:29.978 [DETAIL] Create Remedy Qualification: 'Last Modified Date' > "1/1/2018 1:00:00 AM" AND (0 = 1 AND 'Company' = "Calbro Services" OR 0 = 0)
2018/06/16 11:42:29.985 [DETAIL] Add Project Variable [name [STRING]]
2018/06/16 11:42:29.985 [DETAIL] Create SNow Lookup Query: name#!#name#!#
2018/06/16 11:42:29.986 [DETAIL] Add Project Variable [Assignee Login [STRING]]
2018/06/16 11:42:29.991 [DETAIL] Create Remedy Lookup Query: 'Remedy Login ID' = ""
2018/06/16 11:42:29.991 [DETAIL] Add Project Variable [Assignee [STRING]]
2018/06/16 11:42:29.991 [DETAIL] Create SNow Lookup Query: name#!#Assignee#!#^email#!#!Assignee Email!#!#
2018/06/16 11:42:29.992 [DETAIL] Add Project Variable [Known Error ID [STRING]]
2018/06/16 11:42:29.994 [DETAIL] Create Remedy Lookup Query: 'Known Error ID' = ""
2018/06/16 11:42:29.995 [DETAIL] Add Project Variable [Company [STRING]]
2018/06/16 11:42:29.995 [DETAIL] Create SNow Lookup Query: name#!#Company#!#
2018/06/16 11:42:29.995 [DETAIL] Add Project Variable [Site [STRING]]
2018/06/16 11:42:29.995 [DETAIL] Add Project Variable [Company [STRING]]
2018/06/16 11:42:29.995 [DETAIL] Create SNow Lookup Query: company#!#Company#!#^name#!#Site#!#
2018/06/16 11:42:29.996 [INFO] Synchronising Scripted Web Service [u_itsmb_problem_n]
2018/06/16 11:42:31.807 [DETAIL] --Check Import WS Started--
   WS Name: u_itsmb_problem_n
   Target Table: problem
   Scope: global
   Run Business Rules: false
   include fields from tables: problem,task
--created ws import set: u_itsmb_problem_n [problem]--
--synchronise ws fields with target complete--
--transform map updated: u_itsmb_problem_n
   transform field mapping exists: parent -> parent
   transform field mapping exists: made_sla -> made_sla
   transform field mapping exists: watch_list -> watch_list
   skip system field: template_import_log
   transform field mapping exists: upon_reject -> upon_reject
   skip system field: target_scope
   skip system field: sys_updated_on
   skip system field: target_class_name
   transform field mapping exists: approval_history -> approval_history
   skip system field: sys_target_sys_id
   transform field mapping exists: number -> number
   skip system field: sys_updated_by
   transform field mapping exists: work_around -> work_around
   transform field mapping exists: opened_by -> opened_by
   transform field mapping exists: user_input -> user_input
   skip system field: sys_created_on
   skip system field: sys_import_set
   transform field mapping exists: state -> state
   skip system field: target_sys_id
   skip system field: target_created_by
   skip system field: sys_created_by
   transform field mapping exists: order -> order
   transform field mapping exists: knowledge -> knowledge
   skip system field: sys_import_row
   transform field mapping exists: major_problem -> major_problem
   skip system field: sys_row_error
   transform field mapping exists: closed_at -> closed_at
   transform field mapping exists: cmdb_ci -> cmdb_ci
   transform field mapping exists: delivery_plan -> delivery_plan
   transform field mapping exists: impact -> impact
   skip system field: target_domain_path
   transform field mapping exists: work_notes_list -> work_notes_list
   transform field mapping exists: active -> active
   transform field mapping exists: business_service -> business_service
   skip system field: import_set_run
   transform field mapping exists: priority -> priority
   transform field mapping exists: time_worked -> time_worked
   transform field mapping exists: rfc -> rfc
   transform field mapping exists: expected_start -> expected_start
   transform field mapping exists: rejection_goto -> rejection_goto
   transform field mapping exists: opened_at -> opened_at
   transform field mapping exists: business_duration -> business_duration
   transform field mapping exists: group_list -> group_list
   transform field mapping exists: work_end -> work_end
   transform field mapping exists: approval_set -> approval_set
   transform field mapping exists: wf_activity -> wf_activity
   transform field mapping exists: work_notes -> work_notes
   transform field mapping exists: short_description -> short_description
   transform field mapping exists: work_start -> work_start
   transform field mapping exists: correlation_display -> correlation_display
   transform field mapping exists: delivery_task -> delivery_task
   skip system field: target_mod_count
   transform field mapping exists: assignment_group -> assignment_group
   skip system field: batch_id
   skip system field: sys_import_state_comment
   transform field mapping exists: known_error -> known_error
   transform field mapping exists: additional_assignee_list -> additional_assignee_list
   transform field mapping exists: description -> description
   transform field mapping exists: calendar_duration -> calendar_duration
   skip system field: target_domain
   transform field mapping exists: close_notes -> close_notes
   skip system field: sys_class_name
   transform field mapping exists: closed_by -> closed_by
   transform field mapping exists: follow_up -> follow_up
   transform field mapping exists: contact_type -> contact_type
   transform field mapping exists: urgency -> urgency
   skip system field: sys_transform_map
   transform field mapping exists: company -> company
   transform field mapping exists: reassignment_count -> reassignment_count
   transform field mapping exists: related_incidents -> related_incidents
   transform field mapping exists: activity_due -> activity_due
   transform field mapping exists: assigned_to -> assigned_to
   transform field mapping exists: variables -> variables
   transform field mapping exists: review_outcome -> review_outcome
   transform field mapping exists: comments -> comments
   skip system field: sys_target_table
   skip system field: target_created_on
   transform field mapping exists: approval -> approval
   transform field mapping exists: sla_due -> sla_due
   transform field mapping exists: problem_state -> problem_state
   transform field mapping exists: comments_and_work_notes -> comments_and_work_notes
   transform field mapping exists: due_date -> due_date
   skip system field: sys_mod_count
   skip virtual field: sys_tags
   skip system field: sys_import_state
   transform field mapping exists: escalation -> escalation
   transform field mapping exists: upon_approval -> upon_approval
   transform field mapping exists: correlation_id -> correlation_id
   transform field mapping exists: location -> location
   skip system field: source_id
   transform field mapping exists: target_domain -> sys_domain
   transform field mapping exists: target_class_name -> sys_class_name
   transform field mapping exists: target_mod_count -> sys_mod_count
   transform field mapping exists: target_created_by -> sys_created_by
   transform field mapping exists: target_created_on -> sys_created_on
coalece field exists
--synchronise transform map complete--
--Check Import Set WS and Transform Map Completed--

2018/06/16 11:42:31.807 [INFO] Scripted Web Service is Synchronised [u_itsmb_problem_n]
2018/06/16 11:42:32.278 [INFO] Initialisation 10 of 12 [Known Errors] Completed
2018/06/16 11:42:32.283 [DETAIL] Create Remedy Qualification: 'RootRequestFormName' = "PBM:Known Error"
2018/06/16 11:42:32.310 [DETAIL] Add Project Variable [name [STRING]]
2018/06/16 11:42:32.310 [DETAIL] Create SNow Lookup Query: name#!#name#!#
2018/06/16 11:42:32.310 [DETAIL] Add Project Variable [Task ID [STRING]]
2018/06/16 11:42:32.312 [DETAIL] Create Remedy Lookup Query: 'TaskOrTaskGroupID' = ""
2018/06/16 11:42:32.312 [DETAIL] Add Project Variable [RootRequestID [STRING]]
2018/06/16 11:42:32.312 [DETAIL] Create SNow Lookup Query: number#!#RootRequestID#!#
2018/06/16 11:42:32.313 [DETAIL] Add Project Variable [Company [STRING]]
2018/06/16 11:42:32.313 [DETAIL] Create SNow Lookup Query: name#!#Company#!#
2018/06/16 11:42:32.313 [DETAIL] Add Project Variable [Site [STRING]]
2018/06/16 11:42:32.313 [DETAIL] Add Project Variable [Company [STRING]]
2018/06/16 11:42:32.313 [DETAIL] Create SNow Lookup Query: company#!#Company#!#^name#!#Site#!#
2018/06/16 11:42:32.314 [DETAIL] Add Project Variable [name [STRING]]
2018/06/16 11:42:32.314 [DETAIL] Add Project Variable [email [STRING]]
2018/06/16 11:42:32.314 [DETAIL] Create SNow Lookup Query: name#!#name#!#^email#!#email#!#
2018/06/16 11:42:32.314 [INFO] Synchronising Scripted Web Service [u_itsmb_problem_task_n]
2018/06/16 11:42:33.995 [DETAIL] --Check Import WS Started--
   WS Name: u_itsmb_problem_task_n
   Target Table: problem_task
   Scope: global
   Run Business Rules: false
   include fields from tables: problem_task,task
--created ws import set: u_itsmb_problem_task_n [problem_task]--
--synchronise ws fields with target complete--
--transform map updated: u_itsmb_problem_task_n
   transform field mapping exists: parent -> parent
   transform field mapping exists: made_sla -> made_sla
   transform field mapping exists: watch_list -> watch_list
   skip system field: template_import_log
   skip system field: target_scope
   transform field mapping exists: upon_reject -> upon_reject
   skip system field: sys_updated_on
   skip system field: target_class_name
   transform field mapping exists: approval_history -> approval_history
   skip system field: sys_target_sys_id
   transform field mapping exists: number -> number
   transform field mapping exists: problem -> problem
   skip system field: sys_updated_by
   transform field mapping exists: opened_by -> opened_by
   transform field mapping exists: user_input -> user_input
   skip system field: sys_created_on
   skip system field: sys_import_set
   transform field mapping exists: state -> state
   skip system field: target_created_by
   skip system field: target_sys_id
   skip system field: sys_created_by
   transform field mapping exists: order -> order
   transform field mapping exists: knowledge -> knowledge
   skip system field: sys_import_row
   skip system field: sys_row_error
   transform field mapping exists: closed_at -> closed_at
   transform field mapping exists: cmdb_ci -> cmdb_ci
   transform field mapping exists: delivery_plan -> delivery_plan
   transform field mapping exists: impact -> impact
   skip system field: target_domain_path
   transform field mapping exists: work_notes_list -> work_notes_list
   transform field mapping exists: active -> active
   transform field mapping exists: business_service -> business_service
   skip system field: import_set_run
   transform field mapping exists: priority -> priority
   transform field mapping exists: time_worked -> time_worked
   transform field mapping exists: expected_start -> expected_start
   transform field mapping exists: rejection_goto -> rejection_goto
   transform field mapping exists: opened_at -> opened_at
   transform field mapping exists: business_duration -> business_duration
   transform field mapping exists: group_list -> group_list
   transform field mapping exists: work_end -> work_end
   transform field mapping exists: approval_set -> approval_set
   transform field mapping exists: work_notes -> work_notes
   transform field mapping exists: wf_activity -> wf_activity
   transform field mapping exists: short_description -> short_description
   transform field mapping exists: correlation_display -> correlation_display
   skip system field: target_mod_count
   transform field mapping exists: work_start -> work_start
   transform field mapping exists: delivery_task -> delivery_task
   transform field mapping exists: assignment_group -> assignment_group
   skip system field: batch_id
   skip system field: sys_import_state_comment
   transform field mapping exists: additional_assignee_list -> additional_assignee_list
   transform field mapping exists: description -> description
   transform field mapping exists: calendar_duration -> calendar_duration
   skip system field: target_domain
   transform field mapping exists: close_notes -> close_notes
   skip system field: sys_class_name
   transform field mapping exists: closed_by -> closed_by
   transform field mapping exists: follow_up -> follow_up
   transform field mapping exists: contact_type -> contact_type
   transform field mapping exists: urgency -> urgency
   skip system field: sys_transform_map
   transform field mapping exists: company -> company
   transform field mapping exists: reassignment_count -> reassignment_count
   transform field mapping exists: activity_due -> activity_due
   transform field mapping exists: assigned_to -> assigned_to
   transform field mapping exists: variables -> variables
   transform field mapping exists: comments -> comments
   skip system field: sys_target_table
   skip system field: target_created_on
   transform field mapping exists: sla_due -> sla_due
   transform field mapping exists: approval -> approval
   transform field mapping exists: due_date -> due_date
   transform field mapping exists: comments_and_work_notes -> comments_and_work_notes
   skip system field: sys_mod_count
   skip virtual field: sys_tags
   skip system field: sys_import_state
   transform field mapping exists: escalation -> escalation
   transform field mapping exists: upon_approval -> upon_approval
   transform field mapping exists: correlation_id -> correlation_id
   transform field mapping exists: location -> location
   skip system field: source_id
   transform field mapping exists: target_domain -> sys_domain
   transform field mapping exists: target_class_name -> sys_class_name
   transform field mapping exists: target_mod_count -> sys_mod_count
   transform field mapping exists: target_created_by -> sys_created_by
   transform field mapping exists: target_created_on -> sys_created_on
coalece field exists
--synchronise transform map complete--
--Check Import Set WS and Transform Map Completed--

2018/06/16 11:42:33.995 [INFO] Scripted Web Service is Synchronised [u_itsmb_problem_task_n]
2018/06/16 11:42:34.465 [INFO] Initialisation 11 of 12 [Known Error Tasks] Completed
2018/06/16 11:42:34.469 [DETAIL] Create Remedy Qualification: 'Form Name01' = "PBM:Known Error" AND 'Form Name02' = "HPD:Help Desk"
2018/06/16 11:42:34.505 [DETAIL] Add Project Variable [Request ID01 [STRING]]
2018/06/16 11:42:34.505 [DETAIL] Create SNow Lookup Query: number#!#Request ID01#!#
2018/06/16 11:42:34.507 [INFO] Synchronising Scripted Web Service [u_itsmb_incident_n]
2018/06/16 11:42:36.566 [DETAIL] --Check Import WS Started--
   WS Name: u_itsmb_incident_n
   Target Table: incident
   Scope: global
   Run Business Rules: false
   include fields from tables: incident,task
--created ws import set: u_itsmb_incident_n [incident]--
--synchronise ws fields with target complete--
--transform map updated: u_itsmb_incident_n
   transform field mapping exists: parent -> parent
   transform field mapping exists: watch_list -> watch_list
   transform field mapping exists: caused_by -> caused_by
   skip system field: template_import_log
   transform field mapping exists: upon_reject -> upon_reject
   skip system field: target_scope
   skip system field: sys_updated_on
   transform field mapping exists: approval_history -> approval_history
   transform field mapping exists: number -> number
   transform field mapping exists: state -> state
   skip system field: sys_created_by
   transform field mapping exists: order -> order
   transform field mapping exists: knowledge -> knowledge
   skip system field: sys_import_row
   transform field mapping exists: delivery_plan -> delivery_plan
   transform field mapping exists: cmdb_ci -> cmdb_ci
   transform field mapping exists: impact -> impact
   transform field mapping exists: work_notes_list -> work_notes_list
   transform field mapping exists: active -> active
   transform field mapping exists: priority -> priority
   transform field mapping exists: rejection_goto -> rejection_goto
   transform field mapping exists: group_list -> group_list
   transform field mapping exists: business_duration -> business_duration
   transform field mapping exists: approval_set -> approval_set
   transform field mapping exists: wf_activity -> wf_activity
   transform field mapping exists: short_description -> short_description
   transform field mapping exists: delivery_task -> delivery_task
   transform field mapping exists: correlation_display -> correlation_display
   skip system field: target_mod_count
   transform field mapping exists: work_start -> work_start
   skip system field: batch_id
   skip system field: sys_import_state_comment
   transform field mapping exists: additional_assignee_list -> additional_assignee_list
   skip system field: target_domain
   transform field mapping exists: notify -> notify
   skip system field: sys_class_name
   transform field mapping exists: closed_by -> closed_by
   transform field mapping exists: follow_up -> follow_up
   transform field mapping exists: parent_incident -> parent_incident
   transform field mapping exists: reopened_by -> reopened_by
   transform field mapping exists: reassignment_count -> reassignment_count
   transform field mapping exists: assigned_to -> assigned_to
   transform field mapping exists: variables -> variables
   skip system field: sys_target_table
   transform field mapping exists: sla_due -> sla_due
   transform field mapping exists: comments_and_work_notes -> comments_and_work_notes
   skip system field: sys_import_state
   transform field mapping exists: upon_approval -> upon_approval
   transform field mapping exists: escalation -> escalation
   transform field mapping exists: correlation_id -> correlation_id
   skip system field: source_id
   transform field mapping exists: made_sla -> made_sla
   skip system field: target_class_name
   transform field mapping exists: child_incidents -> child_incidents
   transform field mapping exists: hold_reason -> hold_reason
   skip system field: sys_target_sys_id
   transform field mapping exists: resolved_by -> resolved_by
   skip system field: sys_updated_by
   transform field mapping exists: user_input -> user_input
   transform field mapping exists: opened_by -> opened_by
   skip system field: sys_created_on
   skip system field: sys_import_set
   skip system field: target_sys_id
   skip system field: target_created_by
   transform field mapping exists: calendar_stc -> calendar_stc
   skip system field: sys_row_error
   transform field mapping exists: closed_at -> closed_at
   skip system field: target_domain_path
   transform field mapping exists: business_service -> business_service
   skip system field: import_set_run
   transform field mapping exists: rfc -> rfc
   transform field mapping exists: time_worked -> time_worked
   transform field mapping exists: expected_start -> expected_start
   transform field mapping exists: opened_at -> opened_at
   transform field mapping exists: work_end -> work_end
   transform field mapping exists: reopened_time -> reopened_time
   transform field mapping exists: caller_id -> caller_id
   transform field mapping exists: resolved_at -> resolved_at
   transform field mapping exists: work_notes -> work_notes
   transform field mapping exists: subcategory -> subcategory
   transform field mapping exists: close_code -> close_code
   transform field mapping exists: assignment_group -> assignment_group
   transform field mapping exists: business_stc -> business_stc
   transform field mapping exists: description -> description
   transform field mapping exists: calendar_duration -> calendar_duration
   transform field mapping exists: close_notes -> close_notes
   transform field mapping exists: contact_type -> contact_type
   transform field mapping exists: incident_state -> incident_state
   transform field mapping exists: urgency -> urgency
   transform field mapping exists: problem_id -> problem_id
   skip system field: sys_transform_map
   transform field mapping exists: company -> company
   transform field mapping exists: activity_due -> activity_due
   transform field mapping exists: severity -> severity
   transform field mapping exists: comments -> comments
   skip system field: target_created_on
   transform field mapping exists: approval -> approval
   transform field mapping exists: due_date -> due_date
   skip system field: sys_mod_count
   transform field mapping exists: reopen_count -> reopen_count
   skip virtual field: sys_tags
   transform field mapping exists: location -> location
   transform field mapping exists: category -> category
   transform field mapping exists: target_domain -> sys_domain
   transform field mapping exists: target_class_name -> sys_class_name
   transform field mapping exists: target_mod_count -> sys_mod_count
   transform field mapping exists: target_created_by -> sys_created_by
   transform field mapping exists: target_created_on -> sys_created_on
coalece field exists
--synchronise transform map complete--
--Check Import Set WS and Transform Map Completed--

2018/06/16 11:42:36.566 [INFO] Scripted Web Service is Synchronised [u_itsmb_incident_n]
2018/06/16 11:42:37.030 [INFO] Initialisation 12 of 12 [Incident Related Known Error] Completed
2018/06/16 11:42:37.030 [INFO] ### Initialisation Step Complete
2018/06/16 11:42:37.030 [INFO] [User Reference] Key Mapping Cache CTM:People -> User [sys_user] Ready.
2018/06/16 11:42:37.031 [INFO] [Group Reference] Key Mapping Cache CTM:Support Group -> Group [sys_user_group] Ready.
2018/06/16 11:42:37.032 [INFO] [Location Reference] Key Mapping Cache SIT:Site -> Location [cmn_location] Ready.
2018/06/16 11:42:37.034 [INFO] [Incident] Key Mapping Cache HPD:Help Desk -> Incident Ready.
2018/06/16 11:42:37.034 [INFO] [Incident] Migration in progress.
2018/06/16 11:42:37.034 [DETAIL] [Incident Chunk 0] Data Retrieve Started...
2018/06/16 11:42:37.040 [DETAIL] [Incident Chunk 0] Data Transform Started...
2018/06/16 11:42:37.041 [DETAIL] Add Project Variable [number [STRING]]
2018/06/16 11:42:37.041 [DETAIL] Create SNow Lookup Query: number#!#number#!#
2018/06/16 11:42:37.076 [DETAIL] Lookup Batch Retrieve-Start
2018/06/16 11:42:37.076 [DETAIL] [src=SGP000000000009] SNow Qual: name=Backoffice Support
2018/06/16 11:42:37.076 [DETAIL] [src=SGP000000000009] SNow Qual: name=Backoffice Support
2018/06/16 11:42:37.076 [DETAIL] [src=SGP000000000011] SNow Qual: name=Service Desk
2018/06/16 11:42:37.299 [DETAIL] Lookup Batch Retrieve-End
2018/06/16 11:42:37.299 [DETAIL] Lookup Batch Retrieve-Start
2018/06/16 11:42:37.313 [DETAIL] Lookup Batch Retrieve-End
2018/06/16 11:42:37.313 [DETAIL] Lookup Batch Retrieve-Start
2018/06/16 11:42:37.313 [DETAIL] [src=null] SNow Qual: nameISEMPTY^emailISEMPTY
2018/06/16 11:42:37.313 [DETAIL] [src=null] SNow Qual: nameISEMPTY^emailISEMPTY
2018/06/16 11:42:37.313 [DETAIL] [src=null] SNow Qual: name=Francie Stafford^email=F.Stafford@calbroservices.com
2018/06/16 11:42:37.750 [DETAIL] Lookup Batch Retrieve-End
2018/06/16 11:42:37.751 [DETAIL] Lookup Batch Retrieve-Start
2018/06/16 11:42:37.761 [DETAIL] Lookup Batch Retrieve-End
2018/06/16 11:42:37.771 [DETAIL] Lookup Batch Retrieve-Start
2018/06/16 11:42:37.771 [DETAIL] [src=PPL000000000014] SNow Qual: name=Bob Baxter^email=B.Baxter@calbroservices.com
2018/06/16 11:42:37.771 [DETAIL] [src=PPL000000000013] SNow Qual: name=Allen Allbrook^email=A.Allbrook@calbroservices.com
2018/06/16 11:42:37.771 [DETAIL] [src=PPL000000000022] SNow Qual: name=Joe Unser^email=J.Unser@calbroservices.com
2018/06/16 11:42:38.008 [DETAIL] Lookup Batch Retrieve-End
2018/06/16 11:42:38.009 [DETAIL] Lookup Batch Retrieve-Start
2018/06/16 11:42:38.009 [DETAIL] [src=null] SNow Qual: name=Calbro Services
2018/06/16 11:42:38.009 [DETAIL] [src=null] SNow Qual: name=Calbro Services
2018/06/16 11:42:38.009 [DETAIL] [src=null] SNow Qual: name=Calbro Services
2018/06/16 11:42:38.254 [DETAIL] Lookup Batch Retrieve-End
2018/06/16 11:42:38.266 [DETAIL] Lookup Batch Retrieve-Start
2018/06/16 11:42:38.266 [DETAIL] [src=STE_SOLN0002846] SNow Qual: name=Headquarters, Building 1.31^country=United States^city=New York
2018/06/16 11:42:38.266 [DETAIL] [src=STE_SOLN0002846] SNow Qual: name=Headquarters, Building 1.31^country=United States^city=New York
2018/06/16 11:42:38.266 [DETAIL] [src=STE_SOLN0002846] SNow Qual: name=Headquarters, Building 1.31^country=United States^city=New York
2018/06/16 11:42:38.487 [DETAIL] Lookup Batch Retrieve-End
2018/06/16 11:42:38.488 [DETAIL] Lookup Batch Retrieve-Start
2018/06/16 11:42:38.488 [DETAIL] [src=INC000000000104] SNow Qual: number=INC000000000004
2018/06/16 11:42:38.488 [DETAIL] [src=INC000000000103] SNow Qual: number=INC000000000002
2018/06/16 11:42:38.488 [DETAIL] [src=INC000000000024] SNow Qual: number=INC_CAL_1000022
2018/06/16 11:42:38.916 [DETAIL] Lookup Batch Retrieve-End
2018/06/16 11:42:38.917 [DETAIL] [Incident Chunk 0] Data Update Started...
2018/06/16 11:42:38.917 [DETAIL] Batch Update of 2 Entries Started
2018/06/16 11:42:39.390 [DETAIL] Pre-Migration Task 0 Complete
2018/06/16 11:42:39.978 [DETAIL] Update entry complete [src=INC000000000103 tgt=e555cdac373213005d19dcc773990eab]
2018/06/16 11:42:39.978 [DETAIL] Update entry complete [src=INC000000000024 tgt=b555cdac373213005d19dcc773990ed4]
2018/06/16 11:42:39.978 [DETAIL] Post-Migration Task 0 Complete
2018/06/16 11:42:39.978 [DETAIL] Batch Insert of 1 Entries Started
2018/06/16 11:42:40.698 [DETAIL] Create entry complete [src=INC000000000104 tgt=c8864520377213005d19dcc773990e17]
2018/06/16 11:42:40.702 [DETAIL] [Incident Chunk 0] Attachment Migration Started...
2018/06/16 11:42:40.702 [DETAIL] Source Attachment Info Loaded [0]
2018/06/16 11:42:40.702 [DETAIL] Attachment Target Check Complete [new=0 updates=0 duplicates=0]
2018/06/16 11:42:40.702 [DETAIL] Attachment Processing Queue Counts:- SRC: 0 TGTCHK: 0 GETDATA: 0 MIG: 0 DEL: 0
2018/06/16 11:42:40.703 [INFO] Migration Completed 
2018/06/16 11:42:40.703 [INFO] Summary...  Created:1 Updated:2 Skipped:0 Errors:0 [Warnings 0]
2018/06/16 11:42:40.707 [INFO] [Incident Task] Key Mapping Cache TMS:Task -> Incident Task Ready.
2018/06/16 11:42:40.707 [INFO] [Incident Task] Migration in progress.
2018/06/16 11:42:40.707 [DETAIL] [Incident Task Chunk 0] Data Retrieve Started...
2018/06/16 11:42:40.707 [DETAIL] Create Inclusion Query: [Operation=1,Operand Left=[Operation=4,Operand Left=[Operation=1,Operand Left=[Operand Type=[type=1],Operand=10000005],Operand Right=[Operand Type=[type=2],Operand=HPD:Help Desk]],Operand Right=<null>],Operand Right=[Operation=2,Operand Left=[Operation=2,Operand Left=[Operation=4,Operand Left=[Operation=1,Operand Left=[Operand Type=[type=1],Operand=10000006],Operand Right=[Operand Type=[type=2],Operand=INC000000000002]],Operand Right=<null>],Operand Right=[Operation=4,Operand Left=[Operation=1,Operand Left=[Operand Type=[type=1],Operand=10000006],Operand Right=[Operand Type=[type=2],Operand=INC_CAL_1000022]],Operand Right=<null>]],Operand Right=[Operation=4,Operand Left=[Operation=1,Operand Left=[Operand Type=[type=1],Operand=10000006],Operand Right=[Operand Type=[type=2],Operand=INC000000000004]],Operand Right=<null>]]]
2018/06/16 11:42:40.806 [DETAIL] [Incident Task Chunk 0] Data Transform Started...
2018/06/16 11:42:40.806 [DETAIL] [Incident Task Chunk 0] Data Update Started...
2018/06/16 11:42:40.806 [INFO] Migration Completed 
2018/06/16 11:42:40.806 [INFO] Summary...  Created:0 Updated:0 Skipped:0 Errors:0 [Warnings 0]
2018/06/16 11:42:40.808 [INFO] [Child Incidents] Key Mapping Cache HPD:Associations -> Incident Ready.
2018/06/16 11:42:40.808 [INFO] [Child Incidents] Migration in progress.
2018/06/16 11:42:40.808 [DETAIL] [Child Incidents Chunk 0] Data Retrieve Started...
2018/06/16 11:42:40.808 [DETAIL] Create Inclusion Query: [Operation=1,Operand Left=[Operation=1,Operand Left=[Operation=4,Operand Left=[Operation=1,Operand Left=[Operand Type=[type=1],Operand=1000000101],Operand Right=[Operand Type=[type=2],Operand=HPD:Help Desk]],Operand Right=<null>],Operand Right=[Operation=1,Operand Left=[Operation=4,Operand Left=[Operation=1,Operand Left=[Operand Type=[type=1],Operand=1000000203],Operand Right=[Operand Type=[type=2],Operand=HPD:Help Desk]],Operand Right=<null>],Operand Right=[Operation=4,Operand Left=[Operation=4,Operand Left=[Operand Type=[type=1],Operand=1000000205],Operand Right=[Operand Type=[type=1],Operand=1000000204]],Operand Right=<null>]]],Operand Right=[Operation=2,Operand Left=[Operation=2,Operand Left=[Operation=4,Operand Left=[Operation=1,Operand Left=[Operand Type=[type=1],Operand=1000000205],Operand Right=[Operand Type=[type=2],Operand=INC000000000002]],Operand Right=<null>],Operand Right=[Operation=4,Operand Left=[Operation=1,Operand Left=[Operand Type=[type=1],Operand=1000000205],Operand Right=[Operand Type=[type=2],Operand=INC_CAL_1000022]],Operand Right=<null>]],Operand Right=[Operation=4,Operand Left=[Operation=1,Operand Left=[Operand Type=[type=1],Operand=1000000205],Operand Right=[Operand Type=[type=2],Operand=INC000000000004]],Operand Right=<null>]]]
2018/06/16 11:42:40.819 [DETAIL] [Child Incidents Chunk 0] Data Transform Started...
2018/06/16 11:42:40.819 [DETAIL] [Child Incidents Chunk 0] Data Update Started...
2018/06/16 11:42:40.819 [INFO] Migration Completed 
2018/06/16 11:42:40.819 [INFO] Summary...  Created:0 Updated:0 Skipped:0 Errors:0 [Warnings 0]
2018/06/16 11:42:40.821 [INFO] [Problem] Key Mapping Cache PBM:Problem Investigation -> Problem Ready.
2018/06/16 11:42:40.821 [INFO] [Problem] Migration in progress.
2018/06/16 11:42:40.821 [DETAIL] [Problem Chunk 0] Data Retrieve Started...
2018/06/16 11:42:40.841 [DETAIL] [Problem Chunk 0] Data Transform Started...
2018/06/16 11:42:40.841 [DETAIL] [Problem Chunk 0] Data Update Started...
2018/06/16 11:42:40.841 [INFO] Migration Completed 
2018/06/16 11:42:40.841 [INFO] Summary...  Created:0 Updated:0 Skipped:0 Errors:0 [Warnings 0]
2018/06/16 11:42:40.844 [INFO] [Problem Task] Key Mapping Cache TMS:Task -> Problem Task Ready.
2018/06/16 11:42:40.844 [INFO] [Problem Task] Migration in progress.
2018/06/16 11:42:40.844 [DETAIL] [Problem Task Chunk 0] Data Retrieve Started...
2018/06/16 11:42:40.844 [DETAIL] [Problem Task Chunk 0] Data Transform Started...
2018/06/16 11:42:40.844 [DETAIL] [Problem Task Chunk 0] Data Update Started...
2018/06/16 11:42:40.844 [INFO] Migration Completed 
2018/06/16 11:42:40.844 [INFO] Summary...  Created:0 Updated:0 Skipped:0 Errors:0 [Warnings 0]
2018/06/16 11:42:40.845 [INFO] [Incident Related Problem] Key Mapping Cache HPD:Associations -> Incident Ready.
2018/06/16 11:42:40.846 [INFO] [Incident Related Problem] Migration in progress.
2018/06/16 11:42:40.846 [DETAIL] [Incident Related Problem Chunk 0] Data Retrieve Started...
2018/06/16 11:42:40.846 [DETAIL] Create Inclusion Query: [Operation=1,Operand Left=[Operation=1,Operand Left=[Operation=4,Operand Left=[Operation=1,Operand Left=[Operand Type=[type=1],Operand=1000000101],Operand Right=[Operand Type=[type=2],Operand=PBM:Problem Investigation]],Operand Right=<null>],Operand Right=[Operation=4,Operand Left=[Operation=1,Operand Left=[Operand Type=[type=1],Operand=1000000203],Operand Right=[Operand Type=[type=2],Operand=HPD:Help Desk]],Operand Right=<null>]],Operand Right=[Operation=2,Operand Left=[Operation=2,Operand Left=[Operation=4,Operand Left=[Operation=1,Operand Left=[Operand Type=[type=1],Operand=1000000205],Operand Right=[Operand Type=[type=2],Operand=INC000000000002]],Operand Right=<null>],Operand Right=[Operation=4,Operand Left=[Operation=1,Operand Left=[Operand Type=[type=1],Operand=1000000205],Operand Right=[Operand Type=[type=2],Operand=INC_CAL_1000022]],Operand Right=<null>]],Operand Right=[Operation=4,Operand Left=[Operation=1,Operand Left=[Operand Type=[type=1],Operand=1000000205],Operand Right=[Operand Type=[type=2],Operand=INC000000000004]],Operand Right=<null>]]]
2018/06/16 11:42:40.861 [DETAIL] [Incident Related Problem Chunk 0] Data Transform Started...
2018/06/16 11:42:40.861 [DETAIL] Add Project Variable [number [STRING]]
2018/06/16 11:42:40.861 [DETAIL] Create SNow Lookup Query: number#!#number#!#
2018/06/16 11:42:40.862 [DETAIL] Lookup Batch Retrieve-Start
2018/06/16 11:42:40.862 [DETAIL] [src=null] SNow Qual: number=PBI_CAL_1000025
2018/06/16 11:42:41.341 [DETAIL] Lookup Batch Retrieve-End
2018/06/16 11:42:41.341 [DETAIL] Lookup Batch Retrieve-Start
2018/06/16 11:42:41.341 [DETAIL] [src=HAS000000000104] SNow Qual: number=INC_CAL_1000022
2018/06/16 11:42:41.752 [DETAIL] Lookup Batch Retrieve-End
2018/06/16 11:42:41.752 [DETAIL] [Incident Related Problem Chunk 0] Data Update Started...
2018/06/16 11:42:41.752 [DETAIL] Batch Update of 1 Entries Started
2018/06/16 11:42:41.752 [DETAIL] Pre-Migration Task 0 Complete
2018/06/16 11:42:42.226 [DETAIL] Update entry complete [src=HAS000000000104 tgt=b555cdac373213005d19dcc773990ed4]
2018/06/16 11:42:42.226 [DETAIL] Post-Migration Task 0 Complete
2018/06/16 11:42:42.230 [INFO] Migration Completed 
2018/06/16 11:42:42.230 [INFO] Summary...  Created:0 Updated:1 Skipped:0 Errors:0 [Warnings 0]
2018/06/16 11:42:42.233 [INFO] [Known Errors] Key Mapping Cache PBM:Known Error -> Problem Ready.
2018/06/16 11:42:42.233 [INFO] [Known Errors] Migration in progress.
2018/06/16 11:42:42.234 [DETAIL] [Known Errors Chunk 0] Data Retrieve Started...
2018/06/16 11:42:42.313 [DETAIL] [Known Errors Chunk 0] Data Transform Started...
2018/06/16 11:42:42.313 [DETAIL] [Known Errors Chunk 0] Data Update Started...
2018/06/16 11:42:42.313 [INFO] Migration Completed 
2018/06/16 11:42:42.313 [INFO] Summary...  Created:0 Updated:0 Skipped:0 Errors:0 [Warnings 0]
2018/06/16 11:42:42.315 [INFO] [Known Error Tasks] Key Mapping Cache TMS:Task -> Problem Task Ready.
2018/06/16 11:42:42.315 [INFO] [Known Error Tasks] Migration in progress.
2018/06/16 11:42:42.315 [DETAIL] [Known Error Tasks Chunk 0] Data Retrieve Started...
2018/06/16 11:42:42.315 [DETAIL] [Known Error Tasks Chunk 0] Data Transform Started...
2018/06/16 11:42:42.315 [DETAIL] [Known Error Tasks Chunk 0] Data Update Started...
2018/06/16 11:42:42.315 [INFO] Migration Completed 
2018/06/16 11:42:42.315 [INFO] Summary...  Created:0 Updated:0 Skipped:0 Errors:0 [Warnings 0]
2018/06/16 11:42:42.316 [INFO] [Incident Related Known Error] Key Mapping Cache HPD:Associations -> Incident Ready.
2018/06/16 11:42:42.316 [INFO] [Incident Related Known Error] Migration in progress.
2018/06/16 11:42:42.316 [DETAIL] [Incident Related Known Error Chunk 0] Data Retrieve Started...
2018/06/16 11:42:42.316 [DETAIL] Create Inclusion Query: [Operation=1,Operand Left=[Operation=1,Operand Left=[Operation=4,Operand Left=[Operation=1,Operand Left=[Operand Type=[type=1],Operand=1000000101],Operand Right=[Operand Type=[type=2],Operand=PBM:Known Error]],Operand Right=<null>],Operand Right=[Operation=4,Operand Left=[Operation=1,Operand Left=[Operand Type=[type=1],Operand=1000000203],Operand Right=[Operand Type=[type=2],Operand=HPD:Help Desk]],Operand Right=<null>]],Operand Right=[Operation=2,Operand Left=[Operation=2,Operand Left=[Operation=4,Operand Left=[Operation=1,Operand Left=[Operand Type=[type=1],Operand=1000000205],Operand Right=[Operand Type=[type=2],Operand=INC000000000002]],Operand Right=<null>],Operand Right=[Operation=4,Operand Left=[Operation=1,Operand Left=[Operand Type=[type=1],Operand=1000000205],Operand Right=[Operand Type=[type=2],Operand=INC_CAL_1000022]],Operand Right=<null>]],Operand Right=[Operation=4,Operand Left=[Operation=1,Operand Left=[Operand Type=[type=1],Operand=1000000205],Operand Right=[Operand Type=[type=2],Operand=INC000000000004]],Operand Right=<null>]]]
2018/06/16 11:42:42.328 [DETAIL] [Incident Related Known Error Chunk 0] Data Transform Started...
2018/06/16 11:42:42.328 [DETAIL] Add Project Variable [number [STRING]]
2018/06/16 11:42:42.328 [DETAIL] Create SNow Lookup Query: number#!#number#!#
2018/06/16 11:42:42.328 [DETAIL] Lookup Batch Retrieve-Start
2018/06/16 11:42:42.328 [DETAIL] [src=null] SNow Qual: number=PKE_CAL_1000002
2018/06/16 11:42:42.797 [DETAIL] Lookup Batch Retrieve-End
2018/06/16 11:42:42.797 [DETAIL] Lookup Batch Retrieve-Start
2018/06/16 11:42:42.797 [DETAIL] [src=HAS000000000105] SNow Qual: number=INC_CAL_1000022
2018/06/16 11:42:43.222 [DETAIL] Lookup Batch Retrieve-End
2018/06/16 11:42:43.223 [DETAIL] [Incident Related Known Error Chunk 0] Data Update Started...
2018/06/16 11:42:43.223 [DETAIL] Batch Update of 1 Entries Started
2018/06/16 11:42:43.223 [DETAIL] Pre-Migration Task 0 Complete
2018/06/16 11:42:43.678 [DETAIL] Update entry complete [src=HAS000000000105 tgt=b555cdac373213005d19dcc773990ed4]
2018/06/16 11:42:43.679 [DETAIL] Post-Migration Task 0 Complete
2018/06/16 11:42:43.680 [INFO] Migration Completed 
2018/06/16 11:42:43.680 [INFO] Summary...  Created:0 Updated:1 Skipped:0 Errors:0 [Warnings 0]
2018/06/16 11:42:43.680 [DETAIL] Closing Execution Task...
2018/06/16 11:42:43.796 [INFO] Execution has completed [Execution ID=2018-06-16_11-42]
2018/06/16 11:42:43.796 [INFO] --END OF LOG--
