2018/06/16 11:56:31.295 [INFO] Log Level set to Detail
2018/06/16 11:56:31.296 [INFO] ITSM Bridge version 3.7.14
2018/06/16 11:56:31.296 [INFO] Execution of INC_PBM version 9
2018/06/16 11:56:31.296 [INFO] Set Variable Modified Since Date to value '2018-01-01 00:00:00'
2018/06/16 11:56:31.296 [INFO] Set Variable Single Company to value 'FALSE'
2018/06/16 11:56:31.296 [INFO] Set Variable Company to value 'Calbro Services'
2018/06/16 11:56:31.300 [INFO] Execution started... [Execution ID=2018-06-16_11-56]
2018/06/16 11:56:31.300 [INFO] Initialisation Step Started...
2018/06/16 11:56:31.303 [INFO] Source Server Connected
2018/06/16 11:56:32.696 [INFO] Target Server Connected
2018/06/16 11:56:33.168 [DETAIL] Remedy Cache Initialisation started...
2018/06/16 11:56:33.168 [DETAIL] Remedy Cache Initialisation complete
2018/06/16 11:56:33.168 [INFO] Source Server Cache Initialised
2018/06/16 11:56:33.168 [DETAIL] Service Now Cache Initialisation started...
2018/06/16 11:56:33.168 [DETAIL] Service Now Cache Initialisation complete
2018/06/16 11:56:33.168 [INFO] Target Server Cache Initialised
2018/06/16 11:56:33.168 [DETAIL] Top Level Project Validation Completed
2018/06/16 11:56:33.624 [INFO] Initialisation 1 of 12 [User Reference] Disabled [Key Mapping Cache Initialised]
2018/06/16 11:56:34.085 [INFO] Initialisation 2 of 12 [Group Reference] Disabled [Key Mapping Cache Initialised]
2018/06/16 11:56:34.544 [DETAIL] Create SNow Lookup Query: name#!#!Company Name!#!#
2018/06/16 11:56:34.545 [DETAIL] Add Project Variable [Site ID [STRING]]
2018/06/16 11:56:34.552 [DETAIL] Create Remedy Lookup Query: 'Site ID' = ""
2018/06/16 11:56:34.553 [INFO] Initialisation 3 of 12 [Location Reference] Disabled [Key Mapping Cache Initialised]
2018/06/16 11:56:34.556 [DETAIL] Create Remedy Qualification: 'Last Modified Date' > "1/1/2018 1:00:00 AM" AND (0 = 1 AND 'Contact Company' = "Calbro Services" OR 0 = 0)
2018/06/16 11:56:34.562 [DETAIL] Add Project Variable [name [STRING]]
2018/06/16 11:56:34.563 [DETAIL] Create SNow Lookup Query: name#!#name#!#
2018/06/16 11:56:34.563 [DETAIL] Add Project Variable [Assignee Login ID [STRING]]
2018/06/16 11:56:34.587 [DETAIL] Create Remedy Lookup Query: 'Remedy Login ID' = ""
2018/06/16 11:56:34.587 [DETAIL] Add Project Variable [Assignee [STRING]]
2018/06/16 11:56:34.587 [DETAIL] Create SNow Lookup Query: name#!#Assignee#!#^email#!#!Assignee Email!#!#
2018/06/16 11:56:34.588 [DETAIL] Add Project Variable [Incident Number [STRING]]
2018/06/16 11:56:34.590 [DETAIL] Create Remedy Lookup Query: 'Incident Number' = ""
2018/06/16 11:56:34.590 [DETAIL] Add Project Variable [name [STRING]]
2018/06/16 11:56:34.590 [DETAIL] Add Project Variable [email [STRING]]
2018/06/16 11:56:34.590 [DETAIL] Create SNow Lookup Query: name#!#name#!#^email#!#email#!#
2018/06/16 11:56:34.591 [DETAIL] Add Project Variable [Contact Company [STRING]]
2018/06/16 11:56:34.591 [DETAIL] Create SNow Lookup Query: name#!#Contact Company#!#
2018/06/16 11:56:34.591 [DETAIL] Add Project Variable [country [STRING]]
2018/06/16 11:56:34.591 [DETAIL] Add Project Variable [city [STRING]]
2018/06/16 11:56:34.591 [DETAIL] Add Project Variable [name [STRING]]
2018/06/16 11:56:34.591 [DETAIL] Create SNow Lookup Query: name#!#name#!#^country#!#country#!#^city#!#city#!#
2018/06/16 11:56:34.592 [INFO] Synchronising Scripted Web Service [u_itsmb_incident]
2018/06/16 11:56:36.870 [DETAIL] --Check Import WS Started--
   WS Name: u_itsmb_incident
   Target Table: incident
   Scope: global
   Run Business Rules: true
   include fields from tables: incident,task
--created ws import set: u_itsmb_incident [incident]--
--synchronise ws fields with target complete--
--transform map updated: u_itsmb_incident
   transform field mapping exists: parent -> parent
   transform field mapping exists: watch_list -> watch_list
   transform field mapping exists: caused_by -> caused_by
   skip system field: template_import_log
   skip system field: target_scope
   transform field mapping exists: upon_reject -> upon_reject
   skip system field: sys_updated_on
   transform field mapping exists: approval_history -> approval_history
   transform field mapping exists: number -> number
   transform field mapping exists: state -> state
   skip system field: sys_created_by
   transform field mapping exists: knowledge -> knowledge
   transform field mapping exists: order -> order
   skip system field: sys_import_row
   transform field mapping exists: cmdb_ci -> cmdb_ci
   transform field mapping exists: delivery_plan -> delivery_plan
   transform field mapping exists: impact -> impact
   transform field mapping exists: active -> active
   transform field mapping exists: work_notes_list -> work_notes_list
   transform field mapping exists: priority -> priority
   transform field mapping exists: rejection_goto -> rejection_goto
   transform field mapping exists: group_list -> group_list
   transform field mapping exists: business_duration -> business_duration
   transform field mapping exists: approval_set -> approval_set
   transform field mapping exists: wf_activity -> wf_activity
   transform field mapping exists: short_description -> short_description
   transform field mapping exists: work_start -> work_start
   transform field mapping exists: delivery_task -> delivery_task
   skip system field: target_mod_count
   transform field mapping exists: correlation_display -> correlation_display
   skip system field: batch_id
   skip system field: sys_import_state_comment
   transform field mapping exists: additional_assignee_list -> additional_assignee_list
   skip system field: target_domain
   transform field mapping exists: notify -> notify
   skip system field: sys_class_name
   transform field mapping exists: closed_by -> closed_by
   transform field mapping exists: follow_up -> follow_up
   transform field mapping exists: parent_incident -> parent_incident
   transform field mapping exists: reopened_by -> reopened_by
   transform field mapping exists: reassignment_count -> reassignment_count
   transform field mapping exists: assigned_to -> assigned_to
   transform field mapping exists: variables -> variables
   skip system field: sys_target_table
   transform field mapping exists: sla_due -> sla_due
   transform field mapping exists: comments_and_work_notes -> comments_and_work_notes
   skip system field: sys_import_state
   transform field mapping exists: upon_approval -> upon_approval
   transform field mapping exists: escalation -> escalation
   transform field mapping exists: correlation_id -> correlation_id
   skip system field: source_id
   transform field mapping exists: made_sla -> made_sla
   transform field mapping exists: child_incidents -> child_incidents
   skip system field: target_class_name
   transform field mapping exists: hold_reason -> hold_reason
   skip system field: sys_target_sys_id
   transform field mapping exists: resolved_by -> resolved_by
   skip system field: sys_updated_by
   transform field mapping exists: user_input -> user_input
   transform field mapping exists: opened_by -> opened_by
   skip system field: sys_created_on
   skip system field: sys_import_set
   skip system field: target_created_by
   skip system field: target_sys_id
   transform field mapping exists: calendar_stc -> calendar_stc
   skip system field: sys_row_error
   transform field mapping exists: closed_at -> closed_at
   skip system field: target_domain_path
   transform field mapping exists: business_service -> business_service
   skip system field: import_set_run
   transform field mapping exists: time_worked -> time_worked
   transform field mapping exists: rfc -> rfc
   transform field mapping exists: expected_start -> expected_start
   transform field mapping exists: opened_at -> opened_at
   transform field mapping exists: work_end -> work_end
   transform field mapping exists: resolved_at -> resolved_at
   transform field mapping exists: caller_id -> caller_id
   transform field mapping exists: reopened_time -> reopened_time
   transform field mapping exists: work_notes -> work_notes
   transform field mapping exists: subcategory -> subcategory
   transform field mapping exists: close_code -> close_code
   transform field mapping exists: assignment_group -> assignment_group
   transform field mapping exists: business_stc -> business_stc
   transform field mapping exists: description -> description
   transform field mapping exists: calendar_duration -> calendar_duration
   transform field mapping exists: close_notes -> close_notes
   transform field mapping exists: contact_type -> contact_type
   transform field mapping exists: incident_state -> incident_state
   transform field mapping exists: urgency -> urgency
   transform field mapping exists: problem_id -> problem_id
   skip system field: sys_transform_map
   transform field mapping exists: company -> company
   transform field mapping exists: activity_due -> activity_due
   transform field mapping exists: severity -> severity
   transform field mapping exists: comments -> comments
   skip system field: target_created_on
   transform field mapping exists: approval -> approval
   transform field mapping exists: due_date -> due_date
   skip system field: sys_mod_count
   transform field mapping exists: reopen_count -> reopen_count
   skip virtual field: sys_tags
   transform field mapping exists: location -> location
   transform field mapping exists: category -> category
   transform field mapping exists: target_domain -> sys_domain
   transform field mapping exists: target_class_name -> sys_class_name
   transform field mapping exists: target_mod_count -> sys_mod_count
   transform field mapping exists: target_created_by -> sys_created_by
   transform field mapping exists: target_created_on -> sys_created_on
coalece field exists
--synchronise transform map complete--
--Check Import Set WS and Transform Map Completed--

2018/06/16 11:56:36.871 [INFO] Scripted Web Service is Synchronised [u_itsmb_incident]
2018/06/16 11:56:37.340 [INFO] Initialisation 4 of 12 [Incident] Completed
2018/06/16 11:56:37.343 [DETAIL] Create Remedy Qualification: 'RootRequestFormName' = "HPD:Help Desk"
2018/06/16 11:56:37.353 [DETAIL] Add Project Variable [name [STRING]]
2018/06/16 11:56:37.353 [DETAIL] Create SNow Lookup Query: name#!#name#!#
2018/06/16 11:56:37.353 [DETAIL] Add Project Variable [Task ID [STRING]]
2018/06/16 11:56:37.358 [DETAIL] Create Remedy Lookup Query: 'TaskOrTaskGroupID' = ""
2018/06/16 11:56:37.358 [DETAIL] Add Project Variable [Company [STRING]]
2018/06/16 11:56:37.358 [DETAIL] Create SNow Lookup Query: name#!#Company#!#
2018/06/16 11:56:37.359 [DETAIL] Add Project Variable [Site [STRING]]
2018/06/16 11:56:37.359 [DETAIL] Add Project Variable [Company [STRING]]
2018/06/16 11:56:37.359 [DETAIL] Create SNow Lookup Query: company#!#Company#!#^name#!#Site#!#
2018/06/16 11:56:37.359 [DETAIL] Add Project Variable [RootRequestID [STRING]]
2018/06/16 11:56:37.359 [DETAIL] Create SNow Lookup Query: number#!#RootRequestID#!#
2018/06/16 11:56:37.360 [DETAIL] Add Project Variable [name [STRING]]
2018/06/16 11:56:37.360 [DETAIL] Add Project Variable [email [STRING]]
2018/06/16 11:56:37.360 [DETAIL] Create SNow Lookup Query: name#!#name#!#^email#!#email#!#
2018/06/16 11:56:37.362 [INFO] Synchronising Scripted Web Service [u_itsmb_incident_task_n]
2018/06/16 11:56:39.101 [DETAIL] --Check Import WS Started--
   WS Name: u_itsmb_incident_task_n
   Target Table: incident_task
   Scope: global
   Run Business Rules: false
   include fields from tables: incident_task,task
--created ws import set: u_itsmb_incident_task_n [incident_task]--
--synchronise ws fields with target complete--
--transform map updated: u_itsmb_incident_task_n
   transform field mapping exists: parent -> parent
   transform field mapping exists: made_sla -> made_sla
   transform field mapping exists: watch_list -> watch_list
   skip system field: template_import_log
   skip system field: target_scope
   transform field mapping exists: upon_reject -> upon_reject
   skip system field: sys_updated_on
   skip system field: target_class_name
   transform field mapping exists: approval_history -> approval_history
   skip system field: sys_target_sys_id
   transform field mapping exists: number -> number
   skip system field: sys_updated_by
   transform field mapping exists: user_input -> user_input
   transform field mapping exists: opened_by -> opened_by
   skip system field: sys_created_on
   skip system field: sys_import_set
   transform field mapping exists: state -> state
   skip system field: target_created_by
   skip system field: target_sys_id
   skip system field: sys_created_by
   transform field mapping exists: order -> order
   transform field mapping exists: knowledge -> knowledge
   skip system field: sys_import_row
   skip system field: sys_row_error
   transform field mapping exists: closed_at -> closed_at
   transform field mapping exists: delivery_plan -> delivery_plan
   transform field mapping exists: cmdb_ci -> cmdb_ci
   skip system field: target_domain_path
   transform field mapping exists: impact -> impact
   transform field mapping exists: work_notes_list -> work_notes_list
   transform field mapping exists: active -> active
   transform field mapping exists: business_service -> business_service
   skip system field: import_set_run
   transform field mapping exists: priority -> priority
   transform field mapping exists: time_worked -> time_worked
   transform field mapping exists: expected_start -> expected_start
   transform field mapping exists: rejection_goto -> rejection_goto
   transform field mapping exists: opened_at -> opened_at
   transform field mapping exists: business_duration -> business_duration
   transform field mapping exists: group_list -> group_list
   transform field mapping exists: work_end -> work_end
   transform field mapping exists: approval_set -> approval_set
   transform field mapping exists: work_notes -> work_notes
   transform field mapping exists: wf_activity -> wf_activity
   transform field mapping exists: short_description -> short_description
   skip system field: target_mod_count
   transform field mapping exists: work_start -> work_start
   transform field mapping exists: correlation_display -> correlation_display
   transform field mapping exists: delivery_task -> delivery_task
   transform field mapping exists: assignment_group -> assignment_group
   skip system field: batch_id
   skip system field: sys_import_state_comment
   transform field mapping exists: additional_assignee_list -> additional_assignee_list
   transform field mapping exists: description -> description
   transform field mapping exists: calendar_duration -> calendar_duration
   skip system field: target_domain
   transform field mapping exists: close_notes -> close_notes
   skip system field: sys_class_name
   transform field mapping exists: closed_by -> closed_by
   transform field mapping exists: follow_up -> follow_up
   transform field mapping exists: contact_type -> contact_type
   transform field mapping exists: urgency -> urgency
   skip system field: sys_transform_map
   transform field mapping exists: company -> company
   transform field mapping exists: reassignment_count -> reassignment_count
   transform field mapping exists: activity_due -> activity_due
   transform field mapping exists: assigned_to -> assigned_to
   transform field mapping exists: variables -> variables
   transform field mapping exists: comments -> comments
   skip system field: sys_target_table
   skip system field: target_created_on
   transform field mapping exists: approval -> approval
   transform field mapping exists: sla_due -> sla_due
   transform field mapping exists: due_date -> due_date
   transform field mapping exists: comments_and_work_notes -> comments_and_work_notes
   skip system field: sys_mod_count
   skip virtual field: sys_tags
   skip system field: sys_import_state
   transform field mapping exists: escalation -> escalation
   transform field mapping exists: upon_approval -> upon_approval
   transform field mapping exists: correlation_id -> correlation_id
   transform field mapping exists: location -> location
   skip system field: source_id
   transform field mapping exists: incident -> incident
   transform field mapping exists: target_domain -> sys_domain
   transform field mapping exists: target_class_name -> sys_class_name
   transform field mapping exists: target_mod_count -> sys_mod_count
   transform field mapping exists: target_created_by -> sys_created_by
   transform field mapping exists: target_created_on -> sys_created_on
coalece field exists
--synchronise transform map complete--
--Check Import Set WS and Transform Map Completed--

2018/06/16 11:56:39.101 [INFO] Scripted Web Service is Synchronised [u_itsmb_incident_task_n]
2018/06/16 11:56:39.564 [INFO] Initialisation 5 of 12 [Incident Task] Completed
2018/06/16 11:56:39.570 [DETAIL] Create Remedy Qualification: 'Form Name01' = "HPD:Help Desk" AND 'Form Name02' = "HPD:Help Desk" AND 'Request ID02' < 'Request ID01'
2018/06/16 11:56:39.604 [DETAIL] Add Project Variable [Request ID01 [STRING]]
2018/06/16 11:56:39.604 [DETAIL] Create SNow Lookup Query: number#!#Request ID01#!#
2018/06/16 11:56:39.605 [INFO] Synchronising Scripted Web Service [u_itsmb_incident_n]
2018/06/16 11:56:41.771 [DETAIL] --Check Import WS Started--
   WS Name: u_itsmb_incident_n
   Target Table: incident
   Scope: global
   Run Business Rules: false
   include fields from tables: incident,task
--created ws import set: u_itsmb_incident_n [incident]--
--synchronise ws fields with target complete--
--transform map updated: u_itsmb_incident_n
   transform field mapping exists: parent -> parent
   transform field mapping exists: watch_list -> watch_list
   transform field mapping exists: caused_by -> caused_by
   skip system field: template_import_log
   transform field mapping exists: upon_reject -> upon_reject
   skip system field: target_scope
   skip system field: sys_updated_on
   transform field mapping exists: approval_history -> approval_history
   transform field mapping exists: number -> number
   transform field mapping exists: state -> state
   skip system field: sys_created_by
   transform field mapping exists: order -> order
   transform field mapping exists: knowledge -> knowledge
   skip system field: sys_import_row
   transform field mapping exists: delivery_plan -> delivery_plan
   transform field mapping exists: cmdb_ci -> cmdb_ci
   transform field mapping exists: impact -> impact
   transform field mapping exists: work_notes_list -> work_notes_list
   transform field mapping exists: active -> active
   transform field mapping exists: priority -> priority
   transform field mapping exists: rejection_goto -> rejection_goto
   transform field mapping exists: group_list -> group_list
   transform field mapping exists: business_duration -> business_duration
   transform field mapping exists: approval_set -> approval_set
   transform field mapping exists: wf_activity -> wf_activity
   transform field mapping exists: short_description -> short_description
   transform field mapping exists: delivery_task -> delivery_task
   transform field mapping exists: correlation_display -> correlation_display
   skip system field: target_mod_count
   transform field mapping exists: work_start -> work_start
   skip system field: batch_id
   skip system field: sys_import_state_comment
   transform field mapping exists: additional_assignee_list -> additional_assignee_list
   skip system field: target_domain
   transform field mapping exists: notify -> notify
   skip system field: sys_class_name
   transform field mapping exists: closed_by -> closed_by
   transform field mapping exists: follow_up -> follow_up
   transform field mapping exists: parent_incident -> parent_incident
   transform field mapping exists: reopened_by -> reopened_by
   transform field mapping exists: reassignment_count -> reassignment_count
   transform field mapping exists: assigned_to -> assigned_to
   transform field mapping exists: variables -> variables
   skip system field: sys_target_table
   transform field mapping exists: sla_due -> sla_due
   transform field mapping exists: comments_and_work_notes -> comments_and_work_notes
   skip system field: sys_import_state
   transform field mapping exists: upon_approval -> upon_approval
   transform field mapping exists: escalation -> escalation
   transform field mapping exists: correlation_id -> correlation_id
   skip system field: source_id
   transform field mapping exists: made_sla -> made_sla
   skip system field: target_class_name
   transform field mapping exists: child_incidents -> child_incidents
   transform field mapping exists: hold_reason -> hold_reason
   skip system field: sys_target_sys_id
   transform field mapping exists: resolved_by -> resolved_by
   skip system field: sys_updated_by
   transform field mapping exists: user_input -> user_input
   transform field mapping exists: opened_by -> opened_by
   skip system field: sys_created_on
   skip system field: sys_import_set
   skip system field: target_sys_id
   skip system field: target_created_by
   transform field mapping exists: calendar_stc -> calendar_stc
   skip system field: sys_row_error
   transform field mapping exists: closed_at -> closed_at
   skip system field: target_domain_path
   transform field mapping exists: business_service -> business_service
   skip system field: import_set_run
   transform field mapping exists: rfc -> rfc
   transform field mapping exists: time_worked -> time_worked
   transform field mapping exists: expected_start -> expected_start
   transform field mapping exists: opened_at -> opened_at
   transform field mapping exists: work_end -> work_end
   transform field mapping exists: reopened_time -> reopened_time
   transform field mapping exists: caller_id -> caller_id
   transform field mapping exists: resolved_at -> resolved_at
   transform field mapping exists: work_notes -> work_notes
   transform field mapping exists: subcategory -> subcategory
   transform field mapping exists: close_code -> close_code
   transform field mapping exists: assignment_group -> assignment_group
   transform field mapping exists: business_stc -> business_stc
   transform field mapping exists: description -> description
   transform field mapping exists: calendar_duration -> calendar_duration
   transform field mapping exists: close_notes -> close_notes
   transform field mapping exists: contact_type -> contact_type
   transform field mapping exists: incident_state -> incident_state
   transform field mapping exists: urgency -> urgency
   transform field mapping exists: problem_id -> problem_id
   skip system field: sys_transform_map
   transform field mapping exists: company -> company
   transform field mapping exists: activity_due -> activity_due
   transform field mapping exists: severity -> severity
   transform field mapping exists: comments -> comments
   skip system field: target_created_on
   transform field mapping exists: approval -> approval
   transform field mapping exists: due_date -> due_date
   skip system field: sys_mod_count
   transform field mapping exists: reopen_count -> reopen_count
   skip virtual field: sys_tags
   transform field mapping exists: location -> location
   transform field mapping exists: category -> category
   transform field mapping exists: target_domain -> sys_domain
   transform field mapping exists: target_class_name -> sys_class_name
   transform field mapping exists: target_mod_count -> sys_mod_count
   transform field mapping exists: target_created_by -> sys_created_by
   transform field mapping exists: target_created_on -> sys_created_on
coalece field exists
--synchronise transform map complete--
--Check Import Set WS and Transform Map Completed--

2018/06/16 11:56:41.771 [INFO] Scripted Web Service is Synchronised [u_itsmb_incident_n]
2018/06/16 11:56:42.232 [INFO] Initialisation 6 of 12 [Child Incidents] Completed
2018/06/16 11:56:42.257 [DETAIL] Create Remedy Qualification: 'Last Modified Date' > "1/1/2018 1:00:00 AM" AND (0 = 1 AND 'Contact Company' = "Calbro Services" OR 0 = 0)
2018/06/16 11:56:42.261 [DETAIL] Add Project Variable [name [STRING]]
2018/06/16 11:56:42.261 [DETAIL] Create SNow Lookup Query: name#!#name#!#
2018/06/16 11:56:42.262 [DETAIL] Add Project Variable [Assignee Login ID [STRING]]
2018/06/16 11:56:42.273 [DETAIL] Create Remedy Lookup Query: 'Remedy Login ID' = ""
2018/06/16 11:56:42.273 [DETAIL] Add Project Variable [Assignee [STRING]]
2018/06/16 11:56:42.273 [DETAIL] Create SNow Lookup Query: name#!#Assignee#!#^email#!#!Assignee Email!#!#
2018/06/16 11:56:42.274 [DETAIL] Add Project Variable [Problem Investigation ID [STRING]]
2018/06/16 11:56:42.278 [DETAIL] Create Remedy Lookup Query: 'Problem Investigation ID' = ""
2018/06/16 11:56:42.279 [DETAIL] Add Project Variable [Contact Company [STRING]]
2018/06/16 11:56:42.279 [DETAIL] Create SNow Lookup Query: name#!#Contact Company#!#
2018/06/16 11:56:42.280 [DETAIL] Add Project Variable [country [STRING]]
2018/06/16 11:56:42.280 [DETAIL] Add Project Variable [city [STRING]]
2018/06/16 11:56:42.280 [DETAIL] Add Project Variable [name [STRING]]
2018/06/16 11:56:42.280 [DETAIL] Create SNow Lookup Query: name#!#name#!#^country#!#country#!#^city#!#city#!#
2018/06/16 11:56:42.281 [INFO] Synchronising Scripted Web Service [u_itsmb_problem_n]
2018/06/16 11:56:44.242 [DETAIL] --Check Import WS Started--
   WS Name: u_itsmb_problem_n
   Target Table: problem
   Scope: global
   Run Business Rules: false
   include fields from tables: problem,task
--created ws import set: u_itsmb_problem_n [problem]--
--synchronise ws fields with target complete--
--transform map updated: u_itsmb_problem_n
   transform field mapping exists: parent -> parent
   transform field mapping exists: made_sla -> made_sla
   transform field mapping exists: watch_list -> watch_list
   skip system field: template_import_log
   transform field mapping exists: upon_reject -> upon_reject
   skip system field: target_scope
   skip system field: sys_updated_on
   skip system field: target_class_name
   transform field mapping exists: approval_history -> approval_history
   skip system field: sys_target_sys_id
   transform field mapping exists: number -> number
   skip system field: sys_updated_by
   transform field mapping exists: work_around -> work_around
   transform field mapping exists: opened_by -> opened_by
   transform field mapping exists: user_input -> user_input
   skip system field: sys_created_on
   skip system field: sys_import_set
   transform field mapping exists: state -> state
   skip system field: target_sys_id
   skip system field: target_created_by
   skip system field: sys_created_by
   transform field mapping exists: order -> order
   transform field mapping exists: knowledge -> knowledge
   skip system field: sys_import_row
   transform field mapping exists: major_problem -> major_problem
   skip system field: sys_row_error
   transform field mapping exists: closed_at -> closed_at
   transform field mapping exists: cmdb_ci -> cmdb_ci
   transform field mapping exists: delivery_plan -> delivery_plan
   transform field mapping exists: impact -> impact
   skip system field: target_domain_path
   transform field mapping exists: work_notes_list -> work_notes_list
   transform field mapping exists: active -> active
   transform field mapping exists: business_service -> business_service
   skip system field: import_set_run
   transform field mapping exists: priority -> priority
   transform field mapping exists: time_worked -> time_worked
   transform field mapping exists: rfc -> rfc
   transform field mapping exists: expected_start -> expected_start
   transform field mapping exists: rejection_goto -> rejection_goto
   transform field mapping exists: opened_at -> opened_at
   transform field mapping exists: business_duration -> business_duration
   transform field mapping exists: group_list -> group_list
   transform field mapping exists: work_end -> work_end
   transform field mapping exists: approval_set -> approval_set
   transform field mapping exists: wf_activity -> wf_activity
   transform field mapping exists: work_notes -> work_notes
   transform field mapping exists: short_description -> short_description
   transform field mapping exists: work_start -> work_start
   transform field mapping exists: correlation_display -> correlation_display
   transform field mapping exists: delivery_task -> delivery_task
   skip system field: target_mod_count
   transform field mapping exists: assignment_group -> assignment_group
   skip system field: batch_id
   skip system field: sys_import_state_comment
   transform field mapping exists: known_error -> known_error
   transform field mapping exists: additional_assignee_list -> additional_assignee_list
   transform field mapping exists: description -> description
   transform field mapping exists: calendar_duration -> calendar_duration
   skip system field: target_domain
   transform field mapping exists: close_notes -> close_notes
   skip system field: sys_class_name
   transform field mapping exists: closed_by -> closed_by
   transform field mapping exists: follow_up -> follow_up
   transform field mapping exists: contact_type -> contact_type
   transform field mapping exists: urgency -> urgency
   skip system field: sys_transform_map
   transform field mapping exists: company -> company
   transform field mapping exists: reassignment_count -> reassignment_count
   transform field mapping exists: related_incidents -> related_incidents
   transform field mapping exists: activity_due -> activity_due
   transform field mapping exists: assigned_to -> assigned_to
   transform field mapping exists: variables -> variables
   transform field mapping exists: review_outcome -> review_outcome
   transform field mapping exists: comments -> comments
   skip system field: sys_target_table
   skip system field: target_created_on
   transform field mapping exists: approval -> approval
   transform field mapping exists: sla_due -> sla_due
   transform field mapping exists: problem_state -> problem_state
   transform field mapping exists: comments_and_work_notes -> comments_and_work_notes
   transform field mapping exists: due_date -> due_date
   skip system field: sys_mod_count
   skip virtual field: sys_tags
   skip system field: sys_import_state
   transform field mapping exists: escalation -> escalation
   transform field mapping exists: upon_approval -> upon_approval
   transform field mapping exists: correlation_id -> correlation_id
   transform field mapping exists: location -> location
   skip system field: source_id
   transform field mapping exists: target_domain -> sys_domain
   transform field mapping exists: target_class_name -> sys_class_name
   transform field mapping exists: target_mod_count -> sys_mod_count
   transform field mapping exists: target_created_by -> sys_created_by
   transform field mapping exists: target_created_on -> sys_created_on
coalece field exists
--synchronise transform map complete--
--Check Import Set WS and Transform Map Completed--

2018/06/16 11:56:44.242 [INFO] Scripted Web Service is Synchronised [u_itsmb_problem_n]
2018/06/16 11:56:44.697 [INFO] Initialisation 7 of 12 [Problem] Completed
2018/06/16 11:56:44.717 [DETAIL] Create Remedy Qualification: 'RootRequestFormName' = "PBM:Problem Investigation"
2018/06/16 11:56:44.735 [DETAIL] Add Project Variable [name [STRING]]
2018/06/16 11:56:44.735 [DETAIL] Create SNow Lookup Query: name#!#name#!#
2018/06/16 11:56:44.735 [DETAIL] Add Project Variable [Task ID [STRING]]
2018/06/16 11:56:44.737 [DETAIL] Create Remedy Lookup Query: 'TaskOrTaskGroupID' = ""
2018/06/16 11:56:44.737 [DETAIL] Add Project Variable [RootRequestID [STRING]]
2018/06/16 11:56:44.737 [DETAIL] Create SNow Lookup Query: number#!#RootRequestID#!#
2018/06/16 11:56:44.738 [DETAIL] Add Project Variable [Company [STRING]]
2018/06/16 11:56:44.738 [DETAIL] Create SNow Lookup Query: name#!#Company#!#
2018/06/16 11:56:44.738 [DETAIL] Add Project Variable [Site [STRING]]
2018/06/16 11:56:44.738 [DETAIL] Add Project Variable [Company [STRING]]
2018/06/16 11:56:44.738 [DETAIL] Create SNow Lookup Query: company#!#Company#!#^name#!#Site#!#
2018/06/16 11:56:44.739 [DETAIL] Add Project Variable [name [STRING]]
2018/06/16 11:56:44.739 [DETAIL] Add Project Variable [email [STRING]]
2018/06/16 11:56:44.739 [DETAIL] Create SNow Lookup Query: name#!#name#!#^email#!#email#!#
2018/06/16 11:56:44.739 [INFO] Synchronising Scripted Web Service [u_itsmb_problem_task_n]
2018/06/16 11:56:46.549 [DETAIL] --Check Import WS Started--
   WS Name: u_itsmb_problem_task_n
   Target Table: problem_task
   Scope: global
   Run Business Rules: false
   include fields from tables: problem_task,task
--created ws import set: u_itsmb_problem_task_n [problem_task]--
--synchronise ws fields with target complete--
--transform map updated: u_itsmb_problem_task_n
   transform field mapping exists: parent -> parent
   transform field mapping exists: made_sla -> made_sla
   transform field mapping exists: watch_list -> watch_list
   skip system field: template_import_log
   skip system field: target_scope
   transform field mapping exists: upon_reject -> upon_reject
   skip system field: sys_updated_on
   skip system field: target_class_name
   transform field mapping exists: approval_history -> approval_history
   skip system field: sys_target_sys_id
   transform field mapping exists: number -> number
   transform field mapping exists: problem -> problem
   skip system field: sys_updated_by
   transform field mapping exists: opened_by -> opened_by
   transform field mapping exists: user_input -> user_input
   skip system field: sys_created_on
   skip system field: sys_import_set
   transform field mapping exists: state -> state
   skip system field: target_created_by
   skip system field: target_sys_id
   skip system field: sys_created_by
   transform field mapping exists: order -> order
   transform field mapping exists: knowledge -> knowledge
   skip system field: sys_import_row
   skip system field: sys_row_error
   transform field mapping exists: closed_at -> closed_at
   transform field mapping exists: cmdb_ci -> cmdb_ci
   transform field mapping exists: delivery_plan -> delivery_plan
   transform field mapping exists: impact -> impact
   skip system field: target_domain_path
   transform field mapping exists: work_notes_list -> work_notes_list
   transform field mapping exists: active -> active
   transform field mapping exists: business_service -> business_service
   skip system field: import_set_run
   transform field mapping exists: priority -> priority
   transform field mapping exists: time_worked -> time_worked
   transform field mapping exists: expected_start -> expected_start
   transform field mapping exists: rejection_goto -> rejection_goto
   transform field mapping exists: opened_at -> opened_at
   transform field mapping exists: business_duration -> business_duration
   transform field mapping exists: group_list -> group_list
   transform field mapping exists: work_end -> work_end
   transform field mapping exists: approval_set -> approval_set
   transform field mapping exists: work_notes -> work_notes
   transform field mapping exists: wf_activity -> wf_activity
   transform field mapping exists: short_description -> short_description
   transform field mapping exists: correlation_display -> correlation_display
   skip system field: target_mod_count
   transform field mapping exists: work_start -> work_start
   transform field mapping exists: delivery_task -> delivery_task
   transform field mapping exists: assignment_group -> assignment_group
   skip system field: batch_id
   skip system field: sys_import_state_comment
   transform field mapping exists: additional_assignee_list -> additional_assignee_list
   transform field mapping exists: description -> description
   transform field mapping exists: calendar_duration -> calendar_duration
   skip system field: target_domain
   transform field mapping exists: close_notes -> close_notes
   skip system field: sys_class_name
   transform field mapping exists: closed_by -> closed_by
   transform field mapping exists: follow_up -> follow_up
   transform field mapping exists: contact_type -> contact_type
   transform field mapping exists: urgency -> urgency
   skip system field: sys_transform_map
   transform field mapping exists: company -> company
   transform field mapping exists: reassignment_count -> reassignment_count
   transform field mapping exists: activity_due -> activity_due
   transform field mapping exists: assigned_to -> assigned_to
   transform field mapping exists: variables -> variables
   transform field mapping exists: comments -> comments
   skip system field: sys_target_table
   skip system field: target_created_on
   transform field mapping exists: sla_due -> sla_due
   transform field mapping exists: approval -> approval
   transform field mapping exists: due_date -> due_date
   transform field mapping exists: comments_and_work_notes -> comments_and_work_notes
   skip system field: sys_mod_count
   skip virtual field: sys_tags
   skip system field: sys_import_state
   transform field mapping exists: escalation -> escalation
   transform field mapping exists: upon_approval -> upon_approval
   transform field mapping exists: correlation_id -> correlation_id
   transform field mapping exists: location -> location
   skip system field: source_id
   transform field mapping exists: target_domain -> sys_domain
   transform field mapping exists: target_class_name -> sys_class_name
   transform field mapping exists: target_mod_count -> sys_mod_count
   transform field mapping exists: target_created_by -> sys_created_by
   transform field mapping exists: target_created_on -> sys_created_on
coalece field exists
--synchronise transform map complete--
--Check Import Set WS and Transform Map Completed--

2018/06/16 11:56:46.550 [INFO] Scripted Web Service is Synchronised [u_itsmb_problem_task_n]
2018/06/16 11:56:47.011 [INFO] Initialisation 8 of 12 [Problem Task] Completed
2018/06/16 11:56:47.070 [DETAIL] Create Remedy Qualification: 'Form Name01' = "PBM:Problem Investigation" AND 'Form Name02' = "HPD:Help Desk"
2018/06/16 11:56:47.121 [DETAIL] Add Project Variable [Request ID01 [STRING]]
2018/06/16 11:56:47.121 [DETAIL] Create SNow Lookup Query: number#!#Request ID01#!#
2018/06/16 11:56:47.122 [INFO] Synchronising Scripted Web Service [u_itsmb_incident_n]
2018/06/16 11:56:49.296 [DETAIL] --Check Import WS Started--
   WS Name: u_itsmb_incident_n
   Target Table: incident
   Scope: global
   Run Business Rules: false
   include fields from tables: incident,task
--created ws import set: u_itsmb_incident_n [incident]--
--synchronise ws fields with target complete--
--transform map updated: u_itsmb_incident_n
   transform field mapping exists: parent -> parent
   transform field mapping exists: watch_list -> watch_list
   transform field mapping exists: caused_by -> caused_by
   skip system field: template_import_log
   transform field mapping exists: upon_reject -> upon_reject
   skip system field: target_scope
   skip system field: sys_updated_on
   transform field mapping exists: approval_history -> approval_history
   transform field mapping exists: number -> number
   transform field mapping exists: state -> state
   skip system field: sys_created_by
   transform field mapping exists: order -> order
   transform field mapping exists: knowledge -> knowledge
   skip system field: sys_import_row
   transform field mapping exists: delivery_plan -> delivery_plan
   transform field mapping exists: cmdb_ci -> cmdb_ci
   transform field mapping exists: impact -> impact
   transform field mapping exists: work_notes_list -> work_notes_list
   transform field mapping exists: active -> active
   transform field mapping exists: priority -> priority
   transform field mapping exists: rejection_goto -> rejection_goto
   transform field mapping exists: group_list -> group_list
   transform field mapping exists: business_duration -> business_duration
   transform field mapping exists: approval_set -> approval_set
   transform field mapping exists: wf_activity -> wf_activity
   transform field mapping exists: short_description -> short_description
   transform field mapping exists: delivery_task -> delivery_task
   transform field mapping exists: correlation_display -> correlation_display
   skip system field: target_mod_count
   transform field mapping exists: work_start -> work_start
   skip system field: batch_id
   skip system field: sys_import_state_comment
   transform field mapping exists: additional_assignee_list -> additional_assignee_list
   skip system field: target_domain
   transform field mapping exists: notify -> notify
   skip system field: sys_class_name
   transform field mapping exists: closed_by -> closed_by
   transform field mapping exists: follow_up -> follow_up
   transform field mapping exists: parent_incident -> parent_incident
   transform field mapping exists: reopened_by -> reopened_by
   transform field mapping exists: reassignment_count -> reassignment_count
   transform field mapping exists: assigned_to -> assigned_to
   transform field mapping exists: variables -> variables
   skip system field: sys_target_table
   transform field mapping exists: sla_due -> sla_due
   transform field mapping exists: comments_and_work_notes -> comments_and_work_notes
   skip system field: sys_import_state
   transform field mapping exists: upon_approval -> upon_approval
   transform field mapping exists: escalation -> escalation
   transform field mapping exists: correlation_id -> correlation_id
   skip system field: source_id
   transform field mapping exists: made_sla -> made_sla
   skip system field: target_class_name
   transform field mapping exists: child_incidents -> child_incidents
   transform field mapping exists: hold_reason -> hold_reason
   skip system field: sys_target_sys_id
   transform field mapping exists: resolved_by -> resolved_by
   skip system field: sys_updated_by
   transform field mapping exists: user_input -> user_input
   transform field mapping exists: opened_by -> opened_by
   skip system field: sys_created_on
   skip system field: sys_import_set
   skip system field: target_sys_id
   skip system field: target_created_by
   transform field mapping exists: calendar_stc -> calendar_stc
   skip system field: sys_row_error
   transform field mapping exists: closed_at -> closed_at
   skip system field: target_domain_path
   transform field mapping exists: business_service -> business_service
   skip system field: import_set_run
   transform field mapping exists: rfc -> rfc
   transform field mapping exists: time_worked -> time_worked
   transform field mapping exists: expected_start -> expected_start
   transform field mapping exists: opened_at -> opened_at
   transform field mapping exists: work_end -> work_end
   transform field mapping exists: reopened_time -> reopened_time
   transform field mapping exists: caller_id -> caller_id
   transform field mapping exists: resolved_at -> resolved_at
   transform field mapping exists: work_notes -> work_notes
   transform field mapping exists: subcategory -> subcategory
   transform field mapping exists: close_code -> close_code
   transform field mapping exists: assignment_group -> assignment_group
   transform field mapping exists: business_stc -> business_stc
   transform field mapping exists: description -> description
   transform field mapping exists: calendar_duration -> calendar_duration
   transform field mapping exists: close_notes -> close_notes
   transform field mapping exists: contact_type -> contact_type
   transform field mapping exists: incident_state -> incident_state
   transform field mapping exists: urgency -> urgency
   transform field mapping exists: problem_id -> problem_id
   skip system field: sys_transform_map
   transform field mapping exists: company -> company
   transform field mapping exists: activity_due -> activity_due
   transform field mapping exists: severity -> severity
   transform field mapping exists: comments -> comments
   skip system field: target_created_on
   transform field mapping exists: approval -> approval
   transform field mapping exists: due_date -> due_date
   skip system field: sys_mod_count
   transform field mapping exists: reopen_count -> reopen_count
   skip virtual field: sys_tags
   transform field mapping exists: location -> location
   transform field mapping exists: category -> category
   transform field mapping exists: target_domain -> sys_domain
   transform field mapping exists: target_class_name -> sys_class_name
   transform field mapping exists: target_mod_count -> sys_mod_count
   transform field mapping exists: target_created_by -> sys_created_by
   transform field mapping exists: target_created_on -> sys_created_on
coalece field exists
--synchronise transform map complete--
--Check Import Set WS and Transform Map Completed--

2018/06/16 11:56:49.296 [INFO] Scripted Web Service is Synchronised [u_itsmb_incident_n]
2018/06/16 11:56:49.752 [INFO] Initialisation 9 of 12 [Incident Related Problem] Completed
2018/06/16 11:56:49.766 [DETAIL] Create Remedy Qualification: 'Last Modified Date' > "1/1/2018 1:00:00 AM" AND (0 = 1 AND 'Company' = "Calbro Services" OR 0 = 0)
2018/06/16 11:56:49.776 [DETAIL] Add Project Variable [name [STRING]]
2018/06/16 11:56:49.777 [DETAIL] Create SNow Lookup Query: name#!#name#!#
2018/06/16 11:56:49.777 [DETAIL] Add Project Variable [Assignee Login [STRING]]
2018/06/16 11:56:49.784 [DETAIL] Create Remedy Lookup Query: 'Remedy Login ID' = ""
2018/06/16 11:56:49.784 [DETAIL] Add Project Variable [Assignee [STRING]]
2018/06/16 11:56:49.785 [DETAIL] Create SNow Lookup Query: name#!#Assignee#!#^email#!#!Assignee Email!#!#
2018/06/16 11:56:49.785 [DETAIL] Add Project Variable [Known Error ID [STRING]]
2018/06/16 11:56:49.795 [DETAIL] Create Remedy Lookup Query: 'Known Error ID' = ""
2018/06/16 11:56:49.795 [DETAIL] Add Project Variable [Company [STRING]]
2018/06/16 11:56:49.795 [DETAIL] Create SNow Lookup Query: name#!#Company#!#
2018/06/16 11:56:49.796 [DETAIL] Add Project Variable [Site [STRING]]
2018/06/16 11:56:49.796 [DETAIL] Add Project Variable [Company [STRING]]
2018/06/16 11:56:49.796 [DETAIL] Create SNow Lookup Query: company#!#Company#!#^name#!#Site#!#
2018/06/16 11:56:49.798 [INFO] Synchronising Scripted Web Service [u_itsmb_problem_n]
2018/06/16 11:56:51.752 [DETAIL] --Check Import WS Started--
   WS Name: u_itsmb_problem_n
   Target Table: problem
   Scope: global
   Run Business Rules: false
   include fields from tables: problem,task
--created ws import set: u_itsmb_problem_n [problem]--
--synchronise ws fields with target complete--
--transform map updated: u_itsmb_problem_n
   transform field mapping exists: parent -> parent
   transform field mapping exists: made_sla -> made_sla
   transform field mapping exists: watch_list -> watch_list
   skip system field: template_import_log
   transform field mapping exists: upon_reject -> upon_reject
   skip system field: target_scope
   skip system field: sys_updated_on
   skip system field: target_class_name
   transform field mapping exists: approval_history -> approval_history
   skip system field: sys_target_sys_id
   transform field mapping exists: number -> number
   skip system field: sys_updated_by
   transform field mapping exists: work_around -> work_around
   transform field mapping exists: opened_by -> opened_by
   transform field mapping exists: user_input -> user_input
   skip system field: sys_created_on
   skip system field: sys_import_set
   transform field mapping exists: state -> state
   skip system field: target_sys_id
   skip system field: target_created_by
   skip system field: sys_created_by
   transform field mapping exists: order -> order
   transform field mapping exists: knowledge -> knowledge
   skip system field: sys_import_row
   transform field mapping exists: major_problem -> major_problem
   skip system field: sys_row_error
   transform field mapping exists: closed_at -> closed_at
   transform field mapping exists: cmdb_ci -> cmdb_ci
   transform field mapping exists: delivery_plan -> delivery_plan
   transform field mapping exists: impact -> impact
   skip system field: target_domain_path
   transform field mapping exists: work_notes_list -> work_notes_list
   transform field mapping exists: active -> active
   transform field mapping exists: business_service -> business_service
   skip system field: import_set_run
   transform field mapping exists: priority -> priority
   transform field mapping exists: time_worked -> time_worked
   transform field mapping exists: rfc -> rfc
   transform field mapping exists: expected_start -> expected_start
   transform field mapping exists: rejection_goto -> rejection_goto
   transform field mapping exists: opened_at -> opened_at
   transform field mapping exists: business_duration -> business_duration
   transform field mapping exists: group_list -> group_list
   transform field mapping exists: work_end -> work_end
   transform field mapping exists: approval_set -> approval_set
   transform field mapping exists: wf_activity -> wf_activity
   transform field mapping exists: work_notes -> work_notes
   transform field mapping exists: short_description -> short_description
   transform field mapping exists: work_start -> work_start
   transform field mapping exists: correlation_display -> correlation_display
   transform field mapping exists: delivery_task -> delivery_task
   skip system field: target_mod_count
   transform field mapping exists: assignment_group -> assignment_group
   skip system field: batch_id
   skip system field: sys_import_state_comment
   transform field mapping exists: known_error -> known_error
   transform field mapping exists: additional_assignee_list -> additional_assignee_list
   transform field mapping exists: description -> description
   transform field mapping exists: calendar_duration -> calendar_duration
   skip system field: target_domain
   transform field mapping exists: close_notes -> close_notes
   skip system field: sys_class_name
   transform field mapping exists: closed_by -> closed_by
   transform field mapping exists: follow_up -> follow_up
   transform field mapping exists: contact_type -> contact_type
   transform field mapping exists: urgency -> urgency
   skip system field: sys_transform_map
   transform field mapping exists: company -> company
   transform field mapping exists: reassignment_count -> reassignment_count
   transform field mapping exists: related_incidents -> related_incidents
   transform field mapping exists: activity_due -> activity_due
   transform field mapping exists: assigned_to -> assigned_to
   transform field mapping exists: variables -> variables
   transform field mapping exists: review_outcome -> review_outcome
   transform field mapping exists: comments -> comments
   skip system field: sys_target_table
   skip system field: target_created_on
   transform field mapping exists: approval -> approval
   transform field mapping exists: sla_due -> sla_due
   transform field mapping exists: problem_state -> problem_state
   transform field mapping exists: comments_and_work_notes -> comments_and_work_notes
   transform field mapping exists: due_date -> due_date
   skip system field: sys_mod_count
   skip virtual field: sys_tags
   skip system field: sys_import_state
   transform field mapping exists: escalation -> escalation
   transform field mapping exists: upon_approval -> upon_approval
   transform field mapping exists: correlation_id -> correlation_id
   transform field mapping exists: location -> location
   skip system field: source_id
   transform field mapping exists: target_domain -> sys_domain
   transform field mapping exists: target_class_name -> sys_class_name
   transform field mapping exists: target_mod_count -> sys_mod_count
   transform field mapping exists: target_created_by -> sys_created_by
   transform field mapping exists: target_created_on -> sys_created_on
coalece field exists
--synchronise transform map complete--
--Check Import Set WS and Transform Map Completed--

2018/06/16 11:56:51.752 [INFO] Scripted Web Service is Synchronised [u_itsmb_problem_n]
2018/06/16 11:56:52.226 [INFO] Initialisation 10 of 12 [Known Errors] Completed
2018/06/16 11:56:52.263 [DETAIL] Create Remedy Qualification: 'RootRequestFormName' = "PBM:Known Error"
2018/06/16 11:56:52.268 [DETAIL] Add Project Variable [name [STRING]]
2018/06/16 11:56:52.268 [DETAIL] Create SNow Lookup Query: name#!#name#!#
2018/06/16 11:56:52.268 [DETAIL] Add Project Variable [Task ID [STRING]]
2018/06/16 11:56:52.273 [DETAIL] Create Remedy Lookup Query: 'TaskOrTaskGroupID' = ""
2018/06/16 11:56:52.273 [DETAIL] Add Project Variable [RootRequestID [STRING]]
2018/06/16 11:56:52.273 [DETAIL] Create SNow Lookup Query: number#!#RootRequestID#!#
2018/06/16 11:56:52.275 [DETAIL] Add Project Variable [Company [STRING]]
2018/06/16 11:56:52.275 [DETAIL] Create SNow Lookup Query: name#!#Company#!#
2018/06/16 11:56:52.275 [DETAIL] Add Project Variable [Site [STRING]]
2018/06/16 11:56:52.275 [DETAIL] Add Project Variable [Company [STRING]]
2018/06/16 11:56:52.275 [DETAIL] Create SNow Lookup Query: company#!#Company#!#^name#!#Site#!#
2018/06/16 11:56:52.277 [DETAIL] Add Project Variable [name [STRING]]
2018/06/16 11:56:52.277 [DETAIL] Add Project Variable [email [STRING]]
2018/06/16 11:56:52.277 [DETAIL] Create SNow Lookup Query: name#!#name#!#^email#!#email#!#
2018/06/16 11:56:52.277 [INFO] Synchronising Scripted Web Service [u_itsmb_problem_task_n]
2018/06/16 11:56:54.006 [DETAIL] --Check Import WS Started--
   WS Name: u_itsmb_problem_task_n
   Target Table: problem_task
   Scope: global
   Run Business Rules: false
   include fields from tables: problem_task,task
--created ws import set: u_itsmb_problem_task_n [problem_task]--
--synchronise ws fields with target complete--
--transform map updated: u_itsmb_problem_task_n
   transform field mapping exists: parent -> parent
   transform field mapping exists: made_sla -> made_sla
   transform field mapping exists: watch_list -> watch_list
   skip system field: template_import_log
   skip system field: target_scope
   transform field mapping exists: upon_reject -> upon_reject
   skip system field: sys_updated_on
   skip system field: target_class_name
   transform field mapping exists: approval_history -> approval_history
   skip system field: sys_target_sys_id
   transform field mapping exists: number -> number
   transform field mapping exists: problem -> problem
   skip system field: sys_updated_by
   transform field mapping exists: opened_by -> opened_by
   transform field mapping exists: user_input -> user_input
   skip system field: sys_created_on
   skip system field: sys_import_set
   transform field mapping exists: state -> state
   skip system field: target_created_by
   skip system field: target_sys_id
   skip system field: sys_created_by
   transform field mapping exists: order -> order
   transform field mapping exists: knowledge -> knowledge
   skip system field: sys_import_row
   skip system field: sys_row_error
   transform field mapping exists: closed_at -> closed_at
   transform field mapping exists: cmdb_ci -> cmdb_ci
   transform field mapping exists: delivery_plan -> delivery_plan
   transform field mapping exists: impact -> impact
   skip system field: target_domain_path
   transform field mapping exists: work_notes_list -> work_notes_list
   transform field mapping exists: active -> active
   transform field mapping exists: business_service -> business_service
   skip system field: import_set_run
   transform field mapping exists: priority -> priority
   transform field mapping exists: time_worked -> time_worked
   transform field mapping exists: expected_start -> expected_start
   transform field mapping exists: rejection_goto -> rejection_goto
   transform field mapping exists: opened_at -> opened_at
   transform field mapping exists: business_duration -> business_duration
   transform field mapping exists: group_list -> group_list
   transform field mapping exists: work_end -> work_end
   transform field mapping exists: approval_set -> approval_set
   transform field mapping exists: work_notes -> work_notes
   transform field mapping exists: wf_activity -> wf_activity
   transform field mapping exists: short_description -> short_description
   transform field mapping exists: correlation_display -> correlation_display
   skip system field: target_mod_count
   transform field mapping exists: work_start -> work_start
   transform field mapping exists: delivery_task -> delivery_task
   transform field mapping exists: assignment_group -> assignment_group
   skip system field: batch_id
   skip system field: sys_import_state_comment
   transform field mapping exists: additional_assignee_list -> additional_assignee_list
   transform field mapping exists: description -> description
   transform field mapping exists: calendar_duration -> calendar_duration
   skip system field: target_domain
   transform field mapping exists: close_notes -> close_notes
   skip system field: sys_class_name
   transform field mapping exists: closed_by -> closed_by
   transform field mapping exists: follow_up -> follow_up
   transform field mapping exists: contact_type -> contact_type
   transform field mapping exists: urgency -> urgency
   skip system field: sys_transform_map
   transform field mapping exists: company -> company
   transform field mapping exists: reassignment_count -> reassignment_count
   transform field mapping exists: activity_due -> activity_due
   transform field mapping exists: assigned_to -> assigned_to
   transform field mapping exists: variables -> variables
   transform field mapping exists: comments -> comments
   skip system field: sys_target_table
   skip system field: target_created_on
   transform field mapping exists: sla_due -> sla_due
   transform field mapping exists: approval -> approval
   transform field mapping exists: due_date -> due_date
   transform field mapping exists: comments_and_work_notes -> comments_and_work_notes
   skip system field: sys_mod_count
   skip virtual field: sys_tags
   skip system field: sys_import_state
   transform field mapping exists: escalation -> escalation
   transform field mapping exists: upon_approval -> upon_approval
   transform field mapping exists: correlation_id -> correlation_id
   transform field mapping exists: location -> location
   skip system field: source_id
   transform field mapping exists: target_domain -> sys_domain
   transform field mapping exists: target_class_name -> sys_class_name
   transform field mapping exists: target_mod_count -> sys_mod_count
   transform field mapping exists: target_created_by -> sys_created_by
   transform field mapping exists: target_created_on -> sys_created_on
coalece field exists
--synchronise transform map complete--
--Check Import Set WS and Transform Map Completed--

2018/06/16 11:56:54.007 [INFO] Scripted Web Service is Synchronised [u_itsmb_problem_task_n]
2018/06/16 11:56:54.467 [INFO] Initialisation 11 of 12 [Known Error Tasks] Completed
2018/06/16 11:56:54.505 [DETAIL] Create Remedy Qualification: 'Form Name01' = "PBM:Known Error" AND 'Form Name02' = "HPD:Help Desk"
2018/06/16 11:56:54.508 [DETAIL] Add Project Variable [Request ID01 [STRING]]
2018/06/16 11:56:54.508 [DETAIL] Create SNow Lookup Query: number#!#Request ID01#!#
2018/06/16 11:56:54.509 [INFO] Synchronising Scripted Web Service [u_itsmb_incident_n]
2018/06/16 11:56:56.587 [DETAIL] --Check Import WS Started--
   WS Name: u_itsmb_incident_n
   Target Table: incident
   Scope: global
   Run Business Rules: false
   include fields from tables: incident,task
--created ws import set: u_itsmb_incident_n [incident]--
--synchronise ws fields with target complete--
--transform map updated: u_itsmb_incident_n
   transform field mapping exists: parent -> parent
   transform field mapping exists: watch_list -> watch_list
   transform field mapping exists: caused_by -> caused_by
   skip system field: template_import_log
   transform field mapping exists: upon_reject -> upon_reject
   skip system field: target_scope
   skip system field: sys_updated_on
   transform field mapping exists: approval_history -> approval_history
   transform field mapping exists: number -> number
   transform field mapping exists: state -> state
   skip system field: sys_created_by
   transform field mapping exists: order -> order
   transform field mapping exists: knowledge -> knowledge
   skip system field: sys_import_row
   transform field mapping exists: delivery_plan -> delivery_plan
   transform field mapping exists: cmdb_ci -> cmdb_ci
   transform field mapping exists: impact -> impact
   transform field mapping exists: work_notes_list -> work_notes_list
   transform field mapping exists: active -> active
   transform field mapping exists: priority -> priority
   transform field mapping exists: rejection_goto -> rejection_goto
   transform field mapping exists: group_list -> group_list
   transform field mapping exists: business_duration -> business_duration
   transform field mapping exists: approval_set -> approval_set
   transform field mapping exists: wf_activity -> wf_activity
   transform field mapping exists: short_description -> short_description
   transform field mapping exists: delivery_task -> delivery_task
   transform field mapping exists: correlation_display -> correlation_display
   skip system field: target_mod_count
   transform field mapping exists: work_start -> work_start
   skip system field: batch_id
   skip system field: sys_import_state_comment
   transform field mapping exists: additional_assignee_list -> additional_assignee_list
   skip system field: target_domain
   transform field mapping exists: notify -> notify
   skip system field: sys_class_name
   transform field mapping exists: closed_by -> closed_by
   transform field mapping exists: follow_up -> follow_up
   transform field mapping exists: parent_incident -> parent_incident
   transform field mapping exists: reopened_by -> reopened_by
   transform field mapping exists: reassignment_count -> reassignment_count
   transform field mapping exists: assigned_to -> assigned_to
   transform field mapping exists: variables -> variables
   skip system field: sys_target_table
   transform field mapping exists: sla_due -> sla_due
   transform field mapping exists: comments_and_work_notes -> comments_and_work_notes
   skip system field: sys_import_state
   transform field mapping exists: upon_approval -> upon_approval
   transform field mapping exists: escalation -> escalation
   transform field mapping exists: correlation_id -> correlation_id
   skip system field: source_id
   transform field mapping exists: made_sla -> made_sla
   skip system field: target_class_name
   transform field mapping exists: child_incidents -> child_incidents
   transform field mapping exists: hold_reason -> hold_reason
   skip system field: sys_target_sys_id
   transform field mapping exists: resolved_by -> resolved_by
   skip system field: sys_updated_by
   transform field mapping exists: user_input -> user_input
   transform field mapping exists: opened_by -> opened_by
   skip system field: sys_created_on
   skip system field: sys_import_set
   skip system field: target_sys_id
   skip system field: target_created_by
   transform field mapping exists: calendar_stc -> calendar_stc
   skip system field: sys_row_error
   transform field mapping exists: closed_at -> closed_at
   skip system field: target_domain_path
   transform field mapping exists: business_service -> business_service
   skip system field: import_set_run
   transform field mapping exists: rfc -> rfc
   transform field mapping exists: time_worked -> time_worked
   transform field mapping exists: expected_start -> expected_start
   transform field mapping exists: opened_at -> opened_at
   transform field mapping exists: work_end -> work_end
   transform field mapping exists: reopened_time -> reopened_time
   transform field mapping exists: caller_id -> caller_id
   transform field mapping exists: resolved_at -> resolved_at
   transform field mapping exists: work_notes -> work_notes
   transform field mapping exists: subcategory -> subcategory
   transform field mapping exists: close_code -> close_code
   transform field mapping exists: assignment_group -> assignment_group
   transform field mapping exists: business_stc -> business_stc
   transform field mapping exists: description -> description
   transform field mapping exists: calendar_duration -> calendar_duration
   transform field mapping exists: close_notes -> close_notes
   transform field mapping exists: contact_type -> contact_type
   transform field mapping exists: incident_state -> incident_state
   transform field mapping exists: urgency -> urgency
   transform field mapping exists: problem_id -> problem_id
   skip system field: sys_transform_map
   transform field mapping exists: company -> company
   transform field mapping exists: activity_due -> activity_due
   transform field mapping exists: severity -> severity
   transform field mapping exists: comments -> comments
   skip system field: target_created_on
   transform field mapping exists: approval -> approval
   transform field mapping exists: due_date -> due_date
   skip system field: sys_mod_count
   transform field mapping exists: reopen_count -> reopen_count
   skip virtual field: sys_tags
   transform field mapping exists: location -> location
   transform field mapping exists: category -> category
   transform field mapping exists: target_domain -> sys_domain
   transform field mapping exists: target_class_name -> sys_class_name
   transform field mapping exists: target_mod_count -> sys_mod_count
   transform field mapping exists: target_created_by -> sys_created_by
   transform field mapping exists: target_created_on -> sys_created_on
coalece field exists
--synchronise transform map complete--
--Check Import Set WS and Transform Map Completed--

2018/06/16 11:56:56.587 [INFO] Scripted Web Service is Synchronised [u_itsmb_incident_n]
2018/06/16 11:56:57.069 [INFO] Initialisation 12 of 12 [Incident Related Known Error] Completed
2018/06/16 11:56:57.070 [INFO] ### Initialisation Step Complete
2018/06/16 11:56:57.070 [INFO] [User Reference] Key Mapping Cache CTM:People -> User [sys_user] Ready.
2018/06/16 11:56:57.072 [INFO] [Group Reference] Key Mapping Cache CTM:Support Group -> Group [sys_user_group] Ready.
2018/06/16 11:56:57.073 [INFO] [Location Reference] Key Mapping Cache SIT:Site -> Location [cmn_location] Ready.
2018/06/16 11:56:57.076 [INFO] [Incident] Key Mapping Cache HPD:Help Desk -> Incident Ready.
2018/06/16 11:56:57.076 [INFO] [Incident] Migration in progress.
2018/06/16 11:56:57.076 [DETAIL] [Incident Chunk 0] Data Retrieve Started...
2018/06/16 11:56:57.190 [DETAIL] [Incident Chunk 0] Data Transform Started...
2018/06/16 11:56:57.191 [DETAIL] Add Project Variable [number [STRING]]
2018/06/16 11:56:57.191 [DETAIL] Create SNow Lookup Query: number#!#number#!#
2018/06/16 11:56:57.228 [DETAIL] Lookup Batch Retrieve-Start
2018/06/16 11:56:57.228 [DETAIL] [src=SGP000000000009] SNow Qual: name=Backoffice Support
2018/06/16 11:56:57.228 [DETAIL] [src=SGP000000000009] SNow Qual: name=Backoffice Support
2018/06/16 11:56:57.228 [DETAIL] [src=SGP000000000011] SNow Qual: name=Service Desk
2018/06/16 11:56:57.456 [DETAIL] Lookup Batch Retrieve-End
2018/06/16 11:56:57.457 [DETAIL] Lookup Batch Retrieve-Start
2018/06/16 11:56:57.469 [DETAIL] Lookup Batch Retrieve-End
2018/06/16 11:56:57.470 [DETAIL] Lookup Batch Retrieve-Start
2018/06/16 11:56:57.470 [DETAIL] [src=null] SNow Qual: nameISEMPTY^emailISEMPTY
2018/06/16 11:56:57.470 [DETAIL] [src=null] SNow Qual: nameISEMPTY^emailISEMPTY
2018/06/16 11:56:57.470 [DETAIL] [src=null] SNow Qual: name=Francie Stafford^email=F.Stafford@calbroservices.com
2018/06/16 11:56:57.900 [DETAIL] Lookup Batch Retrieve-End
2018/06/16 11:56:57.900 [DETAIL] Lookup Batch Retrieve-Start
2018/06/16 11:56:57.914 [DETAIL] Lookup Batch Retrieve-End
2018/06/16 11:56:57.925 [DETAIL] Lookup Batch Retrieve-Start
2018/06/16 11:56:57.926 [DETAIL] [src=PPL000000000014] SNow Qual: name=Bob Baxter^email=B.Baxter@calbroservices.com
2018/06/16 11:56:57.926 [DETAIL] [src=PPL000000000013] SNow Qual: name=Allen Allbrook^email=A.Allbrook@calbroservices.com
2018/06/16 11:56:57.926 [DETAIL] [src=PPL000000000022] SNow Qual: name=Joe Unser^email=J.Unser@calbroservices.com
2018/06/16 11:56:58.177 [DETAIL] Lookup Batch Retrieve-End
2018/06/16 11:56:58.177 [DETAIL] Lookup Batch Retrieve-Start
2018/06/16 11:56:58.177 [DETAIL] [src=null] SNow Qual: name=Calbro Services
2018/06/16 11:56:58.177 [DETAIL] [src=null] SNow Qual: name=Calbro Services
2018/06/16 11:56:58.178 [DETAIL] [src=null] SNow Qual: name=Calbro Services
2018/06/16 11:56:58.412 [DETAIL] Lookup Batch Retrieve-End
2018/06/16 11:56:58.424 [DETAIL] Lookup Batch Retrieve-Start
2018/06/16 11:56:58.424 [DETAIL] [src=STE_SOLN0002846] SNow Qual: name=Headquarters, Building 1.31^country=United States^city=New York
2018/06/16 11:56:58.424 [DETAIL] [src=STE_SOLN0002846] SNow Qual: name=Headquarters, Building 1.31^country=United States^city=New York
2018/06/16 11:56:58.424 [DETAIL] [src=STE_SOLN0002846] SNow Qual: name=Headquarters, Building 1.31^country=United States^city=New York
2018/06/16 11:56:58.652 [DETAIL] Lookup Batch Retrieve-End
2018/06/16 11:56:58.653 [DETAIL] Lookup Batch Retrieve-Start
2018/06/16 11:56:58.653 [DETAIL] [src=INC000000000104] SNow Qual: number=INC000000000004
2018/06/16 11:56:58.653 [DETAIL] [src=INC000000000103] SNow Qual: number=INC000000000002
2018/06/16 11:56:58.653 [DETAIL] [src=INC000000000024] SNow Qual: number=INC_CAL_1000022
2018/06/16 11:56:58.892 [DETAIL] Lookup Batch Retrieve-End
2018/06/16 11:56:58.893 [DETAIL] [Incident Chunk 0] Data Update Started...
2018/06/16 11:56:58.893 [DETAIL] Batch Update of 3 Entries Started
2018/06/16 11:56:58.893 [DETAIL] Pre-Migration Task 0 Complete
2018/06/16 11:56:59.480 [DETAIL] Update entry complete [src=INC000000000104 tgt=c8864520377213005d19dcc773990e17]
2018/06/16 11:56:59.481 [DETAIL] Update entry complete [src=INC000000000103 tgt=e555cdac373213005d19dcc773990eab]
2018/06/16 11:56:59.481 [DETAIL] Update entry complete [src=INC000000000024 tgt=b555cdac373213005d19dcc773990ed4]
2018/06/16 11:56:59.481 [DETAIL] Post-Migration Task 0 Complete
2018/06/16 11:56:59.482 [DETAIL] [Incident Chunk 0] Attachment Migration Started...
2018/06/16 11:56:59.482 [DETAIL] Source Attachment Info Loaded [0]
2018/06/16 11:56:59.482 [DETAIL] Attachment Target Check Complete [new=0 updates=0 duplicates=0]
2018/06/16 11:56:59.482 [DETAIL] Attachment Processing Queue Counts:- SRC: 0 TGTCHK: 0 GETDATA: 0 MIG: 0 DEL: 0
2018/06/16 11:56:59.484 [INFO] Migration Completed 
2018/06/16 11:56:59.484 [INFO] Summary...  Created:0 Updated:3 Skipped:0 Errors:0 [Warnings 0]
2018/06/16 11:56:59.489 [INFO] [Incident Task] Key Mapping Cache TMS:Task -> Incident Task Ready.
2018/06/16 11:56:59.492 [INFO] [Incident Task] Migration in progress.
2018/06/16 11:56:59.507 [DETAIL] [Incident Task Chunk 0] Data Retrieve Started...
2018/06/16 11:56:59.514 [DETAIL] Create Inclusion Query: [Operation=1,Operand Left=[Operation=4,Operand Left=[Operation=1,Operand Left=[Operand Type=[type=1],Operand=10000005],Operand Right=[Operand Type=[type=2],Operand=HPD:Help Desk]],Operand Right=<null>],Operand Right=[Operation=2,Operand Left=[Operation=2,Operand Left=[Operation=4,Operand Left=[Operation=1,Operand Left=[Operand Type=[type=1],Operand=10000006],Operand Right=[Operand Type=[type=2],Operand=INC000000000004]],Operand Right=<null>],Operand Right=[Operation=4,Operand Left=[Operation=1,Operand Left=[Operand Type=[type=1],Operand=10000006],Operand Right=[Operand Type=[type=2],Operand=INC_CAL_1000022]],Operand Right=<null>]],Operand Right=[Operation=4,Operand Left=[Operation=1,Operand Left=[Operand Type=[type=1],Operand=10000006],Operand Right=[Operand Type=[type=2],Operand=INC000000000002]],Operand Right=<null>]]]
2018/06/16 11:56:59.556 [DETAIL] [Incident Task Chunk 0] Data Transform Started...
2018/06/16 11:56:59.556 [DETAIL] Add Project Variable [number [STRING]]
2018/06/16 11:56:59.556 [DETAIL] Create SNow Lookup Query: number#!#number#!#
2018/06/16 11:56:59.563 [DETAIL] Lookup Batch Retrieve-Start
2018/06/16 11:56:59.563 [DETAIL] [src=SGP000000000010] SNow Qual: name=Frontoffice Support
2018/06/16 11:56:59.981 [DETAIL] Lookup Batch Retrieve-End
2018/06/16 11:56:59.985 [DETAIL] Lookup Batch Retrieve-Start
2018/06/16 11:56:59.990 [DETAIL] Lookup Batch Retrieve-End
2018/06/16 11:56:59.990 [DETAIL] Lookup Batch Retrieve-Start
2018/06/16 11:56:59.990 [DETAIL] [src=null] SNow Qual: name=Calbro Services
2018/06/16 11:57:00.406 [DETAIL] Lookup Batch Retrieve-End
2018/06/16 11:57:00.406 [DETAIL] Lookup Batch Retrieve-Start
2018/06/16 11:57:00.406 [DETAIL] [src=null] SNow Qual: company=Calbro Services^nameISEMPTY
2018/06/16 11:57:00.875 [DETAIL] Lookup Batch Retrieve-End
2018/06/16 11:57:00.875 [DETAIL] Lookup Batch Retrieve-Start
2018/06/16 11:57:00.875 [DETAIL] [src=null] SNow Qual: number=INC000000000004
2018/06/16 11:57:01.296 [DETAIL] Lookup Batch Retrieve-End
2018/06/16 11:57:01.302 [DETAIL] Lookup Batch Retrieve-Start
2018/06/16 11:57:01.302 [DETAIL] [src=PPL000000000018] SNow Qual: name=Ian Plyment^email=I.Plyment@calbroservices.com
2018/06/16 11:57:01.715 [DETAIL] Lookup Batch Retrieve-End
2018/06/16 11:57:01.716 [DETAIL] Lookup Batch Retrieve-Start
2018/06/16 11:57:01.716 [DETAIL] [src=TAS000000000109] SNow Qual: number=TAS000000000109
2018/06/16 11:57:02.141 [DETAIL] Lookup Batch Retrieve-End
2018/06/16 11:57:02.142 [DETAIL] [Incident Task Chunk 0] Data Update Started...
2018/06/16 11:57:02.142 [DETAIL] Batch Update of 1 Entries Started
2018/06/16 11:57:02.142 [DETAIL] Pre-Migration Task 0 Complete
2018/06/16 11:57:02.635 [DETAIL] Update entry complete [src=TAS000000000109 tgt=f3f849a0377213005d19dcc773990ee2]
2018/06/16 11:57:02.635 [DETAIL] Post-Migration Task 0 Complete
2018/06/16 11:57:02.636 [DETAIL] [Incident Task Chunk 0] Attachment Migration Started...
2018/06/16 11:57:02.636 [DETAIL] Source Attachment Info Loaded [1]
2018/06/16 11:57:02.636 [DETAIL] Attachment Retrieve-Start
2018/06/16 11:57:02.883 [DETAIL] Target Attachment Info Retrieve [1 attachments of estimated 1 retrieved]
2018/06/16 11:57:02.883 [DETAIL] Attachment Target Check Complete [new=0 updates=0 duplicates=1]
2018/06/16 11:57:02.883 [DETAIL] Attachment Processing Queue Counts:- SRC: 0 TGTCHK: 0 GETDATA: 0 MIG: 0 DEL: 0
2018/06/16 11:57:02.884 [INFO] Migration Completed 
2018/06/16 11:57:02.884 [INFO] Summary...  Created:0 Updated:1 Skipped:0 Errors:0 [Warnings 0]
2018/06/16 11:57:02.887 [INFO] [Child Incidents] Key Mapping Cache HPD:Associations -> Incident Ready.
2018/06/16 11:57:02.887 [INFO] [Child Incidents] Migration in progress.
2018/06/16 11:57:02.887 [DETAIL] [Child Incidents Chunk 0] Data Retrieve Started...
2018/06/16 11:57:02.887 [DETAIL] Create Inclusion Query: [Operation=1,Operand Left=[Operation=1,Operand Left=[Operation=4,Operand Left=[Operation=1,Operand Left=[Operand Type=[type=1],Operand=1000000101],Operand Right=[Operand Type=[type=2],Operand=HPD:Help Desk]],Operand Right=<null>],Operand Right=[Operation=1,Operand Left=[Operation=4,Operand Left=[Operation=1,Operand Left=[Operand Type=[type=1],Operand=1000000203],Operand Right=[Operand Type=[type=2],Operand=HPD:Help Desk]],Operand Right=<null>],Operand Right=[Operation=4,Operand Left=[Operation=4,Operand Left=[Operand Type=[type=1],Operand=1000000205],Operand Right=[Operand Type=[type=1],Operand=1000000204]],Operand Right=<null>]]],Operand Right=[Operation=2,Operand Left=[Operation=2,Operand Left=[Operation=4,Operand Left=[Operation=1,Operand Left=[Operand Type=[type=1],Operand=1000000205],Operand Right=[Operand Type=[type=2],Operand=INC000000000004]],Operand Right=<null>],Operand Right=[Operation=4,Operand Left=[Operation=1,Operand Left=[Operand Type=[type=1],Operand=1000000205],Operand Right=[Operand Type=[type=2],Operand=INC_CAL_1000022]],Operand Right=<null>]],Operand Right=[Operation=4,Operand Left=[Operation=1,Operand Left=[Operand Type=[type=1],Operand=1000000205],Operand Right=[Operand Type=[type=2],Operand=INC000000000002]],Operand Right=<null>]]]
2018/06/16 11:57:02.970 [DETAIL] [Child Incidents Chunk 0] Data Transform Started...
2018/06/16 11:57:02.971 [DETAIL] [Child Incidents Chunk 0] Data Update Started...
2018/06/16 11:57:02.971 [INFO] Migration Completed 
2018/06/16 11:57:02.971 [INFO] Summary...  Created:0 Updated:0 Skipped:0 Errors:0 [Warnings 0]
2018/06/16 11:57:02.974 [INFO] [Problem] Key Mapping Cache PBM:Problem Investigation -> Problem Ready.
2018/06/16 11:57:02.974 [INFO] [Problem] Migration in progress.
2018/06/16 11:57:02.974 [DETAIL] [Problem Chunk 0] Data Retrieve Started...
2018/06/16 11:57:02.989 [DETAIL] [Problem Chunk 0] Data Transform Started...
2018/06/16 11:57:02.989 [DETAIL] Add Project Variable [number [STRING]]
2018/06/16 11:57:02.991 [DETAIL] Create SNow Lookup Query: number#!#number#!#
2018/06/16 11:57:02.991 [DETAIL] Lookup Batch Retrieve-Start
2018/06/16 11:57:03.001 [DETAIL] Lookup Batch Retrieve-End
2018/06/16 11:57:03.001 [DETAIL] Lookup Batch Retrieve-Start
2018/06/16 11:57:03.005 [DETAIL] Lookup Batch Retrieve-End
2018/06/16 11:57:03.005 [DETAIL] Lookup Batch Retrieve-Start
2018/06/16 11:57:03.005 [DETAIL] [src=null] SNow Qual: name=Ian Plyment^email=I.Plyment@calbroservices.com
2018/06/16 11:57:03.427 [DETAIL] Lookup Batch Retrieve-End
2018/06/16 11:57:03.427 [DETAIL] Lookup Batch Retrieve-Start
2018/06/16 11:57:03.427 [DETAIL] [src=null] SNow Qual: name=Calbro Services
2018/06/16 11:57:03.842 [DETAIL] Lookup Batch Retrieve-End
2018/06/16 11:57:03.843 [DETAIL] Lookup Batch Retrieve-Start
2018/06/16 11:57:03.843 [DETAIL] [src=PBI000000000025] SNow Qual: number=PBI_CAL_1000024
2018/06/16 11:57:04.311 [DETAIL] Lookup Batch Retrieve-End
2018/06/16 11:57:04.312 [DETAIL] [Problem Chunk 0] Data Update Started...
2018/06/16 11:57:04.312 [DETAIL] Batch Insert of 1 Entries Started
2018/06/16 11:57:04.889 [DETAIL] Create entry complete [src=PBI000000000025 tgt=83c985e0377213005d19dcc773990ec3]
2018/06/16 11:57:04.891 [INFO] Migration Completed 
2018/06/16 11:57:04.891 [INFO] Summary...  Created:1 Updated:0 Skipped:0 Errors:0 [Warnings 0]
2018/06/16 11:57:04.895 [INFO] [Problem Task] Key Mapping Cache TMS:Task -> Problem Task Ready.
2018/06/16 11:57:04.895 [INFO] [Problem Task] Migration in progress.
2018/06/16 11:57:04.895 [DETAIL] [Problem Task Chunk 0] Data Retrieve Started...
2018/06/16 11:57:04.895 [DETAIL] Create Inclusion Query: [Operation=1,Operand Left=[Operation=4,Operand Left=[Operation=1,Operand Left=[Operand Type=[type=1],Operand=10000005],Operand Right=[Operand Type=[type=2],Operand=PBM:Problem Investigation]],Operand Right=<null>],Operand Right=[Operation=4,Operand Left=[Operation=1,Operand Left=[Operand Type=[type=1],Operand=10000006],Operand Right=[Operand Type=[type=2],Operand=PBI_CAL_1000024]],Operand Right=<null>]]
2018/06/16 11:57:04.906 [DETAIL] [Problem Task Chunk 0] Data Transform Started...
2018/06/16 11:57:04.907 [DETAIL] [Problem Task Chunk 0] Data Update Started...
2018/06/16 11:57:04.907 [INFO] Migration Completed 
2018/06/16 11:57:04.907 [INFO] Summary...  Created:0 Updated:0 Skipped:0 Errors:0 [Warnings 0]
2018/06/16 11:57:04.909 [INFO] [Incident Related Problem] Key Mapping Cache HPD:Associations -> Incident Ready.
2018/06/16 11:57:04.909 [INFO] [Incident Related Problem] Migration in progress.
2018/06/16 11:57:04.909 [DETAIL] [Incident Related Problem Chunk 0] Data Retrieve Started...
2018/06/16 11:57:04.911 [DETAIL] Create Inclusion Query: [Operation=1,Operand Left=[Operation=1,Operand Left=[Operation=4,Operand Left=[Operation=1,Operand Left=[Operand Type=[type=1],Operand=1000000101],Operand Right=[Operand Type=[type=2],Operand=PBM:Problem Investigation]],Operand Right=<null>],Operand Right=[Operation=4,Operand Left=[Operation=1,Operand Left=[Operand Type=[type=1],Operand=1000000203],Operand Right=[Operand Type=[type=2],Operand=HPD:Help Desk]],Operand Right=<null>]],Operand Right=[Operation=2,Operand Left=[Operation=2,Operand Left=[Operation=4,Operand Left=[Operation=1,Operand Left=[Operand Type=[type=1],Operand=1000000205],Operand Right=[Operand Type=[type=2],Operand=INC000000000004]],Operand Right=<null>],Operand Right=[Operation=4,Operand Left=[Operation=1,Operand Left=[Operand Type=[type=1],Operand=1000000205],Operand Right=[Operand Type=[type=2],Operand=INC_CAL_1000022]],Operand Right=<null>]],Operand Right=[Operation=4,Operand Left=[Operation=1,Operand Left=[Operand Type=[type=1],Operand=1000000205],Operand Right=[Operand Type=[type=2],Operand=INC000000000002]],Operand Right=<null>]]]
2018/06/16 11:57:04.927 [DETAIL] [Incident Related Problem Chunk 0] Data Transform Started...
2018/06/16 11:57:04.927 [DETAIL] Add Project Variable [number [STRING]]
2018/06/16 11:57:04.927 [DETAIL] Create SNow Lookup Query: number#!#number#!#
2018/06/16 11:57:04.928 [DETAIL] Lookup Batch Retrieve-Start
2018/06/16 11:57:04.928 [DETAIL] [src=null] SNow Qual: number=PBI_CAL_1000025
2018/06/16 11:57:04.928 [DETAIL] [src=null] SNow Qual: number=PBI_CAL_1000024
2018/06/16 11:57:05.353 [DETAIL] Lookup Batch Retrieve-End
2018/06/16 11:57:05.353 [DETAIL] Lookup Batch Retrieve-Start
2018/06/16 11:57:05.353 [DETAIL] [src=HAS000000000104] SNow Qual: number=INC_CAL_1000022
2018/06/16 11:57:05.354 [DETAIL] [src=HAS000000000106] SNow Qual: number=INC000000000004
2018/06/16 11:57:05.775 [DETAIL] Lookup Batch Retrieve-End
2018/06/16 11:57:05.775 [DETAIL] [Incident Related Problem Chunk 0] Data Update Started...
2018/06/16 11:57:05.776 [DETAIL] Batch Update of 2 Entries Started
2018/06/16 11:57:05.776 [DETAIL] Pre-Migration Task 0 Complete
2018/06/16 11:57:06.122 [DETAIL] Update entry complete [src=HAS000000000104 tgt=b555cdac373213005d19dcc773990ed4]
2018/06/16 11:57:06.123 [DETAIL] Update entry complete [src=HAS000000000106 tgt=c8864520377213005d19dcc773990e17]
2018/06/16 11:57:06.123 [DETAIL] Post-Migration Task 0 Complete
2018/06/16 11:57:06.124 [INFO] Migration Completed 
2018/06/16 11:57:06.124 [INFO] Summary...  Created:0 Updated:2 Skipped:0 Errors:0 [Warnings 0]
2018/06/16 11:57:06.127 [INFO] [Known Errors] Key Mapping Cache PBM:Known Error -> Problem Ready.
2018/06/16 11:57:06.127 [INFO] [Known Errors] Migration in progress.
2018/06/16 11:57:06.127 [DETAIL] [Known Errors Chunk 0] Data Retrieve Started...
2018/06/16 11:57:06.159 [DETAIL] [Known Errors Chunk 0] Data Transform Started...
2018/06/16 11:57:06.159 [DETAIL] [Known Errors Chunk 0] Data Update Started...
2018/06/16 11:57:06.159 [INFO] Migration Completed 
2018/06/16 11:57:06.159 [INFO] Summary...  Created:0 Updated:0 Skipped:0 Errors:0 [Warnings 0]
2018/06/16 11:57:06.160 [INFO] [Known Error Tasks] Key Mapping Cache TMS:Task -> Problem Task Ready.
2018/06/16 11:57:06.160 [INFO] [Known Error Tasks] Migration in progress.
2018/06/16 11:57:06.160 [DETAIL] [Known Error Tasks Chunk 0] Data Retrieve Started...
2018/06/16 11:57:06.160 [DETAIL] [Known Error Tasks Chunk 0] Data Transform Started...
2018/06/16 11:57:06.161 [DETAIL] [Known Error Tasks Chunk 0] Data Update Started...
2018/06/16 11:57:06.161 [INFO] Migration Completed 
2018/06/16 11:57:06.161 [INFO] Summary...  Created:0 Updated:0 Skipped:0 Errors:0 [Warnings 0]
2018/06/16 11:57:06.161 [INFO] [Incident Related Known Error] Key Mapping Cache HPD:Associations -> Incident Ready.
2018/06/16 11:57:06.161 [INFO] [Incident Related Known Error] Migration in progress.
2018/06/16 11:57:06.161 [DETAIL] [Incident Related Known Error Chunk 0] Data Retrieve Started...
2018/06/16 11:57:06.162 [DETAIL] Create Inclusion Query: [Operation=1,Operand Left=[Operation=1,Operand Left=[Operation=4,Operand Left=[Operation=1,Operand Left=[Operand Type=[type=1],Operand=1000000101],Operand Right=[Operand Type=[type=2],Operand=PBM:Known Error]],Operand Right=<null>],Operand Right=[Operation=4,Operand Left=[Operation=1,Operand Left=[Operand Type=[type=1],Operand=1000000203],Operand Right=[Operand Type=[type=2],Operand=HPD:Help Desk]],Operand Right=<null>]],Operand Right=[Operation=2,Operand Left=[Operation=2,Operand Left=[Operation=4,Operand Left=[Operation=1,Operand Left=[Operand Type=[type=1],Operand=1000000205],Operand Right=[Operand Type=[type=2],Operand=INC000000000004]],Operand Right=<null>],Operand Right=[Operation=4,Operand Left=[Operation=1,Operand Left=[Operand Type=[type=1],Operand=1000000205],Operand Right=[Operand Type=[type=2],Operand=INC_CAL_1000022]],Operand Right=<null>]],Operand Right=[Operation=4,Operand Left=[Operation=1,Operand Left=[Operand Type=[type=1],Operand=1000000205],Operand Right=[Operand Type=[type=2],Operand=INC000000000002]],Operand Right=<null>]]]
2018/06/16 11:57:06.208 [DETAIL] [Incident Related Known Error Chunk 0] Data Transform Started...
2018/06/16 11:57:06.208 [DETAIL] Add Project Variable [number [STRING]]
2018/06/16 11:57:06.208 [DETAIL] Create SNow Lookup Query: number#!#number#!#
2018/06/16 11:57:06.210 [DETAIL] Lookup Batch Retrieve-Start
2018/06/16 11:57:06.210 [DETAIL] [src=null] SNow Qual: number=PKE_CAL_1000002
2018/06/16 11:57:06.679 [DETAIL] Lookup Batch Retrieve-End
2018/06/16 11:57:06.679 [DETAIL] Lookup Batch Retrieve-Start
2018/06/16 11:57:06.679 [DETAIL] [src=HAS000000000105] SNow Qual: number=INC_CAL_1000022
2018/06/16 11:57:07.099 [DETAIL] Lookup Batch Retrieve-End
2018/06/16 11:57:07.099 [DETAIL] [Incident Related Known Error Chunk 0] Data Update Started...
2018/06/16 11:57:07.099 [DETAIL] Batch Update of 1 Entries Started
2018/06/16 11:57:07.099 [DETAIL] Pre-Migration Task 0 Complete
2018/06/16 11:57:07.564 [DETAIL] Update entry complete [src=HAS000000000105 tgt=b555cdac373213005d19dcc773990ed4]
2018/06/16 11:57:07.564 [DETAIL] Post-Migration Task 0 Complete
2018/06/16 11:57:07.565 [INFO] Migration Completed 
2018/06/16 11:57:07.565 [INFO] Summary...  Created:0 Updated:1 Skipped:0 Errors:0 [Warnings 0]
2018/06/16 11:57:07.565 [DETAIL] Closing Execution Task...
2018/06/16 11:57:07.704 [INFO] Execution has completed [Execution ID=2018-06-16_11-56]
2018/06/16 11:57:07.704 [INFO] --END OF LOG--
