2018/06/16 11:59:25.702 [INFO] Log Level set to Detail
2018/06/16 11:59:25.703 [INFO] ITSM Bridge version 3.7.14
2018/06/16 11:59:25.703 [INFO] Execution of INC_PBM version 10
2018/06/16 11:59:25.703 [INFO] Set Variable Modified Since Date to value '2018-01-01 00:00:00'
2018/06/16 11:59:25.703 [INFO] Set Variable Single Company to value 'FALSE'
2018/06/16 11:59:25.703 [INFO] Set Variable Company to value 'Calbro Services'
2018/06/16 11:59:25.705 [INFO] Execution started... [Execution ID=2018-06-16_11-59]
2018/06/16 11:59:25.705 [INFO] Initialisation Step Started...
2018/06/16 11:59:25.707 [INFO] Source Server Connected
2018/06/16 11:59:27.312 [INFO] Target Server Connected
2018/06/16 11:59:27.783 [DETAIL] Remedy Cache Initialisation started...
2018/06/16 11:59:27.783 [DETAIL] Remedy Cache Initialisation complete
2018/06/16 11:59:27.783 [INFO] Source Server Cache Initialised
2018/06/16 11:59:27.783 [DETAIL] Service Now Cache Initialisation started...
2018/06/16 11:59:27.783 [DETAIL] Service Now Cache Initialisation complete
2018/06/16 11:59:27.783 [INFO] Target Server Cache Initialised
2018/06/16 11:59:27.783 [DETAIL] Top Level Project Validation Completed
2018/06/16 11:59:28.234 [INFO] Initialisation 1 of 12 [User Reference] Disabled [Key Mapping Cache Initialised]
2018/06/16 11:59:28.691 [INFO] Initialisation 2 of 12 [Group Reference] Disabled [Key Mapping Cache Initialised]
2018/06/16 11:59:29.154 [DETAIL] Create SNow Lookup Query: name#!#!Company Name!#!#
2018/06/16 11:59:29.155 [DETAIL] Add Project Variable [Site ID [STRING]]
2018/06/16 11:59:29.157 [DETAIL] Create Remedy Lookup Query: 'Site ID' = ""
2018/06/16 11:59:29.157 [INFO] Initialisation 3 of 12 [Location Reference] Disabled [Key Mapping Cache Initialised]
2018/06/16 11:59:29.161 [DETAIL] Create Remedy Qualification: 'Last Modified Date' > "1/1/2018 1:00:00 AM" AND (0 = 1 AND 'Contact Company' = "Calbro Services" OR 0 = 0)
2018/06/16 11:59:29.197 [DETAIL] Add Project Variable [name [STRING]]
2018/06/16 11:59:29.198 [DETAIL] Create SNow Lookup Query: name#!#name#!#
2018/06/16 11:59:29.198 [DETAIL] Add Project Variable [Assignee Login ID [STRING]]
2018/06/16 11:59:29.200 [DETAIL] Create Remedy Lookup Query: 'Remedy Login ID' = ""
2018/06/16 11:59:29.200 [DETAIL] Add Project Variable [Assignee [STRING]]
2018/06/16 11:59:29.200 [DETAIL] Create SNow Lookup Query: name#!#Assignee#!#^email#!#!Assignee Email!#!#
2018/06/16 11:59:29.201 [DETAIL] Add Project Variable [Incident Number [STRING]]
2018/06/16 11:59:29.202 [DETAIL] Create Remedy Lookup Query: 'Incident Number' = ""
2018/06/16 11:59:29.202 [DETAIL] Add Project Variable [name [STRING]]
2018/06/16 11:59:29.202 [DETAIL] Add Project Variable [email [STRING]]
2018/06/16 11:59:29.202 [DETAIL] Create SNow Lookup Query: name#!#name#!#^email#!#email#!#
2018/06/16 11:59:29.202 [DETAIL] Add Project Variable [Contact Company [STRING]]
2018/06/16 11:59:29.202 [DETAIL] Create SNow Lookup Query: name#!#Contact Company#!#
2018/06/16 11:59:29.204 [DETAIL] Add Project Variable [country [STRING]]
2018/06/16 11:59:29.204 [DETAIL] Add Project Variable [city [STRING]]
2018/06/16 11:59:29.204 [DETAIL] Add Project Variable [name [STRING]]
2018/06/16 11:59:29.204 [DETAIL] Create SNow Lookup Query: name#!#name#!#^country#!#country#!#^city#!#city#!#
2018/06/16 11:59:29.205 [INFO] Synchronising Scripted Web Service [u_itsmb_incident]
2018/06/16 11:59:31.399 [DETAIL] --Check Import WS Started--
   WS Name: u_itsmb_incident
   Target Table: incident
   Scope: global
   Run Business Rules: true
   include fields from tables: incident,task
--created ws import set: u_itsmb_incident [incident]--
--synchronise ws fields with target complete--
--transform map updated: u_itsmb_incident
   transform field mapping exists: parent -> parent
   transform field mapping exists: watch_list -> watch_list
   transform field mapping exists: caused_by -> caused_by
   skip system field: template_import_log
   skip system field: target_scope
   transform field mapping exists: upon_reject -> upon_reject
   skip system field: sys_updated_on
   transform field mapping exists: approval_history -> approval_history
   transform field mapping exists: number -> number
   transform field mapping exists: state -> state
   skip system field: sys_created_by
   transform field mapping exists: knowledge -> knowledge
   transform field mapping exists: order -> order
   skip system field: sys_import_row
   transform field mapping exists: cmdb_ci -> cmdb_ci
   transform field mapping exists: delivery_plan -> delivery_plan
   transform field mapping exists: impact -> impact
   transform field mapping exists: active -> active
   transform field mapping exists: work_notes_list -> work_notes_list
   transform field mapping exists: priority -> priority
   transform field mapping exists: rejection_goto -> rejection_goto
   transform field mapping exists: group_list -> group_list
   transform field mapping exists: business_duration -> business_duration
   transform field mapping exists: approval_set -> approval_set
   transform field mapping exists: wf_activity -> wf_activity
   transform field mapping exists: short_description -> short_description
   transform field mapping exists: work_start -> work_start
   transform field mapping exists: delivery_task -> delivery_task
   skip system field: target_mod_count
   transform field mapping exists: correlation_display -> correlation_display
   skip system field: batch_id
   skip system field: sys_import_state_comment
   transform field mapping exists: additional_assignee_list -> additional_assignee_list
   skip system field: target_domain
   transform field mapping exists: notify -> notify
   skip system field: sys_class_name
   transform field mapping exists: closed_by -> closed_by
   transform field mapping exists: follow_up -> follow_up
   transform field mapping exists: parent_incident -> parent_incident
   transform field mapping exists: reopened_by -> reopened_by
   transform field mapping exists: reassignment_count -> reassignment_count
   transform field mapping exists: assigned_to -> assigned_to
   transform field mapping exists: variables -> variables
   skip system field: sys_target_table
   transform field mapping exists: sla_due -> sla_due
   transform field mapping exists: comments_and_work_notes -> comments_and_work_notes
   skip system field: sys_import_state
   transform field mapping exists: upon_approval -> upon_approval
   transform field mapping exists: escalation -> escalation
   transform field mapping exists: correlation_id -> correlation_id
   skip system field: source_id
   transform field mapping exists: made_sla -> made_sla
   transform field mapping exists: child_incidents -> child_incidents
   skip system field: target_class_name
   transform field mapping exists: hold_reason -> hold_reason
   skip system field: sys_target_sys_id
   transform field mapping exists: resolved_by -> resolved_by
   skip system field: sys_updated_by
   transform field mapping exists: user_input -> user_input
   transform field mapping exists: opened_by -> opened_by
   skip system field: sys_created_on
   skip system field: sys_import_set
   skip system field: target_created_by
   skip system field: target_sys_id
   transform field mapping exists: calendar_stc -> calendar_stc
   skip system field: sys_row_error
   transform field mapping exists: closed_at -> closed_at
   skip system field: target_domain_path
   transform field mapping exists: business_service -> business_service
   skip system field: import_set_run
   transform field mapping exists: time_worked -> time_worked
   transform field mapping exists: rfc -> rfc
   transform field mapping exists: expected_start -> expected_start
   transform field mapping exists: opened_at -> opened_at
   transform field mapping exists: work_end -> work_end
   transform field mapping exists: resolved_at -> resolved_at
   transform field mapping exists: caller_id -> caller_id
   transform field mapping exists: reopened_time -> reopened_time
   transform field mapping exists: work_notes -> work_notes
   transform field mapping exists: subcategory -> subcategory
   transform field mapping exists: close_code -> close_code
   transform field mapping exists: assignment_group -> assignment_group
   transform field mapping exists: business_stc -> business_stc
   transform field mapping exists: description -> description
   transform field mapping exists: calendar_duration -> calendar_duration
   transform field mapping exists: close_notes -> close_notes
   transform field mapping exists: contact_type -> contact_type
   transform field mapping exists: incident_state -> incident_state
   transform field mapping exists: urgency -> urgency
   transform field mapping exists: problem_id -> problem_id
   skip system field: sys_transform_map
   transform field mapping exists: company -> company
   transform field mapping exists: activity_due -> activity_due
   transform field mapping exists: severity -> severity
   transform field mapping exists: comments -> comments
   skip system field: target_created_on
   transform field mapping exists: approval -> approval
   transform field mapping exists: due_date -> due_date
   skip system field: sys_mod_count
   transform field mapping exists: reopen_count -> reopen_count
   skip virtual field: sys_tags
   transform field mapping exists: location -> location
   transform field mapping exists: category -> category
   transform field mapping exists: target_domain -> sys_domain
   transform field mapping exists: target_class_name -> sys_class_name
   transform field mapping exists: target_mod_count -> sys_mod_count
   transform field mapping exists: target_created_by -> sys_created_by
   transform field mapping exists: target_created_on -> sys_created_on
coalece field exists
--synchronise transform map complete--
--Check Import Set WS and Transform Map Completed--

2018/06/16 11:59:31.399 [INFO] Scripted Web Service is Synchronised [u_itsmb_incident]
2018/06/16 11:59:31.859 [INFO] Initialisation 4 of 12 [Incident] Completed
2018/06/16 11:59:31.917 [DETAIL] Create Remedy Qualification: 'RootRequestFormName' = "HPD:Help Desk"
2018/06/16 11:59:31.966 [DETAIL] Add Project Variable [name [STRING]]
2018/06/16 11:59:31.966 [DETAIL] Create SNow Lookup Query: name#!#name#!#
2018/06/16 11:59:31.966 [DETAIL] Add Project Variable [Task ID [STRING]]
2018/06/16 11:59:31.970 [DETAIL] Create Remedy Lookup Query: 'TaskOrTaskGroupID' = ""
2018/06/16 11:59:31.970 [DETAIL] Add Project Variable [Company [STRING]]
2018/06/16 11:59:31.970 [DETAIL] Create SNow Lookup Query: name#!#Company#!#
2018/06/16 11:59:31.970 [DETAIL] Add Project Variable [Site [STRING]]
2018/06/16 11:59:31.970 [DETAIL] Add Project Variable [Company [STRING]]
2018/06/16 11:59:31.970 [DETAIL] Create SNow Lookup Query: company#!#Company#!#^name#!#Site#!#
2018/06/16 11:59:31.971 [DETAIL] Add Project Variable [RootRequestID [STRING]]
2018/06/16 11:59:31.971 [DETAIL] Create SNow Lookup Query: number#!#RootRequestID#!#
2018/06/16 11:59:31.971 [DETAIL] Add Project Variable [name [STRING]]
2018/06/16 11:59:31.971 [DETAIL] Add Project Variable [email [STRING]]
2018/06/16 11:59:31.971 [DETAIL] Create SNow Lookup Query: name#!#name#!#^email#!#email#!#
2018/06/16 11:59:31.971 [INFO] Synchronising Scripted Web Service [u_itsmb_incident_task_n]
2018/06/16 11:59:33.668 [DETAIL] --Check Import WS Started--
   WS Name: u_itsmb_incident_task_n
   Target Table: incident_task
   Scope: global
   Run Business Rules: false
   include fields from tables: incident_task,task
--created ws import set: u_itsmb_incident_task_n [incident_task]--
--synchronise ws fields with target complete--
--transform map updated: u_itsmb_incident_task_n
   transform field mapping exists: parent -> parent
   transform field mapping exists: made_sla -> made_sla
   transform field mapping exists: watch_list -> watch_list
   skip system field: template_import_log
   skip system field: target_scope
   transform field mapping exists: upon_reject -> upon_reject
   skip system field: sys_updated_on
   skip system field: target_class_name
   transform field mapping exists: approval_history -> approval_history
   skip system field: sys_target_sys_id
   transform field mapping exists: number -> number
   skip system field: sys_updated_by
   transform field mapping exists: user_input -> user_input
   transform field mapping exists: opened_by -> opened_by
   skip system field: sys_created_on
   skip system field: sys_import_set
   transform field mapping exists: state -> state
   skip system field: target_created_by
   skip system field: target_sys_id
   skip system field: sys_created_by
   transform field mapping exists: order -> order
   transform field mapping exists: knowledge -> knowledge
   skip system field: sys_import_row
   skip system field: sys_row_error
   transform field mapping exists: closed_at -> closed_at
   transform field mapping exists: delivery_plan -> delivery_plan
   transform field mapping exists: cmdb_ci -> cmdb_ci
   skip system field: target_domain_path
   transform field mapping exists: impact -> impact
   transform field mapping exists: work_notes_list -> work_notes_list
   transform field mapping exists: active -> active
   transform field mapping exists: business_service -> business_service
   skip system field: import_set_run
   transform field mapping exists: priority -> priority
   transform field mapping exists: time_worked -> time_worked
   transform field mapping exists: expected_start -> expected_start
   transform field mapping exists: rejection_goto -> rejection_goto
   transform field mapping exists: opened_at -> opened_at
   transform field mapping exists: business_duration -> business_duration
   transform field mapping exists: group_list -> group_list
   transform field mapping exists: work_end -> work_end
   transform field mapping exists: approval_set -> approval_set
   transform field mapping exists: work_notes -> work_notes
   transform field mapping exists: wf_activity -> wf_activity
   transform field mapping exists: short_description -> short_description
   skip system field: target_mod_count
   transform field mapping exists: work_start -> work_start
   transform field mapping exists: correlation_display -> correlation_display
   transform field mapping exists: delivery_task -> delivery_task
   transform field mapping exists: assignment_group -> assignment_group
   skip system field: batch_id
   skip system field: sys_import_state_comment
   transform field mapping exists: additional_assignee_list -> additional_assignee_list
   transform field mapping exists: description -> description
   transform field mapping exists: calendar_duration -> calendar_duration
   skip system field: target_domain
   transform field mapping exists: close_notes -> close_notes
   skip system field: sys_class_name
   transform field mapping exists: closed_by -> closed_by
   transform field mapping exists: follow_up -> follow_up
   transform field mapping exists: contact_type -> contact_type
   transform field mapping exists: urgency -> urgency
   skip system field: sys_transform_map
   transform field mapping exists: company -> company
   transform field mapping exists: reassignment_count -> reassignment_count
   transform field mapping exists: activity_due -> activity_due
   transform field mapping exists: assigned_to -> assigned_to
   transform field mapping exists: variables -> variables
   transform field mapping exists: comments -> comments
   skip system field: sys_target_table
   skip system field: target_created_on
   transform field mapping exists: approval -> approval
   transform field mapping exists: sla_due -> sla_due
   transform field mapping exists: due_date -> due_date
   transform field mapping exists: comments_and_work_notes -> comments_and_work_notes
   skip system field: sys_mod_count
   skip virtual field: sys_tags
   skip system field: sys_import_state
   transform field mapping exists: escalation -> escalation
   transform field mapping exists: upon_approval -> upon_approval
   transform field mapping exists: correlation_id -> correlation_id
   transform field mapping exists: location -> location
   skip system field: source_id
   transform field mapping exists: incident -> incident
   transform field mapping exists: target_domain -> sys_domain
   transform field mapping exists: target_class_name -> sys_class_name
   transform field mapping exists: target_mod_count -> sys_mod_count
   transform field mapping exists: target_created_by -> sys_created_by
   transform field mapping exists: target_created_on -> sys_created_on
coalece field exists
--synchronise transform map complete--
--Check Import Set WS and Transform Map Completed--

2018/06/16 11:59:33.668 [INFO] Scripted Web Service is Synchronised [u_itsmb_incident_task_n]
2018/06/16 11:59:34.126 [INFO] Initialisation 5 of 12 [Incident Task] Completed
2018/06/16 11:59:34.130 [DETAIL] Create Remedy Qualification: 'Form Name01' = "HPD:Help Desk" AND 'Form Name02' = "HPD:Help Desk" AND 'Request ID02' < 'Request ID01'
2018/06/16 11:59:34.168 [DETAIL] Add Project Variable [Request ID01 [STRING]]
2018/06/16 11:59:34.168 [DETAIL] Create SNow Lookup Query: number#!#Request ID01#!#
2018/06/16 11:59:34.169 [INFO] Synchronising Scripted Web Service [u_itsmb_incident_n]
2018/06/16 11:59:36.126 [DETAIL] --Check Import WS Started--
   WS Name: u_itsmb_incident_n
   Target Table: incident
   Scope: global
   Run Business Rules: false
   include fields from tables: incident,task
--created ws import set: u_itsmb_incident_n [incident]--
--synchronise ws fields with target complete--
--transform map updated: u_itsmb_incident_n
   transform field mapping exists: parent -> parent
   transform field mapping exists: watch_list -> watch_list
   transform field mapping exists: caused_by -> caused_by
   skip system field: template_import_log
   transform field mapping exists: upon_reject -> upon_reject
   skip system field: target_scope
   skip system field: sys_updated_on
   transform field mapping exists: approval_history -> approval_history
   transform field mapping exists: number -> number
   transform field mapping exists: state -> state
   skip system field: sys_created_by
   transform field mapping exists: order -> order
   transform field mapping exists: knowledge -> knowledge
   skip system field: sys_import_row
   transform field mapping exists: delivery_plan -> delivery_plan
   transform field mapping exists: cmdb_ci -> cmdb_ci
   transform field mapping exists: impact -> impact
   transform field mapping exists: work_notes_list -> work_notes_list
   transform field mapping exists: active -> active
   transform field mapping exists: priority -> priority
   transform field mapping exists: rejection_goto -> rejection_goto
   transform field mapping exists: group_list -> group_list
   transform field mapping exists: business_duration -> business_duration
   transform field mapping exists: approval_set -> approval_set
   transform field mapping exists: wf_activity -> wf_activity
   transform field mapping exists: short_description -> short_description
   transform field mapping exists: delivery_task -> delivery_task
   transform field mapping exists: correlation_display -> correlation_display
   skip system field: target_mod_count
   transform field mapping exists: work_start -> work_start
   skip system field: batch_id
   skip system field: sys_import_state_comment
   transform field mapping exists: additional_assignee_list -> additional_assignee_list
   skip system field: target_domain
   transform field mapping exists: notify -> notify
   skip system field: sys_class_name
   transform field mapping exists: closed_by -> closed_by
   transform field mapping exists: follow_up -> follow_up
   transform field mapping exists: parent_incident -> parent_incident
   transform field mapping exists: reopened_by -> reopened_by
   transform field mapping exists: reassignment_count -> reassignment_count
   transform field mapping exists: assigned_to -> assigned_to
   transform field mapping exists: variables -> variables
   skip system field: sys_target_table
   transform field mapping exists: sla_due -> sla_due
   transform field mapping exists: comments_and_work_notes -> comments_and_work_notes
   skip system field: sys_import_state
   transform field mapping exists: upon_approval -> upon_approval
   transform field mapping exists: escalation -> escalation
   transform field mapping exists: correlation_id -> correlation_id
   skip system field: source_id
   transform field mapping exists: made_sla -> made_sla
   skip system field: target_class_name
   transform field mapping exists: child_incidents -> child_incidents
   transform field mapping exists: hold_reason -> hold_reason
   skip system field: sys_target_sys_id
   transform field mapping exists: resolved_by -> resolved_by
   skip system field: sys_updated_by
   transform field mapping exists: user_input -> user_input
   transform field mapping exists: opened_by -> opened_by
   skip system field: sys_created_on
   skip system field: sys_import_set
   skip system field: target_sys_id
   skip system field: target_created_by
   transform field mapping exists: calendar_stc -> calendar_stc
   skip system field: sys_row_error
   transform field mapping exists: closed_at -> closed_at
   skip system field: target_domain_path
   transform field mapping exists: business_service -> business_service
   skip system field: import_set_run
   transform field mapping exists: rfc -> rfc
   transform field mapping exists: time_worked -> time_worked
   transform field mapping exists: expected_start -> expected_start
   transform field mapping exists: opened_at -> opened_at
   transform field mapping exists: work_end -> work_end
   transform field mapping exists: reopened_time -> reopened_time
   transform field mapping exists: caller_id -> caller_id
   transform field mapping exists: resolved_at -> resolved_at
   transform field mapping exists: work_notes -> work_notes
   transform field mapping exists: subcategory -> subcategory
   transform field mapping exists: close_code -> close_code
   transform field mapping exists: assignment_group -> assignment_group
   transform field mapping exists: business_stc -> business_stc
   transform field mapping exists: description -> description
   transform field mapping exists: calendar_duration -> calendar_duration
   transform field mapping exists: close_notes -> close_notes
   transform field mapping exists: contact_type -> contact_type
   transform field mapping exists: incident_state -> incident_state
   transform field mapping exists: urgency -> urgency
   transform field mapping exists: problem_id -> problem_id
   skip system field: sys_transform_map
   transform field mapping exists: company -> company
   transform field mapping exists: activity_due -> activity_due
   transform field mapping exists: severity -> severity
   transform field mapping exists: comments -> comments
   skip system field: target_created_on
   transform field mapping exists: approval -> approval
   transform field mapping exists: due_date -> due_date
   skip system field: sys_mod_count
   transform field mapping exists: reopen_count -> reopen_count
   skip virtual field: sys_tags
   transform field mapping exists: location -> location
   transform field mapping exists: category -> category
   transform field mapping exists: target_domain -> sys_domain
   transform field mapping exists: target_class_name -> sys_class_name
   transform field mapping exists: target_mod_count -> sys_mod_count
   transform field mapping exists: target_created_by -> sys_created_by
   transform field mapping exists: target_created_on -> sys_created_on
coalece field exists
--synchronise transform map complete--
--Check Import Set WS and Transform Map Completed--

2018/06/16 11:59:36.127 [INFO] Scripted Web Service is Synchronised [u_itsmb_incident_n]
2018/06/16 11:59:36.581 [INFO] Initialisation 6 of 12 [Child Incidents] Completed
2018/06/16 11:59:36.584 [DETAIL] Create Remedy Qualification: 'Last Modified Date' > "1/1/2018 1:00:00 AM" AND (0 = 1 AND 'Contact Company' = "Calbro Services" OR 0 = 0)
2018/06/16 11:59:36.590 [DETAIL] Add Project Variable [name [STRING]]
2018/06/16 11:59:36.590 [DETAIL] Create SNow Lookup Query: name#!#name#!#
2018/06/16 11:59:36.590 [DETAIL] Add Project Variable [Assignee Login ID [STRING]]
2018/06/16 11:59:36.595 [DETAIL] Create Remedy Lookup Query: 'Remedy Login ID' = ""
2018/06/16 11:59:36.602 [DETAIL] Add Project Variable [Assignee [STRING]]
2018/06/16 11:59:36.602 [DETAIL] Create SNow Lookup Query: name#!#Assignee#!#^email#!#!Assignee Email!#!#
2018/06/16 11:59:36.603 [DETAIL] Add Project Variable [Problem Investigation ID [STRING]]
2018/06/16 11:59:36.605 [DETAIL] Create Remedy Lookup Query: 'Problem Investigation ID' = ""
2018/06/16 11:59:36.606 [DETAIL] Add Project Variable [Contact Company [STRING]]
2018/06/16 11:59:36.606 [DETAIL] Create SNow Lookup Query: name#!#Contact Company#!#
2018/06/16 11:59:36.607 [DETAIL] Add Project Variable [country [STRING]]
2018/06/16 11:59:36.607 [DETAIL] Add Project Variable [city [STRING]]
2018/06/16 11:59:36.607 [DETAIL] Add Project Variable [name [STRING]]
2018/06/16 11:59:36.607 [DETAIL] Create SNow Lookup Query: name#!#name#!#^country#!#country#!#^city#!#city#!#
2018/06/16 11:59:36.608 [INFO] Synchronising Scripted Web Service [u_itsmb_problem_n]
2018/06/16 11:59:38.487 [DETAIL] --Check Import WS Started--
   WS Name: u_itsmb_problem_n
   Target Table: problem
   Scope: global
   Run Business Rules: false
   include fields from tables: problem,task
--created ws import set: u_itsmb_problem_n [problem]--
--synchronise ws fields with target complete--
--transform map updated: u_itsmb_problem_n
   transform field mapping exists: parent -> parent
   transform field mapping exists: made_sla -> made_sla
   transform field mapping exists: watch_list -> watch_list
   skip system field: template_import_log
   transform field mapping exists: upon_reject -> upon_reject
   skip system field: target_scope
   skip system field: sys_updated_on
   skip system field: target_class_name
   transform field mapping exists: approval_history -> approval_history
   skip system field: sys_target_sys_id
   transform field mapping exists: number -> number
   skip system field: sys_updated_by
   transform field mapping exists: work_around -> work_around
   transform field mapping exists: opened_by -> opened_by
   transform field mapping exists: user_input -> user_input
   skip system field: sys_created_on
   skip system field: sys_import_set
   transform field mapping exists: state -> state
   skip system field: target_sys_id
   skip system field: target_created_by
   skip system field: sys_created_by
   transform field mapping exists: order -> order
   transform field mapping exists: knowledge -> knowledge
   skip system field: sys_import_row
   transform field mapping exists: major_problem -> major_problem
   skip system field: sys_row_error
   transform field mapping exists: closed_at -> closed_at
   transform field mapping exists: cmdb_ci -> cmdb_ci
   transform field mapping exists: delivery_plan -> delivery_plan
   transform field mapping exists: impact -> impact
   skip system field: target_domain_path
   transform field mapping exists: work_notes_list -> work_notes_list
   transform field mapping exists: active -> active
   transform field mapping exists: business_service -> business_service
   skip system field: import_set_run
   transform field mapping exists: priority -> priority
   transform field mapping exists: time_worked -> time_worked
   transform field mapping exists: rfc -> rfc
   transform field mapping exists: expected_start -> expected_start
   transform field mapping exists: rejection_goto -> rejection_goto
   transform field mapping exists: opened_at -> opened_at
   transform field mapping exists: business_duration -> business_duration
   transform field mapping exists: group_list -> group_list
   transform field mapping exists: work_end -> work_end
   transform field mapping exists: approval_set -> approval_set
   transform field mapping exists: wf_activity -> wf_activity
   transform field mapping exists: work_notes -> work_notes
   transform field mapping exists: short_description -> short_description
   transform field mapping exists: work_start -> work_start
   transform field mapping exists: correlation_display -> correlation_display
   transform field mapping exists: delivery_task -> delivery_task
   skip system field: target_mod_count
   transform field mapping exists: assignment_group -> assignment_group
   skip system field: batch_id
   skip system field: sys_import_state_comment
   transform field mapping exists: known_error -> known_error
   transform field mapping exists: additional_assignee_list -> additional_assignee_list
   transform field mapping exists: description -> description
   transform field mapping exists: calendar_duration -> calendar_duration
   skip system field: target_domain
   transform field mapping exists: close_notes -> close_notes
   skip system field: sys_class_name
   transform field mapping exists: closed_by -> closed_by
   transform field mapping exists: follow_up -> follow_up
   transform field mapping exists: contact_type -> contact_type
   transform field mapping exists: urgency -> urgency
   skip system field: sys_transform_map
   transform field mapping exists: company -> company
   transform field mapping exists: reassignment_count -> reassignment_count
   transform field mapping exists: related_incidents -> related_incidents
   transform field mapping exists: activity_due -> activity_due
   transform field mapping exists: assigned_to -> assigned_to
   transform field mapping exists: variables -> variables
   transform field mapping exists: review_outcome -> review_outcome
   transform field mapping exists: comments -> comments
   skip system field: sys_target_table
   skip system field: target_created_on
   transform field mapping exists: approval -> approval
   transform field mapping exists: sla_due -> sla_due
   transform field mapping exists: problem_state -> problem_state
   transform field mapping exists: comments_and_work_notes -> comments_and_work_notes
   transform field mapping exists: due_date -> due_date
   skip system field: sys_mod_count
   skip virtual field: sys_tags
   skip system field: sys_import_state
   transform field mapping exists: escalation -> escalation
   transform field mapping exists: upon_approval -> upon_approval
   transform field mapping exists: correlation_id -> correlation_id
   transform field mapping exists: location -> location
   skip system field: source_id
   transform field mapping exists: target_domain -> sys_domain
   transform field mapping exists: target_class_name -> sys_class_name
   transform field mapping exists: target_mod_count -> sys_mod_count
   transform field mapping exists: target_created_by -> sys_created_by
   transform field mapping exists: target_created_on -> sys_created_on
coalece field exists
--synchronise transform map complete--
--Check Import Set WS and Transform Map Completed--

2018/06/16 11:59:38.487 [INFO] Scripted Web Service is Synchronised [u_itsmb_problem_n]
2018/06/16 11:59:38.960 [INFO] Initialisation 7 of 12 [Problem] Completed
2018/06/16 11:59:38.964 [DETAIL] Create Remedy Qualification: 'RootRequestFormName' = "PBM:Problem Investigation"
2018/06/16 11:59:39.028 [DETAIL] Add Project Variable [name [STRING]]
2018/06/16 11:59:39.028 [DETAIL] Create SNow Lookup Query: name#!#name#!#
2018/06/16 11:59:39.028 [DETAIL] Add Project Variable [Task ID [STRING]]
2018/06/16 11:59:39.030 [DETAIL] Create Remedy Lookup Query: 'TaskOrTaskGroupID' = ""
2018/06/16 11:59:39.030 [DETAIL] Add Project Variable [RootRequestID [STRING]]
2018/06/16 11:59:39.030 [DETAIL] Create SNow Lookup Query: number#!#RootRequestID#!#
2018/06/16 11:59:39.031 [DETAIL] Add Project Variable [Company [STRING]]
2018/06/16 11:59:39.031 [DETAIL] Create SNow Lookup Query: name#!#Company#!#
2018/06/16 11:59:39.031 [DETAIL] Add Project Variable [Site [STRING]]
2018/06/16 11:59:39.031 [DETAIL] Add Project Variable [Company [STRING]]
2018/06/16 11:59:39.031 [DETAIL] Create SNow Lookup Query: company#!#Company#!#^name#!#Site#!#
2018/06/16 11:59:39.032 [DETAIL] Add Project Variable [name [STRING]]
2018/06/16 11:59:39.032 [DETAIL] Add Project Variable [email [STRING]]
2018/06/16 11:59:39.032 [DETAIL] Create SNow Lookup Query: name#!#name#!#^email#!#email#!#
2018/06/16 11:59:39.033 [INFO] Synchronising Scripted Web Service [u_itsmb_problem_task_n]
2018/06/16 11:59:40.659 [DETAIL] --Check Import WS Started--
   WS Name: u_itsmb_problem_task_n
   Target Table: problem_task
   Scope: global
   Run Business Rules: false
   include fields from tables: problem_task,task
--created ws import set: u_itsmb_problem_task_n [problem_task]--
--synchronise ws fields with target complete--
--transform map updated: u_itsmb_problem_task_n
   transform field mapping exists: parent -> parent
   transform field mapping exists: made_sla -> made_sla
   transform field mapping exists: watch_list -> watch_list
   skip system field: template_import_log
   skip system field: target_scope
   transform field mapping exists: upon_reject -> upon_reject
   skip system field: sys_updated_on
   skip system field: target_class_name
   transform field mapping exists: approval_history -> approval_history
   skip system field: sys_target_sys_id
   transform field mapping exists: number -> number
   transform field mapping exists: problem -> problem
   skip system field: sys_updated_by
   transform field mapping exists: opened_by -> opened_by
   transform field mapping exists: user_input -> user_input
   skip system field: sys_created_on
   skip system field: sys_import_set
   transform field mapping exists: state -> state
   skip system field: target_created_by
   skip system field: target_sys_id
   skip system field: sys_created_by
   transform field mapping exists: order -> order
   transform field mapping exists: knowledge -> knowledge
   skip system field: sys_import_row
   skip system field: sys_row_error
   transform field mapping exists: closed_at -> closed_at
   transform field mapping exists: cmdb_ci -> cmdb_ci
   transform field mapping exists: delivery_plan -> delivery_plan
   transform field mapping exists: impact -> impact
   skip system field: target_domain_path
   transform field mapping exists: work_notes_list -> work_notes_list
   transform field mapping exists: active -> active
   transform field mapping exists: business_service -> business_service
   skip system field: import_set_run
   transform field mapping exists: priority -> priority
   transform field mapping exists: time_worked -> time_worked
   transform field mapping exists: expected_start -> expected_start
   transform field mapping exists: rejection_goto -> rejection_goto
   transform field mapping exists: opened_at -> opened_at
   transform field mapping exists: business_duration -> business_duration
   transform field mapping exists: group_list -> group_list
   transform field mapping exists: work_end -> work_end
   transform field mapping exists: approval_set -> approval_set
   transform field mapping exists: work_notes -> work_notes
   transform field mapping exists: wf_activity -> wf_activity
   transform field mapping exists: short_description -> short_description
   transform field mapping exists: correlation_display -> correlation_display
   skip system field: target_mod_count
   transform field mapping exists: work_start -> work_start
   transform field mapping exists: delivery_task -> delivery_task
   transform field mapping exists: assignment_group -> assignment_group
   skip system field: batch_id
   skip system field: sys_import_state_comment
   transform field mapping exists: additional_assignee_list -> additional_assignee_list
   transform field mapping exists: description -> description
   transform field mapping exists: calendar_duration -> calendar_duration
   skip system field: target_domain
   transform field mapping exists: close_notes -> close_notes
   skip system field: sys_class_name
   transform field mapping exists: closed_by -> closed_by
   transform field mapping exists: follow_up -> follow_up
   transform field mapping exists: contact_type -> contact_type
   transform field mapping exists: urgency -> urgency
   skip system field: sys_transform_map
   transform field mapping exists: company -> company
   transform field mapping exists: reassignment_count -> reassignment_count
   transform field mapping exists: activity_due -> activity_due
   transform field mapping exists: assigned_to -> assigned_to
   transform field mapping exists: variables -> variables
   transform field mapping exists: comments -> comments
   skip system field: sys_target_table
   skip system field: target_created_on
   transform field mapping exists: sla_due -> sla_due
   transform field mapping exists: approval -> approval
   transform field mapping exists: due_date -> due_date
   transform field mapping exists: comments_and_work_notes -> comments_and_work_notes
   skip system field: sys_mod_count
   skip virtual field: sys_tags
   skip system field: sys_import_state
   transform field mapping exists: escalation -> escalation
   transform field mapping exists: upon_approval -> upon_approval
   transform field mapping exists: correlation_id -> correlation_id
   transform field mapping exists: location -> location
   skip system field: source_id
   transform field mapping exists: target_domain -> sys_domain
   transform field mapping exists: target_class_name -> sys_class_name
   transform field mapping exists: target_mod_count -> sys_mod_count
   transform field mapping exists: target_created_by -> sys_created_by
   transform field mapping exists: target_created_on -> sys_created_on
coalece field exists
--synchronise transform map complete--
--Check Import Set WS and Transform Map Completed--

2018/06/16 11:59:40.659 [INFO] Scripted Web Service is Synchronised [u_itsmb_problem_task_n]
2018/06/16 11:59:41.116 [INFO] Initialisation 8 of 12 [Problem Task] Completed
2018/06/16 11:59:41.122 [DETAIL] Create Remedy Qualification: 'Form Name01' = "PBM:Problem Investigation" AND 'Form Name02' = "HPD:Help Desk"
2018/06/16 11:59:41.187 [DETAIL] Add Project Variable [Request ID01 [STRING]]
2018/06/16 11:59:41.187 [DETAIL] Create SNow Lookup Query: number#!#Request ID01#!#
2018/06/16 11:59:41.188 [INFO] Synchronising Scripted Web Service [u_itsmb_incident_n]
2018/06/16 11:59:43.291 [DETAIL] --Check Import WS Started--
   WS Name: u_itsmb_incident_n
   Target Table: incident
   Scope: global
   Run Business Rules: false
   include fields from tables: incident,task
--created ws import set: u_itsmb_incident_n [incident]--
--synchronise ws fields with target complete--
--transform map updated: u_itsmb_incident_n
   transform field mapping exists: parent -> parent
   transform field mapping exists: watch_list -> watch_list
   transform field mapping exists: caused_by -> caused_by
   skip system field: template_import_log
   transform field mapping exists: upon_reject -> upon_reject
   skip system field: target_scope
   skip system field: sys_updated_on
   transform field mapping exists: approval_history -> approval_history
   transform field mapping exists: number -> number
   transform field mapping exists: state -> state
   skip system field: sys_created_by
   transform field mapping exists: order -> order
   transform field mapping exists: knowledge -> knowledge
   skip system field: sys_import_row
   transform field mapping exists: delivery_plan -> delivery_plan
   transform field mapping exists: cmdb_ci -> cmdb_ci
   transform field mapping exists: impact -> impact
   transform field mapping exists: work_notes_list -> work_notes_list
   transform field mapping exists: active -> active
   transform field mapping exists: priority -> priority
   transform field mapping exists: rejection_goto -> rejection_goto
   transform field mapping exists: group_list -> group_list
   transform field mapping exists: business_duration -> business_duration
   transform field mapping exists: approval_set -> approval_set
   transform field mapping exists: wf_activity -> wf_activity
   transform field mapping exists: short_description -> short_description
   transform field mapping exists: delivery_task -> delivery_task
   transform field mapping exists: correlation_display -> correlation_display
   skip system field: target_mod_count
   transform field mapping exists: work_start -> work_start
   skip system field: batch_id
   skip system field: sys_import_state_comment
   transform field mapping exists: additional_assignee_list -> additional_assignee_list
   skip system field: target_domain
   transform field mapping exists: notify -> notify
   skip system field: sys_class_name
   transform field mapping exists: closed_by -> closed_by
   transform field mapping exists: follow_up -> follow_up
   transform field mapping exists: parent_incident -> parent_incident
   transform field mapping exists: reopened_by -> reopened_by
   transform field mapping exists: reassignment_count -> reassignment_count
   transform field mapping exists: assigned_to -> assigned_to
   transform field mapping exists: variables -> variables
   skip system field: sys_target_table
   transform field mapping exists: sla_due -> sla_due
   transform field mapping exists: comments_and_work_notes -> comments_and_work_notes
   skip system field: sys_import_state
   transform field mapping exists: upon_approval -> upon_approval
   transform field mapping exists: escalation -> escalation
   transform field mapping exists: correlation_id -> correlation_id
   skip system field: source_id
   transform field mapping exists: made_sla -> made_sla
   skip system field: target_class_name
   transform field mapping exists: child_incidents -> child_incidents
   transform field mapping exists: hold_reason -> hold_reason
   skip system field: sys_target_sys_id
   transform field mapping exists: resolved_by -> resolved_by
   skip system field: sys_updated_by
   transform field mapping exists: user_input -> user_input
   transform field mapping exists: opened_by -> opened_by
   skip system field: sys_created_on
   skip system field: sys_import_set
   skip system field: target_sys_id
   skip system field: target_created_by
   transform field mapping exists: calendar_stc -> calendar_stc
   skip system field: sys_row_error
   transform field mapping exists: closed_at -> closed_at
   skip system field: target_domain_path
   transform field mapping exists: business_service -> business_service
   skip system field: import_set_run
   transform field mapping exists: rfc -> rfc
   transform field mapping exists: time_worked -> time_worked
   transform field mapping exists: expected_start -> expected_start
   transform field mapping exists: opened_at -> opened_at
   transform field mapping exists: work_end -> work_end
   transform field mapping exists: reopened_time -> reopened_time
   transform field mapping exists: caller_id -> caller_id
   transform field mapping exists: resolved_at -> resolved_at
   transform field mapping exists: work_notes -> work_notes
   transform field mapping exists: subcategory -> subcategory
   transform field mapping exists: close_code -> close_code
   transform field mapping exists: assignment_group -> assignment_group
   transform field mapping exists: business_stc -> business_stc
   transform field mapping exists: description -> description
   transform field mapping exists: calendar_duration -> calendar_duration
   transform field mapping exists: close_notes -> close_notes
   transform field mapping exists: contact_type -> contact_type
   transform field mapping exists: incident_state -> incident_state
   transform field mapping exists: urgency -> urgency
   transform field mapping exists: problem_id -> problem_id
   skip system field: sys_transform_map
   transform field mapping exists: company -> company
   transform field mapping exists: activity_due -> activity_due
   transform field mapping exists: severity -> severity
   transform field mapping exists: comments -> comments
   skip system field: target_created_on
   transform field mapping exists: approval -> approval
   transform field mapping exists: due_date -> due_date
   skip system field: sys_mod_count
   transform field mapping exists: reopen_count -> reopen_count
   skip virtual field: sys_tags
   transform field mapping exists: location -> location
   transform field mapping exists: category -> category
   transform field mapping exists: target_domain -> sys_domain
   transform field mapping exists: target_class_name -> sys_class_name
   transform field mapping exists: target_mod_count -> sys_mod_count
   transform field mapping exists: target_created_by -> sys_created_by
   transform field mapping exists: target_created_on -> sys_created_on
coalece field exists
--synchronise transform map complete--
--Check Import Set WS and Transform Map Completed--

2018/06/16 11:59:43.291 [INFO] Scripted Web Service is Synchronised [u_itsmb_incident_n]
2018/06/16 11:59:43.748 [INFO] Initialisation 9 of 12 [Incident Related Problem] Completed
2018/06/16 11:59:43.757 [DETAIL] Create Remedy Qualification: 'Last Modified Date' > "1/1/2018 1:00:00 AM" AND (0 = 1 AND 'Company' = "Calbro Services" OR 0 = 0)
2018/06/16 11:59:43.811 [DETAIL] Add Project Variable [name [STRING]]
2018/06/16 11:59:43.811 [DETAIL] Create SNow Lookup Query: name#!#name#!#
2018/06/16 11:59:43.813 [DETAIL] Add Project Variable [Assignee Login [STRING]]
2018/06/16 11:59:43.815 [DETAIL] Create Remedy Lookup Query: 'Remedy Login ID' = ""
2018/06/16 11:59:43.815 [DETAIL] Add Project Variable [Assignee [STRING]]
2018/06/16 11:59:43.815 [DETAIL] Create SNow Lookup Query: name#!#Assignee#!#^email#!#!Assignee Email!#!#
2018/06/16 11:59:43.818 [DETAIL] Add Project Variable [Known Error ID [STRING]]
2018/06/16 11:59:43.826 [DETAIL] Create Remedy Lookup Query: 'Known Error ID' = ""
2018/06/16 11:59:43.826 [DETAIL] Add Project Variable [Company [STRING]]
2018/06/16 11:59:43.826 [DETAIL] Create SNow Lookup Query: name#!#Company#!#
2018/06/16 11:59:43.827 [DETAIL] Add Project Variable [Site [STRING]]
2018/06/16 11:59:43.827 [DETAIL] Add Project Variable [Company [STRING]]
2018/06/16 11:59:43.827 [DETAIL] Create SNow Lookup Query: company#!#Company#!#^name#!#Site#!#
2018/06/16 11:59:43.828 [INFO] Synchronising Scripted Web Service [u_itsmb_problem_n]
2018/06/16 11:59:45.520 [DETAIL] --Check Import WS Started--
   WS Name: u_itsmb_problem_n
   Target Table: problem
   Scope: global
   Run Business Rules: false
   include fields from tables: problem,task
--created ws import set: u_itsmb_problem_n [problem]--
--synchronise ws fields with target complete--
--transform map updated: u_itsmb_problem_n
   transform field mapping exists: parent -> parent
   transform field mapping exists: made_sla -> made_sla
   transform field mapping exists: watch_list -> watch_list
   skip system field: template_import_log
   transform field mapping exists: upon_reject -> upon_reject
   skip system field: target_scope
   skip system field: sys_updated_on
   skip system field: target_class_name
   transform field mapping exists: approval_history -> approval_history
   skip system field: sys_target_sys_id
   transform field mapping exists: number -> number
   skip system field: sys_updated_by
   transform field mapping exists: work_around -> work_around
   transform field mapping exists: opened_by -> opened_by
   transform field mapping exists: user_input -> user_input
   skip system field: sys_created_on
   skip system field: sys_import_set
   transform field mapping exists: state -> state
   skip system field: target_sys_id
   skip system field: target_created_by
   skip system field: sys_created_by
   transform field mapping exists: order -> order
   transform field mapping exists: knowledge -> knowledge
   skip system field: sys_import_row
   transform field mapping exists: major_problem -> major_problem
   skip system field: sys_row_error
   transform field mapping exists: closed_at -> closed_at
   transform field mapping exists: cmdb_ci -> cmdb_ci
   transform field mapping exists: delivery_plan -> delivery_plan
   transform field mapping exists: impact -> impact
   skip system field: target_domain_path
   transform field mapping exists: work_notes_list -> work_notes_list
   transform field mapping exists: active -> active
   transform field mapping exists: business_service -> business_service
   skip system field: import_set_run
   transform field mapping exists: priority -> priority
   transform field mapping exists: time_worked -> time_worked
   transform field mapping exists: rfc -> rfc
   transform field mapping exists: expected_start -> expected_start
   transform field mapping exists: rejection_goto -> rejection_goto
   transform field mapping exists: opened_at -> opened_at
   transform field mapping exists: business_duration -> business_duration
   transform field mapping exists: group_list -> group_list
   transform field mapping exists: work_end -> work_end
   transform field mapping exists: approval_set -> approval_set
   transform field mapping exists: wf_activity -> wf_activity
   transform field mapping exists: work_notes -> work_notes
   transform field mapping exists: short_description -> short_description
   transform field mapping exists: work_start -> work_start
   transform field mapping exists: correlation_display -> correlation_display
   transform field mapping exists: delivery_task -> delivery_task
   skip system field: target_mod_count
   transform field mapping exists: assignment_group -> assignment_group
   skip system field: batch_id
   skip system field: sys_import_state_comment
   transform field mapping exists: known_error -> known_error
   transform field mapping exists: additional_assignee_list -> additional_assignee_list
   transform field mapping exists: description -> description
   transform field mapping exists: calendar_duration -> calendar_duration
   skip system field: target_domain
   transform field mapping exists: close_notes -> close_notes
   skip system field: sys_class_name
   transform field mapping exists: closed_by -> closed_by
   transform field mapping exists: follow_up -> follow_up
   transform field mapping exists: contact_type -> contact_type
   transform field mapping exists: urgency -> urgency
   skip system field: sys_transform_map
   transform field mapping exists: company -> company
   transform field mapping exists: reassignment_count -> reassignment_count
   transform field mapping exists: related_incidents -> related_incidents
   transform field mapping exists: activity_due -> activity_due
   transform field mapping exists: assigned_to -> assigned_to
   transform field mapping exists: variables -> variables
   transform field mapping exists: review_outcome -> review_outcome
   transform field mapping exists: comments -> comments
   skip system field: sys_target_table
   skip system field: target_created_on
   transform field mapping exists: approval -> approval
   transform field mapping exists: sla_due -> sla_due
   transform field mapping exists: problem_state -> problem_state
   transform field mapping exists: comments_and_work_notes -> comments_and_work_notes
   transform field mapping exists: due_date -> due_date
   skip system field: sys_mod_count
   skip virtual field: sys_tags
   skip system field: sys_import_state
   transform field mapping exists: escalation -> escalation
   transform field mapping exists: upon_approval -> upon_approval
   transform field mapping exists: correlation_id -> correlation_id
   transform field mapping exists: location -> location
   skip system field: source_id
   transform field mapping exists: target_domain -> sys_domain
   transform field mapping exists: target_class_name -> sys_class_name
   transform field mapping exists: target_mod_count -> sys_mod_count
   transform field mapping exists: target_created_by -> sys_created_by
   transform field mapping exists: target_created_on -> sys_created_on
coalece field exists
--synchronise transform map complete--
--Check Import Set WS and Transform Map Completed--

2018/06/16 11:59:45.520 [INFO] Scripted Web Service is Synchronised [u_itsmb_problem_n]
2018/06/16 11:59:45.975 [INFO] Initialisation 10 of 12 [Known Errors] Completed
2018/06/16 11:59:45.980 [DETAIL] Create Remedy Qualification: 'RootRequestFormName' = "PBM:Known Error"
2018/06/16 11:59:46.012 [DETAIL] Add Project Variable [name [STRING]]
2018/06/16 11:59:46.012 [DETAIL] Create SNow Lookup Query: name#!#name#!#
2018/06/16 11:59:46.013 [DETAIL] Add Project Variable [Task ID [STRING]]
2018/06/16 11:59:46.015 [DETAIL] Create Remedy Lookup Query: 'TaskOrTaskGroupID' = ""
2018/06/16 11:59:46.015 [DETAIL] Add Project Variable [RootRequestID [STRING]]
2018/06/16 11:59:46.015 [DETAIL] Create SNow Lookup Query: number#!#RootRequestID#!#
2018/06/16 11:59:46.016 [DETAIL] Add Project Variable [Company [STRING]]
2018/06/16 11:59:46.016 [DETAIL] Create SNow Lookup Query: name#!#Company#!#
2018/06/16 11:59:46.016 [DETAIL] Add Project Variable [Site [STRING]]
2018/06/16 11:59:46.016 [DETAIL] Add Project Variable [Company [STRING]]
2018/06/16 11:59:46.016 [DETAIL] Create SNow Lookup Query: company#!#Company#!#^name#!#Site#!#
2018/06/16 11:59:46.017 [DETAIL] Add Project Variable [name [STRING]]
2018/06/16 11:59:46.017 [DETAIL] Add Project Variable [email [STRING]]
2018/06/16 11:59:46.017 [DETAIL] Create SNow Lookup Query: name#!#name#!#^email#!#email#!#
2018/06/16 11:59:46.017 [INFO] Synchronising Scripted Web Service [u_itsmb_problem_task_n]
2018/06/16 11:59:47.787 [DETAIL] --Check Import WS Started--
   WS Name: u_itsmb_problem_task_n
   Target Table: problem_task
   Scope: global
   Run Business Rules: false
   include fields from tables: problem_task,task
--created ws import set: u_itsmb_problem_task_n [problem_task]--
--synchronise ws fields with target complete--
--transform map updated: u_itsmb_problem_task_n
   transform field mapping exists: parent -> parent
   transform field mapping exists: made_sla -> made_sla
   transform field mapping exists: watch_list -> watch_list
   skip system field: template_import_log
   skip system field: target_scope
   transform field mapping exists: upon_reject -> upon_reject
   skip system field: sys_updated_on
   skip system field: target_class_name
   transform field mapping exists: approval_history -> approval_history
   skip system field: sys_target_sys_id
   transform field mapping exists: number -> number
   transform field mapping exists: problem -> problem
   skip system field: sys_updated_by
   transform field mapping exists: opened_by -> opened_by
   transform field mapping exists: user_input -> user_input
   skip system field: sys_created_on
   skip system field: sys_import_set
   transform field mapping exists: state -> state
   skip system field: target_created_by
   skip system field: target_sys_id
   skip system field: sys_created_by
   transform field mapping exists: order -> order
   transform field mapping exists: knowledge -> knowledge
   skip system field: sys_import_row
   skip system field: sys_row_error
   transform field mapping exists: closed_at -> closed_at
   transform field mapping exists: cmdb_ci -> cmdb_ci
   transform field mapping exists: delivery_plan -> delivery_plan
   transform field mapping exists: impact -> impact
   skip system field: target_domain_path
   transform field mapping exists: work_notes_list -> work_notes_list
   transform field mapping exists: active -> active
   transform field mapping exists: business_service -> business_service
   skip system field: import_set_run
   transform field mapping exists: priority -> priority
   transform field mapping exists: time_worked -> time_worked
   transform field mapping exists: expected_start -> expected_start
   transform field mapping exists: rejection_goto -> rejection_goto
   transform field mapping exists: opened_at -> opened_at
   transform field mapping exists: business_duration -> business_duration
   transform field mapping exists: group_list -> group_list
   transform field mapping exists: work_end -> work_end
   transform field mapping exists: approval_set -> approval_set
   transform field mapping exists: work_notes -> work_notes
   transform field mapping exists: wf_activity -> wf_activity
   transform field mapping exists: short_description -> short_description
   transform field mapping exists: correlation_display -> correlation_display
   skip system field: target_mod_count
   transform field mapping exists: work_start -> work_start
   transform field mapping exists: delivery_task -> delivery_task
   transform field mapping exists: assignment_group -> assignment_group
   skip system field: batch_id
   skip system field: sys_import_state_comment
   transform field mapping exists: additional_assignee_list -> additional_assignee_list
   transform field mapping exists: description -> description
   transform field mapping exists: calendar_duration -> calendar_duration
   skip system field: target_domain
   transform field mapping exists: close_notes -> close_notes
   skip system field: sys_class_name
   transform field mapping exists: closed_by -> closed_by
   transform field mapping exists: follow_up -> follow_up
   transform field mapping exists: contact_type -> contact_type
   transform field mapping exists: urgency -> urgency
   skip system field: sys_transform_map
   transform field mapping exists: company -> company
   transform field mapping exists: reassignment_count -> reassignment_count
   transform field mapping exists: activity_due -> activity_due
   transform field mapping exists: assigned_to -> assigned_to
   transform field mapping exists: variables -> variables
   transform field mapping exists: comments -> comments
   skip system field: sys_target_table
   skip system field: target_created_on
   transform field mapping exists: sla_due -> sla_due
   transform field mapping exists: approval -> approval
   transform field mapping exists: due_date -> due_date
   transform field mapping exists: comments_and_work_notes -> comments_and_work_notes
   skip system field: sys_mod_count
   skip virtual field: sys_tags
   skip system field: sys_import_state
   transform field mapping exists: escalation -> escalation
   transform field mapping exists: upon_approval -> upon_approval
   transform field mapping exists: correlation_id -> correlation_id
   transform field mapping exists: location -> location
   skip system field: source_id
   transform field mapping exists: target_domain -> sys_domain
   transform field mapping exists: target_class_name -> sys_class_name
   transform field mapping exists: target_mod_count -> sys_mod_count
   transform field mapping exists: target_created_by -> sys_created_by
   transform field mapping exists: target_created_on -> sys_created_on
coalece field exists
--synchronise transform map complete--
--Check Import Set WS and Transform Map Completed--

2018/06/16 11:59:47.788 [INFO] Scripted Web Service is Synchronised [u_itsmb_problem_task_n]
2018/06/16 11:59:48.248 [INFO] Initialisation 11 of 12 [Known Error Tasks] Completed
2018/06/16 11:59:48.255 [DETAIL] Create Remedy Qualification: 'Form Name01' = "PBM:Known Error" AND 'Form Name02' = "HPD:Help Desk"
2018/06/16 11:59:48.261 [DETAIL] Add Project Variable [Request ID01 [STRING]]
2018/06/16 11:59:48.261 [DETAIL] Create SNow Lookup Query: number#!#Request ID01#!#
2018/06/16 11:59:48.263 [INFO] Synchronising Scripted Web Service [u_itsmb_incident_n]
2018/06/16 11:59:50.271 [DETAIL] --Check Import WS Started--
   WS Name: u_itsmb_incident_n
   Target Table: incident
   Scope: global
   Run Business Rules: false
   include fields from tables: incident,task
--created ws import set: u_itsmb_incident_n [incident]--
--synchronise ws fields with target complete--
--transform map updated: u_itsmb_incident_n
   transform field mapping exists: parent -> parent
   transform field mapping exists: watch_list -> watch_list
   transform field mapping exists: caused_by -> caused_by
   skip system field: template_import_log
   transform field mapping exists: upon_reject -> upon_reject
   skip system field: target_scope
   skip system field: sys_updated_on
   transform field mapping exists: approval_history -> approval_history
   transform field mapping exists: number -> number
   transform field mapping exists: state -> state
   skip system field: sys_created_by
   transform field mapping exists: order -> order
   transform field mapping exists: knowledge -> knowledge
   skip system field: sys_import_row
   transform field mapping exists: delivery_plan -> delivery_plan
   transform field mapping exists: cmdb_ci -> cmdb_ci
   transform field mapping exists: impact -> impact
   transform field mapping exists: work_notes_list -> work_notes_list
   transform field mapping exists: active -> active
   transform field mapping exists: priority -> priority
   transform field mapping exists: rejection_goto -> rejection_goto
   transform field mapping exists: group_list -> group_list
   transform field mapping exists: business_duration -> business_duration
   transform field mapping exists: approval_set -> approval_set
   transform field mapping exists: wf_activity -> wf_activity
   transform field mapping exists: short_description -> short_description
   transform field mapping exists: delivery_task -> delivery_task
   transform field mapping exists: correlation_display -> correlation_display
   skip system field: target_mod_count
   transform field mapping exists: work_start -> work_start
   skip system field: batch_id
   skip system field: sys_import_state_comment
   transform field mapping exists: additional_assignee_list -> additional_assignee_list
   skip system field: target_domain
   transform field mapping exists: notify -> notify
   skip system field: sys_class_name
   transform field mapping exists: closed_by -> closed_by
   transform field mapping exists: follow_up -> follow_up
   transform field mapping exists: parent_incident -> parent_incident
   transform field mapping exists: reopened_by -> reopened_by
   transform field mapping exists: reassignment_count -> reassignment_count
   transform field mapping exists: assigned_to -> assigned_to
   transform field mapping exists: variables -> variables
   skip system field: sys_target_table
   transform field mapping exists: sla_due -> sla_due
   transform field mapping exists: comments_and_work_notes -> comments_and_work_notes
   skip system field: sys_import_state
   transform field mapping exists: upon_approval -> upon_approval
   transform field mapping exists: escalation -> escalation
   transform field mapping exists: correlation_id -> correlation_id
   skip system field: source_id
   transform field mapping exists: made_sla -> made_sla
   skip system field: target_class_name
   transform field mapping exists: child_incidents -> child_incidents
   transform field mapping exists: hold_reason -> hold_reason
   skip system field: sys_target_sys_id
   transform field mapping exists: resolved_by -> resolved_by
   skip system field: sys_updated_by
   transform field mapping exists: user_input -> user_input
   transform field mapping exists: opened_by -> opened_by
   skip system field: sys_created_on
   skip system field: sys_import_set
   skip system field: target_sys_id
   skip system field: target_created_by
   transform field mapping exists: calendar_stc -> calendar_stc
   skip system field: sys_row_error
   transform field mapping exists: closed_at -> closed_at
   skip system field: target_domain_path
   transform field mapping exists: business_service -> business_service
   skip system field: import_set_run
   transform field mapping exists: rfc -> rfc
   transform field mapping exists: time_worked -> time_worked
   transform field mapping exists: expected_start -> expected_start
   transform field mapping exists: opened_at -> opened_at
   transform field mapping exists: work_end -> work_end
   transform field mapping exists: reopened_time -> reopened_time
   transform field mapping exists: caller_id -> caller_id
   transform field mapping exists: resolved_at -> resolved_at
   transform field mapping exists: work_notes -> work_notes
   transform field mapping exists: subcategory -> subcategory
   transform field mapping exists: close_code -> close_code
   transform field mapping exists: assignment_group -> assignment_group
   transform field mapping exists: business_stc -> business_stc
   transform field mapping exists: description -> description
   transform field mapping exists: calendar_duration -> calendar_duration
   transform field mapping exists: close_notes -> close_notes
   transform field mapping exists: contact_type -> contact_type
   transform field mapping exists: incident_state -> incident_state
   transform field mapping exists: urgency -> urgency
   transform field mapping exists: problem_id -> problem_id
   skip system field: sys_transform_map
   transform field mapping exists: company -> company
   transform field mapping exists: activity_due -> activity_due
   transform field mapping exists: severity -> severity
   transform field mapping exists: comments -> comments
   skip system field: target_created_on
   transform field mapping exists: approval -> approval
   transform field mapping exists: due_date -> due_date
   skip system field: sys_mod_count
   transform field mapping exists: reopen_count -> reopen_count
   skip virtual field: sys_tags
   transform field mapping exists: location -> location
   transform field mapping exists: category -> category
   transform field mapping exists: target_domain -> sys_domain
   transform field mapping exists: target_class_name -> sys_class_name
   transform field mapping exists: target_mod_count -> sys_mod_count
   transform field mapping exists: target_created_by -> sys_created_by
   transform field mapping exists: target_created_on -> sys_created_on
coalece field exists
--synchronise transform map complete--
--Check Import Set WS and Transform Map Completed--

2018/06/16 11:59:50.271 [INFO] Scripted Web Service is Synchronised [u_itsmb_incident_n]
2018/06/16 11:59:50.728 [INFO] Initialisation 12 of 12 [Incident Related Known Error] Completed
2018/06/16 11:59:50.728 [INFO] ### Initialisation Step Complete
2018/06/16 11:59:50.729 [INFO] [User Reference] Key Mapping Cache CTM:People -> User [sys_user] Ready.
2018/06/16 11:59:50.730 [INFO] [Group Reference] Key Mapping Cache CTM:Support Group -> Group [sys_user_group] Ready.
2018/06/16 11:59:50.732 [INFO] [Location Reference] Key Mapping Cache SIT:Site -> Location [cmn_location] Ready.
2018/06/16 11:59:50.735 [INFO] [Incident] Key Mapping Cache HPD:Help Desk -> Incident Ready.
2018/06/16 11:59:50.735 [INFO] [Incident] Migration in progress.
2018/06/16 11:59:50.735 [DETAIL] [Incident Chunk 0] Data Retrieve Started...
2018/06/16 11:59:50.763 [DETAIL] [Incident Chunk 0] Data Transform Started...
2018/06/16 11:59:50.765 [DETAIL] Add Project Variable [number [STRING]]
2018/06/16 11:59:50.765 [DETAIL] Create SNow Lookup Query: number#!#number#!#
2018/06/16 11:59:50.830 [DETAIL] Lookup Batch Retrieve-Start
2018/06/16 11:59:50.830 [DETAIL] [src=SGP000000000009] SNow Qual: name=Backoffice Support
2018/06/16 11:59:50.830 [DETAIL] [src=SGP000000000009] SNow Qual: name=Backoffice Support
2018/06/16 11:59:50.830 [DETAIL] [src=SGP000000000011] SNow Qual: name=Service Desk
2018/06/16 11:59:51.058 [DETAIL] Lookup Batch Retrieve-End
2018/06/16 11:59:51.059 [DETAIL] Lookup Batch Retrieve-Start
2018/06/16 11:59:51.067 [DETAIL] Lookup Batch Retrieve-End
2018/06/16 11:59:51.067 [DETAIL] Lookup Batch Retrieve-Start
2018/06/16 11:59:51.067 [DETAIL] [src=null] SNow Qual: nameISEMPTY^emailISEMPTY
2018/06/16 11:59:51.067 [DETAIL] [src=null] SNow Qual: nameISEMPTY^emailISEMPTY
2018/06/16 11:59:51.067 [DETAIL] [src=null] SNow Qual: name=Francie Stafford^email=F.Stafford@calbroservices.com
2018/06/16 11:59:51.494 [DETAIL] Lookup Batch Retrieve-End
2018/06/16 11:59:51.494 [DETAIL] Lookup Batch Retrieve-Start
2018/06/16 11:59:51.506 [DETAIL] Lookup Batch Retrieve-End
2018/06/16 11:59:51.517 [DETAIL] Lookup Batch Retrieve-Start
2018/06/16 11:59:51.517 [DETAIL] [src=PPL000000000014] SNow Qual: name=Bob Baxter^email=B.Baxter@calbroservices.com
2018/06/16 11:59:51.517 [DETAIL] [src=PPL000000000013] SNow Qual: name=Allen Allbrook^email=A.Allbrook@calbroservices.com
2018/06/16 11:59:51.517 [DETAIL] [src=PPL000000000022] SNow Qual: name=Joe Unser^email=J.Unser@calbroservices.com
2018/06/16 11:59:51.768 [DETAIL] Lookup Batch Retrieve-End
2018/06/16 11:59:51.768 [DETAIL] Lookup Batch Retrieve-Start
2018/06/16 11:59:51.768 [DETAIL] [src=null] SNow Qual: name=Calbro Services
2018/06/16 11:59:51.768 [DETAIL] [src=null] SNow Qual: name=Calbro Services
2018/06/16 11:59:51.768 [DETAIL] [src=null] SNow Qual: name=Calbro Services
2018/06/16 11:59:51.998 [DETAIL] Lookup Batch Retrieve-End
2018/06/16 11:59:52.019 [DETAIL] Lookup Batch Retrieve-Start
2018/06/16 11:59:52.020 [DETAIL] [src=STE_SOLN0002846] SNow Qual: name=Headquarters, Building 1.31^country=United States^city=New York
2018/06/16 11:59:52.020 [DETAIL] [src=STE_SOLN0002846] SNow Qual: name=Headquarters, Building 1.31^country=United States^city=New York
2018/06/16 11:59:52.020 [DETAIL] [src=STE_SOLN0002846] SNow Qual: name=Headquarters, Building 1.31^country=United States^city=New York
2018/06/16 11:59:52.271 [DETAIL] Lookup Batch Retrieve-End
2018/06/16 11:59:52.272 [DETAIL] Lookup Batch Retrieve-Start
2018/06/16 11:59:52.272 [DETAIL] [src=INC000000000104] SNow Qual: number=INC000000000004
2018/06/16 11:59:52.272 [DETAIL] [src=INC000000000103] SNow Qual: number=INC000000000002
2018/06/16 11:59:52.272 [DETAIL] [src=INC000000000024] SNow Qual: number=INC_CAL_1000022
2018/06/16 11:59:52.520 [DETAIL] Lookup Batch Retrieve-End
2018/06/16 11:59:52.521 [DETAIL] [Incident Chunk 0] Data Update Started...
2018/06/16 11:59:52.521 [DETAIL] Batch Update of 3 Entries Started
2018/06/16 11:59:52.521 [DETAIL] Pre-Migration Task 0 Complete
2018/06/16 11:59:53.133 [DETAIL] Update entry complete [src=INC000000000104 tgt=c8864520377213005d19dcc773990e17]
2018/06/16 11:59:53.134 [DETAIL] Update entry complete [src=INC000000000103 tgt=e555cdac373213005d19dcc773990eab]
2018/06/16 11:59:53.134 [DETAIL] Update entry complete [src=INC000000000024 tgt=b555cdac373213005d19dcc773990ed4]
2018/06/16 11:59:53.134 [DETAIL] Post-Migration Task 0 Complete
2018/06/16 11:59:53.149 [DETAIL] [Incident Chunk 0] Attachment Migration Started...
2018/06/16 11:59:53.149 [DETAIL] Source Attachment Info Loaded [0]
2018/06/16 11:59:53.149 [DETAIL] Attachment Target Check Complete [new=0 updates=0 duplicates=0]
2018/06/16 11:59:53.149 [DETAIL] Attachment Processing Queue Counts:- SRC: 0 TGTCHK: 0 GETDATA: 0 MIG: 0 DEL: 0
2018/06/16 11:59:53.151 [INFO] Migration Completed 
2018/06/16 11:59:53.151 [INFO] Summary...  Created:0 Updated:3 Skipped:0 Errors:0 [Warnings 0]
2018/06/16 11:59:53.154 [INFO] [Incident Task] Key Mapping Cache TMS:Task -> Incident Task Ready.
2018/06/16 11:59:53.154 [INFO] [Incident Task] Migration in progress.
2018/06/16 11:59:53.154 [DETAIL] [Incident Task Chunk 0] Data Retrieve Started...
2018/06/16 11:59:53.154 [DETAIL] Create Inclusion Query: [Operation=1,Operand Left=[Operation=4,Operand Left=[Operation=1,Operand Left=[Operand Type=[type=1],Operand=10000005],Operand Right=[Operand Type=[type=2],Operand=HPD:Help Desk]],Operand Right=<null>],Operand Right=[Operation=2,Operand Left=[Operation=2,Operand Left=[Operation=4,Operand Left=[Operation=1,Operand Left=[Operand Type=[type=1],Operand=10000006],Operand Right=[Operand Type=[type=2],Operand=INC000000000004]],Operand Right=<null>],Operand Right=[Operation=4,Operand Left=[Operation=1,Operand Left=[Operand Type=[type=1],Operand=10000006],Operand Right=[Operand Type=[type=2],Operand=INC_CAL_1000022]],Operand Right=<null>]],Operand Right=[Operation=4,Operand Left=[Operation=1,Operand Left=[Operand Type=[type=1],Operand=10000006],Operand Right=[Operand Type=[type=2],Operand=INC000000000002]],Operand Right=<null>]]]
2018/06/16 11:59:53.159 [DETAIL] [Incident Task Chunk 0] Data Transform Started...
2018/06/16 11:59:53.160 [DETAIL] Add Project Variable [number [STRING]]
2018/06/16 11:59:53.160 [DETAIL] Create SNow Lookup Query: number#!#number#!#
2018/06/16 11:59:53.173 [DETAIL] Lookup Batch Retrieve-Start
2018/06/16 11:59:53.173 [DETAIL] [src=SGP000000000010] SNow Qual: name=Frontoffice Support
2018/06/16 11:59:53.592 [DETAIL] Lookup Batch Retrieve-End
2018/06/16 11:59:53.592 [DETAIL] Lookup Batch Retrieve-Start
2018/06/16 11:59:53.601 [DETAIL] Lookup Batch Retrieve-End
2018/06/16 11:59:53.601 [DETAIL] Lookup Batch Retrieve-Start
2018/06/16 11:59:53.601 [DETAIL] [src=null] SNow Qual: name=Calbro Services
2018/06/16 11:59:54.018 [DETAIL] Lookup Batch Retrieve-End
2018/06/16 11:59:54.018 [DETAIL] Lookup Batch Retrieve-Start
2018/06/16 11:59:54.018 [DETAIL] [src=null] SNow Qual: company=Calbro Services^nameISEMPTY
2018/06/16 11:59:54.486 [DETAIL] Lookup Batch Retrieve-End
2018/06/16 11:59:54.486 [DETAIL] Lookup Batch Retrieve-Start
2018/06/16 11:59:54.486 [DETAIL] [src=null] SNow Qual: number=INC000000000004
2018/06/16 11:59:54.903 [DETAIL] Lookup Batch Retrieve-End
2018/06/16 11:59:54.908 [DETAIL] Lookup Batch Retrieve-Start
2018/06/16 11:59:54.908 [DETAIL] [src=PPL000000000018] SNow Qual: name=Ian Plyment^email=I.Plyment@calbroservices.com
2018/06/16 11:59:55.331 [DETAIL] Lookup Batch Retrieve-End
2018/06/16 11:59:55.331 [DETAIL] Lookup Batch Retrieve-Start
2018/06/16 11:59:55.331 [DETAIL] [src=TAS000000000109] SNow Qual: number=TAS000000000109
2018/06/16 11:59:55.752 [DETAIL] Lookup Batch Retrieve-End
2018/06/16 11:59:55.752 [DETAIL] [Incident Task Chunk 0] Data Update Started...
2018/06/16 11:59:55.752 [DETAIL] Batch Update of 1 Entries Started
2018/06/16 11:59:55.752 [DETAIL] Pre-Migration Task 0 Complete
2018/06/16 11:59:56.242 [DETAIL] Update entry complete [src=TAS000000000109 tgt=f3f849a0377213005d19dcc773990ee2]
2018/06/16 11:59:56.242 [DETAIL] Post-Migration Task 0 Complete
2018/06/16 11:59:56.243 [DETAIL] [Incident Task Chunk 0] Attachment Migration Started...
2018/06/16 11:59:56.243 [DETAIL] Source Attachment Info Loaded [1]
2018/06/16 11:59:56.243 [DETAIL] Attachment Retrieve-Start
2018/06/16 11:59:56.504 [DETAIL] Target Attachment Info Retrieve [1 attachments of estimated 1 retrieved]
2018/06/16 11:59:56.504 [DETAIL] Attachment Target Check Complete [new=0 updates=0 duplicates=1]
2018/06/16 11:59:56.504 [DETAIL] Attachment Processing Queue Counts:- SRC: 0 TGTCHK: 0 GETDATA: 0 MIG: 0 DEL: 0
2018/06/16 11:59:56.505 [INFO] Migration Completed 
2018/06/16 11:59:56.506 [INFO] Summary...  Created:0 Updated:1 Skipped:0 Errors:0 [Warnings 0]
2018/06/16 11:59:56.508 [INFO] [Child Incidents] Key Mapping Cache HPD:Associations -> Incident Ready.
2018/06/16 11:59:56.508 [INFO] [Child Incidents] Migration in progress.
2018/06/16 11:59:56.508 [DETAIL] [Child Incidents Chunk 0] Data Retrieve Started...
2018/06/16 11:59:56.509 [DETAIL] Create Inclusion Query: [Operation=1,Operand Left=[Operation=1,Operand Left=[Operation=4,Operand Left=[Operation=1,Operand Left=[Operand Type=[type=1],Operand=1000000101],Operand Right=[Operand Type=[type=2],Operand=HPD:Help Desk]],Operand Right=<null>],Operand Right=[Operation=1,Operand Left=[Operation=4,Operand Left=[Operation=1,Operand Left=[Operand Type=[type=1],Operand=1000000203],Operand Right=[Operand Type=[type=2],Operand=HPD:Help Desk]],Operand Right=<null>],Operand Right=[Operation=4,Operand Left=[Operation=4,Operand Left=[Operand Type=[type=1],Operand=1000000205],Operand Right=[Operand Type=[type=1],Operand=1000000204]],Operand Right=<null>]]],Operand Right=[Operation=2,Operand Left=[Operation=2,Operand Left=[Operation=4,Operand Left=[Operation=1,Operand Left=[Operand Type=[type=1],Operand=1000000205],Operand Right=[Operand Type=[type=2],Operand=INC000000000004]],Operand Right=<null>],Operand Right=[Operation=4,Operand Left=[Operation=1,Operand Left=[Operand Type=[type=1],Operand=1000000205],Operand Right=[Operand Type=[type=2],Operand=INC_CAL_1000022]],Operand Right=<null>]],Operand Right=[Operation=4,Operand Left=[Operation=1,Operand Left=[Operand Type=[type=1],Operand=1000000205],Operand Right=[Operand Type=[type=2],Operand=INC000000000002]],Operand Right=<null>]]]
2018/06/16 11:59:56.554 [DETAIL] [Child Incidents Chunk 0] Data Transform Started...
2018/06/16 11:59:56.554 [DETAIL] [Child Incidents Chunk 0] Data Update Started...
2018/06/16 11:59:56.554 [INFO] Migration Completed 
2018/06/16 11:59:56.555 [INFO] Summary...  Created:0 Updated:0 Skipped:0 Errors:0 [Warnings 0]
2018/06/16 11:59:56.557 [INFO] [Problem] Key Mapping Cache PBM:Problem Investigation -> Problem Ready.
2018/06/16 11:59:56.557 [INFO] [Problem] Migration in progress.
2018/06/16 11:59:56.557 [DETAIL] [Problem Chunk 0] Data Retrieve Started...
2018/06/16 11:59:56.573 [DETAIL] [Problem Chunk 0] Data Transform Started...
2018/06/16 11:59:56.574 [DETAIL] Add Project Variable [number [STRING]]
2018/06/16 11:59:56.574 [DETAIL] Create SNow Lookup Query: number#!#number#!#
2018/06/16 11:59:56.575 [DETAIL] Lookup Batch Retrieve-Start
2018/06/16 11:59:56.579 [DETAIL] Lookup Batch Retrieve-End
2018/06/16 11:59:56.579 [DETAIL] Lookup Batch Retrieve-Start
2018/06/16 11:59:56.582 [DETAIL] Lookup Batch Retrieve-End
2018/06/16 11:59:56.582 [DETAIL] Lookup Batch Retrieve-Start
2018/06/16 11:59:56.582 [DETAIL] [src=null] SNow Qual: name=Ian Plyment^email=I.Plyment@calbroservices.com
2018/06/16 11:59:57.004 [DETAIL] Lookup Batch Retrieve-End
2018/06/16 11:59:57.004 [DETAIL] Lookup Batch Retrieve-Start
2018/06/16 11:59:57.004 [DETAIL] [src=null] SNow Qual: name=Calbro Services
2018/06/16 11:59:57.423 [DETAIL] Lookup Batch Retrieve-End
2018/06/16 11:59:57.423 [DETAIL] Lookup Batch Retrieve-Start
2018/06/16 11:59:57.423 [DETAIL] [src=PBI000000000025] SNow Qual: number=PBI_CAL_1000024
2018/06/16 11:59:57.844 [DETAIL] Lookup Batch Retrieve-End
2018/06/16 11:59:57.845 [DETAIL] [Problem Chunk 0] Data Update Started...
2018/06/16 11:59:57.845 [DETAIL] Batch Update of 1 Entries Started
2018/06/16 11:59:57.845 [DETAIL] Pre-Migration Task 0 Complete
2018/06/16 11:59:58.361 [DETAIL] Update entry complete [src=PBI000000000025 tgt=83c985e0377213005d19dcc773990ec3]
2018/06/16 11:59:58.361 [DETAIL] Post-Migration Task 0 Complete
2018/06/16 11:59:58.361 [DETAIL] [Problem Chunk 0] Attachment Migration Started...
2018/06/16 11:59:58.362 [DETAIL] Source Attachment Info Loaded [0]
2018/06/16 11:59:58.362 [DETAIL] Attachment Target Check Complete [new=0 updates=0 duplicates=0]
2018/06/16 11:59:58.362 [DETAIL] Attachment Processing Queue Counts:- SRC: 0 TGTCHK: 0 GETDATA: 0 MIG: 0 DEL: 0
2018/06/16 11:59:58.365 [INFO] Migration Completed 
2018/06/16 11:59:58.365 [INFO] Summary...  Created:0 Updated:1 Skipped:0 Errors:0 [Warnings 0]
2018/06/16 11:59:58.368 [INFO] [Problem Task] Key Mapping Cache TMS:Task -> Problem Task Ready.
2018/06/16 11:59:58.368 [INFO] [Problem Task] Migration in progress.
2018/06/16 11:59:58.368 [DETAIL] [Problem Task Chunk 0] Data Retrieve Started...
2018/06/16 11:59:58.368 [DETAIL] Create Inclusion Query: [Operation=1,Operand Left=[Operation=4,Operand Left=[Operation=1,Operand Left=[Operand Type=[type=1],Operand=10000005],Operand Right=[Operand Type=[type=2],Operand=PBM:Problem Investigation]],Operand Right=<null>],Operand Right=[Operation=4,Operand Left=[Operation=1,Operand Left=[Operand Type=[type=1],Operand=10000006],Operand Right=[Operand Type=[type=2],Operand=PBI_CAL_1000024]],Operand Right=<null>]]
2018/06/16 11:59:58.404 [DETAIL] [Problem Task Chunk 0] Data Transform Started...
2018/06/16 11:59:58.404 [DETAIL] [Problem Task Chunk 0] Data Update Started...
2018/06/16 11:59:58.404 [INFO] Migration Completed 
2018/06/16 11:59:58.404 [INFO] Summary...  Created:0 Updated:0 Skipped:0 Errors:0 [Warnings 0]
2018/06/16 11:59:58.406 [INFO] [Incident Related Problem] Key Mapping Cache HPD:Associations -> Incident Ready.
2018/06/16 11:59:58.406 [INFO] [Incident Related Problem] Migration in progress.
2018/06/16 11:59:58.406 [DETAIL] [Incident Related Problem Chunk 0] Data Retrieve Started...
2018/06/16 11:59:58.407 [DETAIL] Create Inclusion Query: [Operation=1,Operand Left=[Operation=1,Operand Left=[Operation=4,Operand Left=[Operation=1,Operand Left=[Operand Type=[type=1],Operand=1000000101],Operand Right=[Operand Type=[type=2],Operand=PBM:Problem Investigation]],Operand Right=<null>],Operand Right=[Operation=4,Operand Left=[Operation=1,Operand Left=[Operand Type=[type=1],Operand=1000000203],Operand Right=[Operand Type=[type=2],Operand=HPD:Help Desk]],Operand Right=<null>]],Operand Right=[Operation=2,Operand Left=[Operation=2,Operand Left=[Operation=4,Operand Left=[Operation=1,Operand Left=[Operand Type=[type=1],Operand=1000000205],Operand Right=[Operand Type=[type=2],Operand=INC000000000004]],Operand Right=<null>],Operand Right=[Operation=4,Operand Left=[Operation=1,Operand Left=[Operand Type=[type=1],Operand=1000000205],Operand Right=[Operand Type=[type=2],Operand=INC_CAL_1000022]],Operand Right=<null>]],Operand Right=[Operation=4,Operand Left=[Operation=1,Operand Left=[Operand Type=[type=1],Operand=1000000205],Operand Right=[Operand Type=[type=2],Operand=INC000000000002]],Operand Right=<null>]]]
2018/06/16 11:59:58.411 [DETAIL] [Incident Related Problem Chunk 0] Data Transform Started...
2018/06/16 11:59:58.411 [DETAIL] Add Project Variable [number [STRING]]
2018/06/16 11:59:58.411 [DETAIL] Create SNow Lookup Query: number#!#number#!#
2018/06/16 11:59:58.412 [DETAIL] Lookup Batch Retrieve-Start
2018/06/16 11:59:58.412 [DETAIL] [src=null] SNow Qual: number=PBI_CAL_1000025
2018/06/16 11:59:58.412 [DETAIL] [src=null] SNow Qual: number=PBI_CAL_1000024
2018/06/16 11:59:58.831 [DETAIL] Lookup Batch Retrieve-End
2018/06/16 11:59:58.832 [DETAIL] Lookup Batch Retrieve-Start
2018/06/16 11:59:58.832 [DETAIL] [src=HAS000000000104] SNow Qual: number=INC_CAL_1000022
2018/06/16 11:59:58.832 [DETAIL] [src=HAS000000000106] SNow Qual: number=INC000000000004
2018/06/16 11:59:59.250 [DETAIL] Lookup Batch Retrieve-End
2018/06/16 11:59:59.251 [DETAIL] [Incident Related Problem Chunk 0] Data Update Started...
2018/06/16 11:59:59.251 [DETAIL] Batch Update of 2 Entries Started
2018/06/16 11:59:59.251 [DETAIL] Pre-Migration Task 0 Complete
2018/06/16 11:59:59.540 [DETAIL] Update entry complete [src=HAS000000000104 tgt=b555cdac373213005d19dcc773990ed4]
2018/06/16 11:59:59.541 [DETAIL] Update entry complete [src=HAS000000000106 tgt=c8864520377213005d19dcc773990e17]
2018/06/16 11:59:59.541 [DETAIL] Post-Migration Task 0 Complete
2018/06/16 11:59:59.542 [INFO] Migration Completed 
2018/06/16 11:59:59.542 [INFO] Summary...  Created:0 Updated:2 Skipped:0 Errors:0 [Warnings 0]
2018/06/16 11:59:59.545 [INFO] [Known Errors] Key Mapping Cache PBM:Known Error -> Problem Ready.
2018/06/16 11:59:59.545 [INFO] [Known Errors] Migration in progress.
2018/06/16 11:59:59.545 [DETAIL] [Known Errors Chunk 0] Data Retrieve Started...
2018/06/16 11:59:59.555 [DETAIL] [Known Errors Chunk 0] Data Transform Started...
2018/06/16 11:59:59.555 [DETAIL] [Known Errors Chunk 0] Data Update Started...
2018/06/16 11:59:59.555 [INFO] Migration Completed 
2018/06/16 11:59:59.555 [INFO] Summary...  Created:0 Updated:0 Skipped:0 Errors:0 [Warnings 0]
2018/06/16 11:59:59.557 [INFO] [Known Error Tasks] Key Mapping Cache TMS:Task -> Problem Task Ready.
2018/06/16 11:59:59.557 [INFO] [Known Error Tasks] Migration in progress.
2018/06/16 11:59:59.557 [DETAIL] [Known Error Tasks Chunk 0] Data Retrieve Started...
2018/06/16 11:59:59.557 [DETAIL] [Known Error Tasks Chunk 0] Data Transform Started...
2018/06/16 11:59:59.557 [DETAIL] [Known Error Tasks Chunk 0] Data Update Started...
2018/06/16 11:59:59.557 [INFO] Migration Completed 
2018/06/16 11:59:59.557 [INFO] Summary...  Created:0 Updated:0 Skipped:0 Errors:0 [Warnings 0]
2018/06/16 11:59:59.558 [INFO] [Incident Related Known Error] Key Mapping Cache HPD:Associations -> Incident Ready.
2018/06/16 11:59:59.558 [INFO] [Incident Related Known Error] Migration in progress.
2018/06/16 11:59:59.558 [DETAIL] [Incident Related Known Error Chunk 0] Data Retrieve Started...
2018/06/16 11:59:59.558 [DETAIL] Create Inclusion Query: [Operation=1,Operand Left=[Operation=1,Operand Left=[Operation=4,Operand Left=[Operation=1,Operand Left=[Operand Type=[type=1],Operand=1000000101],Operand Right=[Operand Type=[type=2],Operand=PBM:Known Error]],Operand Right=<null>],Operand Right=[Operation=4,Operand Left=[Operation=1,Operand Left=[Operand Type=[type=1],Operand=1000000203],Operand Right=[Operand Type=[type=2],Operand=HPD:Help Desk]],Operand Right=<null>]],Operand Right=[Operation=2,Operand Left=[Operation=2,Operand Left=[Operation=4,Operand Left=[Operation=1,Operand Left=[Operand Type=[type=1],Operand=1000000205],Operand Right=[Operand Type=[type=2],Operand=INC000000000004]],Operand Right=<null>],Operand Right=[Operation=4,Operand Left=[Operation=1,Operand Left=[Operand Type=[type=1],Operand=1000000205],Operand Right=[Operand Type=[type=2],Operand=INC_CAL_1000022]],Operand Right=<null>]],Operand Right=[Operation=4,Operand Left=[Operation=1,Operand Left=[Operand Type=[type=1],Operand=1000000205],Operand Right=[Operand Type=[type=2],Operand=INC000000000002]],Operand Right=<null>]]]
2018/06/16 11:59:59.577 [DETAIL] [Incident Related Known Error Chunk 0] Data Transform Started...
2018/06/16 11:59:59.578 [DETAIL] Add Project Variable [number [STRING]]
2018/06/16 11:59:59.578 [DETAIL] Create SNow Lookup Query: number#!#number#!#
2018/06/16 11:59:59.578 [DETAIL] Lookup Batch Retrieve-Start
2018/06/16 11:59:59.578 [DETAIL] [src=null] SNow Qual: number=PKE_CAL_1000002
2018/06/16 12:00:00.044 [DETAIL] Lookup Batch Retrieve-End
2018/06/16 12:00:00.044 [DETAIL] Lookup Batch Retrieve-Start
2018/06/16 12:00:00.044 [DETAIL] [src=HAS000000000105] SNow Qual: number=INC_CAL_1000022
2018/06/16 12:00:00.453 [DETAIL] Lookup Batch Retrieve-End
2018/06/16 12:00:00.454 [DETAIL] [Incident Related Known Error Chunk 0] Data Update Started...
2018/06/16 12:00:00.454 [DETAIL] Batch Update of 1 Entries Started
2018/06/16 12:00:00.454 [DETAIL] Pre-Migration Task 0 Complete
2018/06/16 12:00:00.912 [DETAIL] Update entry complete [src=HAS000000000105 tgt=b555cdac373213005d19dcc773990ed4]
2018/06/16 12:00:00.912 [DETAIL] Post-Migration Task 0 Complete
2018/06/16 12:00:00.913 [INFO] Migration Completed 
2018/06/16 12:00:00.913 [INFO] Summary...  Created:0 Updated:1 Skipped:0 Errors:0 [Warnings 0]
2018/06/16 12:00:00.914 [DETAIL] Closing Execution Task...
2018/06/16 12:00:00.986 [INFO] Execution has completed [Execution ID=2018-06-16_11-59]
2018/06/16 12:00:00.986 [INFO] --END OF LOG--
