2018/06/16 11:36:17.330 [INFO] Log Level set to Detail
2018/06/16 11:36:17.330 [INFO] ITSM Bridge version 3.7.14
2018/06/16 11:36:17.330 [INFO] Execution of INC_PBM version 6
2018/06/16 11:36:17.330 [INFO] Set Variable Modified Since Date to value '2018-01-01 00:00:00'
2018/06/16 11:36:17.330 [INFO] Set Variable Single Company to value 'FALSE'
2018/06/16 11:36:17.330 [INFO] Set Variable Company to value 'Calbro Services'
2018/06/16 11:36:17.332 [INFO] Execution started... [Execution ID=2018-06-16_11-36]
2018/06/16 11:36:17.333 [INFO] Initialisation Step Started...
2018/06/16 11:36:17.335 [INFO] Source Server Connected
2018/06/16 11:36:17.335 [DETAIL] Build Field Map [v_plugin] started...
2018/06/16 11:36:19.225 [DETAIL] SNow: Build Field Map [v_plugin] complete, 25 entries
2018/06/16 11:36:21.310 [INFO] Target Server Connected
2018/06/16 11:36:21.771 [DETAIL] Remedy Cache Initialisation started...
2018/06/16 11:36:21.771 [DETAIL] Remedy Cache Initialisation complete
2018/06/16 11:36:21.771 [INFO] Source Server Cache Initialised
2018/06/16 11:36:21.771 [DETAIL] Service Now Cache Initialisation started...
2018/06/16 11:36:21.771 [DETAIL] Service Now Cache Initialisation complete
2018/06/16 11:36:21.771 [INFO] Target Server Cache Initialised
2018/06/16 11:36:21.771 [DETAIL] Top Level Project Validation Completed
2018/06/16 11:36:22.257 [DETAIL] Build Field Map [CTM:People] started...
2018/06/16 11:36:22.332 [DETAIL] Remedy: Build Field Map [CTM:People] complete, 132 entries
2018/06/16 11:36:22.332 [INFO] Initialisation 1 of 12 [User Reference] Disabled [Key Mapping Cache Initialised]
2018/06/16 11:36:22.792 [DETAIL] Build Field Map [sys_user_group] started...
2018/06/16 11:36:23.379 [DETAIL] SNow: Build Field Map [sys_user_group] complete, 19 entries
2018/06/16 11:36:23.379 [DETAIL] Build Field Map [CTM:Support Group] started...
2018/06/16 11:36:23.395 [DETAIL] Remedy: Build Field Map [CTM:Support Group] complete, 34 entries
2018/06/16 11:36:23.395 [INFO] Initialisation 2 of 12 [Group Reference] Disabled [Key Mapping Cache Initialised]
2018/06/16 11:36:23.863 [DETAIL] Build Field Map [cmn_location] started...
2018/06/16 11:36:25.096 [DETAIL] SNow: Build Field Map [cmn_location] complete, 24 entries
2018/06/16 11:36:25.096 [DETAIL] Build Field Map [core_company] started...
2018/06/16 11:36:26.710 [DETAIL] SNow: Build Field Map [core_company] complete, 44 entries
2018/06/16 11:36:26.710 [DETAIL] Create SNow Lookup Query: name#!#!Company Name!#!#
2018/06/16 11:36:26.712 [DETAIL] Build Field Map [SIT:Site] started...
2018/06/16 11:36:26.766 [DETAIL] Remedy: Build Field Map [SIT:Site] complete, 33 entries
2018/06/16 11:36:26.766 [DETAIL] Add Project Variable [Site ID [STRING]]
2018/06/16 11:36:26.766 [DETAIL] Build Field Map [SIT:Site Company Association] started...
2018/06/16 11:36:26.774 [DETAIL] Remedy: Build Field Map [SIT:Site Company Association] complete, 22 entries
2018/06/16 11:36:26.776 [DETAIL] Create Remedy Lookup Query: 'Site ID' = ""
2018/06/16 11:36:26.776 [INFO] Initialisation 3 of 12 [Location Reference] Disabled [Key Mapping Cache Initialised]
2018/06/16 11:36:26.776 [DETAIL] Build Field Map [HPD:Help Desk] started...
2018/06/16 11:36:26.866 [DETAIL] Remedy: Build Field Map [HPD:Help Desk] complete, 305 entries
2018/06/16 11:36:26.869 [DETAIL] Create Remedy Qualification: 'Last Modified Date' > "1/1/2018 1:00:00 AM" AND (0 = 1 AND 'Contact Company' = "Calbro Services" OR 0 = 0)
2018/06/16 11:36:26.883 [DETAIL] Build Field Map [incident] started...
2018/06/16 11:36:27.944 [DETAIL] SNow: Build Field Map [incident] complete, 21 entries
2018/06/16 11:36:27.944 [DETAIL] Build Field Map [task] started...
2018/06/16 11:36:30.769 [DETAIL] SNow: Build Field Map [task] complete, 85 entries
2018/06/16 11:36:30.770 [DETAIL] Build Field Map [HPD:WorkLog] started...
2018/06/16 11:36:30.821 [DETAIL] Remedy: Build Field Map [HPD:WorkLog] complete, 56 entries
2018/06/16 11:36:30.822 [DETAIL] Add Project Variable [name [STRING]]
2018/06/16 11:36:30.822 [DETAIL] Create SNow Lookup Query: name#!#name#!#
2018/06/16 11:36:30.822 [DETAIL] Add Project Variable [Assignee Login ID [STRING]]
2018/06/16 11:36:30.839 [DETAIL] Create Remedy Lookup Query: 'Remedy Login ID' = ""
2018/06/16 11:36:30.840 [DETAIL] Add Project Variable [Assignee [STRING]]
2018/06/16 11:36:30.840 [DETAIL] Create SNow Lookup Query: name#!#Assignee#!#^email#!#!Assignee Email!#!#
2018/06/16 11:36:30.841 [DETAIL] Add Project Variable [Incident Number [STRING]]
2018/06/16 11:36:30.843 [DETAIL] Create Remedy Lookup Query: 'Incident Number' = ""
2018/06/16 11:36:30.843 [DETAIL] Add Project Variable [name [STRING]]
2018/06/16 11:36:30.843 [DETAIL] Add Project Variable [email [STRING]]
2018/06/16 11:36:30.843 [DETAIL] Create SNow Lookup Query: name#!#name#!#^email#!#email#!#
2018/06/16 11:36:30.844 [DETAIL] Add Project Variable [Contact Company [STRING]]
2018/06/16 11:36:30.844 [DETAIL] Create SNow Lookup Query: name#!#Contact Company#!#
2018/06/16 11:36:30.844 [DETAIL] Add Project Variable [country [STRING]]
2018/06/16 11:36:30.844 [DETAIL] Add Project Variable [city [STRING]]
2018/06/16 11:36:30.844 [DETAIL] Add Project Variable [name [STRING]]
2018/06/16 11:36:30.844 [DETAIL] Create SNow Lookup Query: name#!#name#!#^country#!#country#!#^city#!#city#!#
2018/06/16 11:36:30.845 [DETAIL] Build Field Map [sys_attachment] started...
2018/06/16 11:36:31.590 [DETAIL] SNow: Build Field Map [sys_attachment] complete, 17 entries
2018/06/16 11:36:31.590 [DETAIL] Build Field Map [ecc_queue] started...
2018/06/16 11:36:32.663 [DETAIL] SNow: Build Field Map [ecc_queue] complete, 23 entries
2018/06/16 11:36:33.126 [INFO] Initialisation 4 of 12 [Incident] Completed
2018/06/16 11:36:33.126 [DETAIL] Build Field Map [TMS:Task] started...
2018/06/16 11:36:33.180 [DETAIL] Remedy: Build Field Map [TMS:Task] complete, 256 entries
2018/06/16 11:36:33.185 [DETAIL] Create Remedy Qualification: 'RootRequestFormName' = "HPD:Help Desk"
2018/06/16 11:36:33.231 [DETAIL] Build Field Map [incident_task] started...
2018/06/16 11:36:33.472 [DETAIL] SNow: Build Field Map [incident_task] complete, 2 entries
2018/06/16 11:36:33.472 [DETAIL] Build Field Map [task] started...
2018/06/16 11:36:36.516 [DETAIL] SNow: Build Field Map [task] complete, 66 entries
2018/06/16 11:36:36.517 [DETAIL] Build Field Map [TMS:WorkInfo] started...
2018/06/16 11:36:36.530 [DETAIL] Remedy: Build Field Map [TMS:WorkInfo] complete, 31 entries
2018/06/16 11:36:36.536 [DETAIL] Add Project Variable [name [STRING]]
2018/06/16 11:36:36.537 [DETAIL] Create SNow Lookup Query: name#!#name#!#
2018/06/16 11:36:36.537 [DETAIL] Add Project Variable [Task ID [STRING]]
2018/06/16 11:36:36.542 [DETAIL] Create Remedy Lookup Query: 'TaskOrTaskGroupID' = ""
2018/06/16 11:36:36.542 [DETAIL] Add Project Variable [Company [STRING]]
2018/06/16 11:36:36.542 [DETAIL] Create SNow Lookup Query: name#!#Company#!#
2018/06/16 11:36:36.544 [DETAIL] Add Project Variable [Site [STRING]]
2018/06/16 11:36:36.544 [DETAIL] Add Project Variable [Company [STRING]]
2018/06/16 11:36:36.544 [DETAIL] Create SNow Lookup Query: company#!#Company#!#^name#!#Site#!#
2018/06/16 11:36:36.545 [DETAIL] Add Project Variable [RootRequestID [STRING]]
2018/06/16 11:36:36.545 [DETAIL] Create SNow Lookup Query: number#!#RootRequestID#!#
2018/06/16 11:36:36.548 [DETAIL] Add Project Variable [name [STRING]]
2018/06/16 11:36:36.548 [DETAIL] Add Project Variable [email [STRING]]
2018/06/16 11:36:36.548 [DETAIL] Create SNow Lookup Query: name#!#name#!#^email#!#email#!#
2018/06/16 11:36:36.550 [DETAIL] Build Field Map [sys_web_service] started...
2018/06/16 11:36:37.248 [DETAIL] SNow: Build Field Map [sys_web_service] complete, 9 entries
2018/06/16 11:36:37.248 [DETAIL] Build Field Map [sys_metadata] started...
2018/06/16 11:36:38.233 [DETAIL] SNow: Build Field Map [sys_metadata] complete, 20 entries
2018/06/16 11:36:38.660 [INFO] Synchronising Scripted Web Service [u_itsmb_incident_task_n]
2018/06/16 11:36:44.127 [DETAIL] --Check Import WS Started--
   WS Name: u_itsmb_incident_task_n
   Target Table: incident_task
   Scope: global
   Run Business Rules: false
   include fields from tables: incident_task,task
--created ws import set: u_itsmb_incident_task_n [incident_task]--
--synchronise ws fields with target complete--
--transform map updated: u_itsmb_incident_task_n
   create transform field mapping: parent -> parent
   create transform field mapping: made_sla -> made_sla
   create transform field mapping: watch_list -> watch_list
   skip system field: template_import_log
   skip system field: target_scope
   create transform field mapping: upon_reject -> upon_reject
   skip system field: sys_updated_on
   skip system field: target_class_name
   create transform field mapping: approval_history -> approval_history
   skip system field: sys_target_sys_id
   create transform field mapping: number -> number
   skip system field: sys_updated_by
   create transform field mapping: user_input -> user_input
   create transform field mapping: opened_by -> opened_by
   skip system field: sys_created_on
   skip system field: sys_import_set
   create transform field mapping: state -> state
   skip system field: target_created_by
   skip system field: target_sys_id
   skip system field: sys_created_by
   create transform field mapping: order -> order
   create transform field mapping: knowledge -> knowledge
   skip system field: sys_import_row
   skip system field: sys_row_error
   create transform field mapping: closed_at -> closed_at
   create transform field mapping: delivery_plan -> delivery_plan
   create transform field mapping: cmdb_ci -> cmdb_ci
   skip system field: target_domain_path
   create transform field mapping: impact -> impact
   create transform field mapping: work_notes_list -> work_notes_list
   create transform field mapping: active -> active
   create transform field mapping: business_service -> business_service
   skip system field: import_set_run
   create transform field mapping: priority -> priority
   create transform field mapping: time_worked -> time_worked
   create transform field mapping: expected_start -> expected_start
   create transform field mapping: rejection_goto -> rejection_goto
   create transform field mapping: opened_at -> opened_at
   create transform field mapping: business_duration -> business_duration
   create transform field mapping: group_list -> group_list
   create transform field mapping: work_end -> work_end
   create transform field mapping: approval_set -> approval_set
   create transform field mapping: work_notes -> work_notes
   create transform field mapping: wf_activity -> wf_activity
   create transform field mapping: short_description -> short_description
   skip system field: target_mod_count
   create transform field mapping: work_start -> work_start
   create transform field mapping: correlation_display -> correlation_display
   create transform field mapping: delivery_task -> delivery_task
   create transform field mapping: assignment_group -> assignment_group
   skip system field: batch_id
   skip system field: sys_import_state_comment
   create transform field mapping: additional_assignee_list -> additional_assignee_list
   create transform field mapping: description -> description
   create transform field mapping: calendar_duration -> calendar_duration
   skip system field: target_domain
   create transform field mapping: close_notes -> close_notes
   skip system field: sys_class_name
   create transform field mapping: closed_by -> closed_by
   create transform field mapping: follow_up -> follow_up
   create transform field mapping: contact_type -> contact_type
   create transform field mapping: urgency -> urgency
   skip system field: sys_transform_map
   create transform field mapping: company -> company
   create transform field mapping: reassignment_count -> reassignment_count
   create transform field mapping: activity_due -> activity_due
   create transform field mapping: assigned_to -> assigned_to
   create transform field mapping: variables -> variables
   create transform field mapping: comments -> comments
   skip system field: sys_target_table
   skip system field: target_created_on
   create transform field mapping: approval -> approval
   create transform field mapping: sla_due -> sla_due
   create transform field mapping: due_date -> due_date
   create transform field mapping: comments_and_work_notes -> comments_and_work_notes
   skip system field: sys_mod_count
   skip virtual field: sys_tags
   skip system field: sys_import_state
   create transform field mapping: escalation -> escalation
   create transform field mapping: upon_approval -> upon_approval
   create transform field mapping: correlation_id -> correlation_id
   create transform field mapping: location -> location
   skip system field: source_id
   create transform field mapping: incident -> incident
   create transform field mapping: target_domain -> sys_domain
   create transform field mapping: target_class_name -> sys_class_name
   create transform field mapping: target_mod_count -> sys_mod_count
   create transform field mapping: target_created_by -> sys_created_by
   create transform field mapping: target_created_on -> sys_created_on
add sys_id_coalece
   create transform field mapping: target_sys_id -> sys_id
--synchronise transform map complete--
--Check Import Set WS and Transform Map Completed--

2018/06/16 11:36:44.128 [INFO] Scripted Web Service is Synchronised [u_itsmb_incident_task_n]
2018/06/16 11:36:44.128 [DETAIL] Build Field Map [u_itsmb_incident_task_n] started...
2018/06/16 11:36:47.097 [DETAIL] SNow: Build Field Map [u_itsmb_incident_task_n] complete, 68 entries
2018/06/16 11:36:47.559 [INFO] Initialisation 5 of 12 [Incident Task] Completed
2018/06/16 11:36:47.559 [DETAIL] Build Field Map [HPD:Associations] started...
2018/06/16 11:36:47.586 [DETAIL] Remedy: Build Field Map [HPD:Associations] complete, 53 entries
2018/06/16 11:36:47.587 [DETAIL] Create Remedy Qualification: 'Form Name01' = "HPD:Help Desk" AND 'Form Name02' = "HPD:Help Desk" AND 'Request ID02' < 'Request ID01'
2018/06/16 11:36:47.606 [DETAIL] Add Project Variable [Request ID01 [STRING]]
2018/06/16 11:36:47.606 [DETAIL] Create SNow Lookup Query: number#!#Request ID01#!#
2018/06/16 11:36:47.607 [INFO] Synchronising Scripted Web Service [u_itsmb_incident_n]
2018/06/16 11:36:54.443 [DETAIL] --Check Import WS Started--
   WS Name: u_itsmb_incident_n
   Target Table: incident
   Scope: global
   Run Business Rules: false
   include fields from tables: incident,task
--created ws import set: u_itsmb_incident_n [incident]--
--synchronise ws fields with target complete--
--transform map updated: u_itsmb_incident_n
   create transform field mapping: parent -> parent
   create transform field mapping: watch_list -> watch_list
   create transform field mapping: caused_by -> caused_by
   skip system field: template_import_log
   create transform field mapping: upon_reject -> upon_reject
   skip system field: target_scope
   skip system field: sys_updated_on
   create transform field mapping: approval_history -> approval_history
   create transform field mapping: number -> number
   create transform field mapping: state -> state
   skip system field: sys_created_by
   create transform field mapping: order -> order
   create transform field mapping: knowledge -> knowledge
   skip system field: sys_import_row
   create transform field mapping: delivery_plan -> delivery_plan
   create transform field mapping: cmdb_ci -> cmdb_ci
   create transform field mapping: impact -> impact
   create transform field mapping: work_notes_list -> work_notes_list
   create transform field mapping: active -> active
   create transform field mapping: priority -> priority
   create transform field mapping: rejection_goto -> rejection_goto
   create transform field mapping: group_list -> group_list
   create transform field mapping: business_duration -> business_duration
   create transform field mapping: approval_set -> approval_set
   create transform field mapping: wf_activity -> wf_activity
   create transform field mapping: short_description -> short_description
   create transform field mapping: delivery_task -> delivery_task
   create transform field mapping: correlation_display -> correlation_display
   skip system field: target_mod_count
   create transform field mapping: work_start -> work_start
   skip system field: batch_id
   skip system field: sys_import_state_comment
   create transform field mapping: additional_assignee_list -> additional_assignee_list
   skip system field: target_domain
   create transform field mapping: notify -> notify
   skip system field: sys_class_name
   create transform field mapping: closed_by -> closed_by
   create transform field mapping: follow_up -> follow_up
   create transform field mapping: parent_incident -> parent_incident
   create transform field mapping: reopened_by -> reopened_by
   create transform field mapping: reassignment_count -> reassignment_count
   create transform field mapping: assigned_to -> assigned_to
   create transform field mapping: variables -> variables
   skip system field: sys_target_table
   create transform field mapping: sla_due -> sla_due
   create transform field mapping: comments_and_work_notes -> comments_and_work_notes
   skip system field: sys_import_state
   create transform field mapping: upon_approval -> upon_approval
   create transform field mapping: escalation -> escalation
   create transform field mapping: correlation_id -> correlation_id
   skip system field: source_id
   create transform field mapping: made_sla -> made_sla
   skip system field: target_class_name
   create transform field mapping: child_incidents -> child_incidents
   create transform field mapping: hold_reason -> hold_reason
   skip system field: sys_target_sys_id
   create transform field mapping: resolved_by -> resolved_by
   skip system field: sys_updated_by
   create transform field mapping: user_input -> user_input
   create transform field mapping: opened_by -> opened_by
   skip system field: sys_created_on
   skip system field: sys_import_set
   skip system field: target_sys_id
   skip system field: target_created_by
   create transform field mapping: calendar_stc -> calendar_stc
   skip system field: sys_row_error
   create transform field mapping: closed_at -> closed_at
   skip system field: target_domain_path
   create transform field mapping: business_service -> business_service
   skip system field: import_set_run
   create transform field mapping: rfc -> rfc
   create transform field mapping: time_worked -> time_worked
   create transform field mapping: expected_start -> expected_start
   create transform field mapping: opened_at -> opened_at
   create transform field mapping: work_end -> work_end
   create transform field mapping: reopened_time -> reopened_time
   create transform field mapping: caller_id -> caller_id
   create transform field mapping: resolved_at -> resolved_at
   create transform field mapping: work_notes -> work_notes
   create transform field mapping: subcategory -> subcategory
   create transform field mapping: close_code -> close_code
   create transform field mapping: assignment_group -> assignment_group
   create transform field mapping: business_stc -> business_stc
   create transform field mapping: description -> description
   create transform field mapping: calendar_duration -> calendar_duration
   create transform field mapping: close_notes -> close_notes
   create transform field mapping: contact_type -> contact_type
   create transform field mapping: incident_state -> incident_state
   create transform field mapping: urgency -> urgency
   create transform field mapping: problem_id -> problem_id
   skip system field: sys_transform_map
   create transform field mapping: company -> company
   create transform field mapping: activity_due -> activity_due
   create transform field mapping: severity -> severity
   create transform field mapping: comments -> comments
   skip system field: target_created_on
   create transform field mapping: approval -> approval
   create transform field mapping: due_date -> due_date
   skip system field: sys_mod_count
   create transform field mapping: reopen_count -> reopen_count
   skip virtual field: sys_tags
   create transform field mapping: location -> location
   create transform field mapping: category -> category
   create transform field mapping: target_domain -> sys_domain
   create transform field mapping: target_class_name -> sys_class_name
   create transform field mapping: target_mod_count -> sys_mod_count
   create transform field mapping: target_created_by -> sys_created_by
   create transform field mapping: target_created_on -> sys_created_on
add sys_id_coalece
   create transform field mapping: target_sys_id -> sys_id
--synchronise transform map complete--
--Check Import Set WS and Transform Map Completed--

2018/06/16 11:36:54.443 [INFO] Scripted Web Service is Synchronised [u_itsmb_incident_n]
2018/06/16 11:36:54.444 [DETAIL] Build Field Map [u_itsmb_incident_n] started...
2018/06/16 11:36:57.106 [DETAIL] SNow: Build Field Map [u_itsmb_incident_n] complete, 87 entries
2018/06/16 11:36:57.563 [INFO] Initialisation 6 of 12 [Child Incidents] Completed
2018/06/16 11:36:57.563 [DETAIL] Build Field Map [PBM:Problem Investigation] started...
2018/06/16 11:36:57.640 [DETAIL] Remedy: Build Field Map [PBM:Problem Investigation] complete, 141 entries
2018/06/16 11:36:57.644 [DETAIL] Create Remedy Qualification: 'Last Modified Date' > "1/1/2018 1:00:00 AM" AND (0 = 1 AND 'Contact Company' = "Calbro Services" OR 0 = 0)
2018/06/16 11:36:57.656 [DETAIL] Build Field Map [problem] started...
2018/06/16 11:36:58.215 [DETAIL] SNow: Build Field Map [problem] complete, 8 entries
2018/06/16 11:36:58.215 [DETAIL] Build Field Map [task] started...
2018/06/16 11:36:59.988 [DETAIL] SNow: Build Field Map [task] complete, 72 entries
2018/06/16 11:36:59.988 [DETAIL] Build Field Map [PBM:Investigation WorkLog] started...
2018/06/16 11:37:00.007 [DETAIL] Remedy: Build Field Map [PBM:Investigation WorkLog] complete, 48 entries
2018/06/16 11:37:00.008 [DETAIL] Add Project Variable [name [STRING]]
2018/06/16 11:37:00.008 [DETAIL] Create SNow Lookup Query: name#!#name#!#
2018/06/16 11:37:00.009 [DETAIL] Add Project Variable [Assignee Login ID [STRING]]
2018/06/16 11:37:00.011 [DETAIL] Create Remedy Lookup Query: 'Remedy Login ID' = ""
2018/06/16 11:37:00.012 [DETAIL] Add Project Variable [Assignee [STRING]]
2018/06/16 11:37:00.012 [DETAIL] Create SNow Lookup Query: name#!#Assignee#!#^email#!#!Assignee Email!#!#
2018/06/16 11:37:00.012 [DETAIL] Add Project Variable [Problem Investigation ID [STRING]]
2018/06/16 11:37:00.015 [DETAIL] Create Remedy Lookup Query: 'Problem Investigation ID' = ""
2018/06/16 11:37:00.015 [DETAIL] Add Project Variable [Contact Company [STRING]]
2018/06/16 11:37:00.015 [DETAIL] Create SNow Lookup Query: name#!#Contact Company#!#
2018/06/16 11:37:00.016 [DETAIL] Add Project Variable [country [STRING]]
2018/06/16 11:37:00.016 [DETAIL] Add Project Variable [city [STRING]]
2018/06/16 11:37:00.016 [DETAIL] Add Project Variable [name [STRING]]
2018/06/16 11:37:00.016 [DETAIL] Create SNow Lookup Query: name#!#name#!#^country#!#country#!#^city#!#city#!#
2018/06/16 11:37:00.017 [INFO] Synchronising Scripted Web Service [u_itsmb_problem_n]
2018/06/16 11:37:06.212 [DETAIL] --Check Import WS Started--
   WS Name: u_itsmb_problem_n
   Target Table: problem
   Scope: global
   Run Business Rules: false
   include fields from tables: problem,task
--created ws import set: u_itsmb_problem_n [problem]--
--synchronise ws fields with target complete--
--transform map updated: u_itsmb_problem_n
   create transform field mapping: parent -> parent
   create transform field mapping: made_sla -> made_sla
   create transform field mapping: watch_list -> watch_list
   skip system field: template_import_log
   create transform field mapping: upon_reject -> upon_reject
   skip system field: target_scope
   skip system field: sys_updated_on
   skip system field: target_class_name
   create transform field mapping: approval_history -> approval_history
   skip system field: sys_target_sys_id
   create transform field mapping: number -> number
   skip system field: sys_updated_by
   create transform field mapping: work_around -> work_around
   create transform field mapping: opened_by -> opened_by
   create transform field mapping: user_input -> user_input
   skip system field: sys_created_on
   skip system field: sys_import_set
   create transform field mapping: state -> state
   skip system field: target_sys_id
   skip system field: target_created_by
   skip system field: sys_created_by
   create transform field mapping: order -> order
   create transform field mapping: knowledge -> knowledge
   skip system field: sys_import_row
   create transform field mapping: major_problem -> major_problem
   skip system field: sys_row_error
   create transform field mapping: closed_at -> closed_at
   create transform field mapping: cmdb_ci -> cmdb_ci
   create transform field mapping: delivery_plan -> delivery_plan
   create transform field mapping: impact -> impact
   skip system field: target_domain_path
   create transform field mapping: work_notes_list -> work_notes_list
   create transform field mapping: active -> active
   create transform field mapping: business_service -> business_service
   skip system field: import_set_run
   create transform field mapping: priority -> priority
   create transform field mapping: time_worked -> time_worked
   create transform field mapping: rfc -> rfc
   create transform field mapping: expected_start -> expected_start
   create transform field mapping: rejection_goto -> rejection_goto
   create transform field mapping: opened_at -> opened_at
   create transform field mapping: business_duration -> business_duration
   create transform field mapping: group_list -> group_list
   create transform field mapping: work_end -> work_end
   create transform field mapping: approval_set -> approval_set
   create transform field mapping: wf_activity -> wf_activity
   create transform field mapping: work_notes -> work_notes
   create transform field mapping: short_description -> short_description
   create transform field mapping: work_start -> work_start
   create transform field mapping: correlation_display -> correlation_display
   create transform field mapping: delivery_task -> delivery_task
   skip system field: target_mod_count
   create transform field mapping: assignment_group -> assignment_group
   skip system field: batch_id
   skip system field: sys_import_state_comment
   create transform field mapping: known_error -> known_error
   create transform field mapping: additional_assignee_list -> additional_assignee_list
   create transform field mapping: description -> description
   create transform field mapping: calendar_duration -> calendar_duration
   skip system field: target_domain
   create transform field mapping: close_notes -> close_notes
   skip system field: sys_class_name
   create transform field mapping: closed_by -> closed_by
   create transform field mapping: follow_up -> follow_up
   create transform field mapping: contact_type -> contact_type
   create transform field mapping: urgency -> urgency
   skip system field: sys_transform_map
   create transform field mapping: company -> company
   create transform field mapping: reassignment_count -> reassignment_count
   create transform field mapping: related_incidents -> related_incidents
   create transform field mapping: activity_due -> activity_due
   create transform field mapping: assigned_to -> assigned_to
   create transform field mapping: variables -> variables
   create transform field mapping: review_outcome -> review_outcome
   create transform field mapping: comments -> comments
   skip system field: sys_target_table
   skip system field: target_created_on
   create transform field mapping: approval -> approval
   create transform field mapping: sla_due -> sla_due
   create transform field mapping: problem_state -> problem_state
   create transform field mapping: comments_and_work_notes -> comments_and_work_notes
   create transform field mapping: due_date -> due_date
   skip system field: sys_mod_count
   skip virtual field: sys_tags
   skip system field: sys_import_state
   create transform field mapping: escalation -> escalation
   create transform field mapping: upon_approval -> upon_approval
   create transform field mapping: correlation_id -> correlation_id
   create transform field mapping: location -> location
   skip system field: source_id
   create transform field mapping: target_domain -> sys_domain
   create transform field mapping: target_class_name -> sys_class_name
   create transform field mapping: target_mod_count -> sys_mod_count
   create transform field mapping: target_created_by -> sys_created_by
   create transform field mapping: target_created_on -> sys_created_on
add sys_id_coalece
   create transform field mapping: target_sys_id -> sys_id
--synchronise transform map complete--
--Check Import Set WS and Transform Map Completed--

2018/06/16 11:37:06.212 [INFO] Scripted Web Service is Synchronised [u_itsmb_problem_n]
2018/06/16 11:37:06.214 [DETAIL] Build Field Map [u_itsmb_problem_n] started...
2018/06/16 11:37:08.954 [DETAIL] SNow: Build Field Map [u_itsmb_problem_n] complete, 74 entries
2018/06/16 11:37:09.432 [INFO] Initialisation 7 of 12 [Problem] Completed
2018/06/16 11:37:09.439 [DETAIL] Create Remedy Qualification: 'RootRequestFormName' = "PBM:Problem Investigation"
2018/06/16 11:37:09.445 [DETAIL] Build Field Map [problem_task] started...
2018/06/16 11:37:09.691 [DETAIL] SNow: Build Field Map [problem_task] complete, 2 entries
2018/06/16 11:37:09.691 [DETAIL] Build Field Map [task] started...
2018/06/16 11:37:11.743 [DETAIL] SNow: Build Field Map [task] complete, 66 entries
2018/06/16 11:37:11.744 [DETAIL] Add Project Variable [name [STRING]]
2018/06/16 11:37:11.744 [DETAIL] Create SNow Lookup Query: name#!#name#!#
2018/06/16 11:37:11.744 [DETAIL] Add Project Variable [Task ID [STRING]]
2018/06/16 11:37:11.749 [DETAIL] Create Remedy Lookup Query: 'TaskOrTaskGroupID' = ""
2018/06/16 11:37:11.749 [DETAIL] Add Project Variable [RootRequestID [STRING]]
2018/06/16 11:37:11.749 [DETAIL] Create SNow Lookup Query: number#!#RootRequestID#!#
2018/06/16 11:37:11.750 [DETAIL] Add Project Variable [Company [STRING]]
2018/06/16 11:37:11.750 [DETAIL] Create SNow Lookup Query: name#!#Company#!#
2018/06/16 11:37:11.751 [DETAIL] Add Project Variable [Site [STRING]]
2018/06/16 11:37:11.751 [DETAIL] Add Project Variable [Company [STRING]]
2018/06/16 11:37:11.753 [DETAIL] Create SNow Lookup Query: company#!#Company#!#^name#!#Site#!#
2018/06/16 11:37:11.754 [DETAIL] Add Project Variable [name [STRING]]
2018/06/16 11:37:11.754 [DETAIL] Add Project Variable [email [STRING]]
2018/06/16 11:37:11.754 [DETAIL] Create SNow Lookup Query: name#!#name#!#^email#!#email#!#
2018/06/16 11:37:11.755 [INFO] Synchronising Scripted Web Service [u_itsmb_problem_task_n]
2018/06/16 11:37:19.446 [DETAIL] --Check Import WS Started--
   WS Name: u_itsmb_problem_task_n
   Target Table: problem_task
   Scope: global
   Run Business Rules: false
   include fields from tables: problem_task,task
--created ws import set: u_itsmb_problem_task_n [problem_task]--
--synchronise ws fields with target complete--
--transform map updated: u_itsmb_problem_task_n
   create transform field mapping: parent -> parent
   create transform field mapping: made_sla -> made_sla
   create transform field mapping: watch_list -> watch_list
   skip system field: template_import_log
   skip system field: target_scope
   create transform field mapping: upon_reject -> upon_reject
   skip system field: sys_updated_on
   skip system field: target_class_name
   create transform field mapping: approval_history -> approval_history
   skip system field: sys_target_sys_id
   create transform field mapping: number -> number
   create transform field mapping: problem -> problem
   skip system field: sys_updated_by
   create transform field mapping: opened_by -> opened_by
   create transform field mapping: user_input -> user_input
   skip system field: sys_created_on
   skip system field: sys_import_set
   create transform field mapping: state -> state
   skip system field: target_created_by
   skip system field: target_sys_id
   skip system field: sys_created_by
   create transform field mapping: order -> order
   create transform field mapping: knowledge -> knowledge
   skip system field: sys_import_row
   skip system field: sys_row_error
   create transform field mapping: closed_at -> closed_at
   create transform field mapping: cmdb_ci -> cmdb_ci
   create transform field mapping: delivery_plan -> delivery_plan
   create transform field mapping: impact -> impact
   skip system field: target_domain_path
   create transform field mapping: work_notes_list -> work_notes_list
   create transform field mapping: active -> active
   create transform field mapping: business_service -> business_service
   skip system field: import_set_run
   create transform field mapping: priority -> priority
   create transform field mapping: time_worked -> time_worked
   create transform field mapping: expected_start -> expected_start
   create transform field mapping: rejection_goto -> rejection_goto
   create transform field mapping: opened_at -> opened_at
   create transform field mapping: business_duration -> business_duration
   create transform field mapping: group_list -> group_list
   create transform field mapping: work_end -> work_end
   create transform field mapping: approval_set -> approval_set
   create transform field mapping: work_notes -> work_notes
   create transform field mapping: wf_activity -> wf_activity
   create transform field mapping: short_description -> short_description
   create transform field mapping: correlation_display -> correlation_display
   skip system field: target_mod_count
   create transform field mapping: work_start -> work_start
   create transform field mapping: delivery_task -> delivery_task
   create transform field mapping: assignment_group -> assignment_group
   skip system field: batch_id
   skip system field: sys_import_state_comment
   create transform field mapping: additional_assignee_list -> additional_assignee_list
   create transform field mapping: description -> description
   create transform field mapping: calendar_duration -> calendar_duration
   skip system field: target_domain
   create transform field mapping: close_notes -> close_notes
   skip system field: sys_class_name
   create transform field mapping: closed_by -> closed_by
   create transform field mapping: follow_up -> follow_up
   create transform field mapping: contact_type -> contact_type
   create transform field mapping: urgency -> urgency
   skip system field: sys_transform_map
   create transform field mapping: company -> company
   create transform field mapping: reassignment_count -> reassignment_count
   create transform field mapping: activity_due -> activity_due
   create transform field mapping: assigned_to -> assigned_to
   create transform field mapping: variables -> variables
   create transform field mapping: comments -> comments
   skip system field: sys_target_table
   skip system field: target_created_on
   create transform field mapping: sla_due -> sla_due
   create transform field mapping: approval -> approval
   create transform field mapping: due_date -> due_date
   create transform field mapping: comments_and_work_notes -> comments_and_work_notes
   skip system field: sys_mod_count
   skip virtual field: sys_tags
   skip system field: sys_import_state
   create transform field mapping: escalation -> escalation
   create transform field mapping: upon_approval -> upon_approval
   create transform field mapping: correlation_id -> correlation_id
   create transform field mapping: location -> location
   skip system field: source_id
   create transform field mapping: target_domain -> sys_domain
   create transform field mapping: target_class_name -> sys_class_name
   create transform field mapping: target_mod_count -> sys_mod_count
   create transform field mapping: target_created_by -> sys_created_by
   create transform field mapping: target_created_on -> sys_created_on
add sys_id_coalece
   create transform field mapping: target_sys_id -> sys_id
--synchronise transform map complete--
--Check Import Set WS and Transform Map Completed--

2018/06/16 11:37:19.447 [INFO] Scripted Web Service is Synchronised [u_itsmb_problem_task_n]
2018/06/16 11:37:19.447 [DETAIL] Build Field Map [u_itsmb_problem_task_n] started...
2018/06/16 11:37:21.773 [DETAIL] SNow: Build Field Map [u_itsmb_problem_task_n] complete, 68 entries
2018/06/16 11:37:22.257 [INFO] Initialisation 8 of 12 [Problem Task] Completed
2018/06/16 11:37:22.261 [DETAIL] Create Remedy Qualification: 'Form Name01' = "PBM:Problem Investigation" AND 'Form Name02' = "HPD:Help Desk"
2018/06/16 11:37:22.296 [DETAIL] Add Project Variable [Request ID01 [STRING]]
2018/06/16 11:37:22.297 [DETAIL] Create SNow Lookup Query: number#!#Request ID01#!#
2018/06/16 11:37:22.298 [INFO] Synchronising Scripted Web Service [u_itsmb_incident_n]
2018/06/16 11:37:24.409 [DETAIL] --Check Import WS Started--
   WS Name: u_itsmb_incident_n
   Target Table: incident
   Scope: global
   Run Business Rules: false
   include fields from tables: incident,task
--created ws import set: u_itsmb_incident_n [incident]--
--synchronise ws fields with target complete--
--transform map updated: u_itsmb_incident_n
   transform field mapping exists: parent -> parent
   transform field mapping exists: watch_list -> watch_list
   transform field mapping exists: caused_by -> caused_by
   skip system field: template_import_log
   transform field mapping exists: upon_reject -> upon_reject
   skip system field: target_scope
   skip system field: sys_updated_on
   transform field mapping exists: approval_history -> approval_history
   transform field mapping exists: number -> number
   transform field mapping exists: state -> state
   skip system field: sys_created_by
   transform field mapping exists: order -> order
   transform field mapping exists: knowledge -> knowledge
   skip system field: sys_import_row
   transform field mapping exists: delivery_plan -> delivery_plan
   transform field mapping exists: cmdb_ci -> cmdb_ci
   transform field mapping exists: impact -> impact
   transform field mapping exists: work_notes_list -> work_notes_list
   transform field mapping exists: active -> active
   transform field mapping exists: priority -> priority
   transform field mapping exists: rejection_goto -> rejection_goto
   transform field mapping exists: group_list -> group_list
   transform field mapping exists: business_duration -> business_duration
   transform field mapping exists: approval_set -> approval_set
   transform field mapping exists: wf_activity -> wf_activity
   transform field mapping exists: short_description -> short_description
   transform field mapping exists: delivery_task -> delivery_task
   transform field mapping exists: correlation_display -> correlation_display
   skip system field: target_mod_count
   transform field mapping exists: work_start -> work_start
   skip system field: batch_id
   skip system field: sys_import_state_comment
   transform field mapping exists: additional_assignee_list -> additional_assignee_list
   skip system field: target_domain
   transform field mapping exists: notify -> notify
   skip system field: sys_class_name
   transform field mapping exists: closed_by -> closed_by
   transform field mapping exists: follow_up -> follow_up
   transform field mapping exists: parent_incident -> parent_incident
   transform field mapping exists: reopened_by -> reopened_by
   transform field mapping exists: reassignment_count -> reassignment_count
   transform field mapping exists: assigned_to -> assigned_to
   transform field mapping exists: variables -> variables
   skip system field: sys_target_table
   transform field mapping exists: sla_due -> sla_due
   transform field mapping exists: comments_and_work_notes -> comments_and_work_notes
   skip system field: sys_import_state
   transform field mapping exists: upon_approval -> upon_approval
   transform field mapping exists: escalation -> escalation
   transform field mapping exists: correlation_id -> correlation_id
   skip system field: source_id
   transform field mapping exists: made_sla -> made_sla
   skip system field: target_class_name
   transform field mapping exists: child_incidents -> child_incidents
   transform field mapping exists: hold_reason -> hold_reason
   skip system field: sys_target_sys_id
   transform field mapping exists: resolved_by -> resolved_by
   skip system field: sys_updated_by
   transform field mapping exists: user_input -> user_input
   transform field mapping exists: opened_by -> opened_by
   skip system field: sys_created_on
   skip system field: sys_import_set
   skip system field: target_sys_id
   skip system field: target_created_by
   transform field mapping exists: calendar_stc -> calendar_stc
   skip system field: sys_row_error
   transform field mapping exists: closed_at -> closed_at
   skip system field: target_domain_path
   transform field mapping exists: business_service -> business_service
   skip system field: import_set_run
   transform field mapping exists: rfc -> rfc
   transform field mapping exists: time_worked -> time_worked
   transform field mapping exists: expected_start -> expected_start
   transform field mapping exists: opened_at -> opened_at
   transform field mapping exists: work_end -> work_end
   transform field mapping exists: reopened_time -> reopened_time
   transform field mapping exists: caller_id -> caller_id
   transform field mapping exists: resolved_at -> resolved_at
   transform field mapping exists: work_notes -> work_notes
   transform field mapping exists: subcategory -> subcategory
   transform field mapping exists: close_code -> close_code
   transform field mapping exists: assignment_group -> assignment_group
   transform field mapping exists: business_stc -> business_stc
   transform field mapping exists: description -> description
   transform field mapping exists: calendar_duration -> calendar_duration
   transform field mapping exists: close_notes -> close_notes
   transform field mapping exists: contact_type -> contact_type
   transform field mapping exists: incident_state -> incident_state
   transform field mapping exists: urgency -> urgency
   transform field mapping exists: problem_id -> problem_id
   skip system field: sys_transform_map
   transform field mapping exists: company -> company
   transform field mapping exists: activity_due -> activity_due
   transform field mapping exists: severity -> severity
   transform field mapping exists: comments -> comments
   skip system field: target_created_on
   transform field mapping exists: approval -> approval
   transform field mapping exists: due_date -> due_date
   skip system field: sys_mod_count
   transform field mapping exists: reopen_count -> reopen_count
   skip virtual field: sys_tags
   transform field mapping exists: location -> location
   transform field mapping exists: category -> category
   transform field mapping exists: target_domain -> sys_domain
   transform field mapping exists: target_class_name -> sys_class_name
   transform field mapping exists: target_mod_count -> sys_mod_count
   transform field mapping exists: target_created_by -> sys_created_by
   transform field mapping exists: target_created_on -> sys_created_on
coalece field exists
--synchronise transform map complete--
--Check Import Set WS and Transform Map Completed--

2018/06/16 11:37:24.409 [INFO] Scripted Web Service is Synchronised [u_itsmb_incident_n]
2018/06/16 11:37:24.868 [INFO] Initialisation 9 of 12 [Incident Related Problem] Completed
2018/06/16 11:37:24.870 [DETAIL] Build Field Map [PBM:Known Error] started...
2018/06/16 11:37:24.937 [DETAIL] Remedy: Build Field Map [PBM:Known Error] complete, 115 entries
2018/06/16 11:37:24.939 [DETAIL] Create Remedy Qualification: 'Last Modified Date' > "1/1/2018 1:00:00 AM" AND (0 = 1 AND 'Company' = "Calbro Services" OR 0 = 0)
2018/06/16 11:37:24.973 [DETAIL] Build Field Map [PBM:Known Error WorkLog] started...
2018/06/16 11:37:24.992 [DETAIL] Remedy: Build Field Map [PBM:Known Error WorkLog] complete, 49 entries
2018/06/16 11:37:24.992 [DETAIL] Add Project Variable [name [STRING]]
2018/06/16 11:37:24.992 [DETAIL] Create SNow Lookup Query: name#!#name#!#
2018/06/16 11:37:24.992 [DETAIL] Add Project Variable [Assignee Login [STRING]]
2018/06/16 11:37:24.995 [DETAIL] Create Remedy Lookup Query: 'Remedy Login ID' = ""
2018/06/16 11:37:24.995 [DETAIL] Add Project Variable [Assignee [STRING]]
2018/06/16 11:37:24.995 [DETAIL] Create SNow Lookup Query: name#!#Assignee#!#^email#!#!Assignee Email!#!#
2018/06/16 11:37:24.995 [DETAIL] Add Project Variable [Known Error ID [STRING]]
2018/06/16 11:37:24.998 [DETAIL] Create Remedy Lookup Query: 'Known Error ID' = ""
2018/06/16 11:37:24.998 [DETAIL] Add Project Variable [Company [STRING]]
2018/06/16 11:37:24.998 [DETAIL] Create SNow Lookup Query: name#!#Company#!#
2018/06/16 11:37:24.999 [DETAIL] Add Project Variable [Site [STRING]]
2018/06/16 11:37:24.999 [DETAIL] Add Project Variable [Company [STRING]]
2018/06/16 11:37:24.999 [DETAIL] Create SNow Lookup Query: company#!#Company#!#^name#!#Site#!#
2018/06/16 11:37:25.000 [INFO] Synchronising Scripted Web Service [u_itsmb_problem_n]
2018/06/16 11:37:26.817 [DETAIL] --Check Import WS Started--
   WS Name: u_itsmb_problem_n
   Target Table: problem
   Scope: global
   Run Business Rules: false
   include fields from tables: problem,task
--created ws import set: u_itsmb_problem_n [problem]--
--synchronise ws fields with target complete--
--transform map updated: u_itsmb_problem_n
   transform field mapping exists: parent -> parent
   transform field mapping exists: made_sla -> made_sla
   transform field mapping exists: watch_list -> watch_list
   skip system field: template_import_log
   transform field mapping exists: upon_reject -> upon_reject
   skip system field: target_scope
   skip system field: sys_updated_on
   skip system field: target_class_name
   transform field mapping exists: approval_history -> approval_history
   skip system field: sys_target_sys_id
   transform field mapping exists: number -> number
   skip system field: sys_updated_by
   transform field mapping exists: work_around -> work_around
   transform field mapping exists: opened_by -> opened_by
   transform field mapping exists: user_input -> user_input
   skip system field: sys_created_on
   skip system field: sys_import_set
   transform field mapping exists: state -> state
   skip system field: target_sys_id
   skip system field: target_created_by
   skip system field: sys_created_by
   transform field mapping exists: order -> order
   transform field mapping exists: knowledge -> knowledge
   skip system field: sys_import_row
   transform field mapping exists: major_problem -> major_problem
   skip system field: sys_row_error
   transform field mapping exists: closed_at -> closed_at
   transform field mapping exists: cmdb_ci -> cmdb_ci
   transform field mapping exists: delivery_plan -> delivery_plan
   transform field mapping exists: impact -> impact
   skip system field: target_domain_path
   transform field mapping exists: work_notes_list -> work_notes_list
   transform field mapping exists: active -> active
   transform field mapping exists: business_service -> business_service
   skip system field: import_set_run
   transform field mapping exists: priority -> priority
   transform field mapping exists: time_worked -> time_worked
   transform field mapping exists: rfc -> rfc
   transform field mapping exists: expected_start -> expected_start
   transform field mapping exists: rejection_goto -> rejection_goto
   transform field mapping exists: opened_at -> opened_at
   transform field mapping exists: business_duration -> business_duration
   transform field mapping exists: group_list -> group_list
   transform field mapping exists: work_end -> work_end
   transform field mapping exists: approval_set -> approval_set
   transform field mapping exists: wf_activity -> wf_activity
   transform field mapping exists: work_notes -> work_notes
   transform field mapping exists: short_description -> short_description
   transform field mapping exists: work_start -> work_start
   transform field mapping exists: correlation_display -> correlation_display
   transform field mapping exists: delivery_task -> delivery_task
   skip system field: target_mod_count
   transform field mapping exists: assignment_group -> assignment_group
   skip system field: batch_id
   skip system field: sys_import_state_comment
   transform field mapping exists: known_error -> known_error
   transform field mapping exists: additional_assignee_list -> additional_assignee_list
   transform field mapping exists: description -> description
   transform field mapping exists: calendar_duration -> calendar_duration
   skip system field: target_domain
   transform field mapping exists: close_notes -> close_notes
   skip system field: sys_class_name
   transform field mapping exists: closed_by -> closed_by
   transform field mapping exists: follow_up -> follow_up
   transform field mapping exists: contact_type -> contact_type
   transform field mapping exists: urgency -> urgency
   skip system field: sys_transform_map
   transform field mapping exists: company -> company
   transform field mapping exists: reassignment_count -> reassignment_count
   transform field mapping exists: related_incidents -> related_incidents
   transform field mapping exists: activity_due -> activity_due
   transform field mapping exists: assigned_to -> assigned_to
   transform field mapping exists: variables -> variables
   transform field mapping exists: review_outcome -> review_outcome
   transform field mapping exists: comments -> comments
   skip system field: sys_target_table
   skip system field: target_created_on
   transform field mapping exists: approval -> approval
   transform field mapping exists: sla_due -> sla_due
   transform field mapping exists: problem_state -> problem_state
   transform field mapping exists: comments_and_work_notes -> comments_and_work_notes
   transform field mapping exists: due_date -> due_date
   skip system field: sys_mod_count
   skip virtual field: sys_tags
   skip system field: sys_import_state
   transform field mapping exists: escalation -> escalation
   transform field mapping exists: upon_approval -> upon_approval
   transform field mapping exists: correlation_id -> correlation_id
   transform field mapping exists: location -> location
   skip system field: source_id
   transform field mapping exists: target_domain -> sys_domain
   transform field mapping exists: target_class_name -> sys_class_name
   transform field mapping exists: target_mod_count -> sys_mod_count
   transform field mapping exists: target_created_by -> sys_created_by
   transform field mapping exists: target_created_on -> sys_created_on
coalece field exists
--synchronise transform map complete--
--Check Import Set WS and Transform Map Completed--

2018/06/16 11:37:26.817 [INFO] Scripted Web Service is Synchronised [u_itsmb_problem_n]
2018/06/16 11:37:27.284 [INFO] Initialisation 10 of 12 [Known Errors] Completed
2018/06/16 11:37:27.294 [DETAIL] Create Remedy Qualification: 'RootRequestFormName' = "PBM:Known Error"
2018/06/16 11:37:27.312 [DETAIL] Add Project Variable [name [STRING]]
2018/06/16 11:37:27.313 [DETAIL] Create SNow Lookup Query: name#!#name#!#
2018/06/16 11:37:27.313 [DETAIL] Add Project Variable [Task ID [STRING]]
2018/06/16 11:37:27.315 [DETAIL] Create Remedy Lookup Query: 'TaskOrTaskGroupID' = ""
2018/06/16 11:37:27.315 [DETAIL] Add Project Variable [RootRequestID [STRING]]
2018/06/16 11:37:27.316 [DETAIL] Create SNow Lookup Query: number#!#RootRequestID#!#
2018/06/16 11:37:27.317 [DETAIL] Add Project Variable [Company [STRING]]
2018/06/16 11:37:27.317 [DETAIL] Create SNow Lookup Query: name#!#Company#!#
2018/06/16 11:37:27.317 [DETAIL] Add Project Variable [Site [STRING]]
2018/06/16 11:37:27.318 [DETAIL] Add Project Variable [Company [STRING]]
2018/06/16 11:37:27.318 [DETAIL] Create SNow Lookup Query: company#!#Company#!#^name#!#Site#!#
2018/06/16 11:37:27.318 [DETAIL] Add Project Variable [name [STRING]]
2018/06/16 11:37:27.318 [DETAIL] Add Project Variable [email [STRING]]
2018/06/16 11:37:27.318 [DETAIL] Create SNow Lookup Query: name#!#name#!#^email#!#email#!#
2018/06/16 11:37:27.319 [INFO] Synchronising Scripted Web Service [u_itsmb_problem_task_n]
2018/06/16 11:37:29.008 [DETAIL] --Check Import WS Started--
   WS Name: u_itsmb_problem_task_n
   Target Table: problem_task
   Scope: global
   Run Business Rules: false
   include fields from tables: problem_task,task
--created ws import set: u_itsmb_problem_task_n [problem_task]--
--synchronise ws fields with target complete--
--transform map updated: u_itsmb_problem_task_n
   transform field mapping exists: parent -> parent
   transform field mapping exists: made_sla -> made_sla
   transform field mapping exists: watch_list -> watch_list
   skip system field: template_import_log
   skip system field: target_scope
   transform field mapping exists: upon_reject -> upon_reject
   skip system field: sys_updated_on
   skip system field: target_class_name
   transform field mapping exists: approval_history -> approval_history
   skip system field: sys_target_sys_id
   transform field mapping exists: number -> number
   transform field mapping exists: problem -> problem
   skip system field: sys_updated_by
   transform field mapping exists: opened_by -> opened_by
   transform field mapping exists: user_input -> user_input
   skip system field: sys_created_on
   skip system field: sys_import_set
   transform field mapping exists: state -> state
   skip system field: target_created_by
   skip system field: target_sys_id
   skip system field: sys_created_by
   transform field mapping exists: order -> order
   transform field mapping exists: knowledge -> knowledge
   skip system field: sys_import_row
   skip system field: sys_row_error
   transform field mapping exists: closed_at -> closed_at
   transform field mapping exists: cmdb_ci -> cmdb_ci
   transform field mapping exists: delivery_plan -> delivery_plan
   transform field mapping exists: impact -> impact
   skip system field: target_domain_path
   transform field mapping exists: work_notes_list -> work_notes_list
   transform field mapping exists: active -> active
   transform field mapping exists: business_service -> business_service
   skip system field: import_set_run
   transform field mapping exists: priority -> priority
   transform field mapping exists: time_worked -> time_worked
   transform field mapping exists: expected_start -> expected_start
   transform field mapping exists: rejection_goto -> rejection_goto
   transform field mapping exists: opened_at -> opened_at
   transform field mapping exists: business_duration -> business_duration
   transform field mapping exists: group_list -> group_list
   transform field mapping exists: work_end -> work_end
   transform field mapping exists: approval_set -> approval_set
   transform field mapping exists: work_notes -> work_notes
   transform field mapping exists: wf_activity -> wf_activity
   transform field mapping exists: short_description -> short_description
   transform field mapping exists: correlation_display -> correlation_display
   skip system field: target_mod_count
   transform field mapping exists: work_start -> work_start
   transform field mapping exists: delivery_task -> delivery_task
   transform field mapping exists: assignment_group -> assignment_group
   skip system field: batch_id
   skip system field: sys_import_state_comment
   transform field mapping exists: additional_assignee_list -> additional_assignee_list
   transform field mapping exists: description -> description
   transform field mapping exists: calendar_duration -> calendar_duration
   skip system field: target_domain
   transform field mapping exists: close_notes -> close_notes
   skip system field: sys_class_name
   transform field mapping exists: closed_by -> closed_by
   transform field mapping exists: follow_up -> follow_up
   transform field mapping exists: contact_type -> contact_type
   transform field mapping exists: urgency -> urgency
   skip system field: sys_transform_map
   transform field mapping exists: company -> company
   transform field mapping exists: reassignment_count -> reassignment_count
   transform field mapping exists: activity_due -> activity_due
   transform field mapping exists: assigned_to -> assigned_to
   transform field mapping exists: variables -> variables
   transform field mapping exists: comments -> comments
   skip system field: sys_target_table
   skip system field: target_created_on
   transform field mapping exists: sla_due -> sla_due
   transform field mapping exists: approval -> approval
   transform field mapping exists: due_date -> due_date
   transform field mapping exists: comments_and_work_notes -> comments_and_work_notes
   skip system field: sys_mod_count
   skip virtual field: sys_tags
   skip system field: sys_import_state
   transform field mapping exists: escalation -> escalation
   transform field mapping exists: upon_approval -> upon_approval
   transform field mapping exists: correlation_id -> correlation_id
   transform field mapping exists: location -> location
   skip system field: source_id
   transform field mapping exists: target_domain -> sys_domain
   transform field mapping exists: target_class_name -> sys_class_name
   transform field mapping exists: target_mod_count -> sys_mod_count
   transform field mapping exists: target_created_by -> sys_created_by
   transform field mapping exists: target_created_on -> sys_created_on
coalece field exists
--synchronise transform map complete--
--Check Import Set WS and Transform Map Completed--

2018/06/16 11:37:29.008 [INFO] Scripted Web Service is Synchronised [u_itsmb_problem_task_n]
2018/06/16 11:37:29.472 [INFO] Initialisation 11 of 12 [Known Error Tasks] Completed
2018/06/16 11:37:29.476 [DETAIL] Create Remedy Qualification: 'Form Name01' = "PBM:Known Error" AND 'Form Name02' = "HPD:Help Desk"
2018/06/16 11:37:29.509 [DETAIL] Add Project Variable [Request ID01 [STRING]]
2018/06/16 11:37:29.510 [DETAIL] Create SNow Lookup Query: number#!#Request ID01#!#
2018/06/16 11:37:29.511 [INFO] Synchronising Scripted Web Service [u_itsmb_incident_n]
2018/06/16 11:37:31.698 [DETAIL] --Check Import WS Started--
   WS Name: u_itsmb_incident_n
   Target Table: incident
   Scope: global
   Run Business Rules: false
   include fields from tables: incident,task
--created ws import set: u_itsmb_incident_n [incident]--
--synchronise ws fields with target complete--
--transform map updated: u_itsmb_incident_n
   transform field mapping exists: parent -> parent
   transform field mapping exists: watch_list -> watch_list
   transform field mapping exists: caused_by -> caused_by
   skip system field: template_import_log
   transform field mapping exists: upon_reject -> upon_reject
   skip system field: target_scope
   skip system field: sys_updated_on
   transform field mapping exists: approval_history -> approval_history
   transform field mapping exists: number -> number
   transform field mapping exists: state -> state
   skip system field: sys_created_by
   transform field mapping exists: order -> order
   transform field mapping exists: knowledge -> knowledge
   skip system field: sys_import_row
   transform field mapping exists: delivery_plan -> delivery_plan
   transform field mapping exists: cmdb_ci -> cmdb_ci
   transform field mapping exists: impact -> impact
   transform field mapping exists: work_notes_list -> work_notes_list
   transform field mapping exists: active -> active
   transform field mapping exists: priority -> priority
   transform field mapping exists: rejection_goto -> rejection_goto
   transform field mapping exists: group_list -> group_list
   transform field mapping exists: business_duration -> business_duration
   transform field mapping exists: approval_set -> approval_set
   transform field mapping exists: wf_activity -> wf_activity
   transform field mapping exists: short_description -> short_description
   transform field mapping exists: delivery_task -> delivery_task
   transform field mapping exists: correlation_display -> correlation_display
   skip system field: target_mod_count
   transform field mapping exists: work_start -> work_start
   skip system field: batch_id
   skip system field: sys_import_state_comment
   transform field mapping exists: additional_assignee_list -> additional_assignee_list
   skip system field: target_domain
   transform field mapping exists: notify -> notify
   skip system field: sys_class_name
   transform field mapping exists: closed_by -> closed_by
   transform field mapping exists: follow_up -> follow_up
   transform field mapping exists: parent_incident -> parent_incident
   transform field mapping exists: reopened_by -> reopened_by
   transform field mapping exists: reassignment_count -> reassignment_count
   transform field mapping exists: assigned_to -> assigned_to
   transform field mapping exists: variables -> variables
   skip system field: sys_target_table
   transform field mapping exists: sla_due -> sla_due
   transform field mapping exists: comments_and_work_notes -> comments_and_work_notes
   skip system field: sys_import_state
   transform field mapping exists: upon_approval -> upon_approval
   transform field mapping exists: escalation -> escalation
   transform field mapping exists: correlation_id -> correlation_id
   skip system field: source_id
   transform field mapping exists: made_sla -> made_sla
   skip system field: target_class_name
   transform field mapping exists: child_incidents -> child_incidents
   transform field mapping exists: hold_reason -> hold_reason
   skip system field: sys_target_sys_id
   transform field mapping exists: resolved_by -> resolved_by
   skip system field: sys_updated_by
   transform field mapping exists: user_input -> user_input
   transform field mapping exists: opened_by -> opened_by
   skip system field: sys_created_on
   skip system field: sys_import_set
   skip system field: target_sys_id
   skip system field: target_created_by
   transform field mapping exists: calendar_stc -> calendar_stc
   skip system field: sys_row_error
   transform field mapping exists: closed_at -> closed_at
   skip system field: target_domain_path
   transform field mapping exists: business_service -> business_service
   skip system field: import_set_run
   transform field mapping exists: rfc -> rfc
   transform field mapping exists: time_worked -> time_worked
   transform field mapping exists: expected_start -> expected_start
   transform field mapping exists: opened_at -> opened_at
   transform field mapping exists: work_end -> work_end
   transform field mapping exists: reopened_time -> reopened_time
   transform field mapping exists: caller_id -> caller_id
   transform field mapping exists: resolved_at -> resolved_at
   transform field mapping exists: work_notes -> work_notes
   transform field mapping exists: subcategory -> subcategory
   transform field mapping exists: close_code -> close_code
   transform field mapping exists: assignment_group -> assignment_group
   transform field mapping exists: business_stc -> business_stc
   transform field mapping exists: description -> description
   transform field mapping exists: calendar_duration -> calendar_duration
   transform field mapping exists: close_notes -> close_notes
   transform field mapping exists: contact_type -> contact_type
   transform field mapping exists: incident_state -> incident_state
   transform field mapping exists: urgency -> urgency
   transform field mapping exists: problem_id -> problem_id
   skip system field: sys_transform_map
   transform field mapping exists: company -> company
   transform field mapping exists: activity_due -> activity_due
   transform field mapping exists: severity -> severity
   transform field mapping exists: comments -> comments
   skip system field: target_created_on
   transform field mapping exists: approval -> approval
   transform field mapping exists: due_date -> due_date
   skip system field: sys_mod_count
   transform field mapping exists: reopen_count -> reopen_count
   skip virtual field: sys_tags
   transform field mapping exists: location -> location
   transform field mapping exists: category -> category
   transform field mapping exists: target_domain -> sys_domain
   transform field mapping exists: target_class_name -> sys_class_name
   transform field mapping exists: target_mod_count -> sys_mod_count
   transform field mapping exists: target_created_by -> sys_created_by
   transform field mapping exists: target_created_on -> sys_created_on
coalece field exists
--synchronise transform map complete--
--Check Import Set WS and Transform Map Completed--

2018/06/16 11:37:31.698 [INFO] Scripted Web Service is Synchronised [u_itsmb_incident_n]
2018/06/16 11:37:32.159 [INFO] Initialisation 12 of 12 [Incident Related Known Error] Completed
2018/06/16 11:37:32.159 [INFO] ### Initialisation Step Complete
2018/06/16 11:37:32.161 [INFO] [User Reference] Key Mapping Cache CTM:People -> User [sys_user] Ready.
2018/06/16 11:37:32.162 [INFO] [Group Reference] Key Mapping Cache CTM:Support Group -> Group [sys_user_group] Ready.
2018/06/16 11:37:32.164 [INFO] [Location Reference] Key Mapping Cache SIT:Site -> Location [cmn_location] Ready.
2018/06/16 11:37:32.170 [INFO] [Incident] Key Mapping Cache HPD:Help Desk -> Incident Ready.
2018/06/16 11:37:32.170 [INFO] [Incident] Migration in progress.
2018/06/16 11:37:32.170 [DETAIL] [Incident Chunk 0] Data Retrieve Started...
2018/06/16 11:37:32.265 [DETAIL] [Incident Chunk 0] Data Transform Started...
2018/06/16 11:37:32.265 [DETAIL] Add Project Variable [number [STRING]]
2018/06/16 11:37:32.267 [DETAIL] Create SNow Lookup Query: number#!#number#!#
2018/06/16 11:37:32.288 [DETAIL] Lookup Batch Retrieve-Start
2018/06/16 11:37:32.288 [DETAIL] [src=SGP000000000009] SNow Qual: name=Backoffice Support
2018/06/16 11:37:32.288 [DETAIL] [src=SGP000000000011] SNow Qual: name=Service Desk
2018/06/16 11:37:32.712 [DETAIL] Lookup Batch Retrieve-End
2018/06/16 11:37:32.712 [DETAIL] Lookup Batch Retrieve-Start
2018/06/16 11:37:32.721 [DETAIL] Lookup Batch Retrieve-End
2018/06/16 11:37:32.721 [DETAIL] Lookup Batch Retrieve-Start
2018/06/16 11:37:32.721 [DETAIL] [src=null] SNow Qual: nameISEMPTY^emailISEMPTY
2018/06/16 11:37:32.722 [DETAIL] [src=null] SNow Qual: name=Francie Stafford^email=F.Stafford@calbroservices.com
2018/06/16 11:37:33.145 [DETAIL] Lookup Batch Retrieve-End
2018/06/16 11:37:33.145 [DETAIL] Lookup Batch Retrieve-Start
2018/06/16 11:37:33.169 [DETAIL] Lookup Batch Retrieve-End
2018/06/16 11:37:33.177 [DETAIL] Lookup Batch Retrieve-Start
2018/06/16 11:37:33.177 [DETAIL] [src=PPL000000000013] SNow Qual: name=Allen Allbrook^email=A.Allbrook@calbroservices.com
2018/06/16 11:37:33.177 [DETAIL] [src=PPL000000000022] SNow Qual: name=Joe Unser^email=J.Unser@calbroservices.com
2018/06/16 11:37:33.597 [DETAIL] Lookup Batch Retrieve-End
2018/06/16 11:37:33.598 [DETAIL] Lookup Batch Retrieve-Start
2018/06/16 11:37:33.598 [DETAIL] [src=null] SNow Qual: name=Calbro Services
2018/06/16 11:37:33.598 [DETAIL] [src=null] SNow Qual: name=Calbro Services
2018/06/16 11:37:34.029 [DETAIL] Lookup Batch Retrieve-End
2018/06/16 11:37:34.045 [DETAIL] Lookup Batch Retrieve-Start
2018/06/16 11:37:34.046 [DETAIL] [src=STE_SOLN0002846] SNow Qual: name=Headquarters, Building 1.31^country=United States^city=New York
2018/06/16 11:37:34.046 [DETAIL] [src=STE_SOLN0002846] SNow Qual: name=Headquarters, Building 1.31^country=United States^city=New York
2018/06/16 11:37:34.457 [DETAIL] Lookup Batch Retrieve-End
2018/06/16 11:37:34.458 [DETAIL] Lookup Batch Retrieve-Start
2018/06/16 11:37:34.458 [DETAIL] [src=INC000000000103] SNow Qual: number=INC000000000002
2018/06/16 11:37:34.458 [DETAIL] [src=INC000000000024] SNow Qual: number=INC_CAL_1000022
2018/06/16 11:37:34.926 [DETAIL] Lookup Batch Retrieve-End
2018/06/16 11:37:34.926 [DETAIL] [Incident Chunk 0] Data Update Started...
2018/06/16 11:37:34.926 [DETAIL] Batch Insert of 2 Entries Started
2018/06/16 11:37:35.838 [DETAIL] Create entry complete [src=INC000000000103 tgt=e555cdac373213005d19dcc773990eab]
2018/06/16 11:37:35.838 [DETAIL] Create entry complete [src=INC000000000024 tgt=b555cdac373213005d19dcc773990ed4]
2018/06/16 11:37:35.839 [DETAIL] [Incident Chunk 0] Attachment Migration Started...
2018/06/16 11:37:35.839 [DETAIL] Source Attachment Info Loaded [0]
2018/06/16 11:37:35.839 [DETAIL] Attachment Target Check Complete [new=0 updates=0 duplicates=0]
2018/06/16 11:37:35.839 [DETAIL] Attachment Processing Queue Counts:- SRC: 0 TGTCHK: 0 GETDATA: 0 MIG: 0 DEL: 0
2018/06/16 11:37:35.840 [INFO] Migration Completed 
2018/06/16 11:37:35.840 [INFO] Summary...  Created:2 Updated:0 Skipped:0 Errors:0 [Warnings 0]
2018/06/16 11:37:35.844 [INFO] [Incident Task] Key Mapping Cache TMS:Task -> Incident Task Ready.
2018/06/16 11:37:35.844 [INFO] [Incident Task] Migration in progress.
2018/06/16 11:37:35.844 [DETAIL] [Incident Task Chunk 0] Data Retrieve Started...
2018/06/16 11:37:35.844 [DETAIL] Create Inclusion Query: [Operation=1,Operand Left=[Operation=4,Operand Left=[Operation=1,Operand Left=[Operand Type=[type=1],Operand=10000005],Operand Right=[Operand Type=[type=2],Operand=HPD:Help Desk]],Operand Right=<null>],Operand Right=[Operation=2,Operand Left=[Operation=4,Operand Left=[Operation=1,Operand Left=[Operand Type=[type=1],Operand=10000006],Operand Right=[Operand Type=[type=2],Operand=INC_CAL_1000022]],Operand Right=<null>],Operand Right=[Operation=4,Operand Left=[Operation=1,Operand Left=[Operand Type=[type=1],Operand=10000006],Operand Right=[Operand Type=[type=2],Operand=INC000000000002]],Operand Right=<null>]]]
2018/06/16 11:37:35.878 [DETAIL] [Incident Task Chunk 0] Data Transform Started...
2018/06/16 11:37:35.878 [DETAIL] [Incident Task Chunk 0] Data Update Started...
2018/06/16 11:37:35.878 [INFO] Migration Completed 
2018/06/16 11:37:35.878 [INFO] Summary...  Created:0 Updated:0 Skipped:0 Errors:0 [Warnings 0]
2018/06/16 11:37:35.880 [INFO] [Child Incidents] Key Mapping Cache HPD:Associations -> Incident Ready.
2018/06/16 11:37:35.880 [INFO] [Child Incidents] Migration in progress.
2018/06/16 11:37:35.880 [DETAIL] [Child Incidents Chunk 0] Data Retrieve Started...
2018/06/16 11:37:35.880 [DETAIL] Create Inclusion Query: [Operation=1,Operand Left=[Operation=1,Operand Left=[Operation=4,Operand Left=[Operation=1,Operand Left=[Operand Type=[type=1],Operand=1000000101],Operand Right=[Operand Type=[type=2],Operand=HPD:Help Desk]],Operand Right=<null>],Operand Right=[Operation=1,Operand Left=[Operation=4,Operand Left=[Operation=1,Operand Left=[Operand Type=[type=1],Operand=1000000203],Operand Right=[Operand Type=[type=2],Operand=HPD:Help Desk]],Operand Right=<null>],Operand Right=[Operation=4,Operand Left=[Operation=4,Operand Left=[Operand Type=[type=1],Operand=1000000205],Operand Right=[Operand Type=[type=1],Operand=1000000204]],Operand Right=<null>]]],Operand Right=[Operation=2,Operand Left=[Operation=4,Operand Left=[Operation=1,Operand Left=[Operand Type=[type=1],Operand=1000000205],Operand Right=[Operand Type=[type=2],Operand=INC_CAL_1000022]],Operand Right=<null>],Operand Right=[Operation=4,Operand Left=[Operation=1,Operand Left=[Operand Type=[type=1],Operand=1000000205],Operand Right=[Operand Type=[type=2],Operand=INC000000000002]],Operand Right=<null>]]]
2018/06/16 11:37:35.922 [DETAIL] [Child Incidents Chunk 0] Data Transform Started...
2018/06/16 11:37:35.922 [DETAIL] [Child Incidents Chunk 0] Data Update Started...
2018/06/16 11:37:35.922 [INFO] Migration Completed 
2018/06/16 11:37:35.922 [INFO] Summary...  Created:0 Updated:0 Skipped:0 Errors:0 [Warnings 0]
2018/06/16 11:37:35.924 [INFO] [Problem] Key Mapping Cache PBM:Problem Investigation -> Problem Ready.
2018/06/16 11:37:35.924 [INFO] [Problem] Migration in progress.
2018/06/16 11:37:35.925 [DETAIL] [Problem Chunk 0] Data Retrieve Started...
2018/06/16 11:37:35.941 [DETAIL] [Problem Chunk 0] Data Transform Started...
2018/06/16 11:37:35.942 [DETAIL] [Problem Chunk 0] Data Update Started...
2018/06/16 11:37:35.942 [INFO] Migration Completed 
2018/06/16 11:37:35.942 [INFO] Summary...  Created:0 Updated:0 Skipped:0 Errors:0 [Warnings 0]
2018/06/16 11:37:35.944 [INFO] [Problem Task] Key Mapping Cache TMS:Task -> Problem Task Ready.
2018/06/16 11:37:35.944 [INFO] [Problem Task] Migration in progress.
2018/06/16 11:37:35.944 [DETAIL] [Problem Task Chunk 0] Data Retrieve Started...
2018/06/16 11:37:35.944 [DETAIL] [Problem Task Chunk 0] Data Transform Started...
2018/06/16 11:37:35.944 [DETAIL] [Problem Task Chunk 0] Data Update Started...
2018/06/16 11:37:35.944 [INFO] Migration Completed 
2018/06/16 11:37:35.944 [INFO] Summary...  Created:0 Updated:0 Skipped:0 Errors:0 [Warnings 0]
2018/06/16 11:37:35.945 [INFO] [Incident Related Problem] Key Mapping Cache HPD:Associations -> Incident Ready.
2018/06/16 11:37:35.945 [INFO] [Incident Related Problem] Migration in progress.
2018/06/16 11:37:35.945 [DETAIL] [Incident Related Problem Chunk 0] Data Retrieve Started...
2018/06/16 11:37:35.945 [DETAIL] Create Inclusion Query: [Operation=1,Operand Left=[Operation=1,Operand Left=[Operation=4,Operand Left=[Operation=1,Operand Left=[Operand Type=[type=1],Operand=1000000101],Operand Right=[Operand Type=[type=2],Operand=PBM:Problem Investigation]],Operand Right=<null>],Operand Right=[Operation=4,Operand Left=[Operation=1,Operand Left=[Operand Type=[type=1],Operand=1000000203],Operand Right=[Operand Type=[type=2],Operand=HPD:Help Desk]],Operand Right=<null>]],Operand Right=[Operation=2,Operand Left=[Operation=4,Operand Left=[Operation=1,Operand Left=[Operand Type=[type=1],Operand=1000000205],Operand Right=[Operand Type=[type=2],Operand=INC_CAL_1000022]],Operand Right=<null>],Operand Right=[Operation=4,Operand Left=[Operation=1,Operand Left=[Operand Type=[type=1],Operand=1000000205],Operand Right=[Operand Type=[type=2],Operand=INC000000000002]],Operand Right=<null>]]]
2018/06/16 11:37:35.971 [DETAIL] [Incident Related Problem Chunk 0] Data Transform Started...
2018/06/16 11:37:35.971 [DETAIL] Add Project Variable [number [STRING]]
2018/06/16 11:37:35.971 [DETAIL] Create SNow Lookup Query: number#!#number#!#
2018/06/16 11:37:35.972 [DETAIL] Lookup Batch Retrieve-Start
2018/06/16 11:37:35.972 [DETAIL] [src=null] SNow Qual: number=PBI_CAL_1000025
2018/06/16 11:37:36.431 [DETAIL] Lookup Batch Retrieve-End
2018/06/16 11:37:36.431 [DETAIL] Lookup Batch Retrieve-Start
2018/06/16 11:37:36.431 [DETAIL] [src=HAS000000000104] SNow Qual: number=INC_CAL_1000022
2018/06/16 11:37:36.853 [DETAIL] Lookup Batch Retrieve-End
2018/06/16 11:37:36.853 [DETAIL] [Incident Related Problem Chunk 0] Data Update Started...
2018/06/16 11:37:36.853 [DETAIL] Batch Update of 1 Entries Started
2018/06/16 11:37:36.853 [DETAIL] Pre-Migration Task 0 Complete
2018/06/16 11:37:37.488 [DETAIL] Update entry complete [src=HAS000000000104 tgt=b555cdac373213005d19dcc773990ed4]
2018/06/16 11:37:37.488 [DETAIL] Post-Migration Task 0 Complete
2018/06/16 11:37:37.492 [INFO] Migration Completed 
2018/06/16 11:37:37.492 [INFO] Summary...  Created:0 Updated:1 Skipped:0 Errors:0 [Warnings 0]
2018/06/16 11:37:37.495 [INFO] [Known Errors] Key Mapping Cache PBM:Known Error -> Problem Ready.
2018/06/16 11:37:37.495 [INFO] [Known Errors] Migration in progress.
2018/06/16 11:37:37.495 [DETAIL] [Known Errors Chunk 0] Data Retrieve Started...
2018/06/16 11:37:37.519 [DETAIL] [Known Errors Chunk 0] Data Transform Started...
2018/06/16 11:37:37.519 [DETAIL] [Known Errors Chunk 0] Data Update Started...
2018/06/16 11:37:37.519 [INFO] Migration Completed 
2018/06/16 11:37:37.519 [INFO] Summary...  Created:0 Updated:0 Skipped:0 Errors:0 [Warnings 0]
2018/06/16 11:37:37.521 [INFO] [Known Error Tasks] Key Mapping Cache TMS:Task -> Problem Task Ready.
2018/06/16 11:37:37.521 [INFO] [Known Error Tasks] Migration in progress.
2018/06/16 11:37:37.521 [DETAIL] [Known Error Tasks Chunk 0] Data Retrieve Started...
2018/06/16 11:37:37.521 [DETAIL] [Known Error Tasks Chunk 0] Data Transform Started...
2018/06/16 11:37:37.521 [DETAIL] [Known Error Tasks Chunk 0] Data Update Started...
2018/06/16 11:37:37.521 [INFO] Migration Completed 
2018/06/16 11:37:37.521 [INFO] Summary...  Created:0 Updated:0 Skipped:0 Errors:0 [Warnings 0]
2018/06/16 11:37:37.522 [INFO] [Incident Related Known Error] Key Mapping Cache HPD:Associations -> Incident Ready.
2018/06/16 11:37:37.522 [INFO] [Incident Related Known Error] Migration in progress.
2018/06/16 11:37:37.522 [DETAIL] [Incident Related Known Error Chunk 0] Data Retrieve Started...
2018/06/16 11:37:37.524 [DETAIL] Create Inclusion Query: [Operation=1,Operand Left=[Operation=1,Operand Left=[Operation=4,Operand Left=[Operation=1,Operand Left=[Operand Type=[type=1],Operand=1000000101],Operand Right=[Operand Type=[type=2],Operand=PBM:Known Error]],Operand Right=<null>],Operand Right=[Operation=4,Operand Left=[Operation=1,Operand Left=[Operand Type=[type=1],Operand=1000000203],Operand Right=[Operand Type=[type=2],Operand=HPD:Help Desk]],Operand Right=<null>]],Operand Right=[Operation=2,Operand Left=[Operation=4,Operand Left=[Operation=1,Operand Left=[Operand Type=[type=1],Operand=1000000205],Operand Right=[Operand Type=[type=2],Operand=INC_CAL_1000022]],Operand Right=<null>],Operand Right=[Operation=4,Operand Left=[Operation=1,Operand Left=[Operand Type=[type=1],Operand=1000000205],Operand Right=[Operand Type=[type=2],Operand=INC000000000002]],Operand Right=<null>]]]
2018/06/16 11:37:37.566 [DETAIL] [Incident Related Known Error Chunk 0] Data Transform Started...
2018/06/16 11:37:37.569 [DETAIL] Add Project Variable [number [STRING]]
2018/06/16 11:37:37.569 [DETAIL] Create SNow Lookup Query: number#!#number#!#
2018/06/16 11:37:37.569 [DETAIL] Lookup Batch Retrieve-Start
2018/06/16 11:37:37.569 [DETAIL] [src=null] SNow Qual: number=PKE_CAL_1000002
2018/06/16 11:37:38.028 [DETAIL] Lookup Batch Retrieve-End
2018/06/16 11:37:38.028 [DETAIL] Lookup Batch Retrieve-Start
2018/06/16 11:37:38.029 [DETAIL] [src=HAS000000000105] SNow Qual: number=INC_CAL_1000022
2018/06/16 11:37:38.452 [DETAIL] Lookup Batch Retrieve-End
2018/06/16 11:37:38.453 [DETAIL] [Incident Related Known Error Chunk 0] Data Update Started...
2018/06/16 11:37:38.453 [DETAIL] Batch Update of 1 Entries Started
2018/06/16 11:37:38.453 [DETAIL] Pre-Migration Task 0 Complete
2018/06/16 11:37:38.951 [DETAIL] Update entry complete [src=HAS000000000105 tgt=b555cdac373213005d19dcc773990ed4]
2018/06/16 11:37:38.952 [DETAIL] Post-Migration Task 0 Complete
2018/06/16 11:37:38.953 [INFO] Migration Completed 
2018/06/16 11:37:38.953 [INFO] Summary...  Created:0 Updated:1 Skipped:0 Errors:0 [Warnings 0]
2018/06/16 11:37:38.953 [DETAIL] Closing Execution Task...
2018/06/16 11:37:39.078 [INFO] Execution has completed [Execution ID=2018-06-16_11-36]
2018/06/16 11:37:39.078 [INFO] --END OF LOG--
