2018/06/16 13:53:07.714 [INFO] Log Level set to Detail
2018/06/16 13:53:07.714 [INFO] ITSM Bridge version 3.7.14
2018/06/16 13:53:07.714 [INFO] Execution of INC_PBM version 12
2018/06/16 13:53:07.715 [INFO] Set Variable Modified Since Date to value '2018-01-01 00:00:00'
2018/06/16 13:53:07.715 [INFO] Set Variable Single Company to value 'FALSE'
2018/06/16 13:53:07.715 [INFO] Set Variable Company to value 'Calbro Services'
2018/06/16 13:53:07.726 [INFO] Execution started... [Execution ID=2018-06-16_13-53]
2018/06/16 13:53:07.729 [INFO] Initialisation Step Started...
2018/06/16 13:53:07.730 [INFO] Source Server Connected
2018/06/16 13:53:07.730 [DETAIL] Build Field Map [v_plugin] started...
2018/06/16 13:53:09.038 [DETAIL] SNow: Build Field Map [v_plugin] complete, 25 entries
2018/06/16 13:53:13.833 [INFO] Target Server Connected
2018/06/16 13:53:14.305 [DETAIL] Remedy Cache Initialisation started...
2018/06/16 13:53:14.305 [DETAIL] Remedy Cache Initialisation complete
2018/06/16 13:53:14.306 [INFO] Source Server Cache Initialised
2018/06/16 13:53:14.306 [DETAIL] Service Now Cache Initialisation started...
2018/06/16 13:53:14.306 [DETAIL] Service Now Cache Initialisation complete
2018/06/16 13:53:14.306 [INFO] Target Server Cache Initialised
2018/06/16 13:53:14.306 [DETAIL] Top Level Project Validation Completed
2018/06/16 13:53:14.779 [INFO] Initialisation 1 of 13 [User Reference] Disabled [Key Mapping Cache Initialised]
2018/06/16 13:53:15.254 [DETAIL] Build Field Map [sys_user_group] started...
2018/06/16 13:53:16.253 [DETAIL] SNow: Build Field Map [sys_user_group] complete, 19 entries
2018/06/16 13:53:16.253 [DETAIL] Build Field Map [CTM:Support Group] started...
2018/06/16 13:53:16.300 [DETAIL] Remedy: Build Field Map [CTM:Support Group] complete, 34 entries
2018/06/16 13:53:16.301 [INFO] Initialisation 2 of 13 [Group Reference] Disabled [Key Mapping Cache Initialised]
2018/06/16 13:53:16.766 [DETAIL] Build Field Map [cmn_location] started...
2018/06/16 13:53:17.918 [DETAIL] SNow: Build Field Map [cmn_location] complete, 24 entries
2018/06/16 13:53:17.928 [DETAIL] Create SNow Lookup Query: name#!#!Company Name!#!#
2018/06/16 13:53:17.938 [DETAIL] Build Field Map [SIT:Site] started...
2018/06/16 13:53:17.959 [DETAIL] Remedy: Build Field Map [SIT:Site] complete, 33 entries
2018/06/16 13:53:17.960 [DETAIL] Add Project Variable [Site ID [STRING]]
2018/06/16 13:53:17.960 [DETAIL] Build Field Map [SIT:Site Company Association] started...
2018/06/16 13:53:17.977 [DETAIL] Remedy: Build Field Map [SIT:Site Company Association] complete, 22 entries
2018/06/16 13:53:17.981 [DETAIL] Create Remedy Lookup Query: 'Site ID' = ""
2018/06/16 13:53:17.983 [INFO] Initialisation 3 of 13 [Location Reference] Disabled [Key Mapping Cache Initialised]
2018/06/16 13:53:17.992 [DETAIL] Create Remedy Qualification: 'Last Modified Date' > "1/1/2018 1:00:00 AM" AND (0 = 1 AND 'Contact Company' = "Calbro Services" OR 0 = 0)
2018/06/16 13:53:18.031 [DETAIL] Add Project Variable [name [STRING]]
2018/06/16 13:53:18.032 [DETAIL] Create SNow Lookup Query: name#!#name#!#
2018/06/16 13:53:18.032 [DETAIL] Add Project Variable [Assignee Login ID [STRING]]
2018/06/16 13:53:18.038 [DETAIL] Create Remedy Lookup Query: 'Remedy Login ID' = ""
2018/06/16 13:53:18.039 [DETAIL] Add Project Variable [Assignee [STRING]]
2018/06/16 13:53:18.039 [DETAIL] Create SNow Lookup Query: name#!#Assignee#!#^email#!#!Assignee Email!#!#
2018/06/16 13:53:18.042 [DETAIL] Add Project Variable [Incident Number [STRING]]
2018/06/16 13:53:18.050 [DETAIL] Create Remedy Lookup Query: 'Incident Number' = ""
2018/06/16 13:53:18.051 [DETAIL] Add Project Variable [name [STRING]]
2018/06/16 13:53:18.051 [DETAIL] Add Project Variable [email [STRING]]
2018/06/16 13:53:18.051 [DETAIL] Create SNow Lookup Query: name#!#name#!#^email#!#email#!#
2018/06/16 13:53:18.052 [DETAIL] Add Project Variable [Contact Company [STRING]]
2018/06/16 13:53:18.052 [DETAIL] Create SNow Lookup Query: name#!#Contact Company#!#
2018/06/16 13:53:18.056 [DETAIL] Add Project Variable [country [STRING]]
2018/06/16 13:53:18.056 [DETAIL] Add Project Variable [city [STRING]]
2018/06/16 13:53:18.056 [DETAIL] Add Project Variable [name [STRING]]
2018/06/16 13:53:18.056 [DETAIL] Create SNow Lookup Query: name#!#name#!#^country#!#country#!#^city#!#city#!#
2018/06/16 13:53:18.077 [DETAIL] Build Field Map [ecc_queue] started...
2018/06/16 13:53:19.396 [DETAIL] SNow: Build Field Map [ecc_queue] complete, 23 entries
2018/06/16 13:53:20.861 [INFO] Initialisation 4 of 13 [Incident] Completed
2018/06/16 13:53:20.862 [DETAIL] Build Field Map [TMS:Task] started...
2018/06/16 13:53:21.025 [DETAIL] Remedy: Build Field Map [TMS:Task] complete, 256 entries
2018/06/16 13:53:21.032 [DETAIL] Create Remedy Qualification: 'RootRequestFormName' = "HPD:Help Desk"
2018/06/16 13:53:21.045 [DETAIL] Build Field Map [incident_task] started...
2018/06/16 13:53:21.482 [DETAIL] SNow: Build Field Map [incident_task] complete, 2 entries
2018/06/16 13:53:21.482 [DETAIL] Build Field Map [task] started...
2018/06/16 13:53:24.718 [DETAIL] SNow: Build Field Map [task] complete, 66 entries
2018/06/16 13:53:24.721 [DETAIL] Build Field Map [TMS:WorkInfo] started...
2018/06/16 13:53:24.764 [DETAIL] Remedy: Build Field Map [TMS:WorkInfo] complete, 31 entries
2018/06/16 13:53:24.765 [DETAIL] Add Project Variable [name [STRING]]
2018/06/16 13:53:24.765 [DETAIL] Create SNow Lookup Query: name#!#name#!#
2018/06/16 13:53:24.769 [DETAIL] Add Project Variable [Task ID [STRING]]
2018/06/16 13:53:24.775 [DETAIL] Create Remedy Lookup Query: 'TaskOrTaskGroupID' = ""
2018/06/16 13:53:24.776 [DETAIL] Add Project Variable [Company [STRING]]
2018/06/16 13:53:24.776 [DETAIL] Create SNow Lookup Query: name#!#Company#!#
2018/06/16 13:53:24.781 [DETAIL] Add Project Variable [Site [STRING]]
2018/06/16 13:53:24.781 [DETAIL] Add Project Variable [Company [STRING]]
2018/06/16 13:53:24.782 [DETAIL] Create SNow Lookup Query: company#!#Company#!#^name#!#Site#!#
2018/06/16 13:53:24.785 [DETAIL] Add Project Variable [RootRequestID [STRING]]
2018/06/16 13:53:24.785 [DETAIL] Create SNow Lookup Query: number#!#RootRequestID#!#
2018/06/16 13:53:24.788 [DETAIL] Add Project Variable [name [STRING]]
2018/06/16 13:53:24.789 [DETAIL] Add Project Variable [email [STRING]]
2018/06/16 13:53:24.789 [DETAIL] Create SNow Lookup Query: name#!#name#!#^email#!#email#!#
2018/06/16 13:53:24.805 [DETAIL] Build Field Map [sys_web_service] started...
2018/06/16 13:53:25.433 [DETAIL] SNow: Build Field Map [sys_web_service] complete, 9 entries
2018/06/16 13:53:25.433 [DETAIL] Build Field Map [sys_metadata] started...
2018/06/16 13:53:26.706 [DETAIL] SNow: Build Field Map [sys_metadata] complete, 20 entries
2018/06/16 13:53:27.141 [INFO] Synchronising Scripted Web Service [u_itsmb_incident_task_n]
2018/06/16 13:53:28.960 [DETAIL] --Check Import WS Started--
   WS Name: u_itsmb_incident_task_n
   Target Table: incident_task
   Scope: global
   Run Business Rules: false
   include fields from tables: incident_task,task
--created ws import set: u_itsmb_incident_task_n [incident_task]--
--synchronise ws fields with target complete--
--transform map updated: u_itsmb_incident_task_n
   transform field mapping exists: parent -> parent
   transform field mapping exists: made_sla -> made_sla
   transform field mapping exists: watch_list -> watch_list
   skip system field: template_import_log
   skip system field: target_scope
   transform field mapping exists: upon_reject -> upon_reject
   skip system field: sys_updated_on
   skip system field: target_class_name
   transform field mapping exists: approval_history -> approval_history
   skip system field: sys_target_sys_id
   transform field mapping exists: number -> number
   skip system field: sys_updated_by
   transform field mapping exists: user_input -> user_input
   transform field mapping exists: opened_by -> opened_by
   skip system field: sys_created_on
   skip system field: sys_import_set
   transform field mapping exists: state -> state
   skip system field: target_created_by
   skip system field: target_sys_id
   skip system field: sys_created_by
   transform field mapping exists: order -> order
   transform field mapping exists: knowledge -> knowledge
   skip system field: sys_import_row
   skip system field: sys_row_error
   transform field mapping exists: closed_at -> closed_at
   transform field mapping exists: delivery_plan -> delivery_plan
   transform field mapping exists: cmdb_ci -> cmdb_ci
   skip system field: target_domain_path
   transform field mapping exists: impact -> impact
   transform field mapping exists: work_notes_list -> work_notes_list
   transform field mapping exists: active -> active
   transform field mapping exists: business_service -> business_service
   skip system field: import_set_run
   transform field mapping exists: priority -> priority
   transform field mapping exists: time_worked -> time_worked
   transform field mapping exists: expected_start -> expected_start
   transform field mapping exists: rejection_goto -> rejection_goto
   transform field mapping exists: opened_at -> opened_at
   transform field mapping exists: business_duration -> business_duration
   transform field mapping exists: group_list -> group_list
   transform field mapping exists: work_end -> work_end
   transform field mapping exists: approval_set -> approval_set
   transform field mapping exists: work_notes -> work_notes
   transform field mapping exists: wf_activity -> wf_activity
   transform field mapping exists: short_description -> short_description
   skip system field: target_mod_count
   transform field mapping exists: work_start -> work_start
   transform field mapping exists: correlation_display -> correlation_display
   transform field mapping exists: delivery_task -> delivery_task
   transform field mapping exists: assignment_group -> assignment_group
   skip system field: batch_id
   skip system field: sys_import_state_comment
   transform field mapping exists: additional_assignee_list -> additional_assignee_list
   transform field mapping exists: description -> description
   transform field mapping exists: calendar_duration -> calendar_duration
   skip system field: target_domain
   transform field mapping exists: close_notes -> close_notes
   skip system field: sys_class_name
   transform field mapping exists: closed_by -> closed_by
   transform field mapping exists: follow_up -> follow_up
   transform field mapping exists: contact_type -> contact_type
   transform field mapping exists: urgency -> urgency
   skip system field: sys_transform_map
   transform field mapping exists: company -> company
   transform field mapping exists: reassignment_count -> reassignment_count
   transform field mapping exists: activity_due -> activity_due
   transform field mapping exists: assigned_to -> assigned_to
   transform field mapping exists: variables -> variables
   transform field mapping exists: comments -> comments
   skip system field: sys_target_table
   skip system field: target_created_on
   transform field mapping exists: approval -> approval
   transform field mapping exists: sla_due -> sla_due
   transform field mapping exists: due_date -> due_date
   transform field mapping exists: comments_and_work_notes -> comments_and_work_notes
   skip system field: sys_mod_count
   skip virtual field: sys_tags
   skip system field: sys_import_state
   transform field mapping exists: escalation -> escalation
   transform field mapping exists: upon_approval -> upon_approval
   transform field mapping exists: correlation_id -> correlation_id
   transform field mapping exists: location -> location
   skip system field: source_id
   transform field mapping exists: incident -> incident
   transform field mapping exists: target_domain -> sys_domain
   transform field mapping exists: target_class_name -> sys_class_name
   transform field mapping exists: target_mod_count -> sys_mod_count
   transform field mapping exists: target_created_by -> sys_created_by
   transform field mapping exists: target_created_on -> sys_created_on
coalece field exists
--synchronise transform map complete--
--Check Import Set WS and Transform Map Completed--

2018/06/16 13:53:28.961 [INFO] Scripted Web Service is Synchronised [u_itsmb_incident_task_n]
2018/06/16 13:53:28.961 [DETAIL] Build Field Map [u_itsmb_incident_task_n] started...
2018/06/16 13:53:31.383 [DETAIL] SNow: Build Field Map [u_itsmb_incident_task_n] complete, 68 entries
2018/06/16 13:53:31.383 [DETAIL] Build Field Map [sys_import_set_row] started...
2018/06/16 13:53:32.903 [DETAIL] SNow: Build Field Map [sys_import_set_row] complete, 84 entries
2018/06/16 13:53:34.333 [INFO] Initialisation 5 of 13 [Incident Task] Completed
2018/06/16 13:53:34.335 [DETAIL] Build Field Map [HPD:Associations] started...
2018/06/16 13:53:34.406 [DETAIL] Remedy: Build Field Map [HPD:Associations] complete, 53 entries
2018/06/16 13:53:34.409 [DETAIL] Create Remedy Qualification: 'Form Name01' = "HPD:Help Desk" AND 'Form Name02' = "HPD:Help Desk" AND 'Request ID02' < 'Request ID01'
2018/06/16 13:53:34.467 [DETAIL] Add Project Variable [Request ID01 [STRING]]
2018/06/16 13:53:34.467 [DETAIL] Create SNow Lookup Query: number#!#Request ID01#!#
2018/06/16 13:53:34.474 [INFO] Synchronising Scripted Web Service [u_itsmb_incident_n]
2018/06/16 13:53:36.574 [DETAIL] --Check Import WS Started--
   WS Name: u_itsmb_incident_n
   Target Table: incident
   Scope: global
   Run Business Rules: false
   include fields from tables: incident,task
--created ws import set: u_itsmb_incident_n [incident]--
--synchronise ws fields with target complete--
--transform map updated: u_itsmb_incident_n
   transform field mapping exists: parent -> parent
   transform field mapping exists: watch_list -> watch_list
   transform field mapping exists: caused_by -> caused_by
   skip system field: template_import_log
   transform field mapping exists: upon_reject -> upon_reject
   skip system field: target_scope
   skip system field: sys_updated_on
   transform field mapping exists: approval_history -> approval_history
   transform field mapping exists: number -> number
   transform field mapping exists: state -> state
   skip system field: sys_created_by
   transform field mapping exists: order -> order
   transform field mapping exists: knowledge -> knowledge
   skip system field: sys_import_row
   transform field mapping exists: delivery_plan -> delivery_plan
   transform field mapping exists: cmdb_ci -> cmdb_ci
   transform field mapping exists: impact -> impact
   transform field mapping exists: work_notes_list -> work_notes_list
   transform field mapping exists: active -> active
   transform field mapping exists: priority -> priority
   transform field mapping exists: rejection_goto -> rejection_goto
   transform field mapping exists: group_list -> group_list
   transform field mapping exists: business_duration -> business_duration
   transform field mapping exists: approval_set -> approval_set
   transform field mapping exists: wf_activity -> wf_activity
   transform field mapping exists: short_description -> short_description
   transform field mapping exists: delivery_task -> delivery_task
   transform field mapping exists: correlation_display -> correlation_display
   skip system field: target_mod_count
   transform field mapping exists: work_start -> work_start
   skip system field: batch_id
   skip system field: sys_import_state_comment
   transform field mapping exists: additional_assignee_list -> additional_assignee_list
   skip system field: target_domain
   transform field mapping exists: notify -> notify
   skip system field: sys_class_name
   transform field mapping exists: closed_by -> closed_by
   transform field mapping exists: follow_up -> follow_up
   transform field mapping exists: parent_incident -> parent_incident
   transform field mapping exists: reopened_by -> reopened_by
   transform field mapping exists: reassignment_count -> reassignment_count
   transform field mapping exists: assigned_to -> assigned_to
   transform field mapping exists: variables -> variables
   skip system field: sys_target_table
   transform field mapping exists: sla_due -> sla_due
   transform field mapping exists: comments_and_work_notes -> comments_and_work_notes
   skip system field: sys_import_state
   transform field mapping exists: upon_approval -> upon_approval
   transform field mapping exists: escalation -> escalation
   transform field mapping exists: correlation_id -> correlation_id
   skip system field: source_id
   transform field mapping exists: made_sla -> made_sla
   skip system field: target_class_name
   transform field mapping exists: child_incidents -> child_incidents
   transform field mapping exists: hold_reason -> hold_reason
   skip system field: sys_target_sys_id
   transform field mapping exists: resolved_by -> resolved_by
   skip system field: sys_updated_by
   transform field mapping exists: user_input -> user_input
   transform field mapping exists: opened_by -> opened_by
   skip system field: sys_created_on
   skip system field: sys_import_set
   skip system field: target_sys_id
   skip system field: target_created_by
   transform field mapping exists: calendar_stc -> calendar_stc
   skip system field: sys_row_error
   transform field mapping exists: closed_at -> closed_at
   skip system field: target_domain_path
   transform field mapping exists: business_service -> business_service
   skip system field: import_set_run
   transform field mapping exists: rfc -> rfc
   transform field mapping exists: time_worked -> time_worked
   transform field mapping exists: expected_start -> expected_start
   transform field mapping exists: opened_at -> opened_at
   transform field mapping exists: work_end -> work_end
   transform field mapping exists: reopened_time -> reopened_time
   transform field mapping exists: caller_id -> caller_id
   transform field mapping exists: resolved_at -> resolved_at
   transform field mapping exists: work_notes -> work_notes
   transform field mapping exists: subcategory -> subcategory
   transform field mapping exists: close_code -> close_code
   transform field mapping exists: assignment_group -> assignment_group
   transform field mapping exists: business_stc -> business_stc
   transform field mapping exists: description -> description
   transform field mapping exists: calendar_duration -> calendar_duration
   transform field mapping exists: close_notes -> close_notes
   transform field mapping exists: contact_type -> contact_type
   transform field mapping exists: incident_state -> incident_state
   transform field mapping exists: urgency -> urgency
   transform field mapping exists: problem_id -> problem_id
   skip system field: sys_transform_map
   transform field mapping exists: company -> company
   transform field mapping exists: activity_due -> activity_due
   transform field mapping exists: severity -> severity
   transform field mapping exists: comments -> comments
   skip system field: target_created_on
   transform field mapping exists: approval -> approval
   transform field mapping exists: due_date -> due_date
   skip system field: sys_mod_count
   transform field mapping exists: reopen_count -> reopen_count
   skip virtual field: sys_tags
   transform field mapping exists: location -> location
   transform field mapping exists: category -> category
   transform field mapping exists: target_domain -> sys_domain
   transform field mapping exists: target_class_name -> sys_class_name
   transform field mapping exists: target_mod_count -> sys_mod_count
   transform field mapping exists: target_created_by -> sys_created_by
   transform field mapping exists: target_created_on -> sys_created_on
coalece field exists
--synchronise transform map complete--
--Check Import Set WS and Transform Map Completed--

2018/06/16 13:53:36.576 [INFO] Scripted Web Service is Synchronised [u_itsmb_incident_n]
2018/06/16 13:53:36.576 [DETAIL] Build Field Map [u_itsmb_incident_n] started...
2018/06/16 13:53:39.720 [DETAIL] SNow: Build Field Map [u_itsmb_incident_n] complete, 87 entries
2018/06/16 13:53:39.720 [DETAIL] Build Field Map [sys_import_set_row] started...
2018/06/16 13:53:40.977 [DETAIL] SNow: Build Field Map [sys_import_set_row] complete, 103 entries
2018/06/16 13:53:41.440 [INFO] Initialisation 6 of 13 [Child Incidents] Completed
2018/06/16 13:53:41.441 [DETAIL] Build Field Map [PBM:Problem Investigation] started...
2018/06/16 13:53:41.598 [DETAIL] Remedy: Build Field Map [PBM:Problem Investigation] complete, 141 entries
2018/06/16 13:53:41.603 [DETAIL] Create Remedy Qualification: 'Last Modified Date' > "1/1/2018 1:00:00 AM" AND (0 = 1 AND 'Contact Company' = "Calbro Services" OR 0 = 0)
2018/06/16 13:53:41.612 [DETAIL] Build Field Map [problem] started...
2018/06/16 13:53:42.457 [DETAIL] SNow: Build Field Map [problem] complete, 8 entries
2018/06/16 13:53:42.457 [DETAIL] Build Field Map [task] started...
2018/06/16 13:53:44.268 [DETAIL] SNow: Build Field Map [task] complete, 72 entries
2018/06/16 13:53:44.270 [DETAIL] Build Field Map [PBM:Investigation WorkLog] started...
2018/06/16 13:53:44.326 [DETAIL] Remedy: Build Field Map [PBM:Investigation WorkLog] complete, 48 entries
2018/06/16 13:53:44.327 [DETAIL] Add Project Variable [name [STRING]]
2018/06/16 13:53:44.328 [DETAIL] Create SNow Lookup Query: name#!#name#!#
2018/06/16 13:53:44.328 [DETAIL] Add Project Variable [Assignee Login ID [STRING]]
2018/06/16 13:53:44.331 [DETAIL] Create Remedy Lookup Query: 'Remedy Login ID' = ""
2018/06/16 13:53:44.333 [DETAIL] Add Project Variable [Assignee [STRING]]
2018/06/16 13:53:44.334 [DETAIL] Create SNow Lookup Query: name#!#Assignee#!#^email#!#!Assignee Email!#!#
2018/06/16 13:53:44.338 [DETAIL] Add Project Variable [Problem Investigation ID [STRING]]
2018/06/16 13:53:44.342 [DETAIL] Create Remedy Lookup Query: 'Problem Investigation ID' = ""
2018/06/16 13:53:44.342 [DETAIL] Add Project Variable [Contact Company [STRING]]
2018/06/16 13:53:44.343 [DETAIL] Create SNow Lookup Query: name#!#Contact Company#!#
2018/06/16 13:53:44.345 [DETAIL] Add Project Variable [country [STRING]]
2018/06/16 13:53:44.345 [DETAIL] Add Project Variable [city [STRING]]
2018/06/16 13:53:44.345 [DETAIL] Add Project Variable [name [STRING]]
2018/06/16 13:53:44.346 [DETAIL] Create SNow Lookup Query: name#!#name#!#^country#!#country#!#^city#!#city#!#
2018/06/16 13:53:44.348 [INFO] Synchronising Scripted Web Service [u_itsmb_problem_n]
2018/06/16 13:53:46.157 [DETAIL] --Check Import WS Started--
   WS Name: u_itsmb_problem_n
   Target Table: problem
   Scope: global
   Run Business Rules: false
   include fields from tables: problem,task
--created ws import set: u_itsmb_problem_n [problem]--
--synchronise ws fields with target complete--
--transform map updated: u_itsmb_problem_n
   transform field mapping exists: parent -> parent
   transform field mapping exists: made_sla -> made_sla
   transform field mapping exists: watch_list -> watch_list
   skip system field: template_import_log
   transform field mapping exists: upon_reject -> upon_reject
   skip system field: target_scope
   skip system field: sys_updated_on
   skip system field: target_class_name
   transform field mapping exists: approval_history -> approval_history
   skip system field: sys_target_sys_id
   transform field mapping exists: number -> number
   skip system field: sys_updated_by
   transform field mapping exists: work_around -> work_around
   transform field mapping exists: opened_by -> opened_by
   transform field mapping exists: user_input -> user_input
   skip system field: sys_created_on
   skip system field: sys_import_set
   transform field mapping exists: state -> state
   skip system field: target_sys_id
   skip system field: target_created_by
   skip system field: sys_created_by
   transform field mapping exists: order -> order
   transform field mapping exists: knowledge -> knowledge
   skip system field: sys_import_row
   transform field mapping exists: major_problem -> major_problem
   skip system field: sys_row_error
   transform field mapping exists: closed_at -> closed_at
   transform field mapping exists: cmdb_ci -> cmdb_ci
   transform field mapping exists: delivery_plan -> delivery_plan
   transform field mapping exists: impact -> impact
   skip system field: target_domain_path
   transform field mapping exists: work_notes_list -> work_notes_list
   transform field mapping exists: active -> active
   transform field mapping exists: business_service -> business_service
   skip system field: import_set_run
   transform field mapping exists: priority -> priority
   transform field mapping exists: time_worked -> time_worked
   transform field mapping exists: rfc -> rfc
   transform field mapping exists: expected_start -> expected_start
   transform field mapping exists: rejection_goto -> rejection_goto
   transform field mapping exists: opened_at -> opened_at
   transform field mapping exists: business_duration -> business_duration
   transform field mapping exists: group_list -> group_list
   transform field mapping exists: work_end -> work_end
   transform field mapping exists: approval_set -> approval_set
   transform field mapping exists: wf_activity -> wf_activity
   transform field mapping exists: work_notes -> work_notes
   transform field mapping exists: short_description -> short_description
   transform field mapping exists: work_start -> work_start
   transform field mapping exists: correlation_display -> correlation_display
   transform field mapping exists: delivery_task -> delivery_task
   skip system field: target_mod_count
   transform field mapping exists: assignment_group -> assignment_group
   skip system field: batch_id
   skip system field: sys_import_state_comment
   transform field mapping exists: known_error -> known_error
   transform field mapping exists: additional_assignee_list -> additional_assignee_list
   transform field mapping exists: description -> description
   transform field mapping exists: calendar_duration -> calendar_duration
   skip system field: target_domain
   transform field mapping exists: close_notes -> close_notes
   skip system field: sys_class_name
   transform field mapping exists: closed_by -> closed_by
   transform field mapping exists: follow_up -> follow_up
   transform field mapping exists: contact_type -> contact_type
   transform field mapping exists: urgency -> urgency
   skip system field: sys_transform_map
   transform field mapping exists: company -> company
   transform field mapping exists: reassignment_count -> reassignment_count
   transform field mapping exists: related_incidents -> related_incidents
   transform field mapping exists: activity_due -> activity_due
   transform field mapping exists: assigned_to -> assigned_to
   transform field mapping exists: variables -> variables
   transform field mapping exists: review_outcome -> review_outcome
   transform field mapping exists: comments -> comments
   skip system field: sys_target_table
   skip system field: target_created_on
   transform field mapping exists: approval -> approval
   transform field mapping exists: sla_due -> sla_due
   transform field mapping exists: problem_state -> problem_state
   transform field mapping exists: comments_and_work_notes -> comments_and_work_notes
   transform field mapping exists: due_date -> due_date
   skip system field: sys_mod_count
   skip virtual field: sys_tags
   skip system field: sys_import_state
   transform field mapping exists: escalation -> escalation
   transform field mapping exists: upon_approval -> upon_approval
   transform field mapping exists: correlation_id -> correlation_id
   transform field mapping exists: location -> location
   skip system field: source_id
   transform field mapping exists: target_domain -> sys_domain
   transform field mapping exists: target_class_name -> sys_class_name
   transform field mapping exists: target_mod_count -> sys_mod_count
   transform field mapping exists: target_created_by -> sys_created_by
   transform field mapping exists: target_created_on -> sys_created_on
coalece field exists
--synchronise transform map complete--
--Check Import Set WS and Transform Map Completed--

2018/06/16 13:53:46.158 [INFO] Scripted Web Service is Synchronised [u_itsmb_problem_n]
2018/06/16 13:53:46.158 [DETAIL] Build Field Map [u_itsmb_problem_n] started...
2018/06/16 13:53:49.190 [DETAIL] SNow: Build Field Map [u_itsmb_problem_n] complete, 74 entries
2018/06/16 13:53:49.191 [DETAIL] Build Field Map [sys_import_set_row] started...
2018/06/16 13:53:51.128 [DETAIL] SNow: Build Field Map [sys_import_set_row] complete, 90 entries
2018/06/16 13:53:51.619 [INFO] Initialisation 7 of 13 [Problem] Completed
2018/06/16 13:53:51.675 [DETAIL] Create Remedy Qualification: 'RootRequestFormName' = "PBM:Problem Investigation"
2018/06/16 13:53:51.742 [DETAIL] Build Field Map [problem_task] started...
2018/06/16 13:53:52.004 [DETAIL] SNow: Build Field Map [problem_task] complete, 2 entries
2018/06/16 13:53:52.004 [DETAIL] Build Field Map [task] started...
2018/06/16 13:53:54.689 [DETAIL] SNow: Build Field Map [task] complete, 66 entries
2018/06/16 13:53:54.697 [DETAIL] Add Project Variable [name [STRING]]
2018/06/16 13:53:54.697 [DETAIL] Create SNow Lookup Query: name#!#name#!#
2018/06/16 13:53:54.698 [DETAIL] Add Project Variable [Task ID [STRING]]
2018/06/16 13:53:54.721 [DETAIL] Create Remedy Lookup Query: 'TaskOrTaskGroupID' = ""
2018/06/16 13:53:54.722 [DETAIL] Add Project Variable [RootRequestID [STRING]]
2018/06/16 13:53:54.722 [DETAIL] Create SNow Lookup Query: number#!#RootRequestID#!#
2018/06/16 13:53:54.726 [DETAIL] Add Project Variable [Company [STRING]]
2018/06/16 13:53:54.727 [DETAIL] Create SNow Lookup Query: name#!#Company#!#
2018/06/16 13:53:54.730 [DETAIL] Add Project Variable [Site [STRING]]
2018/06/16 13:53:54.730 [DETAIL] Add Project Variable [Company [STRING]]
2018/06/16 13:53:54.730 [DETAIL] Create SNow Lookup Query: company#!#Company#!#^name#!#Site#!#
2018/06/16 13:53:54.733 [DETAIL] Add Project Variable [name [STRING]]
2018/06/16 13:53:54.734 [DETAIL] Add Project Variable [email [STRING]]
2018/06/16 13:53:54.734 [DETAIL] Create SNow Lookup Query: name#!#name#!#^email#!#email#!#
2018/06/16 13:53:54.736 [INFO] Synchronising Scripted Web Service [u_itsmb_problem_task_n]
2018/06/16 13:53:56.513 [DETAIL] --Check Import WS Started--
   WS Name: u_itsmb_problem_task_n
   Target Table: problem_task
   Scope: global
   Run Business Rules: false
   include fields from tables: problem_task,task
--created ws import set: u_itsmb_problem_task_n [problem_task]--
--synchronise ws fields with target complete--
--transform map updated: u_itsmb_problem_task_n
   transform field mapping exists: parent -> parent
   transform field mapping exists: made_sla -> made_sla
   transform field mapping exists: watch_list -> watch_list
   skip system field: template_import_log
   skip system field: target_scope
   transform field mapping exists: upon_reject -> upon_reject
   skip system field: sys_updated_on
   skip system field: target_class_name
   transform field mapping exists: approval_history -> approval_history
   skip system field: sys_target_sys_id
   transform field mapping exists: number -> number
   transform field mapping exists: problem -> problem
   skip system field: sys_updated_by
   transform field mapping exists: opened_by -> opened_by
   transform field mapping exists: user_input -> user_input
   skip system field: sys_created_on
   skip system field: sys_import_set
   transform field mapping exists: state -> state
   skip system field: target_created_by
   skip system field: target_sys_id
   skip system field: sys_created_by
   transform field mapping exists: order -> order
   transform field mapping exists: knowledge -> knowledge
   skip system field: sys_import_row
   skip system field: sys_row_error
   transform field mapping exists: closed_at -> closed_at
   transform field mapping exists: cmdb_ci -> cmdb_ci
   transform field mapping exists: delivery_plan -> delivery_plan
   transform field mapping exists: impact -> impact
   skip system field: target_domain_path
   transform field mapping exists: work_notes_list -> work_notes_list
   transform field mapping exists: active -> active
   transform field mapping exists: business_service -> business_service
   skip system field: import_set_run
   transform field mapping exists: priority -> priority
   transform field mapping exists: time_worked -> time_worked
   transform field mapping exists: expected_start -> expected_start
   transform field mapping exists: rejection_goto -> rejection_goto
   transform field mapping exists: opened_at -> opened_at
   transform field mapping exists: business_duration -> business_duration
   transform field mapping exists: group_list -> group_list
   transform field mapping exists: work_end -> work_end
   transform field mapping exists: approval_set -> approval_set
   transform field mapping exists: work_notes -> work_notes
   transform field mapping exists: wf_activity -> wf_activity
   transform field mapping exists: short_description -> short_description
   transform field mapping exists: correlation_display -> correlation_display
   skip system field: target_mod_count
   transform field mapping exists: work_start -> work_start
   transform field mapping exists: delivery_task -> delivery_task
   transform field mapping exists: assignment_group -> assignment_group
   skip system field: batch_id
   skip system field: sys_import_state_comment
   transform field mapping exists: additional_assignee_list -> additional_assignee_list
   transform field mapping exists: description -> description
   transform field mapping exists: calendar_duration -> calendar_duration
   skip system field: target_domain
   transform field mapping exists: close_notes -> close_notes
   skip system field: sys_class_name
   transform field mapping exists: closed_by -> closed_by
   transform field mapping exists: follow_up -> follow_up
   transform field mapping exists: contact_type -> contact_type
   transform field mapping exists: urgency -> urgency
   skip system field: sys_transform_map
   transform field mapping exists: company -> company
   transform field mapping exists: reassignment_count -> reassignment_count
   transform field mapping exists: activity_due -> activity_due
   transform field mapping exists: assigned_to -> assigned_to
   transform field mapping exists: variables -> variables
   transform field mapping exists: comments -> comments
   skip system field: sys_target_table
   skip system field: target_created_on
   transform field mapping exists: sla_due -> sla_due
   transform field mapping exists: approval -> approval
   transform field mapping exists: due_date -> due_date
   transform field mapping exists: comments_and_work_notes -> comments_and_work_notes
   skip system field: sys_mod_count
   skip virtual field: sys_tags
   skip system field: sys_import_state
   transform field mapping exists: escalation -> escalation
   transform field mapping exists: upon_approval -> upon_approval
   transform field mapping exists: correlation_id -> correlation_id
   transform field mapping exists: location -> location
   skip system field: source_id
   transform field mapping exists: target_domain -> sys_domain
   transform field mapping exists: target_class_name -> sys_class_name
   transform field mapping exists: target_mod_count -> sys_mod_count
   transform field mapping exists: target_created_by -> sys_created_by
   transform field mapping exists: target_created_on -> sys_created_on
coalece field exists
--synchronise transform map complete--
--Check Import Set WS and Transform Map Completed--

2018/06/16 13:53:56.514 [INFO] Scripted Web Service is Synchronised [u_itsmb_problem_task_n]
2018/06/16 13:53:56.514 [DETAIL] Build Field Map [u_itsmb_problem_task_n] started...
2018/06/16 13:53:59.003 [DETAIL] SNow: Build Field Map [u_itsmb_problem_task_n] complete, 68 entries
2018/06/16 13:53:59.003 [DETAIL] Build Field Map [sys_import_set_row] started...
2018/06/16 13:54:00.399 [DETAIL] SNow: Build Field Map [sys_import_set_row] complete, 84 entries
2018/06/16 13:54:00.858 [INFO] Initialisation 8 of 13 [Problem Task] Completed
2018/06/16 13:54:00.868 [DETAIL] Create Remedy Qualification: 'Form Name01' = "PBM:Problem Investigation" AND 'Form Name02' = "HPD:Help Desk"
2018/06/16 13:54:00.900 [DETAIL] Add Project Variable [Request ID01 [STRING]]
2018/06/16 13:54:00.900 [DETAIL] Create SNow Lookup Query: number#!#Request ID01#!#
2018/06/16 13:54:00.906 [INFO] Synchronising Scripted Web Service [u_itsmb_incident_n]
2018/06/16 13:54:03.005 [DETAIL] --Check Import WS Started--
   WS Name: u_itsmb_incident_n
   Target Table: incident
   Scope: global
   Run Business Rules: false
   include fields from tables: incident,task
--created ws import set: u_itsmb_incident_n [incident]--
--synchronise ws fields with target complete--
--transform map updated: u_itsmb_incident_n
   transform field mapping exists: parent -> parent
   transform field mapping exists: watch_list -> watch_list
   transform field mapping exists: caused_by -> caused_by
   skip system field: template_import_log
   transform field mapping exists: upon_reject -> upon_reject
   skip system field: target_scope
   skip system field: sys_updated_on
   transform field mapping exists: approval_history -> approval_history
   transform field mapping exists: number -> number
   transform field mapping exists: state -> state
   skip system field: sys_created_by
   transform field mapping exists: order -> order
   transform field mapping exists: knowledge -> knowledge
   skip system field: sys_import_row
   transform field mapping exists: delivery_plan -> delivery_plan
   transform field mapping exists: cmdb_ci -> cmdb_ci
   transform field mapping exists: impact -> impact
   transform field mapping exists: work_notes_list -> work_notes_list
   transform field mapping exists: active -> active
   transform field mapping exists: priority -> priority
   transform field mapping exists: rejection_goto -> rejection_goto
   transform field mapping exists: group_list -> group_list
   transform field mapping exists: business_duration -> business_duration
   transform field mapping exists: approval_set -> approval_set
   transform field mapping exists: wf_activity -> wf_activity
   transform field mapping exists: short_description -> short_description
   transform field mapping exists: delivery_task -> delivery_task
   transform field mapping exists: correlation_display -> correlation_display
   skip system field: target_mod_count
   transform field mapping exists: work_start -> work_start
   skip system field: batch_id
   skip system field: sys_import_state_comment
   transform field mapping exists: additional_assignee_list -> additional_assignee_list
   skip system field: target_domain
   transform field mapping exists: notify -> notify
   skip system field: sys_class_name
   transform field mapping exists: closed_by -> closed_by
   transform field mapping exists: follow_up -> follow_up
   transform field mapping exists: parent_incident -> parent_incident
   transform field mapping exists: reopened_by -> reopened_by
   transform field mapping exists: reassignment_count -> reassignment_count
   transform field mapping exists: assigned_to -> assigned_to
   transform field mapping exists: variables -> variables
   skip system field: sys_target_table
   transform field mapping exists: sla_due -> sla_due
   transform field mapping exists: comments_and_work_notes -> comments_and_work_notes
   skip system field: sys_import_state
   transform field mapping exists: upon_approval -> upon_approval
   transform field mapping exists: escalation -> escalation
   transform field mapping exists: correlation_id -> correlation_id
   skip system field: source_id
   transform field mapping exists: made_sla -> made_sla
   skip system field: target_class_name
   transform field mapping exists: child_incidents -> child_incidents
   transform field mapping exists: hold_reason -> hold_reason
   skip system field: sys_target_sys_id
   transform field mapping exists: resolved_by -> resolved_by
   skip system field: sys_updated_by
   transform field mapping exists: user_input -> user_input
   transform field mapping exists: opened_by -> opened_by
   skip system field: sys_created_on
   skip system field: sys_import_set
   skip system field: target_sys_id
   skip system field: target_created_by
   transform field mapping exists: calendar_stc -> calendar_stc
   skip system field: sys_row_error
   transform field mapping exists: closed_at -> closed_at
   skip system field: target_domain_path
   transform field mapping exists: business_service -> business_service
   skip system field: import_set_run
   transform field mapping exists: rfc -> rfc
   transform field mapping exists: time_worked -> time_worked
   transform field mapping exists: expected_start -> expected_start
   transform field mapping exists: opened_at -> opened_at
   transform field mapping exists: work_end -> work_end
   transform field mapping exists: reopened_time -> reopened_time
   transform field mapping exists: caller_id -> caller_id
   transform field mapping exists: resolved_at -> resolved_at
   transform field mapping exists: work_notes -> work_notes
   transform field mapping exists: subcategory -> subcategory
   transform field mapping exists: close_code -> close_code
   transform field mapping exists: assignment_group -> assignment_group
   transform field mapping exists: business_stc -> business_stc
   transform field mapping exists: description -> description
   transform field mapping exists: calendar_duration -> calendar_duration
   transform field mapping exists: close_notes -> close_notes
   transform field mapping exists: contact_type -> contact_type
   transform field mapping exists: incident_state -> incident_state
   transform field mapping exists: urgency -> urgency
   transform field mapping exists: problem_id -> problem_id
   skip system field: sys_transform_map
   transform field mapping exists: company -> company
   transform field mapping exists: activity_due -> activity_due
   transform field mapping exists: severity -> severity
   transform field mapping exists: comments -> comments
   skip system field: target_created_on
   transform field mapping exists: approval -> approval
   transform field mapping exists: due_date -> due_date
   skip system field: sys_mod_count
   transform field mapping exists: reopen_count -> reopen_count
   skip virtual field: sys_tags
   transform field mapping exists: location -> location
   transform field mapping exists: category -> category
   transform field mapping exists: target_domain -> sys_domain
   transform field mapping exists: target_class_name -> sys_class_name
   transform field mapping exists: target_mod_count -> sys_mod_count
   transform field mapping exists: target_created_by -> sys_created_by
   transform field mapping exists: target_created_on -> sys_created_on
coalece field exists
--synchronise transform map complete--
--Check Import Set WS and Transform Map Completed--

2018/06/16 13:54:03.005 [INFO] Scripted Web Service is Synchronised [u_itsmb_incident_n]
2018/06/16 13:54:03.470 [INFO] Initialisation 9 of 13 [Incident Related Problem] Completed
2018/06/16 13:54:03.471 [DETAIL] Build Field Map [PBM:Known Error] started...
2018/06/16 13:54:03.588 [DETAIL] Remedy: Build Field Map [PBM:Known Error] complete, 115 entries
2018/06/16 13:54:03.601 [DETAIL] Create Remedy Qualification: 'Last Modified Date' > "1/1/2018 1:00:00 AM" AND (0 = 1 AND 'Company' = "Calbro Services" OR 0 = 0)
2018/06/16 13:54:03.631 [DETAIL] Build Field Map [PBM:Known Error WorkLog] started...
2018/06/16 13:54:03.650 [DETAIL] Remedy: Build Field Map [PBM:Known Error WorkLog] complete, 49 entries
2018/06/16 13:54:03.651 [DETAIL] Add Project Variable [name [STRING]]
2018/06/16 13:54:03.651 [DETAIL] Create SNow Lookup Query: name#!#name#!#
2018/06/16 13:54:03.652 [DETAIL] Add Project Variable [Assignee Login [STRING]]
2018/06/16 13:54:03.656 [DETAIL] Create Remedy Lookup Query: 'Remedy Login ID' = ""
2018/06/16 13:54:03.657 [DETAIL] Add Project Variable [Assignee [STRING]]
2018/06/16 13:54:03.657 [DETAIL] Create SNow Lookup Query: name#!#Assignee#!#^email#!#!Assignee Email!#!#
2018/06/16 13:54:03.659 [DETAIL] Add Project Variable [Known Error ID [STRING]]
2018/06/16 13:54:03.663 [DETAIL] Create Remedy Lookup Query: 'Known Error ID' = ""
2018/06/16 13:54:03.663 [DETAIL] Add Project Variable [Company [STRING]]
2018/06/16 13:54:03.664 [DETAIL] Create SNow Lookup Query: name#!#Company#!#
2018/06/16 13:54:03.666 [DETAIL] Add Project Variable [Site [STRING]]
2018/06/16 13:54:03.667 [DETAIL] Add Project Variable [Company [STRING]]
2018/06/16 13:54:03.667 [DETAIL] Create SNow Lookup Query: company#!#Company#!#^name#!#Site#!#
2018/06/16 13:54:03.672 [INFO] Synchronising Scripted Web Service [u_itsmb_problem_n]
2018/06/16 13:54:05.700 [DETAIL] --Check Import WS Started--
   WS Name: u_itsmb_problem_n
   Target Table: problem
   Scope: global
   Run Business Rules: false
   include fields from tables: problem,task
--created ws import set: u_itsmb_problem_n [problem]--
--synchronise ws fields with target complete--
--transform map updated: u_itsmb_problem_n
   transform field mapping exists: parent -> parent
   transform field mapping exists: made_sla -> made_sla
   transform field mapping exists: watch_list -> watch_list
   skip system field: template_import_log
   transform field mapping exists: upon_reject -> upon_reject
   skip system field: target_scope
   skip system field: sys_updated_on
   skip system field: target_class_name
   transform field mapping exists: approval_history -> approval_history
   skip system field: sys_target_sys_id
   transform field mapping exists: number -> number
   skip system field: sys_updated_by
   transform field mapping exists: work_around -> work_around
   transform field mapping exists: opened_by -> opened_by
   transform field mapping exists: user_input -> user_input
   skip system field: sys_created_on
   skip system field: sys_import_set
   transform field mapping exists: state -> state
   skip system field: target_sys_id
   skip system field: target_created_by
   skip system field: sys_created_by
   transform field mapping exists: order -> order
   transform field mapping exists: knowledge -> knowledge
   skip system field: sys_import_row
   transform field mapping exists: major_problem -> major_problem
   skip system field: sys_row_error
   transform field mapping exists: closed_at -> closed_at
   transform field mapping exists: cmdb_ci -> cmdb_ci
   transform field mapping exists: delivery_plan -> delivery_plan
   transform field mapping exists: impact -> impact
   skip system field: target_domain_path
   transform field mapping exists: work_notes_list -> work_notes_list
   transform field mapping exists: active -> active
   transform field mapping exists: business_service -> business_service
   skip system field: import_set_run
   transform field mapping exists: priority -> priority
   transform field mapping exists: time_worked -> time_worked
   transform field mapping exists: rfc -> rfc
   transform field mapping exists: expected_start -> expected_start
   transform field mapping exists: rejection_goto -> rejection_goto
   transform field mapping exists: opened_at -> opened_at
   transform field mapping exists: business_duration -> business_duration
   transform field mapping exists: group_list -> group_list
   transform field mapping exists: work_end -> work_end
   transform field mapping exists: approval_set -> approval_set
   transform field mapping exists: wf_activity -> wf_activity
   transform field mapping exists: work_notes -> work_notes
   transform field mapping exists: short_description -> short_description
   transform field mapping exists: work_start -> work_start
   transform field mapping exists: correlation_display -> correlation_display
   transform field mapping exists: delivery_task -> delivery_task
   skip system field: target_mod_count
   transform field mapping exists: assignment_group -> assignment_group
   skip system field: batch_id
   skip system field: sys_import_state_comment
   transform field mapping exists: known_error -> known_error
   transform field mapping exists: additional_assignee_list -> additional_assignee_list
   transform field mapping exists: description -> description
   transform field mapping exists: calendar_duration -> calendar_duration
   skip system field: target_domain
   transform field mapping exists: close_notes -> close_notes
   skip system field: sys_class_name
   transform field mapping exists: closed_by -> closed_by
   transform field mapping exists: follow_up -> follow_up
   transform field mapping exists: contact_type -> contact_type
   transform field mapping exists: urgency -> urgency
   skip system field: sys_transform_map
   transform field mapping exists: company -> company
   transform field mapping exists: reassignment_count -> reassignment_count
   transform field mapping exists: related_incidents -> related_incidents
   transform field mapping exists: activity_due -> activity_due
   transform field mapping exists: assigned_to -> assigned_to
   transform field mapping exists: variables -> variables
   transform field mapping exists: review_outcome -> review_outcome
   transform field mapping exists: comments -> comments
   skip system field: sys_target_table
   skip system field: target_created_on
   transform field mapping exists: approval -> approval
   transform field mapping exists: sla_due -> sla_due
   transform field mapping exists: problem_state -> problem_state
   transform field mapping exists: comments_and_work_notes -> comments_and_work_notes
   transform field mapping exists: due_date -> due_date
   skip system field: sys_mod_count
   skip virtual field: sys_tags
   skip system field: sys_import_state
   transform field mapping exists: escalation -> escalation
   transform field mapping exists: upon_approval -> upon_approval
   transform field mapping exists: correlation_id -> correlation_id
   transform field mapping exists: location -> location
   skip system field: source_id
   transform field mapping exists: target_domain -> sys_domain
   transform field mapping exists: target_class_name -> sys_class_name
   transform field mapping exists: target_mod_count -> sys_mod_count
   transform field mapping exists: target_created_by -> sys_created_by
   transform field mapping exists: target_created_on -> sys_created_on
coalece field exists
--synchronise transform map complete--
--Check Import Set WS and Transform Map Completed--

2018/06/16 13:54:05.701 [INFO] Scripted Web Service is Synchronised [u_itsmb_problem_n]
2018/06/16 13:54:06.157 [INFO] Initialisation 10 of 13 [Known Errors] Completed
2018/06/16 13:54:06.166 [DETAIL] Create Remedy Qualification: 'RootRequestFormName' = "PBM:Known Error"
2018/06/16 13:54:06.178 [DETAIL] Add Project Variable [name [STRING]]
2018/06/16 13:54:06.178 [DETAIL] Create SNow Lookup Query: name#!#name#!#
2018/06/16 13:54:06.179 [DETAIL] Add Project Variable [Task ID [STRING]]
2018/06/16 13:54:06.184 [DETAIL] Create Remedy Lookup Query: 'TaskOrTaskGroupID' = ""
2018/06/16 13:54:06.184 [DETAIL] Add Project Variable [RootRequestID [STRING]]
2018/06/16 13:54:06.184 [DETAIL] Create SNow Lookup Query: number#!#RootRequestID#!#
2018/06/16 13:54:06.188 [DETAIL] Add Project Variable [Company [STRING]]
2018/06/16 13:54:06.188 [DETAIL] Create SNow Lookup Query: name#!#Company#!#
2018/06/16 13:54:06.193 [DETAIL] Add Project Variable [Site [STRING]]
2018/06/16 13:54:06.193 [DETAIL] Add Project Variable [Company [STRING]]
2018/06/16 13:54:06.194 [DETAIL] Create SNow Lookup Query: company#!#Company#!#^name#!#Site#!#
2018/06/16 13:54:06.198 [DETAIL] Add Project Variable [name [STRING]]
2018/06/16 13:54:06.198 [DETAIL] Add Project Variable [email [STRING]]
2018/06/16 13:54:06.198 [DETAIL] Create SNow Lookup Query: name#!#name#!#^email#!#email#!#
2018/06/16 13:54:06.201 [INFO] Synchronising Scripted Web Service [u_itsmb_problem_task_n]
2018/06/16 13:54:07.918 [DETAIL] --Check Import WS Started--
   WS Name: u_itsmb_problem_task_n
   Target Table: problem_task
   Scope: global
   Run Business Rules: false
   include fields from tables: problem_task,task
--created ws import set: u_itsmb_problem_task_n [problem_task]--
--synchronise ws fields with target complete--
--transform map updated: u_itsmb_problem_task_n
   transform field mapping exists: parent -> parent
   transform field mapping exists: made_sla -> made_sla
   transform field mapping exists: watch_list -> watch_list
   skip system field: template_import_log
   skip system field: target_scope
   transform field mapping exists: upon_reject -> upon_reject
   skip system field: sys_updated_on
   skip system field: target_class_name
   transform field mapping exists: approval_history -> approval_history
   skip system field: sys_target_sys_id
   transform field mapping exists: number -> number
   transform field mapping exists: problem -> problem
   skip system field: sys_updated_by
   transform field mapping exists: opened_by -> opened_by
   transform field mapping exists: user_input -> user_input
   skip system field: sys_created_on
   skip system field: sys_import_set
   transform field mapping exists: state -> state
   skip system field: target_created_by
   skip system field: target_sys_id
   skip system field: sys_created_by
   transform field mapping exists: order -> order
   transform field mapping exists: knowledge -> knowledge
   skip system field: sys_import_row
   skip system field: sys_row_error
   transform field mapping exists: closed_at -> closed_at
   transform field mapping exists: cmdb_ci -> cmdb_ci
   transform field mapping exists: delivery_plan -> delivery_plan
   transform field mapping exists: impact -> impact
   skip system field: target_domain_path
   transform field mapping exists: work_notes_list -> work_notes_list
   transform field mapping exists: active -> active
   transform field mapping exists: business_service -> business_service
   skip system field: import_set_run
   transform field mapping exists: priority -> priority
   transform field mapping exists: time_worked -> time_worked
   transform field mapping exists: expected_start -> expected_start
   transform field mapping exists: rejection_goto -> rejection_goto
   transform field mapping exists: opened_at -> opened_at
   transform field mapping exists: business_duration -> business_duration
   transform field mapping exists: group_list -> group_list
   transform field mapping exists: work_end -> work_end
   transform field mapping exists: approval_set -> approval_set
   transform field mapping exists: work_notes -> work_notes
   transform field mapping exists: wf_activity -> wf_activity
   transform field mapping exists: short_description -> short_description
   transform field mapping exists: correlation_display -> correlation_display
   skip system field: target_mod_count
   transform field mapping exists: work_start -> work_start
   transform field mapping exists: delivery_task -> delivery_task
   transform field mapping exists: assignment_group -> assignment_group
   skip system field: batch_id
   skip system field: sys_import_state_comment
   transform field mapping exists: additional_assignee_list -> additional_assignee_list
   transform field mapping exists: description -> description
   transform field mapping exists: calendar_duration -> calendar_duration
   skip system field: target_domain
   transform field mapping exists: close_notes -> close_notes
   skip system field: sys_class_name
   transform field mapping exists: closed_by -> closed_by
   transform field mapping exists: follow_up -> follow_up
   transform field mapping exists: contact_type -> contact_type
   transform field mapping exists: urgency -> urgency
   skip system field: sys_transform_map
   transform field mapping exists: company -> company
   transform field mapping exists: reassignment_count -> reassignment_count
   transform field mapping exists: activity_due -> activity_due
   transform field mapping exists: assigned_to -> assigned_to
   transform field mapping exists: variables -> variables
   transform field mapping exists: comments -> comments
   skip system field: sys_target_table
   skip system field: target_created_on
   transform field mapping exists: sla_due -> sla_due
   transform field mapping exists: approval -> approval
   transform field mapping exists: due_date -> due_date
   transform field mapping exists: comments_and_work_notes -> comments_and_work_notes
   skip system field: sys_mod_count
   skip virtual field: sys_tags
   skip system field: sys_import_state
   transform field mapping exists: escalation -> escalation
   transform field mapping exists: upon_approval -> upon_approval
   transform field mapping exists: correlation_id -> correlation_id
   transform field mapping exists: location -> location
   skip system field: source_id
   transform field mapping exists: target_domain -> sys_domain
   transform field mapping exists: target_class_name -> sys_class_name
   transform field mapping exists: target_mod_count -> sys_mod_count
   transform field mapping exists: target_created_by -> sys_created_by
   transform field mapping exists: target_created_on -> sys_created_on
coalece field exists
--synchronise transform map complete--
--Check Import Set WS and Transform Map Completed--

2018/06/16 13:54:07.920 [INFO] Scripted Web Service is Synchronised [u_itsmb_problem_task_n]
2018/06/16 13:54:08.382 [INFO] Initialisation 11 of 13 [Known Error Tasks] Completed
2018/06/16 13:54:08.400 [DETAIL] Create Remedy Qualification: 'Form Name01' = "PBM:Known Error" AND 'Form Name02' = "HPD:Help Desk"
2018/06/16 13:54:08.451 [DETAIL] Add Project Variable [Request ID01 [STRING]]
2018/06/16 13:54:08.451 [DETAIL] Create SNow Lookup Query: number#!#Request ID01#!#
2018/06/16 13:54:08.457 [INFO] Synchronising Scripted Web Service [u_itsmb_incident_n]
2018/06/16 13:54:10.719 [DETAIL] --Check Import WS Started--
   WS Name: u_itsmb_incident_n
   Target Table: incident
   Scope: global
   Run Business Rules: false
   include fields from tables: incident,task
--created ws import set: u_itsmb_incident_n [incident]--
--synchronise ws fields with target complete--
--transform map updated: u_itsmb_incident_n
   transform field mapping exists: parent -> parent
   transform field mapping exists: watch_list -> watch_list
   transform field mapping exists: caused_by -> caused_by
   skip system field: template_import_log
   transform field mapping exists: upon_reject -> upon_reject
   skip system field: target_scope
   skip system field: sys_updated_on
   transform field mapping exists: approval_history -> approval_history
   transform field mapping exists: number -> number
   transform field mapping exists: state -> state
   skip system field: sys_created_by
   transform field mapping exists: order -> order
   transform field mapping exists: knowledge -> knowledge
   skip system field: sys_import_row
   transform field mapping exists: delivery_plan -> delivery_plan
   transform field mapping exists: cmdb_ci -> cmdb_ci
   transform field mapping exists: impact -> impact
   transform field mapping exists: work_notes_list -> work_notes_list
   transform field mapping exists: active -> active
   transform field mapping exists: priority -> priority
   transform field mapping exists: rejection_goto -> rejection_goto
   transform field mapping exists: group_list -> group_list
   transform field mapping exists: business_duration -> business_duration
   transform field mapping exists: approval_set -> approval_set
   transform field mapping exists: wf_activity -> wf_activity
   transform field mapping exists: short_description -> short_description
   transform field mapping exists: delivery_task -> delivery_task
   transform field mapping exists: correlation_display -> correlation_display
   skip system field: target_mod_count
   transform field mapping exists: work_start -> work_start
   skip system field: batch_id
   skip system field: sys_import_state_comment
   transform field mapping exists: additional_assignee_list -> additional_assignee_list
   skip system field: target_domain
   transform field mapping exists: notify -> notify
   skip system field: sys_class_name
   transform field mapping exists: closed_by -> closed_by
   transform field mapping exists: follow_up -> follow_up
   transform field mapping exists: parent_incident -> parent_incident
   transform field mapping exists: reopened_by -> reopened_by
   transform field mapping exists: reassignment_count -> reassignment_count
   transform field mapping exists: assigned_to -> assigned_to
   transform field mapping exists: variables -> variables
   skip system field: sys_target_table
   transform field mapping exists: sla_due -> sla_due
   transform field mapping exists: comments_and_work_notes -> comments_and_work_notes
   skip system field: sys_import_state
   transform field mapping exists: upon_approval -> upon_approval
   transform field mapping exists: escalation -> escalation
   transform field mapping exists: correlation_id -> correlation_id
   skip system field: source_id
   transform field mapping exists: made_sla -> made_sla
   skip system field: target_class_name
   transform field mapping exists: child_incidents -> child_incidents
   transform field mapping exists: hold_reason -> hold_reason
   skip system field: sys_target_sys_id
   transform field mapping exists: resolved_by -> resolved_by
   skip system field: sys_updated_by
   transform field mapping exists: user_input -> user_input
   transform field mapping exists: opened_by -> opened_by
   skip system field: sys_created_on
   skip system field: sys_import_set
   skip system field: target_sys_id
   skip system field: target_created_by
   transform field mapping exists: calendar_stc -> calendar_stc
   skip system field: sys_row_error
   transform field mapping exists: closed_at -> closed_at
   skip system field: target_domain_path
   transform field mapping exists: business_service -> business_service
   skip system field: import_set_run
   transform field mapping exists: rfc -> rfc
   transform field mapping exists: time_worked -> time_worked
   transform field mapping exists: expected_start -> expected_start
   transform field mapping exists: opened_at -> opened_at
   transform field mapping exists: work_end -> work_end
   transform field mapping exists: reopened_time -> reopened_time
   transform field mapping exists: caller_id -> caller_id
   transform field mapping exists: resolved_at -> resolved_at
   transform field mapping exists: work_notes -> work_notes
   transform field mapping exists: subcategory -> subcategory
   transform field mapping exists: close_code -> close_code
   transform field mapping exists: assignment_group -> assignment_group
   transform field mapping exists: business_stc -> business_stc
   transform field mapping exists: description -> description
   transform field mapping exists: calendar_duration -> calendar_duration
   transform field mapping exists: close_notes -> close_notes
   transform field mapping exists: contact_type -> contact_type
   transform field mapping exists: incident_state -> incident_state
   transform field mapping exists: urgency -> urgency
   transform field mapping exists: problem_id -> problem_id
   skip system field: sys_transform_map
   transform field mapping exists: company -> company
   transform field mapping exists: activity_due -> activity_due
   transform field mapping exists: severity -> severity
   transform field mapping exists: comments -> comments
   skip system field: target_created_on
   transform field mapping exists: approval -> approval
   transform field mapping exists: due_date -> due_date
   skip system field: sys_mod_count
   transform field mapping exists: reopen_count -> reopen_count
   skip virtual field: sys_tags
   transform field mapping exists: location -> location
   transform field mapping exists: category -> category
   transform field mapping exists: target_domain -> sys_domain
   transform field mapping exists: target_class_name -> sys_class_name
   transform field mapping exists: target_mod_count -> sys_mod_count
   transform field mapping exists: target_created_by -> sys_created_by
   transform field mapping exists: target_created_on -> sys_created_on
coalece field exists
--synchronise transform map complete--
--Check Import Set WS and Transform Map Completed--

2018/06/16 13:54:10.720 [INFO] Scripted Web Service is Synchronised [u_itsmb_incident_n]
2018/06/16 13:54:11.173 [INFO] Initialisation 12 of 13 [Incident Related Known Error] Completed
2018/06/16 13:54:11.176 [INFO] Initialisation 13 of 13 [Attachment] Disabled
2018/06/16 13:54:11.181 [INFO] ### Initialisation Step Complete
2018/06/16 13:54:11.184 [INFO] [User Reference] Key Mapping Cache CTM:People -> User [sys_user] Ready.
2018/06/16 13:54:11.193 [INFO] [Group Reference] Key Mapping Cache CTM:Support Group -> Group [sys_user_group] Ready.
2018/06/16 13:54:11.197 [INFO] [Location Reference] Key Mapping Cache SIT:Site -> Location [cmn_location] Ready.
2018/06/16 13:54:11.214 [INFO] [Incident] Key Mapping Cache HPD:Help Desk -> Incident Ready.
2018/06/16 13:54:11.215 [INFO] [Incident] Migration in progress.
2018/06/16 13:54:11.215 [DETAIL] [Incident Chunk 0] Data Retrieve Started...
2018/06/16 13:54:11.295 [DETAIL] [Incident Chunk 0] Data Transform Started...
2018/06/16 13:54:11.302 [DETAIL] Add Project Variable [number [STRING]]
2018/06/16 13:54:11.302 [DETAIL] Create SNow Lookup Query: number#!#number#!#
2018/06/16 13:54:11.353 [DETAIL] Lookup Batch Retrieve-Start
2018/06/16 13:54:11.353 [DETAIL] [src=SGP000000000009] SNow Qual: name=Backoffice Support
2018/06/16 13:54:11.353 [DETAIL] [src=SGP000000000009] SNow Qual: name=Backoffice Support
2018/06/16 13:54:11.353 [DETAIL] [src=SGP000000000009] SNow Qual: name=Backoffice Support
2018/06/16 13:54:11.353 [DETAIL] [src=SGP000000000011] SNow Qual: name=Service Desk
2018/06/16 13:54:11.624 [DETAIL] Lookup Batch Retrieve-End
2018/06/16 13:54:11.635 [DETAIL] Lookup Batch Retrieve-Start
2018/06/16 13:54:11.660 [DETAIL] Lookup Batch Retrieve-End
2018/06/16 13:54:11.662 [DETAIL] Lookup Batch Retrieve-Start
2018/06/16 13:54:11.662 [DETAIL] [src=null] SNow Qual: nameISEMPTY^emailISEMPTY
2018/06/16 13:54:11.662 [DETAIL] [src=null] SNow Qual: nameISEMPTY^emailISEMPTY
2018/06/16 13:54:11.662 [DETAIL] [src=null] SNow Qual: nameISEMPTY^emailISEMPTY
2018/06/16 13:54:11.662 [DETAIL] [src=null] SNow Qual: name=Francie Stafford^email=F.Stafford@calbroservices.com
2018/06/16 13:54:12.118 [DETAIL] Lookup Batch Retrieve-End
2018/06/16 13:54:12.122 [DETAIL] Lookup Batch Retrieve-Start
2018/06/16 13:54:12.148 [DETAIL] Lookup Batch Retrieve-End
2018/06/16 13:54:12.166 [DETAIL] Lookup Batch Retrieve-Start
2018/06/16 13:54:12.166 [DETAIL] [src=PPL000000000015] SNow Qual: name=Michel Dupond^email=M.Dupond@calbroservices.com
2018/06/16 13:54:12.166 [DETAIL] [src=PPL000000000014] SNow Qual: name=Bob Baxter^email=B.Baxter@calbroservices.com
2018/06/16 13:54:12.168 [DETAIL] [src=PPL000000000013] SNow Qual: name=Allen Allbrook^email=A.Allbrook@calbroservices.com
2018/06/16 13:54:12.168 [DETAIL] [src=PPL000000000022] SNow Qual: name=Joe Unser^email=J.Unser@calbroservices.com
2018/06/16 13:54:12.460 [DETAIL] Lookup Batch Retrieve-End
2018/06/16 13:54:12.470 [DETAIL] Lookup Batch Retrieve-Start
2018/06/16 13:54:12.470 [DETAIL] [src=null] SNow Qual: name=Calbro Services
2018/06/16 13:54:12.470 [DETAIL] [src=null] SNow Qual: name=Calbro Services
2018/06/16 13:54:12.470 [DETAIL] [src=null] SNow Qual: name=Calbro Services
2018/06/16 13:54:12.471 [DETAIL] [src=null] SNow Qual: name=Calbro Services
2018/06/16 13:54:12.738 [DETAIL] Lookup Batch Retrieve-End
2018/06/16 13:54:12.767 [DETAIL] Lookup Batch Retrieve-Start
2018/06/16 13:54:12.768 [DETAIL] [src=STE_SOLN0002851] SNow Qual: name=Paris Support Center^country=France^city=Suresnes
2018/06/16 13:54:12.768 [DETAIL] [src=STE_SOLN0002846] SNow Qual: name=Headquarters, Building 1.31^country=United States^city=New York
2018/06/16 13:54:12.768 [DETAIL] [src=STE_SOLN0002846] SNow Qual: name=Headquarters, Building 1.31^country=United States^city=New York
2018/06/16 13:54:12.768 [DETAIL] [src=STE_SOLN0002846] SNow Qual: name=Headquarters, Building 1.31^country=United States^city=New York
2018/06/16 13:54:13.038 [DETAIL] Lookup Batch Retrieve-End
2018/06/16 13:54:13.054 [DETAIL] Lookup Batch Retrieve-Start
2018/06/16 13:54:13.054 [DETAIL] [src=INC000000000203] SNow Qual: number=INC000000000101
2018/06/16 13:54:13.054 [DETAIL] [src=INC000000000104] SNow Qual: number=INC000000000004
2018/06/16 13:54:13.054 [DETAIL] [src=INC000000000103] SNow Qual: number=INC000000000002
2018/06/16 13:54:13.054 [DETAIL] [src=INC000000000024] SNow Qual: number=INC_CAL_1000022
2018/06/16 13:54:13.343 [DETAIL] Lookup Batch Retrieve-End
2018/06/16 13:54:13.352 [DETAIL] [Incident Chunk 0] Data Update Started...
2018/06/16 13:54:13.353 [DETAIL] Batch Update of 3 Entries Started
2018/06/16 13:54:13.353 [DETAIL] Build Field Map [sys_journal_field] started...
2018/06/16 13:54:13.657 [DETAIL] SNow: Build Field Map [sys_journal_field] complete, 7 entries
2018/06/16 13:54:14.139 [DETAIL] Pre-Migration Task 0 Complete
2018/06/16 13:54:14.985 [DETAIL] Update entry complete [src=INC000000000104 tgt=c8864520377213005d19dcc773990e17]
2018/06/16 13:54:14.985 [DETAIL] Update entry complete [src=INC000000000103 tgt=e555cdac373213005d19dcc773990eab]
2018/06/16 13:54:14.985 [DETAIL] Update entry complete [src=INC000000000024 tgt=b555cdac373213005d19dcc773990ed4]
2018/06/16 13:54:14.986 [DETAIL] Post-Migration Task 0 Complete
2018/06/16 13:54:14.986 [DETAIL] Batch Insert of 1 Entries Started
2018/06/16 13:54:15.992 [DETAIL] Create entry complete [src=INC000000000203 tgt=7b94e52437b213005d19dcc773990ed6]
2018/06/16 13:54:15.994 [DETAIL] [Incident Chunk 0] Attachment Migration Started...
2018/06/16 13:54:15.994 [DETAIL] Source Attachment Info Loaded [0]
2018/06/16 13:54:15.994 [DETAIL] Attachment Target Check Complete [new=0 updates=0 duplicates=0]
2018/06/16 13:54:15.994 [DETAIL] Attachment Processing Queue Counts:- SRC: 0 TGTCHK: 0 GETDATA: 0 MIG: 0 DEL: 0
2018/06/16 13:54:15.998 [INFO] Migration Completed 
2018/06/16 13:54:15.998 [INFO] Summary...  Created:1 Updated:3 Skipped:0 Errors:0 [Warnings 0]
2018/06/16 13:54:16.018 [INFO] [Incident Task] Key Mapping Cache TMS:Task -> Incident Task Ready.
2018/06/16 13:54:16.018 [INFO] [Incident Task] Migration in progress.
2018/06/16 13:54:16.018 [DETAIL] [Incident Task Chunk 0] Data Retrieve Started...
2018/06/16 13:54:16.029 [DETAIL] Create Inclusion Query: [Operation=1,Operand Left=[Operation=4,Operand Left=[Operation=1,Operand Left=[Operand Type=[type=1],Operand=10000005],Operand Right=[Operand Type=[type=2],Operand=HPD:Help Desk]],Operand Right=<null>],Operand Right=[Operation=2,Operand Left=[Operation=2,Operand Left=[Operation=2,Operand Left=[Operation=4,Operand Left=[Operation=1,Operand Left=[Operand Type=[type=1],Operand=10000006],Operand Right=[Operand Type=[type=2],Operand=INC000000000004]],Operand Right=<null>],Operand Right=[Operation=4,Operand Left=[Operation=1,Operand Left=[Operand Type=[type=1],Operand=10000006],Operand Right=[Operand Type=[type=2],Operand=INC_CAL_1000022]],Operand Right=<null>]],Operand Right=[Operation=4,Operand Left=[Operation=1,Operand Left=[Operand Type=[type=1],Operand=10000006],Operand Right=[Operand Type=[type=2],Operand=INC000000000002]],Operand Right=<null>]],Operand Right=[Operation=4,Operand Left=[Operation=1,Operand Left=[Operand Type=[type=1],Operand=10000006],Operand Right=[Operand Type=[type=2],Operand=INC000000000101]],Operand Right=<null>]]]
2018/06/16 13:54:16.098 [DETAIL] [Incident Task Chunk 0] Data Transform Started...
2018/06/16 13:54:16.101 [DETAIL] Add Project Variable [number [STRING]]
2018/06/16 13:54:16.101 [DETAIL] Create SNow Lookup Query: number#!#number#!#
2018/06/16 13:54:16.141 [DETAIL] Lookup Batch Retrieve-Start
2018/06/16 13:54:16.141 [DETAIL] [src=SGP000000000010] SNow Qual: name=Frontoffice Support
2018/06/16 13:54:16.141 [DETAIL] [src=SGP000000000010] SNow Qual: name=Frontoffice Support
2018/06/16 13:54:16.571 [DETAIL] Lookup Batch Retrieve-End
2018/06/16 13:54:16.577 [DETAIL] Lookup Batch Retrieve-Start
2018/06/16 13:54:16.596 [DETAIL] Lookup Batch Retrieve-End
2018/06/16 13:54:16.596 [DETAIL] Lookup Batch Retrieve-Start
2018/06/16 13:54:16.596 [DETAIL] [src=null] SNow Qual: name=Calbro Services
2018/06/16 13:54:16.596 [DETAIL] [src=null] SNow Qual: name=Calbro Services
2018/06/16 13:54:17.038 [DETAIL] Lookup Batch Retrieve-End
2018/06/16 13:54:17.043 [DETAIL] Lookup Batch Retrieve-Start
2018/06/16 13:54:17.044 [DETAIL] [src=null] SNow Qual: company=Calbro Services^nameISEMPTY
2018/06/16 13:54:17.044 [DETAIL] [src=null] SNow Qual: company=Calbro Services^nameISEMPTY
2018/06/16 13:54:17.523 [DETAIL] Lookup Batch Retrieve-End
2018/06/16 13:54:17.523 [DETAIL] Lookup Batch Retrieve-Start
2018/06/16 13:54:17.523 [DETAIL] [src=null] SNow Qual: number=INC000000000101
2018/06/16 13:54:17.524 [DETAIL] [src=null] SNow Qual: number=INC000000000004
2018/06/16 13:54:17.961 [DETAIL] Lookup Batch Retrieve-End
2018/06/16 13:54:17.975 [DETAIL] Lookup Batch Retrieve-Start
2018/06/16 13:54:17.975 [DETAIL] [src=PPL000000000016] SNow Qual: name=Mary Mann^email=M.Mann@calbroservices.com
2018/06/16 13:54:17.975 [DETAIL] [src=PPL000000000018] SNow Qual: name=Ian Plyment^email=I.Plyment@calbroservices.com
2018/06/16 13:54:18.419 [DETAIL] Lookup Batch Retrieve-End
2018/06/16 13:54:18.427 [DETAIL] Lookup Batch Retrieve-Start
2018/06/16 13:54:18.427 [DETAIL] [src=TAS000000000209] SNow Qual: number=TAS000000000209
2018/06/16 13:54:18.427 [DETAIL] [src=TAS000000000109] SNow Qual: number=TAS000000000109
2018/06/16 13:54:18.864 [DETAIL] Lookup Batch Retrieve-End
2018/06/16 13:54:18.867 [DETAIL] [Incident Task Chunk 0] Data Update Started...
2018/06/16 13:54:18.868 [DETAIL] Batch Update of 1 Entries Started
2018/06/16 13:54:18.868 [DETAIL] Pre-Migration Task 0 Complete
2018/06/16 13:54:20.428 [DETAIL] Update entry complete [src=TAS000000000109 tgt=f3f849a0377213005d19dcc773990ee2]
2018/06/16 13:54:20.428 [DETAIL] Post-Migration Task 0 Complete
2018/06/16 13:54:20.429 [DETAIL] Batch Insert of 1 Entries Started
2018/06/16 13:54:20.922 [DETAIL] Create entry complete [src=TAS000000000209 tgt=c9a4292437b213005d19dcc773990e79]
2018/06/16 13:54:20.922 [DETAIL] [Incident Task Chunk 0] Attachment Migration Started...
2018/06/16 13:54:20.924 [DETAIL] Source Attachment Info Loaded [2]
2018/06/16 13:54:20.924 [DETAIL] Attachment Retrieve-Start
2018/06/16 13:54:21.172 [DETAIL] Target Attachment Info Retrieve [1 attachments of estimated 1 retrieved]
2018/06/16 13:54:21.174 [DETAIL] Attachment Target Check Complete [new=0 updates=0 duplicates=1]
2018/06/16 13:54:21.174 [DETAIL] Attachment Data Retrieve-Start
2018/06/16 13:54:21.190 [DETAIL] Attachment Data Retrieve Complete [processed 0]
2018/06/16 13:54:21.190 [DETAIL] Attachment Data Migration - Start [1 records, payload=23056]
2018/06/16 13:54:21.762 [DETAIL] Create entry complete [src=0 tgt=9da4292437b213005d19dcc773990e9c]
2018/06/16 13:54:21.763 [DETAIL] Attachment Kopia Rolls Royce 28 Critical apps (002).xlsx added to entry 9da4292437b213005d19dcc773990e9c
2018/06/16 13:54:21.763 [DETAIL] Attachments Migration Complete [success 1, error 0]
2018/06/16 13:54:21.765 [DETAIL] Attachment Processing Queue Counts:- SRC: 0 TGTCHK: 0 GETDATA: 0 MIG: 0 DEL: 0
2018/06/16 13:54:21.767 [INFO] Migration Completed 
2018/06/16 13:54:21.770 [INFO] Summary...  Created:1 Updated:1 Skipped:0 Errors:0 [Warnings 0]
2018/06/16 13:54:21.831 [INFO] [Child Incidents] Key Mapping Cache HPD:Associations -> Incident Ready.
2018/06/16 13:54:21.832 [INFO] [Child Incidents] Migration in progress.
2018/06/16 13:54:21.832 [DETAIL] [Child Incidents Chunk 0] Data Retrieve Started...
2018/06/16 13:54:21.833 [DETAIL] Create Inclusion Query: [Operation=1,Operand Left=[Operation=1,Operand Left=[Operation=4,Operand Left=[Operation=1,Operand Left=[Operand Type=[type=1],Operand=1000000101],Operand Right=[Operand Type=[type=2],Operand=HPD:Help Desk]],Operand Right=<null>],Operand Right=[Operation=1,Operand Left=[Operation=4,Operand Left=[Operation=1,Operand Left=[Operand Type=[type=1],Operand=1000000203],Operand Right=[Operand Type=[type=2],Operand=HPD:Help Desk]],Operand Right=<null>],Operand Right=[Operation=4,Operand Left=[Operation=4,Operand Left=[Operand Type=[type=1],Operand=1000000205],Operand Right=[Operand Type=[type=1],Operand=1000000204]],Operand Right=<null>]]],Operand Right=[Operation=2,Operand Left=[Operation=2,Operand Left=[Operation=2,Operand Left=[Operation=4,Operand Left=[Operation=1,Operand Left=[Operand Type=[type=1],Operand=1000000205],Operand Right=[Operand Type=[type=2],Operand=INC000000000004]],Operand Right=<null>],Operand Right=[Operation=4,Operand Left=[Operation=1,Operand Left=[Operand Type=[type=1],Operand=1000000205],Operand Right=[Operand Type=[type=2],Operand=INC_CAL_1000022]],Operand Right=<null>]],Operand Right=[Operation=4,Operand Left=[Operation=1,Operand Left=[Operand Type=[type=1],Operand=1000000205],Operand Right=[Operand Type=[type=2],Operand=INC000000000002]],Operand Right=<null>]],Operand Right=[Operation=4,Operand Left=[Operation=1,Operand Left=[Operand Type=[type=1],Operand=1000000205],Operand Right=[Operand Type=[type=2],Operand=INC000000000101]],Operand Right=<null>]]]
2018/06/16 13:54:21.886 [DETAIL] [Child Incidents Chunk 0] Data Transform Started...
2018/06/16 13:54:21.889 [DETAIL] Add Project Variable [number [STRING]]
2018/06/16 13:54:21.889 [DETAIL] Create SNow Lookup Query: number#!#number#!#
2018/06/16 13:54:21.890 [DETAIL] Lookup Batch Retrieve-Start
2018/06/16 13:54:21.890 [DETAIL] [src=null] SNow Qual: number=INC000000000101
2018/06/16 13:54:22.309 [DETAIL] Lookup Batch Retrieve-End
2018/06/16 13:54:22.310 [DETAIL] Lookup Batch Retrieve-Start
2018/06/16 13:54:22.310 [DETAIL] [src=HAS000000000205] SNow Qual: number=INC000000000002
2018/06/16 13:54:22.719 [DETAIL] Lookup Batch Retrieve-End
2018/06/16 13:54:22.719 [DETAIL] [Child Incidents Chunk 0] Data Update Started...
2018/06/16 13:54:22.719 [DETAIL] Batch Update of 1 Entries Started
2018/06/16 13:54:22.719 [DETAIL] Pre-Migration Task 0 Complete
2018/06/16 13:54:23.251 [DETAIL] Update entry complete [src=HAS000000000205 tgt=e555cdac373213005d19dcc773990eab]
2018/06/16 13:54:23.252 [DETAIL] Post-Migration Task 0 Complete
2018/06/16 13:54:23.264 [INFO] Migration Completed 
2018/06/16 13:54:23.264 [INFO] Summary...  Created:0 Updated:1 Skipped:0 Errors:0 [Warnings 0]
2018/06/16 13:54:23.273 [INFO] [Problem] Key Mapping Cache PBM:Problem Investigation -> Problem Ready.
2018/06/16 13:54:23.273 [INFO] [Problem] Migration in progress.
2018/06/16 13:54:23.273 [DETAIL] [Problem Chunk 0] Data Retrieve Started...
2018/06/16 13:54:23.351 [DETAIL] [Problem Chunk 0] Data Transform Started...
2018/06/16 13:54:23.353 [DETAIL] Add Project Variable [number [STRING]]
2018/06/16 13:54:23.353 [DETAIL] Create SNow Lookup Query: number#!#number#!#
2018/06/16 13:54:23.353 [DETAIL] Lookup Batch Retrieve-Start
2018/06/16 13:54:23.375 [DETAIL] Lookup Batch Retrieve-End
2018/06/16 13:54:23.375 [DETAIL] Lookup Batch Retrieve-Start
2018/06/16 13:54:23.382 [DETAIL] Lookup Batch Retrieve-End
2018/06/16 13:54:23.382 [DETAIL] Lookup Batch Retrieve-Start
2018/06/16 13:54:23.382 [DETAIL] [src=null] SNow Qual: name=Ian Plyment^email=I.Plyment@calbroservices.com
2018/06/16 13:54:23.826 [DETAIL] Lookup Batch Retrieve-End
2018/06/16 13:54:23.826 [DETAIL] Lookup Batch Retrieve-Start
2018/06/16 13:54:23.827 [DETAIL] [src=null] SNow Qual: name=Calbro Services
2018/06/16 13:54:24.245 [DETAIL] Lookup Batch Retrieve-End
2018/06/16 13:54:24.247 [DETAIL] Lookup Batch Retrieve-Start
2018/06/16 13:54:24.247 [DETAIL] [src=PBI000000000025] SNow Qual: number=PBI_CAL_1000024
2018/06/16 13:54:24.709 [DETAIL] Lookup Batch Retrieve-End
2018/06/16 13:54:24.709 [DETAIL] [Problem Chunk 0] Data Update Started...
2018/06/16 13:54:24.710 [DETAIL] Batch Update of 1 Entries Started
2018/06/16 13:54:24.710 [DETAIL] Pre-Migration Task 0 Complete
2018/06/16 13:54:25.278 [DETAIL] Update entry complete [src=PBI000000000025 tgt=83c985e0377213005d19dcc773990ec3]
2018/06/16 13:54:25.278 [DETAIL] Post-Migration Task 0 Complete
2018/06/16 13:54:25.280 [DETAIL] [Problem Chunk 0] Attachment Migration Started...
2018/06/16 13:54:25.280 [DETAIL] Source Attachment Info Loaded [0]
2018/06/16 13:54:25.280 [DETAIL] Attachment Target Check Complete [new=0 updates=0 duplicates=0]
2018/06/16 13:54:25.281 [DETAIL] Attachment Processing Queue Counts:- SRC: 0 TGTCHK: 0 GETDATA: 0 MIG: 0 DEL: 0
2018/06/16 13:54:25.281 [INFO] Migration Completed 
2018/06/16 13:54:25.281 [INFO] Summary...  Created:0 Updated:1 Skipped:0 Errors:0 [Warnings 0]
2018/06/16 13:54:25.287 [INFO] [Problem Task] Key Mapping Cache TMS:Task -> Problem Task Ready.
2018/06/16 13:54:25.287 [INFO] [Problem Task] Migration in progress.
2018/06/16 13:54:25.287 [DETAIL] [Problem Task Chunk 0] Data Retrieve Started...
2018/06/16 13:54:25.288 [DETAIL] Create Inclusion Query: [Operation=1,Operand Left=[Operation=4,Operand Left=[Operation=1,Operand Left=[Operand Type=[type=1],Operand=10000005],Operand Right=[Operand Type=[type=2],Operand=PBM:Problem Investigation]],Operand Right=<null>],Operand Right=[Operation=4,Operand Left=[Operation=1,Operand Left=[Operand Type=[type=1],Operand=10000006],Operand Right=[Operand Type=[type=2],Operand=PBI_CAL_1000024]],Operand Right=<null>]]
2018/06/16 13:54:25.386 [DETAIL] [Problem Task Chunk 0] Data Transform Started...
2018/06/16 13:54:25.386 [DETAIL] [Problem Task Chunk 0] Data Update Started...
2018/06/16 13:54:25.386 [INFO] Migration Completed 
2018/06/16 13:54:25.386 [INFO] Summary...  Created:0 Updated:0 Skipped:0 Errors:0 [Warnings 0]
2018/06/16 13:54:25.388 [INFO] [Incident Related Problem] Key Mapping Cache HPD:Associations -> Incident Ready.
2018/06/16 13:54:25.388 [INFO] [Incident Related Problem] Migration in progress.
2018/06/16 13:54:25.388 [DETAIL] [Incident Related Problem Chunk 0] Data Retrieve Started...
2018/06/16 13:54:25.390 [DETAIL] Create Inclusion Query: [Operation=1,Operand Left=[Operation=1,Operand Left=[Operation=4,Operand Left=[Operation=1,Operand Left=[Operand Type=[type=1],Operand=1000000101],Operand Right=[Operand Type=[type=2],Operand=PBM:Problem Investigation]],Operand Right=<null>],Operand Right=[Operation=4,Operand Left=[Operation=1,Operand Left=[Operand Type=[type=1],Operand=1000000203],Operand Right=[Operand Type=[type=2],Operand=HPD:Help Desk]],Operand Right=<null>]],Operand Right=[Operation=2,Operand Left=[Operation=2,Operand Left=[Operation=2,Operand Left=[Operation=4,Operand Left=[Operation=1,Operand Left=[Operand Type=[type=1],Operand=1000000205],Operand Right=[Operand Type=[type=2],Operand=INC000000000004]],Operand Right=<null>],Operand Right=[Operation=4,Operand Left=[Operation=1,Operand Left=[Operand Type=[type=1],Operand=1000000205],Operand Right=[Operand Type=[type=2],Operand=INC_CAL_1000022]],Operand Right=<null>]],Operand Right=[Operation=4,Operand Left=[Operation=1,Operand Left=[Operand Type=[type=1],Operand=1000000205],Operand Right=[Operand Type=[type=2],Operand=INC000000000002]],Operand Right=<null>]],Operand Right=[Operation=4,Operand Left=[Operation=1,Operand Left=[Operand Type=[type=1],Operand=1000000205],Operand Right=[Operand Type=[type=2],Operand=INC000000000101]],Operand Right=<null>]]]
2018/06/16 13:54:25.402 [DETAIL] [Incident Related Problem Chunk 0] Data Transform Started...
2018/06/16 13:54:25.402 [DETAIL] Add Project Variable [number [STRING]]
2018/06/16 13:54:25.402 [DETAIL] Create SNow Lookup Query: number#!#number#!#
2018/06/16 13:54:25.402 [DETAIL] Lookup Batch Retrieve-Start
2018/06/16 13:54:25.402 [DETAIL] [src=null] SNow Qual: number=PBI_CAL_1000025
2018/06/16 13:54:25.404 [DETAIL] [src=null] SNow Qual: number=PBI_CAL_1000024
2018/06/16 13:54:25.828 [DETAIL] Lookup Batch Retrieve-End
2018/06/16 13:54:25.828 [DETAIL] Lookup Batch Retrieve-Start
2018/06/16 13:54:25.828 [DETAIL] [src=HAS000000000104] SNow Qual: number=INC_CAL_1000022
2018/06/16 13:54:25.828 [DETAIL] [src=HAS000000000106] SNow Qual: number=INC000000000004
2018/06/16 13:54:26.259 [DETAIL] Lookup Batch Retrieve-End
2018/06/16 13:54:26.260 [DETAIL] [Incident Related Problem Chunk 0] Data Update Started...
2018/06/16 13:54:26.260 [DETAIL] Batch Update of 2 Entries Started
2018/06/16 13:54:26.260 [DETAIL] Pre-Migration Task 0 Complete
2018/06/16 13:54:26.576 [DETAIL] Update entry complete [src=HAS000000000104 tgt=b555cdac373213005d19dcc773990ed4]
2018/06/16 13:54:26.580 [DETAIL] Update entry complete [src=HAS000000000106 tgt=c8864520377213005d19dcc773990e17]
2018/06/16 13:54:26.580 [DETAIL] Post-Migration Task 0 Complete
2018/06/16 13:54:26.581 [INFO] Migration Completed 
2018/06/16 13:54:26.581 [INFO] Summary...  Created:0 Updated:2 Skipped:0 Errors:0 [Warnings 0]
2018/06/16 13:54:26.584 [INFO] [Known Errors] Key Mapping Cache PBM:Known Error -> Problem Ready.
2018/06/16 13:54:26.584 [INFO] [Known Errors] Migration in progress.
2018/06/16 13:54:26.585 [DETAIL] [Known Errors Chunk 0] Data Retrieve Started...
2018/06/16 13:54:26.685 [DETAIL] [Known Errors Chunk 0] Data Transform Started...
2018/06/16 13:54:26.685 [DETAIL] [Known Errors Chunk 0] Data Update Started...
2018/06/16 13:54:26.685 [INFO] Migration Completed 
2018/06/16 13:54:26.686 [INFO] Summary...  Created:0 Updated:0 Skipped:0 Errors:0 [Warnings 0]
2018/06/16 13:54:26.687 [INFO] [Known Error Tasks] Key Mapping Cache TMS:Task -> Problem Task Ready.
2018/06/16 13:54:26.687 [INFO] [Known Error Tasks] Migration in progress.
2018/06/16 13:54:26.687 [DETAIL] [Known Error Tasks Chunk 0] Data Retrieve Started...
2018/06/16 13:54:26.687 [DETAIL] [Known Error Tasks Chunk 0] Data Transform Started...
2018/06/16 13:54:26.687 [DETAIL] [Known Error Tasks Chunk 0] Data Update Started...
2018/06/16 13:54:26.687 [INFO] Migration Completed 
2018/06/16 13:54:26.687 [INFO] Summary...  Created:0 Updated:0 Skipped:0 Errors:0 [Warnings 0]
2018/06/16 13:54:26.689 [INFO] [Incident Related Known Error] Key Mapping Cache HPD:Associations -> Incident Ready.
2018/06/16 13:54:26.689 [INFO] [Incident Related Known Error] Migration in progress.
2018/06/16 13:54:26.689 [DETAIL] [Incident Related Known Error Chunk 0] Data Retrieve Started...
2018/06/16 13:54:26.689 [DETAIL] Create Inclusion Query: [Operation=1,Operand Left=[Operation=1,Operand Left=[Operation=4,Operand Left=[Operation=1,Operand Left=[Operand Type=[type=1],Operand=1000000101],Operand Right=[Operand Type=[type=2],Operand=PBM:Known Error]],Operand Right=<null>],Operand Right=[Operation=4,Operand Left=[Operation=1,Operand Left=[Operand Type=[type=1],Operand=1000000203],Operand Right=[Operand Type=[type=2],Operand=HPD:Help Desk]],Operand Right=<null>]],Operand Right=[Operation=2,Operand Left=[Operation=2,Operand Left=[Operation=2,Operand Left=[Operation=4,Operand Left=[Operation=1,Operand Left=[Operand Type=[type=1],Operand=1000000205],Operand Right=[Operand Type=[type=2],Operand=INC000000000004]],Operand Right=<null>],Operand Right=[Operation=4,Operand Left=[Operation=1,Operand Left=[Operand Type=[type=1],Operand=1000000205],Operand Right=[Operand Type=[type=2],Operand=INC_CAL_1000022]],Operand Right=<null>]],Operand Right=[Operation=4,Operand Left=[Operation=1,Operand Left=[Operand Type=[type=1],Operand=1000000205],Operand Right=[Operand Type=[type=2],Operand=INC000000000002]],Operand Right=<null>]],Operand Right=[Operation=4,Operand Left=[Operation=1,Operand Left=[Operand Type=[type=1],Operand=1000000205],Operand Right=[Operand Type=[type=2],Operand=INC000000000101]],Operand Right=<null>]]]
2018/06/16 13:54:26.701 [DETAIL] [Incident Related Known Error Chunk 0] Data Transform Started...
2018/06/16 13:54:26.701 [DETAIL] Add Project Variable [number [STRING]]
2018/06/16 13:54:26.701 [DETAIL] Create SNow Lookup Query: number#!#number#!#
2018/06/16 13:54:26.703 [DETAIL] Lookup Batch Retrieve-Start
2018/06/16 13:54:26.703 [DETAIL] [src=null] SNow Qual: number=PKE_CAL_1000002
2018/06/16 13:54:27.176 [DETAIL] Lookup Batch Retrieve-End
2018/06/16 13:54:27.176 [DETAIL] Lookup Batch Retrieve-Start
2018/06/16 13:54:27.176 [DETAIL] [src=HAS000000000105] SNow Qual: number=INC_CAL_1000022
2018/06/16 13:54:27.607 [DETAIL] Lookup Batch Retrieve-End
2018/06/16 13:54:27.607 [DETAIL] [Incident Related Known Error Chunk 0] Data Update Started...
2018/06/16 13:54:27.607 [DETAIL] Batch Update of 1 Entries Started
2018/06/16 13:54:27.608 [DETAIL] Pre-Migration Task 0 Complete
2018/06/16 13:54:28.100 [DETAIL] Update entry complete [src=HAS000000000105 tgt=b555cdac373213005d19dcc773990ed4]
2018/06/16 13:54:28.100 [DETAIL] Post-Migration Task 0 Complete
2018/06/16 13:54:28.102 [INFO] Migration Completed 
2018/06/16 13:54:28.102 [INFO] Summary...  Created:0 Updated:1 Skipped:0 Errors:0 [Warnings 0]
2018/06/16 13:54:28.102 [DETAIL] Closing Execution Task...
2018/06/16 13:54:28.217 [INFO] Execution has completed [Execution ID=2018-06-16_13-53]
2018/06/16 13:54:28.217 [INFO] --END OF LOG--
