2018/06/19 13:01:10.048 [INFO] Log Level set to Information
2018/06/19 13:01:10.048 [INFO] ITSM Bridge version 3.7.14
2018/06/19 13:01:10.048 [INFO] Execution of Work Order version 26
2018/06/19 13:01:10.057 [INFO] Execution started... [Execution ID=2018-06-19_13-01]
2018/06/19 13:01:10.057 [INFO] Initialisation Step Started...
2018/06/19 13:01:10.057 [INFO] Source Server Connected
2018/06/19 13:01:10.278 [INFO] Target Server Connected
2018/06/19 13:01:10.278 [INFO] Source Server Cache Initialised
2018/06/19 13:01:10.278 [INFO] Target Server Cache Initialised
2018/06/19 13:01:10.283 [INFO] Synchronising Scripted Web Service [u_itsmb_sc_request]
2018/06/19 13:01:12.404 [INFO] Scripted Web Service is Synchronised [u_itsmb_sc_request]
2018/06/19 13:01:12.844 [INFO] Initialisation 1 of 4 [Request] Completed
2018/06/19 13:01:12.971 [INFO] Synchronising Scripted Web Service [u_itsmb_sc_req_item]
2018/06/19 13:01:15.167 [INFO] Scripted Web Service is Synchronised [u_itsmb_sc_req_item]
2018/06/19 13:01:15.609 [INFO] Initialisation 2 of 4 [Requested Item ] Completed
2018/06/19 13:01:15.629 [INFO] Synchronising Scripted Web Service [u_itsmb_sc_task]
2018/06/19 13:01:17.401 [INFO] Scripted Web Service is Synchronised [u_itsmb_sc_task]
2018/06/19 13:01:17.841 [INFO] Initialisation 3 of 4 [Catalog Task] Completed
2018/06/19 13:01:17.933 [INFO] Synchronising Scripted Web Service [u_itsmb_sc_req_item]
2018/06/19 13:01:19.913 [INFO] Scripted Web Service is Synchronised [u_itsmb_sc_req_item]
2018/06/19 13:01:52.631 [INFO] Initialisation 4 of 4 [Requested Item WL] Completed
2018/06/19 13:01:52.631 [INFO] ### Initialisation Step Complete
2018/06/19 13:01:52.631 [INFO] [Request] Key Mapping Cache WOI:WorkOrder -> Request Ready.
2018/06/19 13:01:52.631 [INFO] [Request] Migration in progress.
2018/06/19 13:01:54.363 [INFO] Migration Completed 
2018/06/19 13:01:54.363 [INFO] Summary...  Created:0 Updated:1 Skipped:0 Errors:0 [Warnings 0]
2018/06/19 13:01:54.364 [INFO] [Requested Item ] Key Mapping Cache WOI:WorkOrder -> Requested Item Ready.
2018/06/19 13:01:54.364 [INFO] [Requested Item ] Migration in progress.
2018/06/19 13:01:56.069 [INFO] Migration Completed 
2018/06/19 13:01:56.069 [INFO] Summary...  Created:0 Updated:1 Skipped:0 Errors:0 [Warnings 0]
2018/06/19 13:01:56.069 [INFO] [Catalog Task] Key Mapping Cache TMS:Task -> Catalog Task Ready.
2018/06/19 13:01:56.069 [INFO] [Catalog Task] Migration in progress.
2018/06/19 13:01:58.492 [INFO] Migration Completed 
2018/06/19 13:01:58.492 [INFO] Summary...  Created:0 Updated:1 Skipped:0 Errors:0 [Warnings 0]
2018/06/19 13:01:58.492 [INFO] [Requested Item WL] Key Mapping Cache WOI:WorkInfo -> Requested Item Ready.
2018/06/19 13:01:58.492 [INFO] [Requested Item WL] Migration in progress.
2018/06/19 13:01:59.337 [ERROR] Errors occurred during migration of records to Requested Item.
2018/06/19 13:01:59.338 [WARNING] Migration Completed  [3errors]
2018/06/19 13:01:59.339 [INFO] Summary...  Created:0 Updated:0 Skipped:0 Errors:3 [Warnings 0]
2018/06/19 13:01:59.404 [INFO] Execution has completed [Execution ID=2018-06-19_13-01]
2018/06/19 13:01:59.404 [INFO] --END OF LOG--
