2018/06/19 12:14:53.317 [INFO] Log Level set to Information
2018/06/19 12:14:53.317 [INFO] ITSM Bridge version 3.7.14
2018/06/19 12:14:53.317 [INFO] Execution of Work Order version 16
2018/06/19 12:14:53.318 [INFO] Execution started... [Execution ID=2018-06-19_12-14]
2018/06/19 12:14:53.319 [INFO] Initialisation Step Started...
2018/06/19 12:14:53.319 [INFO] Source Server Connected
2018/06/19 12:14:57.009 [INFO] Target Server Connected
2018/06/19 12:14:57.009 [INFO] Source Server Cache Initialised
2018/06/19 12:14:57.009 [INFO] Target Server Cache Initialised
2018/06/19 12:15:01.952 [INFO] Synchronising Scripted Web Service [u_itsmb_sc_request]
2018/06/19 12:15:03.762 [INFO] Scripted Web Service is Synchronised [u_itsmb_sc_request]
2018/06/19 12:15:08.002 [INFO] Initialisation 1 of 3 [Request] Completed
2018/06/19 12:15:10.784 [INFO] Synchronising Scripted Web Service [u_itsmb_sc_req_item]
2018/06/19 12:15:12.907 [INFO] Scripted Web Service is Synchronised [u_itsmb_sc_req_item]
2018/06/19 12:15:17.028 [INFO] Initialisation 2 of 3 [Requested Item ] Completed
2018/06/19 12:15:17.149 [INFO] Synchronising Scripted Web Service [u_itsmb_sc_task]
2018/06/19 12:15:22.557 [INFO] Scripted Web Service is Synchronised [u_itsmb_sc_task]
2018/06/19 12:15:24.719 [INFO] Initialisation 3 of 3 [Catalog Task] Completed
2018/06/19 12:15:24.720 [INFO] ### Initialisation Step Complete
2018/06/19 12:15:24.720 [INFO] [Request] Key Mapping Cache WOI:WorkOrder -> Request Ready.
2018/06/19 12:15:24.720 [INFO] [Request] Migration in progress.
2018/06/19 12:15:26.886 [INFO] Migration Completed 
2018/06/19 12:15:26.886 [INFO] Summary...  Created:0 Updated:1 Skipped:0 Errors:0 [Warnings 0]
2018/06/19 12:15:26.887 [INFO] [Requested Item ] Key Mapping Cache WOI:WorkOrder -> Requested Item Ready.
2018/06/19 12:15:26.887 [INFO] [Requested Item ] Migration in progress.
2018/06/19 12:15:28.618 [INFO] Migration Completed 
2018/06/19 12:15:28.618 [INFO] Summary...  Created:0 Updated:1 Skipped:0 Errors:0 [Warnings 0]
2018/06/19 12:15:28.619 [INFO] [Catalog Task] Migration in progress.
2018/06/19 12:15:29.741 [INFO] Migration Completed 
2018/06/19 12:15:29.741 [INFO] Summary...  Created:24 Updated:0 Skipped:0 Errors:0 [Warnings 0]
2018/06/19 12:15:29.788 [INFO] Execution has completed [Execution ID=2018-06-19_12-14]
2018/06/19 12:15:29.788 [INFO] --END OF LOG--
