2018/06/19 13:30:09.836 [INFO] Log Level set to Information
2018/06/19 13:30:09.836 [INFO] ITSM Bridge version 3.7.14
2018/06/19 13:30:09.836 [INFO] Execution of Work Order version 32
2018/06/19 13:30:09.838 [INFO] Execution started... [Execution ID=2018-06-19_13-30]
2018/06/19 13:30:09.838 [INFO] Initialisation Step Started...
2018/06/19 13:30:09.839 [INFO] Source Server Connected
2018/06/19 13:30:10.061 [INFO] Target Server Connected
2018/06/19 13:30:10.061 [INFO] Source Server Cache Initialised
2018/06/19 13:30:10.061 [INFO] Target Server Cache Initialised
2018/06/19 13:30:10.069 [INFO] Synchronising Scripted Web Service [u_itsmb_sc_request]
2018/06/19 13:30:11.889 [INFO] Scripted Web Service is Synchronised [u_itsmb_sc_request]
2018/06/19 13:30:12.320 [INFO] Initialisation 1 of 5 [Request] Completed
2018/06/19 13:30:12.345 [INFO] Synchronising Scripted Web Service [u_itsmb_sc_req_item]
2018/06/19 13:30:14.382 [INFO] Scripted Web Service is Synchronised [u_itsmb_sc_req_item]
2018/06/19 13:30:14.825 [INFO] Initialisation 2 of 5 [Requested Item ] Completed
2018/06/19 13:30:14.838 [INFO] Synchronising Scripted Web Service [u_itsmb_sc_task]
2018/06/19 13:30:16.642 [INFO] Scripted Web Service is Synchronised [u_itsmb_sc_task]
2018/06/19 13:30:17.076 [INFO] Initialisation 3 of 5 [Catalog Task] Completed
2018/06/19 13:30:17.174 [INFO] Synchronising Scripted Web Service [u_itsmb_sc_req_item]
2018/06/19 13:30:19.065 [INFO] Scripted Web Service is Synchronised [u_itsmb_sc_req_item]
2018/06/19 13:30:19.499 [INFO] Initialisation 4 of 5 [Requested Item Attachments] Completed
2018/06/19 13:30:19.607 [INFO] Synchronising Scripted Web Service [u_itsmb_sys_journal_field]
2018/06/19 13:30:20.127 [INFO] Scripted Web Service is Synchronised [u_itsmb_sys_journal_field]
2018/06/19 13:30:20.875 [INFO] Initialisation 5 of 5 [Journal Entry RITM] Completed
2018/06/19 13:30:20.875 [INFO] ### Initialisation Step Complete
2018/06/19 13:30:20.875 [INFO] [Request] Key Mapping Cache WOI:WorkOrder -> Request Ready.
2018/06/19 13:30:20.875 [INFO] [Request] Migration in progress.
2018/06/19 13:30:22.408 [INFO] Migration Completed 
2018/06/19 13:30:22.409 [INFO] Summary...  Created:0 Updated:2 Skipped:0 Errors:0 [Warnings 0]
2018/06/19 13:30:22.409 [INFO] [Requested Item ] Key Mapping Cache WOI:WorkOrder -> Requested Item Ready.
2018/06/19 13:30:22.409 [INFO] [Requested Item ] Migration in progress.
2018/06/19 13:30:24.682 [INFO] Migration Completed 
2018/06/19 13:30:24.682 [INFO] Summary...  Created:0 Updated:2 Skipped:0 Errors:0 [Warnings 0]
2018/06/19 13:30:24.682 [INFO] [Catalog Task] Key Mapping Cache TMS:Task -> Catalog Task Ready.
2018/06/19 13:30:24.682 [INFO] [Catalog Task] Migration in progress.
2018/06/19 13:30:26.772 [INFO] Migration Completed 
2018/06/19 13:30:26.772 [INFO] Summary...  Created:0 Updated:2 Skipped:0 Errors:0 [Warnings 0]
2018/06/19 13:30:26.772 [INFO] [Requested Item Attachments] Key Mapping Cache WOI:WorkInfo -> Requested Item Ready.
2018/06/19 13:30:26.772 [INFO] [Requested Item Attachments] Migration in progress.
2018/06/19 13:30:27.638 [INFO] Migration Completed 
2018/06/19 13:30:27.638 [INFO] Summary...  Created:0 Updated:2 Skipped:5 Errors:0 [Warnings 0]
2018/06/19 13:30:27.638 [INFO] [Journal Entry RITM] Key Mapping Cache WOI:WorkInfo -> Journal Entry Ready.
2018/06/19 13:30:27.638 [INFO] [Journal Entry RITM] Migration in progress.
2018/06/19 13:30:28.758 [INFO] Migration Completed 
2018/06/19 13:30:28.758 [INFO] Summary...  Created:7 Updated:0 Skipped:0 Errors:0 [Warnings 0]
2018/06/19 13:30:28.821 [INFO] Execution has completed [Execution ID=2018-06-19_13-30]
2018/06/19 13:30:28.821 [INFO] --END OF LOG--
