2018/06/19 10:26:47.999 [INFO] Log Level set to Information
2018/06/19 10:26:47.999 [INFO] ITSM Bridge version 3.7.14
2018/06/19 10:26:47.999 [INFO] Execution of Work Order version 14
2018/06/19 10:26:48.000 [INFO] Execution started... [Execution ID=2018-06-19_10-26]
2018/06/19 10:26:48.001 [INFO] Initialisation Step Started...
2018/06/19 10:26:48.001 [INFO] Source Server Connected
2018/06/19 10:26:48.234 [INFO] Target Server Connected
2018/06/19 10:26:48.235 [INFO] Source Server Cache Initialised
2018/06/19 10:26:48.235 [INFO] Target Server Cache Initialised
2018/06/19 10:26:48.242 [INFO] Synchronising Scripted Web Service [u_itsmb_sc_request]
2018/06/19 10:26:50.327 [INFO] Scripted Web Service is Synchronised [u_itsmb_sc_request]
2018/06/19 10:26:50.772 [INFO] Initialisation 1 of 2 [Request] Completed
2018/06/19 10:26:50.790 [INFO] Synchronising Scripted Web Service [u_itsmb_sc_req_item]
2018/06/19 10:26:52.919 [INFO] Scripted Web Service is Synchronised [u_itsmb_sc_req_item]
2018/06/19 10:26:53.360 [INFO] Initialisation 2 of 2 [Requested Item ] Completed
2018/06/19 10:26:53.360 [INFO] ### Initialisation Step Complete
2018/06/19 10:26:53.364 [INFO] [Request] Key Mapping Cache WOI:WorkOrder -> Request Ready.
2018/06/19 10:26:53.364 [INFO] [Request] Migration in progress.
2018/06/19 10:26:55.088 [INFO] Migration Completed 
2018/06/19 10:26:55.088 [INFO] Summary...  Created:0 Updated:1 Skipped:0 Errors:0 [Warnings 0]
2018/06/19 10:26:55.088 [INFO] [Requested Item ] Key Mapping Cache WOI:WorkOrder -> Requested Item Ready.
2018/06/19 10:26:55.089 [INFO] [Requested Item ] Migration in progress.
2018/06/19 10:26:56.858 [INFO] Migration Completed 
2018/06/19 10:26:56.858 [INFO] Summary...  Created:0 Updated:1 Skipped:0 Errors:0 [Warnings 0]
2018/06/19 10:26:56.866 [INFO] Execution has completed [Execution ID=2018-06-19_10-26]
2018/06/19 10:26:56.866 [INFO] --END OF LOG--
