2018/06/19 12:41:44.789 [INFO] Log Level set to Information
2018/06/19 12:41:44.789 [INFO] ITSM Bridge version 3.7.14
2018/06/19 12:41:44.789 [INFO] Execution of Work Order version 17
2018/06/19 12:41:44.792 [INFO] Execution started... [Execution ID=2018-06-19_12-41]
2018/06/19 12:41:44.793 [INFO] Initialisation Step Started...
2018/06/19 12:41:44.793 [INFO] Source Server Connected
2018/06/19 12:41:45.035 [INFO] Target Server Connected
2018/06/19 12:41:45.035 [INFO] Source Server Cache Initialised
2018/06/19 12:41:45.035 [INFO] Target Server Cache Initialised
2018/06/19 12:41:45.043 [INFO] Synchronising Scripted Web Service [u_itsmb_sc_request]
2018/06/19 12:41:47.133 [INFO] Scripted Web Service is Synchronised [u_itsmb_sc_request]
2018/06/19 12:41:47.572 [INFO] Initialisation 1 of 3 [Request] Completed
2018/06/19 12:41:47.631 [INFO] Synchronising Scripted Web Service [u_itsmb_sc_req_item]
2018/06/19 12:41:49.566 [INFO] Scripted Web Service is Synchronised [u_itsmb_sc_req_item]
2018/06/19 12:41:50.007 [INFO] Initialisation 2 of 3 [Requested Item ] Completed
2018/06/19 12:41:50.086 [INFO] Synchronising Scripted Web Service [u_itsmb_sc_task]
2018/06/19 12:41:51.931 [INFO] Scripted Web Service is Synchronised [u_itsmb_sc_task]
2018/06/19 12:41:52.380 [INFO] Initialisation 3 of 3 [Catalog Task] Completed
2018/06/19 12:41:52.380 [INFO] ### Initialisation Step Complete
2018/06/19 12:41:52.381 [INFO] [Request] Key Mapping Cache WOI:WorkOrder -> Request Ready.
2018/06/19 12:41:52.381 [INFO] [Request] Migration in progress.
2018/06/19 12:41:54.133 [INFO] Migration Completed 
2018/06/19 12:41:54.133 [INFO] Summary...  Created:0 Updated:1 Skipped:0 Errors:0 [Warnings 0]
2018/06/19 12:41:54.134 [INFO] [Requested Item ] Key Mapping Cache WOI:WorkOrder -> Requested Item Ready.
2018/06/19 12:41:54.134 [INFO] [Requested Item ] Migration in progress.
2018/06/19 12:41:55.808 [INFO] Migration Completed 
2018/06/19 12:41:55.808 [INFO] Summary...  Created:0 Updated:1 Skipped:0 Errors:0 [Warnings 0]
2018/06/19 12:41:55.809 [INFO] [Catalog Task] Key Mapping Cache TMS:Task -> Catalog Task Ready.
2018/06/19 12:41:55.809 [INFO] [Catalog Task] Migration in progress.
2018/06/19 12:41:57.175 [INFO] Migration Completed 
2018/06/19 12:41:57.175 [INFO] Summary...  Created:1 Updated:0 Skipped:0 Errors:0 [Warnings 0]
2018/06/19 12:41:57.183 [INFO] Execution has completed [Execution ID=2018-06-19_12-41]
2018/06/19 12:41:57.183 [INFO] --END OF LOG--
