2018/06/19 10:20:19.481 [INFO] Log Level set to Information
2018/06/19 10:20:19.481 [INFO] ITSM Bridge version 3.7.14
2018/06/19 10:20:19.481 [INFO] Execution of Work Order version 12
2018/06/19 10:20:19.483 [INFO] Execution started... [Execution ID=2018-06-19_10-20]
2018/06/19 10:20:19.484 [INFO] Initialisation Step Started...
2018/06/19 10:20:19.484 [INFO] Source Server Connected
2018/06/19 10:20:19.705 [INFO] Target Server Connected
2018/06/19 10:20:19.706 [INFO] Source Server Cache Initialised
2018/06/19 10:20:19.706 [INFO] Target Server Cache Initialised
2018/06/19 10:20:19.712 [INFO] Synchronising Scripted Web Service [u_itsmb_sc_request]
2018/06/19 10:20:21.633 [INFO] Scripted Web Service is Synchronised [u_itsmb_sc_request]
2018/06/19 10:20:22.071 [INFO] Initialisation 1 of 2 [Request] Completed
2018/06/19 10:20:22.081 [INFO] Synchronising Scripted Web Service [u_itsmb_sc_req_item]
2018/06/19 10:20:24.314 [INFO] Scripted Web Service is Synchronised [u_itsmb_sc_req_item]
2018/06/19 10:20:24.755 [INFO] Initialisation 2 of 2 [Requested Item ] Completed
2018/06/19 10:20:24.755 [INFO] ### Initialisation Step Complete
2018/06/19 10:20:24.756 [INFO] [Request] Key Mapping Cache WOI:WorkOrder -> Request Ready.
2018/06/19 10:20:24.756 [INFO] [Request] Migration in progress.
2018/06/19 10:20:26.433 [INFO] Migration Completed 
2018/06/19 10:20:26.433 [INFO] Summary...  Created:0 Updated:1 Skipped:0 Errors:0 [Warnings 0]
2018/06/19 10:20:26.433 [INFO] [Requested Item ] Key Mapping Cache WOI:WorkOrder -> Requested Item Ready.
2018/06/19 10:20:26.433 [INFO] [Requested Item ] Migration in progress.
2018/06/19 10:20:28.234 [INFO] Migration Completed 
2018/06/19 10:20:28.235 [INFO] Summary...  Created:0 Updated:1 Skipped:0 Errors:0 [Warnings 0]
2018/06/19 10:20:28.243 [INFO] Execution has completed [Execution ID=2018-06-19_10-20]
2018/06/19 10:20:28.243 [INFO] --END OF LOG--
