2018/06/19 13:05:27.039 [INFO] Log Level set to Information
2018/06/19 13:05:27.039 [INFO] ITSM Bridge version 3.7.14
2018/06/19 13:05:27.039 [INFO] Execution of Work Order version 28
2018/06/19 13:05:27.042 [INFO] Execution started... [Execution ID=2018-06-19_13-05]
2018/06/19 13:05:27.042 [INFO] Initialisation Step Started...
2018/06/19 13:05:27.042 [INFO] Source Server Connected
2018/06/19 13:05:27.264 [INFO] Target Server Connected
2018/06/19 13:05:27.264 [INFO] Source Server Cache Initialised
2018/06/19 13:05:27.264 [INFO] Target Server Cache Initialised
2018/06/19 13:05:27.272 [INFO] Synchronising Scripted Web Service [u_itsmb_sc_request]
2018/06/19 13:05:29.132 [INFO] Scripted Web Service is Synchronised [u_itsmb_sc_request]
2018/06/19 13:05:29.573 [INFO] Initialisation 1 of 4 [Request] Completed
2018/06/19 13:05:29.640 [INFO] Synchronising Scripted Web Service [u_itsmb_sc_req_item]
2018/06/19 13:05:31.711 [INFO] Scripted Web Service is Synchronised [u_itsmb_sc_req_item]
2018/06/19 13:05:32.146 [INFO] Initialisation 2 of 4 [Requested Item ] Completed
2018/06/19 13:05:32.212 [INFO] Synchronising Scripted Web Service [u_itsmb_sc_task]
2018/06/19 13:05:33.982 [INFO] Scripted Web Service is Synchronised [u_itsmb_sc_task]
2018/06/19 13:05:34.418 [INFO] Initialisation 3 of 4 [Catalog Task] Completed
2018/06/19 13:05:34.480 [INFO] Synchronising Scripted Web Service [u_itsmb_sc_req_item]
2018/06/19 13:05:36.491 [INFO] Scripted Web Service is Synchronised [u_itsmb_sc_req_item]
2018/06/19 13:05:36.933 [INFO] Initialisation 4 of 4 [Requested Item WL] Completed
2018/06/19 13:05:36.933 [INFO] ### Initialisation Step Complete
2018/06/19 13:05:36.933 [INFO] [Request] Key Mapping Cache WOI:WorkOrder -> Request Ready.
2018/06/19 13:05:36.933 [INFO] [Request] Migration in progress.
2018/06/19 13:05:38.640 [INFO] Migration Completed 
2018/06/19 13:05:38.640 [INFO] Summary...  Created:0 Updated:1 Skipped:0 Errors:0 [Warnings 0]
2018/06/19 13:05:38.640 [INFO] [Requested Item ] Key Mapping Cache WOI:WorkOrder -> Requested Item Ready.
2018/06/19 13:05:38.640 [INFO] [Requested Item ] Migration in progress.
2018/06/19 13:05:40.284 [INFO] Migration Completed 
2018/06/19 13:05:40.284 [INFO] Summary...  Created:0 Updated:1 Skipped:0 Errors:0 [Warnings 0]
2018/06/19 13:05:40.285 [INFO] [Catalog Task] Key Mapping Cache TMS:Task -> Catalog Task Ready.
2018/06/19 13:05:40.285 [INFO] [Catalog Task] Migration in progress.
2018/06/19 13:05:42.321 [INFO] Migration Completed 
2018/06/19 13:05:42.321 [INFO] Summary...  Created:0 Updated:1 Skipped:0 Errors:0 [Warnings 0]
2018/06/19 13:05:42.322 [INFO] [Requested Item WL] Key Mapping Cache WOI:WorkInfo -> Requested Item Ready.
2018/06/19 13:05:42.322 [INFO] [Requested Item WL] Migration in progress.
2018/06/19 13:05:45.384 [INFO] Migration Completed 
2018/06/19 13:05:45.384 [INFO] Summary...  Created:3 Updated:0 Skipped:0 Errors:0 [Warnings 0]
2018/06/19 13:05:45.390 [INFO] Execution has completed [Execution ID=2018-06-19_13-05]
2018/06/19 13:05:45.390 [INFO] --END OF LOG--
