2018/06/19 12:45:33.364 [INFO] Log Level set to Information
2018/06/19 12:45:33.364 [INFO] ITSM Bridge version 3.7.14
2018/06/19 12:45:33.364 [INFO] Execution of Work Order version 19
2018/06/19 12:45:33.367 [INFO] Execution started... [Execution ID=2018-06-19_12-45]
2018/06/19 12:45:33.367 [INFO] Initialisation Step Started...
2018/06/19 12:45:33.367 [INFO] Source Server Connected
2018/06/19 12:45:33.592 [INFO] Target Server Connected
2018/06/19 12:45:33.592 [INFO] Source Server Cache Initialised
2018/06/19 12:45:33.592 [INFO] Target Server Cache Initialised
2018/06/19 12:45:33.600 [INFO] Synchronising Scripted Web Service [u_itsmb_sc_request]
2018/06/19 12:45:35.582 [INFO] Scripted Web Service is Synchronised [u_itsmb_sc_request]
2018/06/19 12:45:36.028 [INFO] Initialisation 1 of 3 [Request] Completed
2018/06/19 12:45:36.040 [INFO] Synchronising Scripted Web Service [u_itsmb_sc_req_item]
2018/06/19 12:45:38.051 [INFO] Scripted Web Service is Synchronised [u_itsmb_sc_req_item]
2018/06/19 12:45:38.486 [INFO] Initialisation 2 of 3 [Requested Item ] Completed
2018/06/19 12:45:38.496 [INFO] Synchronising Scripted Web Service [u_itsmb_sc_task]
2018/06/19 12:45:40.170 [INFO] Scripted Web Service is Synchronised [u_itsmb_sc_task]
2018/06/19 12:45:40.605 [INFO] Initialisation 3 of 3 [Catalog Task] Completed
2018/06/19 12:45:40.605 [INFO] ### Initialisation Step Complete
2018/06/19 12:45:40.606 [INFO] [Request] Key Mapping Cache WOI:WorkOrder -> Request Ready.
2018/06/19 12:45:40.606 [INFO] [Request] Migration in progress.
2018/06/19 12:45:42.478 [INFO] Migration Completed 
2018/06/19 12:45:42.479 [INFO] Summary...  Created:0 Updated:1 Skipped:0 Errors:0 [Warnings 0]
2018/06/19 12:45:42.479 [INFO] [Requested Item ] Key Mapping Cache WOI:WorkOrder -> Requested Item Ready.
2018/06/19 12:45:42.479 [INFO] [Requested Item ] Migration in progress.
2018/06/19 12:45:44.152 [INFO] Migration Completed 
2018/06/19 12:45:44.152 [INFO] Summary...  Created:0 Updated:1 Skipped:0 Errors:0 [Warnings 0]
2018/06/19 12:45:44.153 [INFO] [Catalog Task] Key Mapping Cache TMS:Task -> Catalog Task Ready.
2018/06/19 12:45:44.153 [INFO] [Catalog Task] Migration in progress.
2018/06/19 12:45:45.863 [INFO] Migration Completed 
2018/06/19 12:45:45.863 [INFO] Summary...  Created:0 Updated:1 Skipped:0 Errors:0 [Warnings 0]
2018/06/19 12:45:45.870 [INFO] Execution has completed [Execution ID=2018-06-19_12-45]
2018/06/19 12:45:45.870 [INFO] --END OF LOG--
