2018/06/19 10:18:58.913 [INFO] Log Level set to Information
2018/06/19 10:18:58.913 [INFO] ITSM Bridge version 3.7.14
2018/06/19 10:18:58.913 [INFO] Execution of Work Order version 11
2018/06/19 10:18:58.915 [INFO] Execution started... [Execution ID=2018-06-19_10-18]
2018/06/19 10:18:58.916 [INFO] Initialisation Step Started...
2018/06/19 10:18:58.916 [INFO] Source Server Connected
2018/06/19 10:18:59.735 [INFO] Target Server Connected
2018/06/19 10:18:59.735 [INFO] Source Server Cache Initialised
2018/06/19 10:18:59.735 [INFO] Target Server Cache Initialised
2018/06/19 10:18:59.743 [INFO] Synchronising Scripted Web Service [u_itsmb_sc_request]
2018/06/19 10:19:01.658 [INFO] Scripted Web Service is Synchronised [u_itsmb_sc_request]
2018/06/19 10:19:02.102 [INFO] Initialisation 1 of 2 [Request] Completed
2018/06/19 10:19:02.109 [INFO] Synchronising Scripted Web Service [u_itsmb_sc_req_item]
2018/06/19 10:19:04.326 [INFO] Scripted Web Service is Synchronised [u_itsmb_sc_req_item]
2018/06/19 10:19:04.777 [INFO] Initialisation 2 of 2 [Requested Item ] Completed
2018/06/19 10:19:04.777 [INFO] ### Initialisation Step Complete
2018/06/19 10:19:04.778 [INFO] [Request] Key Mapping Cache WOI:WorkOrder -> Request Ready.
2018/06/19 10:19:04.778 [INFO] [Request] Migration in progress.
2018/06/19 10:19:06.443 [INFO] Migration Completed 
2018/06/19 10:19:06.443 [INFO] Summary...  Created:0 Updated:1 Skipped:0 Errors:0 [Warnings 0]
2018/06/19 10:19:06.444 [INFO] [Requested Item ] Key Mapping Cache WOI:WorkOrder -> Requested Item Ready.
2018/06/19 10:19:06.444 [INFO] [Requested Item ] Migration in progress.
2018/06/19 10:19:08.110 [INFO] Migration Completed 
2018/06/19 10:19:08.110 [INFO] Summary...  Created:0 Updated:1 Skipped:0 Errors:0 [Warnings 0]
2018/06/19 10:19:08.141 [INFO] Execution has completed [Execution ID=2018-06-19_10-18]
2018/06/19 10:19:08.141 [INFO] --END OF LOG--
