2018/06/19 10:14:33.344 [INFO] Log Level set to Information
2018/06/19 10:14:33.345 [INFO] ITSM Bridge version 3.7.14
2018/06/19 10:14:33.345 [INFO] Execution of Work Order version 8
2018/06/19 10:14:33.346 [INFO] Execution started... [Execution ID=2018-06-19_10-14]
2018/06/19 10:14:33.347 [INFO] Initialisation Step Started...
2018/06/19 10:14:33.347 [INFO] Source Server Connected
2018/06/19 10:14:34.988 [INFO] Target Server Connected
2018/06/19 10:14:34.988 [INFO] Source Server Cache Initialised
2018/06/19 10:14:34.988 [INFO] Target Server Cache Initialised
2018/06/19 10:14:37.499 [INFO] Synchronising Scripted Web Service [u_itsmb_sc_request]
2018/06/19 10:14:39.519 [INFO] Scripted Web Service is Synchronised [u_itsmb_sc_request]
2018/06/19 10:14:44.062 [INFO] Initialisation 1 of 2 [Request] Completed
2018/06/19 10:14:44.069 [INFO] Synchronising Scripted Web Service [u_itsmb_sc_req_item]
2018/06/19 10:14:46.236 [INFO] Scripted Web Service is Synchronised [u_itsmb_sc_req_item]
2018/06/19 10:14:50.065 [INFO] Initialisation 2 of 2 [Requested Item ] Completed
2018/06/19 10:14:50.065 [INFO] ### Initialisation Step Complete
2018/06/19 10:14:50.066 [INFO] [Request] Key Mapping Cache WOI:WorkOrder -> Request Ready.
2018/06/19 10:14:50.066 [INFO] [Request] Migration in progress.
2018/06/19 10:14:51.834 [INFO] Migration Completed 
2018/06/19 10:14:51.834 [INFO] Summary...  Created:0 Updated:1 Skipped:0 Errors:0 [Warnings 0]
2018/06/19 10:14:51.834 [INFO] [Requested Item ] Migration in progress.
2018/06/19 10:14:53.209 [INFO] Migration Completed 
2018/06/19 10:14:53.209 [INFO] Summary...  Created:1 Updated:0 Skipped:0 Errors:0 [Warnings 0]
2018/06/19 10:14:53.308 [INFO] Execution has completed [Execution ID=2018-06-19_10-14]
2018/06/19 10:14:53.308 [INFO] --END OF LOG--
