2018/06/19 12:47:28.590 [INFO] Log Level set to Information
2018/06/19 12:47:28.590 [INFO] ITSM Bridge version 3.7.14
2018/06/19 12:47:28.590 [INFO] Execution of Work Order version 20
2018/06/19 12:47:28.593 [INFO] Execution started... [Execution ID=2018-06-19_12-47]
2018/06/19 12:47:28.593 [INFO] Initialisation Step Started...
2018/06/19 12:47:28.593 [INFO] Source Server Connected
2018/06/19 12:47:28.814 [INFO] Target Server Connected
2018/06/19 12:47:28.814 [INFO] Source Server Cache Initialised
2018/06/19 12:47:28.814 [INFO] Target Server Cache Initialised
2018/06/19 12:47:28.823 [INFO] Synchronising Scripted Web Service [u_itsmb_sc_request]
2018/06/19 12:47:30.686 [INFO] Scripted Web Service is Synchronised [u_itsmb_sc_request]
2018/06/19 12:47:31.140 [INFO] Initialisation 1 of 3 [Request] Completed
2018/06/19 12:47:31.250 [INFO] Synchronising Scripted Web Service [u_itsmb_sc_req_item]
2018/06/19 12:47:33.171 [INFO] Scripted Web Service is Synchronised [u_itsmb_sc_req_item]
2018/06/19 12:47:33.611 [INFO] Initialisation 2 of 3 [Requested Item ] Completed
2018/06/19 12:47:33.621 [INFO] Synchronising Scripted Web Service [u_itsmb_sc_task]
2018/06/19 12:47:35.343 [INFO] Scripted Web Service is Synchronised [u_itsmb_sc_task]
2018/06/19 12:47:35.786 [INFO] Initialisation 3 of 3 [Catalog Task] Completed
2018/06/19 12:47:35.786 [INFO] ### Initialisation Step Complete
2018/06/19 12:47:35.786 [INFO] [Request] Key Mapping Cache WOI:WorkOrder -> Request Ready.
2018/06/19 12:47:35.786 [INFO] [Request] Migration in progress.
2018/06/19 12:47:37.450 [INFO] Migration Completed 
2018/06/19 12:47:37.450 [INFO] Summary...  Created:0 Updated:1 Skipped:0 Errors:0 [Warnings 0]
2018/06/19 12:47:37.452 [INFO] [Requested Item ] Key Mapping Cache WOI:WorkOrder -> Requested Item Ready.
2018/06/19 12:47:37.452 [INFO] [Requested Item ] Migration in progress.
2018/06/19 12:47:39.245 [INFO] Migration Completed 
2018/06/19 12:47:39.245 [INFO] Summary...  Created:0 Updated:1 Skipped:0 Errors:0 [Warnings 0]
2018/06/19 12:47:39.246 [INFO] [Catalog Task] Key Mapping Cache TMS:Task -> Catalog Task Ready.
2018/06/19 12:47:39.246 [INFO] [Catalog Task] Migration in progress.
2018/06/19 12:47:41.183 [INFO] Migration Completed 
2018/06/19 12:47:41.183 [INFO] Summary...  Created:0 Updated:1 Skipped:0 Errors:0 [Warnings 0]
2018/06/19 12:47:41.228 [INFO] Execution has completed [Execution ID=2018-06-19_12-47]
2018/06/19 12:47:41.228 [INFO] --END OF LOG--
