2018/06/19 12:51:45.378 [INFO] Log Level set to Information
2018/06/19 12:51:45.379 [INFO] ITSM Bridge version 3.7.14
2018/06/19 12:51:45.379 [INFO] Execution of Work Order version 21
2018/06/19 12:51:45.380 [INFO] Execution started... [Execution ID=2018-06-19_12-51]
2018/06/19 12:51:45.381 [INFO] Initialisation Step Started...
2018/06/19 12:51:45.381 [INFO] Source Server Connected
2018/06/19 12:51:45.781 [INFO] Target Server Connected
2018/06/19 12:51:45.781 [INFO] Source Server Cache Initialised
2018/06/19 12:51:45.781 [INFO] Target Server Cache Initialised
2018/06/19 12:51:45.791 [INFO] Synchronising Scripted Web Service [u_itsmb_sc_request]
2018/06/19 12:51:47.613 [INFO] Scripted Web Service is Synchronised [u_itsmb_sc_request]
2018/06/19 12:51:48.049 [INFO] Initialisation 1 of 3 [Request] Completed
2018/06/19 12:51:48.092 [INFO] Synchronising Scripted Web Service [u_itsmb_sc_req_item]
2018/06/19 12:51:50.029 [INFO] Scripted Web Service is Synchronised [u_itsmb_sc_req_item]
2018/06/19 12:51:50.468 [INFO] Initialisation 2 of 3 [Requested Item ] Completed
2018/06/19 12:51:50.522 [INFO] Synchronising Scripted Web Service [u_itsmb_sc_task]
2018/06/19 12:51:52.157 [INFO] Scripted Web Service is Synchronised [u_itsmb_sc_task]
2018/06/19 12:51:52.593 [INFO] Initialisation 3 of 3 [Catalog Task] Completed
2018/06/19 12:51:52.593 [INFO] ### Initialisation Step Complete
2018/06/19 12:51:52.593 [INFO] [Request] Key Mapping Cache WOI:WorkOrder -> Request Ready.
2018/06/19 12:51:52.593 [INFO] [Request] Migration in progress.
2018/06/19 12:51:54.309 [INFO] Migration Completed 
2018/06/19 12:51:54.309 [INFO] Summary...  Created:0 Updated:1 Skipped:0 Errors:0 [Warnings 0]
2018/06/19 12:51:54.309 [INFO] [Requested Item ] Key Mapping Cache WOI:WorkOrder -> Requested Item Ready.
2018/06/19 12:51:54.309 [INFO] [Requested Item ] Migration in progress.
2018/06/19 12:51:55.976 [INFO] Migration Completed 
2018/06/19 12:51:55.976 [INFO] Summary...  Created:0 Updated:1 Skipped:0 Errors:0 [Warnings 0]
2018/06/19 12:51:55.977 [INFO] [Catalog Task] Key Mapping Cache TMS:Task -> Catalog Task Ready.
2018/06/19 12:51:55.977 [INFO] [Catalog Task] Migration in progress.
2018/06/19 12:51:58.061 [INFO] Migration Completed 
2018/06/19 12:51:58.061 [INFO] Summary...  Created:0 Updated:1 Skipped:0 Errors:0 [Warnings 0]
2018/06/19 12:51:58.109 [INFO] Execution has completed [Execution ID=2018-06-19_12-51]
2018/06/19 12:51:58.109 [INFO] --END OF LOG--
