2018/06/19 10:00:45.272 [INFO] Log Level set to Information
2018/06/19 10:00:45.272 [INFO] ITSM Bridge version 3.7.14
2018/06/19 10:00:45.272 [INFO] Execution of Work Order version 7
2018/06/19 10:00:45.274 [INFO] Execution started... [Execution ID=2018-06-19_10-00]
2018/06/19 10:00:45.274 [INFO] Initialisation Step Started...
2018/06/19 10:00:45.274 [INFO] Source Server Connected
2018/06/19 10:00:45.704 [INFO] Target Server Connected
2018/06/19 10:00:45.704 [INFO] Source Server Cache Initialised
2018/06/19 10:00:45.704 [INFO] Target Server Cache Initialised
2018/06/19 10:00:45.714 [INFO] Synchronising Scripted Web Service [u_itsmb_sc_request]
2018/06/19 10:00:48.376 [INFO] Scripted Web Service is Synchronised [u_itsmb_sc_request]
2018/06/19 10:00:48.823 [INFO] Initialisation 1 of 2 [Request] Completed
2018/06/19 10:00:48.831 [INFO] Synchronising Scripted Web Service [u_itsmb_sc_req_item]
2018/06/19 10:00:57.174 [INFO] Scripted Web Service is Synchronised [u_itsmb_sc_req_item]
2018/06/19 10:00:59.795 [INFO] Initialisation 2 of 2 [Requested Item ] Completed
2018/06/19 10:00:59.798 [INFO] ### Initialisation Step Complete
2018/06/19 10:00:59.798 [INFO] [Request] Key Mapping Cache WOI:WorkOrder -> Request Ready.
2018/06/19 10:00:59.798 [INFO] [Request] Migration in progress.
2018/06/19 10:01:01.536 [INFO] Migration Completed 
2018/06/19 10:01:01.536 [INFO] Summary...  Created:0 Updated:1 Skipped:0 Errors:0 [Warnings 0]
2018/06/19 10:01:01.543 [INFO] [Requested Item ] Migration in progress.
2018/06/19 10:01:02.727 [INFO] Migration Completed 
2018/06/19 10:01:02.727 [INFO] Summary...  Created:1 Updated:0 Skipped:0 Errors:0 [Warnings 0]
2018/06/19 10:01:02.765 [INFO] Execution has completed [Execution ID=2018-06-19_10-00]
2018/06/19 10:01:02.765 [INFO] --END OF LOG--
