2018/06/19 13:16:41.188 [INFO] Log Level set to Information
2018/06/19 13:16:41.188 [INFO] ITSM Bridge version 3.7.14
2018/06/19 13:16:41.188 [INFO] Execution of Work Order version 30
2018/06/19 13:16:41.191 [INFO] Execution started... [Execution ID=2018-06-19_13-16]
2018/06/19 13:16:41.191 [INFO] Initialisation Step Started...
2018/06/19 13:16:41.191 [INFO] Source Server Connected
2018/06/19 13:16:41.409 [INFO] Target Server Connected
2018/06/19 13:16:41.409 [INFO] Source Server Cache Initialised
2018/06/19 13:16:41.409 [INFO] Target Server Cache Initialised
2018/06/19 13:16:41.421 [INFO] Synchronising Scripted Web Service [u_itsmb_sc_request]
2018/06/19 13:16:43.482 [INFO] Scripted Web Service is Synchronised [u_itsmb_sc_request]
2018/06/19 13:16:43.923 [INFO] Initialisation 1 of 5 [Request] Completed
2018/06/19 13:16:43.949 [INFO] Synchronising Scripted Web Service [u_itsmb_sc_req_item]
2018/06/19 13:16:45.841 [INFO] Scripted Web Service is Synchronised [u_itsmb_sc_req_item]
2018/06/19 13:16:46.282 [INFO] Initialisation 2 of 5 [Requested Item ] Completed
2018/06/19 13:16:46.289 [INFO] Synchronising Scripted Web Service [u_itsmb_sc_task]
2018/06/19 13:16:47.972 [INFO] Scripted Web Service is Synchronised [u_itsmb_sc_task]
2018/06/19 13:16:48.413 [INFO] Initialisation 3 of 5 [Catalog Task] Completed
2018/06/19 13:16:48.423 [INFO] Synchronising Scripted Web Service [u_itsmb_sc_req_item]
2018/06/19 13:16:50.569 [INFO] Scripted Web Service is Synchronised [u_itsmb_sc_req_item]
2018/06/19 13:16:51.012 [INFO] Initialisation 4 of 5 [Requested Item Attachments] Completed
2018/06/19 13:16:51.116 [INFO] Synchronising Scripted Web Service [u_itsmb_sys_journal_field]
2018/06/19 13:16:51.684 [INFO] Scripted Web Service is Synchronised [u_itsmb_sys_journal_field]
2018/06/19 13:16:51.685 [INFO] Initialisation 5 of 5 [Journal Entry RITM] Completed
2018/06/19 13:16:51.685 [INFO] ### Initialisation Step Complete
2018/06/19 13:16:51.686 [INFO] [Request] Key Mapping Cache WOI:WorkOrder -> Request Ready.
2018/06/19 13:16:51.686 [INFO] [Request] Migration in progress.
2018/06/19 13:16:53.398 [INFO] Migration Completed 
2018/06/19 13:16:53.398 [INFO] Summary...  Created:0 Updated:1 Skipped:0 Errors:0 [Warnings 0]
2018/06/19 13:16:53.398 [INFO] [Requested Item ] Key Mapping Cache WOI:WorkOrder -> Requested Item Ready.
2018/06/19 13:16:53.398 [INFO] [Requested Item ] Migration in progress.
2018/06/19 13:16:55.107 [INFO] Migration Completed 
2018/06/19 13:16:55.107 [INFO] Summary...  Created:0 Updated:1 Skipped:0 Errors:0 [Warnings 0]
2018/06/19 13:16:55.107 [INFO] [Catalog Task] Key Mapping Cache TMS:Task -> Catalog Task Ready.
2018/06/19 13:16:55.108 [INFO] [Catalog Task] Migration in progress.
2018/06/19 13:16:57.212 [INFO] Migration Completed 
2018/06/19 13:16:57.212 [INFO] Summary...  Created:0 Updated:1 Skipped:0 Errors:0 [Warnings 0]
2018/06/19 13:16:57.212 [INFO] [Requested Item Attachments] Key Mapping Cache WOI:WorkInfo -> Requested Item Ready.
2018/06/19 13:16:57.212 [INFO] [Requested Item Attachments] Migration in progress.
2018/06/19 13:16:58.158 [INFO] Migration Completed 
2018/06/19 13:16:58.158 [INFO] Summary...  Created:0 Updated:1 Skipped:4 Errors:0 [Warnings 0]
2018/06/19 13:16:58.159 [INFO] [Journal Entry RITM] Migration in progress.
2018/06/19 13:16:58.736 [INFO] Migration Completed 
2018/06/19 13:16:58.736 [INFO] Summary...  Created:5 Updated:0 Skipped:0 Errors:0 [Warnings 0]
2018/06/19 13:16:58.789 [INFO] Execution has completed [Execution ID=2018-06-19_13-16]
2018/06/19 13:16:58.789 [INFO] --END OF LOG--
