2018/06/18 18:22:01.430 [INFO] Log Level set to Detail
2018/06/18 18:22:01.430 [INFO] ITSM Bridge version 3.7.14
2018/06/18 18:22:01.430 [INFO] Execution of CI4 version 2
2018/06/18 18:22:01.430 [INFO] Set Variable Single Company to value 'FALSE'
2018/06/18 18:22:01.430 [INFO] Set Variable Company Name to value 'Calbro Services'
2018/06/18 18:22:01.430 [INFO] Set Variable DataSet to value 'BMC.ASSET'
2018/06/18 18:22:01.433 [INFO] Execution started... [Execution ID=2018-06-18_18-21]
2018/06/18 18:22:01.434 [INFO] Initialisation Step Started...
2018/06/18 18:22:01.434 [INFO] Source Server Connected
2018/06/18 18:22:01.436 [DETAIL] Build Field Map [v_plugin] started...
2018/06/18 18:22:03.657 [DETAIL] SNow: Build Field Map [v_plugin] complete, 25 entries
2018/06/18 18:22:04.107 [INFO] Target Server Connected
2018/06/18 18:22:04.107 [DETAIL] Remedy Cache Initialisation started...
2018/06/18 18:22:04.107 [DETAIL] Remedy Cache Initialisation complete
2018/06/18 18:22:04.107 [INFO] Source Server Cache Initialised
2018/06/18 18:22:04.107 [DETAIL] Service Now Cache Initialisation started...
2018/06/18 18:22:04.107 [DETAIL] Service Now Cache Initialisation complete
2018/06/18 18:22:04.107 [INFO] Target Server Cache Initialised
2018/06/18 18:22:04.107 [DETAIL] Top Level Project Validation Completed
2018/06/18 18:22:04.107 [DETAIL] Build Field Map [AST:ConcreteCollection] started...
2018/06/18 18:22:04.181 [DETAIL] Remedy: Build Field Map [AST:ConcreteCollection] complete, 113 entries
2018/06/18 18:22:04.183 [DETAIL] Create Remedy Qualification: 'Class Id' = "BMC.CORE:BMC_CONCRETECOLLECTION" AND (0 = 1 AND 'Company' = "Calbro Services" OR 0 = 0) AND 'Data Set Id' = "BMC.ASSET"
2018/06/18 18:22:04.202 [DETAIL] Build Field Map [dscy_net_base] started...
2018/06/18 18:22:06.918 [DETAIL] SNow: Build Field Map [dscy_net_base] complete, 70 entries
2018/06/18 18:22:06.918 [DETAIL] Build Field Map [cmdb_ci] started...
2018/06/18 18:22:10.292 [DETAIL] SNow: Build Field Map [cmdb_ci] complete, 70 entries
2018/06/18 18:22:10.292 [DETAIL] Build Field Map [cmdb] started...
2018/06/18 18:22:12.325 [DETAIL] SNow: Build Field Map [cmdb] complete, 70 entries
2018/06/18 18:22:12.325 [DETAIL] Build Field Map [core_company] started...
2018/06/18 18:22:14.133 [DETAIL] SNow: Build Field Map [core_company] complete, 43 entries
2018/06/18 18:22:14.134 [DETAIL] Build Field Map [cmn_department] started...
2018/06/18 18:22:14.531 [DETAIL] SNow: Build Field Map [cmn_department] complete, 15 entries
2018/06/18 18:22:14.531 [DETAIL] Build Field Map [AST:WorkLog] started...
2018/06/18 18:22:14.564 [DETAIL] Remedy: Build Field Map [AST:WorkLog] complete, 49 entries
2018/06/18 18:22:14.565 [DETAIL] Build Field Map [cmdb_model] started...
2018/06/18 18:22:16.077 [DETAIL] SNow: Build Field Map [cmdb_model] complete, 38 entries
2018/06/18 18:22:16.077 [DETAIL] Build Field Map [cmn_cost_center] started...
2018/06/18 18:22:16.471 [DETAIL] SNow: Build Field Map [cmn_cost_center] complete, 14 entries
2018/06/18 18:22:16.471 [DETAIL] Build Field Map [cmn_location] started...
2018/06/18 18:22:17.679 [DETAIL] SNow: Build Field Map [cmn_location] complete, 24 entries
2018/06/18 18:22:17.680 [DETAIL] Add Project Variable [Manufacturer Name+ [STRING]]
2018/06/18 18:22:17.680 [DETAIL] Create SNow Lookup Query: name#!#Manufacturer Name+#!#^manufacturer=true
2018/06/18 18:22:17.681 [DETAIL] Add Project Variable [Company [STRING]]
2018/06/18 18:22:17.681 [DETAIL] Create SNow Lookup Query: name#!#Company#!#
2018/06/18 18:22:17.681 [DETAIL] Add Project Variable [Supplier Name+ [STRING]]
2018/06/18 18:22:17.681 [DETAIL] Create SNow Lookup Query: name#!#Supplier Name+#!#^vendor=true
2018/06/18 18:22:17.682 [DETAIL] Add Project Variable [Department [STRING]]
2018/06/18 18:22:17.682 [DETAIL] Create SNow Lookup Query: name#!#Department#!#^company#!#!Target Company SysID!#!#
2018/06/18 18:22:17.682 [DETAIL] Add Project Variable [Reconciliation Identity [STRING]]
2018/06/18 18:22:17.688 [DETAIL] Create Remedy Lookup Query: 'CI_Instance_ID' = ""
2018/06/18 18:22:17.688 [DETAIL] Add Project Variable [Owner_name [STRING]]
2018/06/18 18:22:17.688 [DETAIL] Create SNow Lookup Query: name#!#Owner_name#!#
2018/06/18 18:22:17.689 [DETAIL] Add Project Variable [Version Number [STRING]]
2018/06/18 18:22:17.689 [DETAIL] Add Project Variable [Model Number [STRING]]
2018/06/18 18:22:17.689 [DETAIL] Create SNow Lookup Query: name#!#Model Number#!#^model_number#!#Version Number#!#
2018/06/18 18:22:17.689 [DETAIL] Add Project Variable [Cost Center [STRING]]
2018/06/18 18:22:17.689 [DETAIL] Create SNow Lookup Query: code#!#Cost Center#!#
2018/06/18 18:22:17.690 [DETAIL] Add Project Variable [Site [STRING]]
2018/06/18 18:22:17.690 [DETAIL] Create SNow Lookup Query: name#!#Site#!#^company#!#!Target Company SysID!#!#
2018/06/18 18:22:17.694 [DETAIL] Build Field Map [sys_web_service] started...
2018/06/18 18:22:18.033 [DETAIL] SNow: Build Field Map [sys_web_service] complete, 9 entries
2018/06/18 18:22:18.033 [DETAIL] Build Field Map [sys_metadata] started...
2018/06/18 18:22:18.904 [DETAIL] SNow: Build Field Map [sys_metadata] complete, 20 entries
2018/06/18 18:22:19.362 [INFO] Synchronising Scripted Web Service [u_itsmb_dscy_net_base_n]
2018/06/18 18:22:25.103 [DETAIL] --Check Import WS Started--
   WS Name: u_itsmb_dscy_net_base_n
   Target Table: dscy_net_base
   Scope: global
   Run Business Rules: false
   include fields from tables: dscy_net_base,cmdb_ci,cmdb
--created ws import set: u_itsmb_dscy_net_base_n [dscy_net_base]--
--synchronise ws fields with target complete--
--transform map updated: u_itsmb_dscy_net_base_n
   create transform field mapping: skip_sync -> skip_sync
   create transform field mapping: operational_status -> operational_status
   skip system field: template_import_log
   skip system field: target_scope
   skip system field: sys_updated_on
   skip system field: target_class_name
   skip system field: sys_target_sys_id
   create transform field mapping: first_discovered -> first_discovered
   create transform field mapping: discovery_source -> discovery_source
   skip system field: sys_updated_by
   create transform field mapping: due_in -> due_in
   skip system field: sys_created_on
   skip system field: sys_import_set
   create transform field mapping: install_date -> install_date
   create transform field mapping: invoice_number -> invoice_number
   skip system field: target_sys_id
   skip system field: target_created_by
   create transform field mapping: gl_account -> gl_account
   skip system field: sys_created_by
   create transform field mapping: warranty_expiration -> warranty_expiration
   skip system field: sys_import_row
   create transform field mapping: asset_tag -> asset_tag
   skip system field: sys_row_error
   create transform field mapping: fqdn -> fqdn
   skip system field: target_domain_path
   create transform field mapping: change_control -> change_control
   create transform field mapping: owned_by -> owned_by
   create transform field mapping: checked_out -> checked_out
   skip system field: import_set_run
   create transform field mapping: network_wire -> network_wire
   create transform field mapping: delivery_date -> delivery_date
   create transform field mapping: maintenance_schedule -> maintenance_schedule
   create transform field mapping: install_status -> install_status
   create transform field mapping: cost_center -> cost_center
   create transform field mapping: supported_by -> supported_by
   create transform field mapping: dns_domain -> dns_domain
   create transform field mapping: name -> name
   create transform field mapping: assigned -> assigned
   create transform field mapping: subcategory -> subcategory
   create transform field mapping: purchase_date -> purchase_date
   create transform field mapping: short_description -> short_description
   skip system field: target_mod_count
   create transform field mapping: assignment_group -> assignment_group
   create transform field mapping: managed_by -> managed_by
   skip system field: batch_id
   skip system field: sys_import_state_comment
   create transform field mapping: can_print -> can_print
   create transform field mapping: last_discovered -> last_discovered
   skip system field: target_domain
   skip system field: sys_class_name
   create transform field mapping: manufacturer -> manufacturer
   create transform field mapping: po_number -> po_number
   create transform field mapping: sys_class_path -> sys_class_path
   create transform field mapping: checked_in -> checked_in
   create transform field mapping: vendor -> vendor
   create transform field mapping: mac_address -> mac_address
   skip system field: sys_transform_map
   create transform field mapping: company -> company
   create transform field mapping: justification -> justification
   create transform field mapping: model_number -> model_number
   create transform field mapping: department -> department
   create transform field mapping: assigned_to -> assigned_to
   create transform field mapping: start_date -> start_date
   create transform field mapping: comments -> comments
   create transform field mapping: cost -> cost
   skip system field: sys_target_table
   skip system field: target_created_on
   skip system field: sys_mod_count
   create transform field mapping: serial_number -> serial_number
   create transform field mapping: monitor -> monitor
   create transform field mapping: ip_address -> ip_address
   create transform field mapping: model_id -> model_id
   skip virtual field: sys_tags
   skip system field: sys_import_state
   create transform field mapping: cost_cc -> cost_cc
   create transform field mapping: schedule -> schedule
   create transform field mapping: order_date -> order_date
   create transform field mapping: support_group -> support_group
   create transform field mapping: due -> due
   create transform field mapping: unverified -> unverified
   create transform field mapping: correlation_id -> correlation_id
   create transform field mapping: location -> location
   create transform field mapping: attributes -> attributes
   skip system field: source_id
   create transform field mapping: category -> category
   create transform field mapping: asset -> asset
   create transform field mapping: fault_count -> fault_count
   create transform field mapping: lease_id -> lease_id
   create transform field mapping: target_domain -> sys_domain
   create transform field mapping: target_class_name -> sys_class_name
   create transform field mapping: target_mod_count -> sys_mod_count
   create transform field mapping: target_created_by -> sys_created_by
   create transform field mapping: target_created_on -> sys_created_on
add sys_id_coalece
   create transform field mapping: target_sys_id -> sys_id
--synchronise transform map complete--
--Check Import Set WS and Transform Map Completed--

2018/06/18 18:22:25.103 [INFO] Scripted Web Service is Synchronised [u_itsmb_dscy_net_base_n]
2018/06/18 18:22:25.103 [DETAIL] Build Field Map [u_itsmb_dscy_net_base_n] started...
2018/06/18 18:22:28.674 [DETAIL] SNow: Build Field Map [u_itsmb_dscy_net_base_n] complete, 72 entries
2018/06/18 18:22:29.157 [INFO] Initialisation 1 of 8 [CMDB Concrete Collection] Completed
2018/06/18 18:22:29.157 [DETAIL] Build Field Map [AST:ConnectivityCollection] started...
2018/06/18 18:22:29.250 [DETAIL] Remedy: Build Field Map [AST:ConnectivityCollection] complete, 116 entries
2018/06/18 18:22:29.253 [DETAIL] Create Remedy Qualification: 'ClassId' = "BMC_CONNECTIVITYGROUP" AND (0 = 1 AND 'Company' = "Calbro Services" OR 0 = 0) AND 'DatasetID' = "BMC.ASSET"
2018/06/18 18:22:29.276 [DETAIL] Add Project Variable [ManufacturerName [STRING]]
2018/06/18 18:22:29.276 [DETAIL] Create SNow Lookup Query: name#!#ManufacturerName#!#^manufacturer=true
2018/06/18 18:22:29.276 [DETAIL] Add Project Variable [Company [STRING]]
2018/06/18 18:22:29.276 [DETAIL] Create SNow Lookup Query: name#!#Company#!#
2018/06/18 18:22:29.277 [DETAIL] Add Project Variable [SupplierName [STRING]]
2018/06/18 18:22:29.277 [DETAIL] Create SNow Lookup Query: name#!#SupplierName#!#^vendor=true
2018/06/18 18:22:29.277 [DETAIL] Add Project Variable [Department [STRING]]
2018/06/18 18:22:29.277 [DETAIL] Create SNow Lookup Query: name#!#Department#!#^company#!#!Target Company SysID!#!#
2018/06/18 18:22:29.277 [DETAIL] Add Project Variable [Reconciliation Identity [STRING]]
2018/06/18 18:22:29.279 [DETAIL] Create Remedy Lookup Query: 'CI_Instance_ID' = ""
2018/06/18 18:22:29.279 [DETAIL] Add Project Variable [OwnerName [STRING]]
2018/06/18 18:22:29.279 [DETAIL] Create SNow Lookup Query: name#!#OwnerName#!#
2018/06/18 18:22:29.280 [DETAIL] Add Project Variable [Model [STRING]]
2018/06/18 18:22:29.280 [DETAIL] Add Project Variable [VersionNumber [STRING]]
2018/06/18 18:22:29.280 [DETAIL] Create SNow Lookup Query: name#!#Model#!#^model_number#!#VersionNumber#!#
2018/06/18 18:22:29.280 [DETAIL] Add Project Variable [Cost Center [STRING]]
2018/06/18 18:22:29.280 [DETAIL] Create SNow Lookup Query: code#!#Cost Center#!#
2018/06/18 18:22:29.280 [DETAIL] Add Project Variable [Site [STRING]]
2018/06/18 18:22:29.280 [DETAIL] Create SNow Lookup Query: name#!#Site#!#^company#!#!Target Company SysID!#!#
2018/06/18 18:22:29.281 [INFO] Synchronising Scripted Web Service [u_itsmb_dscy_net_base_n]
2018/06/18 18:22:31.146 [DETAIL] --Check Import WS Started--
   WS Name: u_itsmb_dscy_net_base_n
   Target Table: dscy_net_base
   Scope: global
   Run Business Rules: false
   include fields from tables: dscy_net_base,cmdb_ci,cmdb
--created ws import set: u_itsmb_dscy_net_base_n [dscy_net_base]--
--synchronise ws fields with target complete--
--transform map updated: u_itsmb_dscy_net_base_n
   transform field mapping exists: skip_sync -> skip_sync
   transform field mapping exists: operational_status -> operational_status
   skip system field: template_import_log
   skip system field: target_scope
   skip system field: sys_updated_on
   skip system field: target_class_name
   skip system field: sys_target_sys_id
   transform field mapping exists: first_discovered -> first_discovered
   transform field mapping exists: discovery_source -> discovery_source
   skip system field: sys_updated_by
   transform field mapping exists: due_in -> due_in
   skip system field: sys_created_on
   skip system field: sys_import_set
   transform field mapping exists: install_date -> install_date
   transform field mapping exists: invoice_number -> invoice_number
   skip system field: target_sys_id
   skip system field: target_created_by
   transform field mapping exists: gl_account -> gl_account
   skip system field: sys_created_by
   transform field mapping exists: warranty_expiration -> warranty_expiration
   skip system field: sys_import_row
   transform field mapping exists: asset_tag -> asset_tag
   skip system field: sys_row_error
   transform field mapping exists: fqdn -> fqdn
   skip system field: target_domain_path
   transform field mapping exists: change_control -> change_control
   transform field mapping exists: owned_by -> owned_by
   transform field mapping exists: checked_out -> checked_out
   skip system field: import_set_run
   transform field mapping exists: network_wire -> network_wire
   transform field mapping exists: delivery_date -> delivery_date
   transform field mapping exists: maintenance_schedule -> maintenance_schedule
   transform field mapping exists: install_status -> install_status
   transform field mapping exists: cost_center -> cost_center
   transform field mapping exists: supported_by -> supported_by
   transform field mapping exists: dns_domain -> dns_domain
   transform field mapping exists: name -> name
   transform field mapping exists: assigned -> assigned
   transform field mapping exists: subcategory -> subcategory
   transform field mapping exists: purchase_date -> purchase_date
   transform field mapping exists: short_description -> short_description
   skip system field: target_mod_count
   transform field mapping exists: assignment_group -> assignment_group
   transform field mapping exists: managed_by -> managed_by
   skip system field: batch_id
   skip system field: sys_import_state_comment
   transform field mapping exists: can_print -> can_print
   transform field mapping exists: last_discovered -> last_discovered
   skip system field: target_domain
   skip system field: sys_class_name
   transform field mapping exists: manufacturer -> manufacturer
   transform field mapping exists: po_number -> po_number
   transform field mapping exists: sys_class_path -> sys_class_path
   transform field mapping exists: checked_in -> checked_in
   transform field mapping exists: vendor -> vendor
   transform field mapping exists: mac_address -> mac_address
   skip system field: sys_transform_map
   transform field mapping exists: company -> company
   transform field mapping exists: justification -> justification
   transform field mapping exists: model_number -> model_number
   transform field mapping exists: department -> department
   transform field mapping exists: assigned_to -> assigned_to
   transform field mapping exists: start_date -> start_date
   transform field mapping exists: comments -> comments
   transform field mapping exists: cost -> cost
   skip system field: sys_target_table
   skip system field: target_created_on
   skip system field: sys_mod_count
   transform field mapping exists: serial_number -> serial_number
   transform field mapping exists: monitor -> monitor
   transform field mapping exists: ip_address -> ip_address
   transform field mapping exists: model_id -> model_id
   skip virtual field: sys_tags
   skip system field: sys_import_state
   transform field mapping exists: cost_cc -> cost_cc
   transform field mapping exists: schedule -> schedule
   transform field mapping exists: order_date -> order_date
   transform field mapping exists: support_group -> support_group
   transform field mapping exists: due -> due
   transform field mapping exists: unverified -> unverified
   transform field mapping exists: correlation_id -> correlation_id
   transform field mapping exists: location -> location
   transform field mapping exists: attributes -> attributes
   skip system field: source_id
   transform field mapping exists: category -> category
   transform field mapping exists: asset -> asset
   transform field mapping exists: fault_count -> fault_count
   transform field mapping exists: lease_id -> lease_id
   transform field mapping exists: target_domain -> sys_domain
   transform field mapping exists: target_class_name -> sys_class_name
   transform field mapping exists: target_mod_count -> sys_mod_count
   transform field mapping exists: target_created_by -> sys_created_by
   transform field mapping exists: target_created_on -> sys_created_on
coalece field exists
--synchronise transform map complete--
--Check Import Set WS and Transform Map Completed--

2018/06/18 18:22:31.146 [INFO] Scripted Web Service is Synchronised [u_itsmb_dscy_net_base_n]
2018/06/18 18:22:31.625 [INFO] Initialisation 2 of 8 [CMDB Connectivity Collection] Completed
2018/06/18 18:22:31.625 [DETAIL] Build Field Map [AST:ConnectivitySegment] started...
2018/06/18 18:22:31.727 [DETAIL] Remedy: Build Field Map [AST:ConnectivitySegment] complete, 110 entries
2018/06/18 18:22:31.751 [DETAIL] Create Remedy Qualification: 'ClassId' = "BMC_CONNECTIVITYSEGMENT" AND (0 = 1 AND 'Company' = "Calbro Services" OR 0 = 0) AND 'DatasetID' = "BMC.ASSET"
2018/06/18 18:22:31.780 [DETAIL] Add Project Variable [ManufacturerName [STRING]]
2018/06/18 18:22:31.780 [DETAIL] Create SNow Lookup Query: name#!#ManufacturerName#!#^manufacturer=true
2018/06/18 18:22:31.780 [DETAIL] Add Project Variable [Company [STRING]]
2018/06/18 18:22:31.780 [DETAIL] Create SNow Lookup Query: name#!#Company#!#
2018/06/18 18:22:31.781 [DETAIL] Add Project Variable [SupplierName [STRING]]
2018/06/18 18:22:31.781 [DETAIL] Create SNow Lookup Query: name#!#SupplierName#!#^vendor=true
2018/06/18 18:22:31.781 [DETAIL] Add Project Variable [Department [STRING]]
2018/06/18 18:22:31.781 [DETAIL] Create SNow Lookup Query: name#!#Department#!#^company#!#!Target Company SysID!#!#
2018/06/18 18:22:31.781 [DETAIL] Add Project Variable [Reconciliation Identity [STRING]]
2018/06/18 18:22:31.783 [DETAIL] Create Remedy Lookup Query: 'CI_Instance_ID' = ""
2018/06/18 18:22:31.783 [DETAIL] Add Project Variable [OwnerName [STRING]]
2018/06/18 18:22:31.783 [DETAIL] Create SNow Lookup Query: name#!#OwnerName#!#
2018/06/18 18:22:31.784 [DETAIL] Add Project Variable [Model [STRING]]
2018/06/18 18:22:31.784 [DETAIL] Add Project Variable [VersionNumber [STRING]]
2018/06/18 18:22:31.784 [DETAIL] Create SNow Lookup Query: name#!#Model#!#^model_number#!#VersionNumber#!#
2018/06/18 18:22:31.784 [DETAIL] Add Project Variable [Cost Center [STRING]]
2018/06/18 18:22:31.784 [DETAIL] Create SNow Lookup Query: code#!#Cost Center#!#
2018/06/18 18:22:31.784 [DETAIL] Add Project Variable [Site [STRING]]
2018/06/18 18:22:31.784 [DETAIL] Create SNow Lookup Query: name#!#Site#!#^company#!#!Target Company SysID!#!#
2018/06/18 18:22:31.786 [INFO] Synchronising Scripted Web Service [u_itsmb_dscy_net_base_n]
2018/06/18 18:22:33.616 [DETAIL] --Check Import WS Started--
   WS Name: u_itsmb_dscy_net_base_n
   Target Table: dscy_net_base
   Scope: global
   Run Business Rules: false
   include fields from tables: dscy_net_base,cmdb_ci,cmdb
--created ws import set: u_itsmb_dscy_net_base_n [dscy_net_base]--
--synchronise ws fields with target complete--
--transform map updated: u_itsmb_dscy_net_base_n
   transform field mapping exists: skip_sync -> skip_sync
   transform field mapping exists: operational_status -> operational_status
   skip system field: template_import_log
   skip system field: target_scope
   skip system field: sys_updated_on
   skip system field: target_class_name
   skip system field: sys_target_sys_id
   transform field mapping exists: first_discovered -> first_discovered
   transform field mapping exists: discovery_source -> discovery_source
   skip system field: sys_updated_by
   transform field mapping exists: due_in -> due_in
   skip system field: sys_created_on
   skip system field: sys_import_set
   transform field mapping exists: install_date -> install_date
   transform field mapping exists: invoice_number -> invoice_number
   skip system field: target_sys_id
   skip system field: target_created_by
   transform field mapping exists: gl_account -> gl_account
   skip system field: sys_created_by
   transform field mapping exists: warranty_expiration -> warranty_expiration
   skip system field: sys_import_row
   transform field mapping exists: asset_tag -> asset_tag
   skip system field: sys_row_error
   transform field mapping exists: fqdn -> fqdn
   skip system field: target_domain_path
   transform field mapping exists: change_control -> change_control
   transform field mapping exists: owned_by -> owned_by
   transform field mapping exists: checked_out -> checked_out
   skip system field: import_set_run
   transform field mapping exists: network_wire -> network_wire
   transform field mapping exists: delivery_date -> delivery_date
   transform field mapping exists: maintenance_schedule -> maintenance_schedule
   transform field mapping exists: install_status -> install_status
   transform field mapping exists: cost_center -> cost_center
   transform field mapping exists: supported_by -> supported_by
   transform field mapping exists: dns_domain -> dns_domain
   transform field mapping exists: name -> name
   transform field mapping exists: assigned -> assigned
   transform field mapping exists: subcategory -> subcategory
   transform field mapping exists: purchase_date -> purchase_date
   transform field mapping exists: short_description -> short_description
   skip system field: target_mod_count
   transform field mapping exists: assignment_group -> assignment_group
   transform field mapping exists: managed_by -> managed_by
   skip system field: batch_id
   skip system field: sys_import_state_comment
   transform field mapping exists: can_print -> can_print
   transform field mapping exists: last_discovered -> last_discovered
   skip system field: target_domain
   skip system field: sys_class_name
   transform field mapping exists: manufacturer -> manufacturer
   transform field mapping exists: po_number -> po_number
   transform field mapping exists: sys_class_path -> sys_class_path
   transform field mapping exists: checked_in -> checked_in
   transform field mapping exists: vendor -> vendor
   transform field mapping exists: mac_address -> mac_address
   skip system field: sys_transform_map
   transform field mapping exists: company -> company
   transform field mapping exists: justification -> justification
   transform field mapping exists: model_number -> model_number
   transform field mapping exists: department -> department
   transform field mapping exists: assigned_to -> assigned_to
   transform field mapping exists: start_date -> start_date
   transform field mapping exists: comments -> comments
   transform field mapping exists: cost -> cost
   skip system field: sys_target_table
   skip system field: target_created_on
   skip system field: sys_mod_count
   transform field mapping exists: serial_number -> serial_number
   transform field mapping exists: monitor -> monitor
   transform field mapping exists: ip_address -> ip_address
   transform field mapping exists: model_id -> model_id
   skip virtual field: sys_tags
   skip system field: sys_import_state
   transform field mapping exists: cost_cc -> cost_cc
   transform field mapping exists: schedule -> schedule
   transform field mapping exists: order_date -> order_date
   transform field mapping exists: support_group -> support_group
   transform field mapping exists: due -> due
   transform field mapping exists: unverified -> unverified
   transform field mapping exists: correlation_id -> correlation_id
   transform field mapping exists: location -> location
   transform field mapping exists: attributes -> attributes
   skip system field: source_id
   transform field mapping exists: category -> category
   transform field mapping exists: asset -> asset
   transform field mapping exists: fault_count -> fault_count
   transform field mapping exists: lease_id -> lease_id
   transform field mapping exists: target_domain -> sys_domain
   transform field mapping exists: target_class_name -> sys_class_name
   transform field mapping exists: target_mod_count -> sys_mod_count
   transform field mapping exists: target_created_by -> sys_created_by
   transform field mapping exists: target_created_on -> sys_created_on
coalece field exists
--synchronise transform map complete--
--Check Import Set WS and Transform Map Completed--

2018/06/18 18:22:33.616 [INFO] Scripted Web Service is Synchronised [u_itsmb_dscy_net_base_n]
2018/06/18 18:22:34.102 [INFO] Initialisation 3 of 8 [CMDB Connectivity Segment] Completed
2018/06/18 18:22:34.102 [DETAIL] Build Field Map [AST:IPConnectivitySubnet] started...
2018/06/18 18:22:34.191 [DETAIL] Remedy: Build Field Map [AST:IPConnectivitySubnet] complete, 111 entries
2018/06/18 18:22:34.237 [DETAIL] Create Remedy Qualification: 'ClassId' = "BMC_IPCONNECTIVITYSUBNET" AND (0 = 1 AND 'Company' = "Calbro Services" OR 0 = 0) AND 'DatasetID' = "BMC.ASSET"
2018/06/18 18:22:34.290 [DETAIL] Add Project Variable [ManufacturerName [STRING]]
2018/06/18 18:22:34.292 [DETAIL] Create SNow Lookup Query: name#!#ManufacturerName#!#^manufacturer=true
2018/06/18 18:22:34.292 [DETAIL] Add Project Variable [Company [STRING]]
2018/06/18 18:22:34.292 [DETAIL] Create SNow Lookup Query: name#!#Company#!#
2018/06/18 18:22:34.292 [DETAIL] Add Project Variable [SupplierName [STRING]]
2018/06/18 18:22:34.292 [DETAIL] Create SNow Lookup Query: name#!#SupplierName#!#^vendor=true
2018/06/18 18:22:34.292 [DETAIL] Add Project Variable [Department [STRING]]
2018/06/18 18:22:34.292 [DETAIL] Create SNow Lookup Query: name#!#Department#!#^company#!#!Target Company SysID!#!#
2018/06/18 18:22:34.293 [DETAIL] Add Project Variable [Reconciliation Identity [STRING]]
2018/06/18 18:22:34.295 [DETAIL] Create Remedy Lookup Query: 'CI_Instance_ID' = ""
2018/06/18 18:22:34.295 [DETAIL] Add Project Variable [OwnerName [STRING]]
2018/06/18 18:22:34.295 [DETAIL] Create SNow Lookup Query: name#!#OwnerName#!#
2018/06/18 18:22:34.296 [DETAIL] Add Project Variable [Model [STRING]]
2018/06/18 18:22:34.296 [DETAIL] Add Project Variable [VersionNumber [STRING]]
2018/06/18 18:22:34.296 [DETAIL] Create SNow Lookup Query: name#!#Model#!#^model_number#!#VersionNumber#!#
2018/06/18 18:22:34.296 [DETAIL] Add Project Variable [Cost Center [STRING]]
2018/06/18 18:22:34.297 [DETAIL] Create SNow Lookup Query: code#!#Cost Center#!#
2018/06/18 18:22:34.297 [DETAIL] Add Project Variable [Site [STRING]]
2018/06/18 18:22:34.297 [DETAIL] Create SNow Lookup Query: name#!#Site#!#^company#!#!Target Company SysID!#!#
2018/06/18 18:22:34.297 [INFO] Synchronising Scripted Web Service [u_itsmb_dscy_net_base_n]
2018/06/18 18:22:36.124 [DETAIL] --Check Import WS Started--
   WS Name: u_itsmb_dscy_net_base_n
   Target Table: dscy_net_base
   Scope: global
   Run Business Rules: false
   include fields from tables: dscy_net_base,cmdb_ci,cmdb
--created ws import set: u_itsmb_dscy_net_base_n [dscy_net_base]--
--synchronise ws fields with target complete--
--transform map updated: u_itsmb_dscy_net_base_n
   transform field mapping exists: skip_sync -> skip_sync
   transform field mapping exists: operational_status -> operational_status
   skip system field: template_import_log
   skip system field: target_scope
   skip system field: sys_updated_on
   skip system field: target_class_name
   skip system field: sys_target_sys_id
   transform field mapping exists: first_discovered -> first_discovered
   transform field mapping exists: discovery_source -> discovery_source
   skip system field: sys_updated_by
   transform field mapping exists: due_in -> due_in
   skip system field: sys_created_on
   skip system field: sys_import_set
   transform field mapping exists: install_date -> install_date
   transform field mapping exists: invoice_number -> invoice_number
   skip system field: target_sys_id
   skip system field: target_created_by
   transform field mapping exists: gl_account -> gl_account
   skip system field: sys_created_by
   transform field mapping exists: warranty_expiration -> warranty_expiration
   skip system field: sys_import_row
   transform field mapping exists: asset_tag -> asset_tag
   skip system field: sys_row_error
   transform field mapping exists: fqdn -> fqdn
   skip system field: target_domain_path
   transform field mapping exists: change_control -> change_control
   transform field mapping exists: owned_by -> owned_by
   transform field mapping exists: checked_out -> checked_out
   skip system field: import_set_run
   transform field mapping exists: network_wire -> network_wire
   transform field mapping exists: delivery_date -> delivery_date
   transform field mapping exists: maintenance_schedule -> maintenance_schedule
   transform field mapping exists: install_status -> install_status
   transform field mapping exists: cost_center -> cost_center
   transform field mapping exists: supported_by -> supported_by
   transform field mapping exists: dns_domain -> dns_domain
   transform field mapping exists: name -> name
   transform field mapping exists: assigned -> assigned
   transform field mapping exists: subcategory -> subcategory
   transform field mapping exists: purchase_date -> purchase_date
   transform field mapping exists: short_description -> short_description
   skip system field: target_mod_count
   transform field mapping exists: assignment_group -> assignment_group
   transform field mapping exists: managed_by -> managed_by
   skip system field: batch_id
   skip system field: sys_import_state_comment
   transform field mapping exists: can_print -> can_print
   transform field mapping exists: last_discovered -> last_discovered
   skip system field: target_domain
   skip system field: sys_class_name
   transform field mapping exists: manufacturer -> manufacturer
   transform field mapping exists: po_number -> po_number
   transform field mapping exists: sys_class_path -> sys_class_path
   transform field mapping exists: checked_in -> checked_in
   transform field mapping exists: vendor -> vendor
   transform field mapping exists: mac_address -> mac_address
   skip system field: sys_transform_map
   transform field mapping exists: company -> company
   transform field mapping exists: justification -> justification
   transform field mapping exists: model_number -> model_number
   transform field mapping exists: department -> department
   transform field mapping exists: assigned_to -> assigned_to
   transform field mapping exists: start_date -> start_date
   transform field mapping exists: comments -> comments
   transform field mapping exists: cost -> cost
   skip system field: sys_target_table
   skip system field: target_created_on
   skip system field: sys_mod_count
   transform field mapping exists: serial_number -> serial_number
   transform field mapping exists: monitor -> monitor
   transform field mapping exists: ip_address -> ip_address
   transform field mapping exists: model_id -> model_id
   skip virtual field: sys_tags
   skip system field: sys_import_state
   transform field mapping exists: cost_cc -> cost_cc
   transform field mapping exists: schedule -> schedule
   transform field mapping exists: order_date -> order_date
   transform field mapping exists: support_group -> support_group
   transform field mapping exists: due -> due
   transform field mapping exists: unverified -> unverified
   transform field mapping exists: correlation_id -> correlation_id
   transform field mapping exists: location -> location
   transform field mapping exists: attributes -> attributes
   skip system field: source_id
   transform field mapping exists: category -> category
   transform field mapping exists: asset -> asset
   transform field mapping exists: fault_count -> fault_count
   transform field mapping exists: lease_id -> lease_id
   transform field mapping exists: target_domain -> sys_domain
   transform field mapping exists: target_class_name -> sys_class_name
   transform field mapping exists: target_mod_count -> sys_mod_count
   transform field mapping exists: target_created_by -> sys_created_by
   transform field mapping exists: target_created_on -> sys_created_on
coalece field exists
--synchronise transform map complete--
--Check Import Set WS and Transform Map Completed--

2018/06/18 18:22:36.125 [INFO] Scripted Web Service is Synchronised [u_itsmb_dscy_net_base_n]
2018/06/18 18:22:36.621 [INFO] Initialisation 4 of 8 [CMDB IP Subnet] Completed
2018/06/18 18:22:36.621 [DETAIL] Build Field Map [AST:IPXConnectivityNetwork] started...
2018/06/18 18:22:36.740 [DETAIL] Remedy: Build Field Map [AST:IPXConnectivityNetwork] complete, 103 entries
2018/06/18 18:22:36.743 [DETAIL] Create Remedy Qualification: 'ClassId' = "BMC_IPXCONNECTIVITYNETWORK" AND (0 = 1 AND 'Company' = "Calbro Services" OR 0 = 0) AND 'DatasetID' = "BMC.ASSET"
2018/06/18 18:22:36.761 [DETAIL] Add Project Variable [ManufacturerName [STRING]]
2018/06/18 18:22:36.761 [DETAIL] Create SNow Lookup Query: name#!#ManufacturerName#!#^manufacturer=true
2018/06/18 18:22:36.762 [DETAIL] Add Project Variable [Company [STRING]]
2018/06/18 18:22:36.762 [DETAIL] Create SNow Lookup Query: name#!#Company#!#
2018/06/18 18:22:36.762 [DETAIL] Add Project Variable [SupplierName [STRING]]
2018/06/18 18:22:36.762 [DETAIL] Create SNow Lookup Query: name#!#SupplierName#!#^vendor=true
2018/06/18 18:22:36.762 [DETAIL] Add Project Variable [Department [STRING]]
2018/06/18 18:22:36.762 [DETAIL] Create SNow Lookup Query: name#!#Department#!#^company#!#!Target Company SysID!#!#
2018/06/18 18:22:36.762 [DETAIL] Add Project Variable [Reconciliation Identity [STRING]]
2018/06/18 18:22:36.765 [DETAIL] Create Remedy Lookup Query: 'CI_Instance_ID' = ""
2018/06/18 18:22:36.765 [DETAIL] Add Project Variable [Owner_name [STRING]]
2018/06/18 18:22:36.765 [DETAIL] Create SNow Lookup Query: name#!#Owner_name#!#
2018/06/18 18:22:36.765 [DETAIL] Add Project Variable [Model [STRING]]
2018/06/18 18:22:36.765 [DETAIL] Add Project Variable [VersionNumber [STRING]]
2018/06/18 18:22:36.765 [DETAIL] Create SNow Lookup Query: name#!#Model#!#^model_number#!#VersionNumber#!#
2018/06/18 18:22:36.766 [DETAIL] Add Project Variable [Cost Center [STRING]]
2018/06/18 18:22:36.766 [DETAIL] Create SNow Lookup Query: code#!#Cost Center#!#
2018/06/18 18:22:36.766 [DETAIL] Add Project Variable [Site [STRING]]
2018/06/18 18:22:36.766 [DETAIL] Create SNow Lookup Query: name#!#Site#!#^company#!#!Target Company SysID!#!#
2018/06/18 18:22:36.767 [INFO] Synchronising Scripted Web Service [u_itsmb_dscy_net_base_n]
2018/06/18 18:22:38.615 [DETAIL] --Check Import WS Started--
   WS Name: u_itsmb_dscy_net_base_n
   Target Table: dscy_net_base
   Scope: global
   Run Business Rules: false
   include fields from tables: dscy_net_base,cmdb_ci,cmdb
--created ws import set: u_itsmb_dscy_net_base_n [dscy_net_base]--
--synchronise ws fields with target complete--
--transform map updated: u_itsmb_dscy_net_base_n
   transform field mapping exists: skip_sync -> skip_sync
   transform field mapping exists: operational_status -> operational_status
   skip system field: template_import_log
   skip system field: target_scope
   skip system field: sys_updated_on
   skip system field: target_class_name
   skip system field: sys_target_sys_id
   transform field mapping exists: first_discovered -> first_discovered
   transform field mapping exists: discovery_source -> discovery_source
   skip system field: sys_updated_by
   transform field mapping exists: due_in -> due_in
   skip system field: sys_created_on
   skip system field: sys_import_set
   transform field mapping exists: install_date -> install_date
   transform field mapping exists: invoice_number -> invoice_number
   skip system field: target_sys_id
   skip system field: target_created_by
   transform field mapping exists: gl_account -> gl_account
   skip system field: sys_created_by
   transform field mapping exists: warranty_expiration -> warranty_expiration
   skip system field: sys_import_row
   transform field mapping exists: asset_tag -> asset_tag
   skip system field: sys_row_error
   transform field mapping exists: fqdn -> fqdn
   skip system field: target_domain_path
   transform field mapping exists: change_control -> change_control
   transform field mapping exists: owned_by -> owned_by
   transform field mapping exists: checked_out -> checked_out
   skip system field: import_set_run
   transform field mapping exists: network_wire -> network_wire
   transform field mapping exists: delivery_date -> delivery_date
   transform field mapping exists: maintenance_schedule -> maintenance_schedule
   transform field mapping exists: install_status -> install_status
   transform field mapping exists: cost_center -> cost_center
   transform field mapping exists: supported_by -> supported_by
   transform field mapping exists: dns_domain -> dns_domain
   transform field mapping exists: name -> name
   transform field mapping exists: assigned -> assigned
   transform field mapping exists: subcategory -> subcategory
   transform field mapping exists: purchase_date -> purchase_date
   transform field mapping exists: short_description -> short_description
   skip system field: target_mod_count
   transform field mapping exists: assignment_group -> assignment_group
   transform field mapping exists: managed_by -> managed_by
   skip system field: batch_id
   skip system field: sys_import_state_comment
   transform field mapping exists: can_print -> can_print
   transform field mapping exists: last_discovered -> last_discovered
   skip system field: target_domain
   skip system field: sys_class_name
   transform field mapping exists: manufacturer -> manufacturer
   transform field mapping exists: po_number -> po_number
   transform field mapping exists: sys_class_path -> sys_class_path
   transform field mapping exists: checked_in -> checked_in
   transform field mapping exists: vendor -> vendor
   transform field mapping exists: mac_address -> mac_address
   skip system field: sys_transform_map
   transform field mapping exists: company -> company
   transform field mapping exists: justification -> justification
   transform field mapping exists: model_number -> model_number
   transform field mapping exists: department -> department
   transform field mapping exists: assigned_to -> assigned_to
   transform field mapping exists: start_date -> start_date
   transform field mapping exists: comments -> comments
   transform field mapping exists: cost -> cost
   skip system field: sys_target_table
   skip system field: target_created_on
   skip system field: sys_mod_count
   transform field mapping exists: serial_number -> serial_number
   transform field mapping exists: monitor -> monitor
   transform field mapping exists: ip_address -> ip_address
   transform field mapping exists: model_id -> model_id
   skip virtual field: sys_tags
   skip system field: sys_import_state
   transform field mapping exists: cost_cc -> cost_cc
   transform field mapping exists: schedule -> schedule
   transform field mapping exists: order_date -> order_date
   transform field mapping exists: support_group -> support_group
   transform field mapping exists: due -> due
   transform field mapping exists: unverified -> unverified
   transform field mapping exists: correlation_id -> correlation_id
   transform field mapping exists: location -> location
   transform field mapping exists: attributes -> attributes
   skip system field: source_id
   transform field mapping exists: category -> category
   transform field mapping exists: asset -> asset
   transform field mapping exists: fault_count -> fault_count
   transform field mapping exists: lease_id -> lease_id
   transform field mapping exists: target_domain -> sys_domain
   transform field mapping exists: target_class_name -> sys_class_name
   transform field mapping exists: target_mod_count -> sys_mod_count
   transform field mapping exists: target_created_by -> sys_created_by
   transform field mapping exists: target_created_on -> sys_created_on
coalece field exists
--synchronise transform map complete--
--Check Import Set WS and Transform Map Completed--

2018/06/18 18:22:38.615 [INFO] Scripted Web Service is Synchronised [u_itsmb_dscy_net_base_n]
2018/06/18 18:22:39.114 [INFO] Initialisation 5 of 8 [CMDB IPX Network] Completed
2018/06/18 18:22:39.114 [DETAIL] Build Field Map [AST:LNsCollection] started...
2018/06/18 18:22:39.188 [DETAIL] Remedy: Build Field Map [AST:LNsCollection] complete, 106 entries
2018/06/18 18:22:39.211 [DETAIL] Create Remedy Qualification: 'ClassId' = "BMC_LNSGROUP" AND (0 = 1 AND 'Company' = "Calbro Services" OR 0 = 0) AND 'DatasetID' = "BMC.ASSET"
2018/06/18 18:22:39.233 [DETAIL] Add Project Variable [ManufacturerName [STRING]]
2018/06/18 18:22:39.233 [DETAIL] Create SNow Lookup Query: name#!#ManufacturerName#!#^manufacturer=true
2018/06/18 18:22:39.234 [DETAIL] Add Project Variable [Company [STRING]]
2018/06/18 18:22:39.234 [DETAIL] Create SNow Lookup Query: name#!#Company#!#
2018/06/18 18:22:39.234 [DETAIL] Add Project Variable [SupplierName [STRING]]
2018/06/18 18:22:39.234 [DETAIL] Create SNow Lookup Query: name#!#SupplierName#!#^vendor=true
2018/06/18 18:22:39.234 [DETAIL] Add Project Variable [Department [STRING]]
2018/06/18 18:22:39.234 [DETAIL] Create SNow Lookup Query: name#!#Department#!#^company#!#!Target Company SysID!#!#
2018/06/18 18:22:39.235 [DETAIL] Add Project Variable [Reconciliation Identity [STRING]]
2018/06/18 18:22:39.237 [DETAIL] Create Remedy Lookup Query: 'CI_Instance_ID' = ""
2018/06/18 18:22:39.237 [DETAIL] Add Project Variable [OwnerName [STRING]]
2018/06/18 18:22:39.237 [DETAIL] Create SNow Lookup Query: name#!#OwnerName#!#
2018/06/18 18:22:39.237 [DETAIL] Add Project Variable [Model [STRING]]
2018/06/18 18:22:39.237 [DETAIL] Add Project Variable [VersionNumber [STRING]]
2018/06/18 18:22:39.237 [DETAIL] Create SNow Lookup Query: name#!#Model#!#^model_number#!#VersionNumber#!#
2018/06/18 18:22:39.237 [DETAIL] Add Project Variable [Cost Center [STRING]]
2018/06/18 18:22:39.237 [DETAIL] Create SNow Lookup Query: code#!#Cost Center#!#
2018/06/18 18:22:39.238 [DETAIL] Add Project Variable [Site [STRING]]
2018/06/18 18:22:39.238 [DETAIL] Create SNow Lookup Query: name#!#Site#!#^company#!#!Target Company SysID!#!#
2018/06/18 18:22:39.239 [INFO] Synchronising Scripted Web Service [u_itsmb_dscy_net_base_n]
2018/06/18 18:22:41.033 [DETAIL] --Check Import WS Started--
   WS Name: u_itsmb_dscy_net_base_n
   Target Table: dscy_net_base
   Scope: global
   Run Business Rules: false
   include fields from tables: dscy_net_base,cmdb_ci,cmdb
--created ws import set: u_itsmb_dscy_net_base_n [dscy_net_base]--
--synchronise ws fields with target complete--
--transform map updated: u_itsmb_dscy_net_base_n
   transform field mapping exists: skip_sync -> skip_sync
   transform field mapping exists: operational_status -> operational_status
   skip system field: template_import_log
   skip system field: target_scope
   skip system field: sys_updated_on
   skip system field: target_class_name
   skip system field: sys_target_sys_id
   transform field mapping exists: first_discovered -> first_discovered
   transform field mapping exists: discovery_source -> discovery_source
   skip system field: sys_updated_by
   transform field mapping exists: due_in -> due_in
   skip system field: sys_created_on
   skip system field: sys_import_set
   transform field mapping exists: install_date -> install_date
   transform field mapping exists: invoice_number -> invoice_number
   skip system field: target_sys_id
   skip system field: target_created_by
   transform field mapping exists: gl_account -> gl_account
   skip system field: sys_created_by
   transform field mapping exists: warranty_expiration -> warranty_expiration
   skip system field: sys_import_row
   transform field mapping exists: asset_tag -> asset_tag
   skip system field: sys_row_error
   transform field mapping exists: fqdn -> fqdn
   skip system field: target_domain_path
   transform field mapping exists: change_control -> change_control
   transform field mapping exists: owned_by -> owned_by
   transform field mapping exists: checked_out -> checked_out
   skip system field: import_set_run
   transform field mapping exists: network_wire -> network_wire
   transform field mapping exists: delivery_date -> delivery_date
   transform field mapping exists: maintenance_schedule -> maintenance_schedule
   transform field mapping exists: install_status -> install_status
   transform field mapping exists: cost_center -> cost_center
   transform field mapping exists: supported_by -> supported_by
   transform field mapping exists: dns_domain -> dns_domain
   transform field mapping exists: name -> name
   transform field mapping exists: assigned -> assigned
   transform field mapping exists: subcategory -> subcategory
   transform field mapping exists: purchase_date -> purchase_date
   transform field mapping exists: short_description -> short_description
   skip system field: target_mod_count
   transform field mapping exists: assignment_group -> assignment_group
   transform field mapping exists: managed_by -> managed_by
   skip system field: batch_id
   skip system field: sys_import_state_comment
   transform field mapping exists: can_print -> can_print
   transform field mapping exists: last_discovered -> last_discovered
   skip system field: target_domain
   skip system field: sys_class_name
   transform field mapping exists: manufacturer -> manufacturer
   transform field mapping exists: po_number -> po_number
   transform field mapping exists: sys_class_path -> sys_class_path
   transform field mapping exists: checked_in -> checked_in
   transform field mapping exists: vendor -> vendor
   transform field mapping exists: mac_address -> mac_address
   skip system field: sys_transform_map
   transform field mapping exists: company -> company
   transform field mapping exists: justification -> justification
   transform field mapping exists: model_number -> model_number
   transform field mapping exists: department -> department
   transform field mapping exists: assigned_to -> assigned_to
   transform field mapping exists: start_date -> start_date
   transform field mapping exists: comments -> comments
   transform field mapping exists: cost -> cost
   skip system field: sys_target_table
   skip system field: target_created_on
   skip system field: sys_mod_count
   transform field mapping exists: serial_number -> serial_number
   transform field mapping exists: monitor -> monitor
   transform field mapping exists: ip_address -> ip_address
   transform field mapping exists: model_id -> model_id
   skip virtual field: sys_tags
   skip system field: sys_import_state
   transform field mapping exists: cost_cc -> cost_cc
   transform field mapping exists: schedule -> schedule
   transform field mapping exists: order_date -> order_date
   transform field mapping exists: support_group -> support_group
   transform field mapping exists: due -> due
   transform field mapping exists: unverified -> unverified
   transform field mapping exists: correlation_id -> correlation_id
   transform field mapping exists: location -> location
   transform field mapping exists: attributes -> attributes
   skip system field: source_id
   transform field mapping exists: category -> category
   transform field mapping exists: asset -> asset
   transform field mapping exists: fault_count -> fault_count
   transform field mapping exists: lease_id -> lease_id
   transform field mapping exists: target_domain -> sys_domain
   transform field mapping exists: target_class_name -> sys_class_name
   transform field mapping exists: target_mod_count -> sys_mod_count
   transform field mapping exists: target_created_by -> sys_created_by
   transform field mapping exists: target_created_on -> sys_created_on
coalece field exists
--synchronise transform map complete--
--Check Import Set WS and Transform Map Completed--

2018/06/18 18:22:41.033 [INFO] Scripted Web Service is Synchronised [u_itsmb_dscy_net_base_n]
2018/06/18 18:22:41.515 [INFO] Initialisation 6 of 8 [CMDB LNs Collection] Completed
2018/06/18 18:22:41.515 [DETAIL] Build Field Map [AST:LAN] started...
2018/06/18 18:22:41.578 [DETAIL] Remedy: Build Field Map [AST:LAN] complete, 109 entries
2018/06/18 18:22:41.611 [DETAIL] Create Remedy Qualification: 'ClassId' = "BMC_LAN" AND (0 = 1 AND 'Company' = "Calbro Services" OR 0 = 0) AND 'DatasetID' = "BMC.ASSET"
2018/06/18 18:22:41.690 [DETAIL] Add Project Variable [ManufacturerName [STRING]]
2018/06/18 18:22:41.690 [DETAIL] Create SNow Lookup Query: name#!#ManufacturerName#!#^manufacturer=true
2018/06/18 18:22:41.691 [DETAIL] Add Project Variable [Company [STRING]]
2018/06/18 18:22:41.691 [DETAIL] Create SNow Lookup Query: name#!#Company#!#
2018/06/18 18:22:41.691 [DETAIL] Add Project Variable [SupplierName [STRING]]
2018/06/18 18:22:41.691 [DETAIL] Create SNow Lookup Query: name#!#SupplierName#!#^vendor=true
2018/06/18 18:22:41.692 [DETAIL] Add Project Variable [Department [STRING]]
2018/06/18 18:22:41.692 [DETAIL] Create SNow Lookup Query: name#!#Department#!#^company#!#!Target Company SysID!#!#
2018/06/18 18:22:41.692 [DETAIL] Add Project Variable [Reconciliation Identity [STRING]]
2018/06/18 18:22:41.696 [DETAIL] Create Remedy Lookup Query: 'CI_Instance_ID' = ""
2018/06/18 18:22:41.696 [DETAIL] Add Project Variable [OwnerName [STRING]]
2018/06/18 18:22:41.696 [DETAIL] Create SNow Lookup Query: name#!#OwnerName#!#
2018/06/18 18:22:41.696 [DETAIL] Add Project Variable [Model [STRING]]
2018/06/18 18:22:41.696 [DETAIL] Add Project Variable [VersionNumber [STRING]]
2018/06/18 18:22:41.697 [DETAIL] Create SNow Lookup Query: name#!#Model#!#^model_number#!#VersionNumber#!#
2018/06/18 18:22:41.697 [DETAIL] Add Project Variable [Cost Center [STRING]]
2018/06/18 18:22:41.697 [DETAIL] Create SNow Lookup Query: code#!#Cost Center#!#
2018/06/18 18:22:41.697 [DETAIL] Add Project Variable [Site [STRING]]
2018/06/18 18:22:41.697 [DETAIL] Create SNow Lookup Query: name#!#Site#!#^company#!#!Target Company SysID!#!#
2018/06/18 18:22:41.698 [INFO] Synchronising Scripted Web Service [u_itsmb_dscy_net_base_n]
2018/06/18 18:22:43.488 [DETAIL] --Check Import WS Started--
   WS Name: u_itsmb_dscy_net_base_n
   Target Table: dscy_net_base
   Scope: global
   Run Business Rules: false
   include fields from tables: dscy_net_base,cmdb_ci,cmdb
--created ws import set: u_itsmb_dscy_net_base_n [dscy_net_base]--
--synchronise ws fields with target complete--
--transform map updated: u_itsmb_dscy_net_base_n
   transform field mapping exists: skip_sync -> skip_sync
   transform field mapping exists: operational_status -> operational_status
   skip system field: template_import_log
   skip system field: target_scope
   skip system field: sys_updated_on
   skip system field: target_class_name
   skip system field: sys_target_sys_id
   transform field mapping exists: first_discovered -> first_discovered
   transform field mapping exists: discovery_source -> discovery_source
   skip system field: sys_updated_by
   transform field mapping exists: due_in -> due_in
   skip system field: sys_created_on
   skip system field: sys_import_set
   transform field mapping exists: install_date -> install_date
   transform field mapping exists: invoice_number -> invoice_number
   skip system field: target_sys_id
   skip system field: target_created_by
   transform field mapping exists: gl_account -> gl_account
   skip system field: sys_created_by
   transform field mapping exists: warranty_expiration -> warranty_expiration
   skip system field: sys_import_row
   transform field mapping exists: asset_tag -> asset_tag
   skip system field: sys_row_error
   transform field mapping exists: fqdn -> fqdn
   skip system field: target_domain_path
   transform field mapping exists: change_control -> change_control
   transform field mapping exists: owned_by -> owned_by
   transform field mapping exists: checked_out -> checked_out
   skip system field: import_set_run
   transform field mapping exists: network_wire -> network_wire
   transform field mapping exists: delivery_date -> delivery_date
   transform field mapping exists: maintenance_schedule -> maintenance_schedule
   transform field mapping exists: install_status -> install_status
   transform field mapping exists: cost_center -> cost_center
   transform field mapping exists: supported_by -> supported_by
   transform field mapping exists: dns_domain -> dns_domain
   transform field mapping exists: name -> name
   transform field mapping exists: assigned -> assigned
   transform field mapping exists: subcategory -> subcategory
   transform field mapping exists: purchase_date -> purchase_date
   transform field mapping exists: short_description -> short_description
   skip system field: target_mod_count
   transform field mapping exists: assignment_group -> assignment_group
   transform field mapping exists: managed_by -> managed_by
   skip system field: batch_id
   skip system field: sys_import_state_comment
   transform field mapping exists: can_print -> can_print
   transform field mapping exists: last_discovered -> last_discovered
   skip system field: target_domain
   skip system field: sys_class_name
   transform field mapping exists: manufacturer -> manufacturer
   transform field mapping exists: po_number -> po_number
   transform field mapping exists: sys_class_path -> sys_class_path
   transform field mapping exists: checked_in -> checked_in
   transform field mapping exists: vendor -> vendor
   transform field mapping exists: mac_address -> mac_address
   skip system field: sys_transform_map
   transform field mapping exists: company -> company
   transform field mapping exists: justification -> justification
   transform field mapping exists: model_number -> model_number
   transform field mapping exists: department -> department
   transform field mapping exists: assigned_to -> assigned_to
   transform field mapping exists: start_date -> start_date
   transform field mapping exists: comments -> comments
   transform field mapping exists: cost -> cost
   skip system field: sys_target_table
   skip system field: target_created_on
   skip system field: sys_mod_count
   transform field mapping exists: serial_number -> serial_number
   transform field mapping exists: monitor -> monitor
   transform field mapping exists: ip_address -> ip_address
   transform field mapping exists: model_id -> model_id
   skip virtual field: sys_tags
   skip system field: sys_import_state
   transform field mapping exists: cost_cc -> cost_cc
   transform field mapping exists: schedule -> schedule
   transform field mapping exists: order_date -> order_date
   transform field mapping exists: support_group -> support_group
   transform field mapping exists: due -> due
   transform field mapping exists: unverified -> unverified
   transform field mapping exists: correlation_id -> correlation_id
   transform field mapping exists: location -> location
   transform field mapping exists: attributes -> attributes
   skip system field: source_id
   transform field mapping exists: category -> category
   transform field mapping exists: asset -> asset
   transform field mapping exists: fault_count -> fault_count
   transform field mapping exists: lease_id -> lease_id
   transform field mapping exists: target_domain -> sys_domain
   transform field mapping exists: target_class_name -> sys_class_name
   transform field mapping exists: target_mod_count -> sys_mod_count
   transform field mapping exists: target_created_by -> sys_created_by
   transform field mapping exists: target_created_on -> sys_created_on
coalece field exists
--synchronise transform map complete--
--Check Import Set WS and Transform Map Completed--

2018/06/18 18:22:43.488 [INFO] Scripted Web Service is Synchronised [u_itsmb_dscy_net_base_n]
2018/06/18 18:22:43.977 [INFO] Initialisation 7 of 8 [CMDB LANs] Completed
2018/06/18 18:22:43.977 [DETAIL] Build Field Map [AST:WAN] started...
2018/06/18 18:22:44.048 [DETAIL] Remedy: Build Field Map [AST:WAN] complete, 109 entries
2018/06/18 18:22:44.051 [DETAIL] Create Remedy Qualification: 'ClassId' = "BMC_WAN" AND (0 = 1 AND 'Company' = "Calbro Services" OR 0 = 0) AND 'DatasetID' = "BMC.ASSET"
2018/06/18 18:22:44.100 [DETAIL] Add Project Variable [ManufacturerName [STRING]]
2018/06/18 18:22:44.100 [DETAIL] Create SNow Lookup Query: name#!#ManufacturerName#!#^manufacturer=true
2018/06/18 18:22:44.100 [DETAIL] Add Project Variable [Company [STRING]]
2018/06/18 18:22:44.100 [DETAIL] Create SNow Lookup Query: name#!#Company#!#
2018/06/18 18:22:44.100 [DETAIL] Add Project Variable [SupplierName [STRING]]
2018/06/18 18:22:44.100 [DETAIL] Create SNow Lookup Query: name#!#SupplierName#!#^vendor=true
2018/06/18 18:22:44.101 [DETAIL] Add Project Variable [Department [STRING]]
2018/06/18 18:22:44.101 [DETAIL] Create SNow Lookup Query: name#!#Department#!#^company#!#!Target Company SysID!#!#
2018/06/18 18:22:44.101 [DETAIL] Add Project Variable [Reconciliation Identity [STRING]]
2018/06/18 18:22:44.103 [DETAIL] Create Remedy Lookup Query: 'CI_Instance_ID' = ""
2018/06/18 18:22:44.104 [DETAIL] Add Project Variable [OwnerName [STRING]]
2018/06/18 18:22:44.104 [DETAIL] Create SNow Lookup Query: name#!#OwnerName#!#
2018/06/18 18:22:44.104 [DETAIL] Add Project Variable [Model [STRING]]
2018/06/18 18:22:44.104 [DETAIL] Add Project Variable [VersionNumber [STRING]]
2018/06/18 18:22:44.104 [DETAIL] Create SNow Lookup Query: name#!#Model#!#^model_number#!#VersionNumber#!#
2018/06/18 18:22:44.105 [DETAIL] Add Project Variable [Cost Center [STRING]]
2018/06/18 18:22:44.105 [DETAIL] Create SNow Lookup Query: code#!#Cost Center#!#
2018/06/18 18:22:44.105 [DETAIL] Add Project Variable [Site [STRING]]
2018/06/18 18:22:44.105 [DETAIL] Create SNow Lookup Query: name#!#Site#!#^company#!#!Target Company SysID!#!#
2018/06/18 18:22:44.106 [INFO] Synchronising Scripted Web Service [u_itsmb_dscy_net_base_n]
2018/06/18 18:22:45.925 [DETAIL] --Check Import WS Started--
   WS Name: u_itsmb_dscy_net_base_n
   Target Table: dscy_net_base
   Scope: global
   Run Business Rules: false
   include fields from tables: dscy_net_base,cmdb_ci,cmdb
--created ws import set: u_itsmb_dscy_net_base_n [dscy_net_base]--
--synchronise ws fields with target complete--
--transform map updated: u_itsmb_dscy_net_base_n
   transform field mapping exists: skip_sync -> skip_sync
   transform field mapping exists: operational_status -> operational_status
   skip system field: template_import_log
   skip system field: target_scope
   skip system field: sys_updated_on
   skip system field: target_class_name
   skip system field: sys_target_sys_id
   transform field mapping exists: first_discovered -> first_discovered
   transform field mapping exists: discovery_source -> discovery_source
   skip system field: sys_updated_by
   transform field mapping exists: due_in -> due_in
   skip system field: sys_created_on
   skip system field: sys_import_set
   transform field mapping exists: install_date -> install_date
   transform field mapping exists: invoice_number -> invoice_number
   skip system field: target_sys_id
   skip system field: target_created_by
   transform field mapping exists: gl_account -> gl_account
   skip system field: sys_created_by
   transform field mapping exists: warranty_expiration -> warranty_expiration
   skip system field: sys_import_row
   transform field mapping exists: asset_tag -> asset_tag
   skip system field: sys_row_error
   transform field mapping exists: fqdn -> fqdn
   skip system field: target_domain_path
   transform field mapping exists: change_control -> change_control
   transform field mapping exists: owned_by -> owned_by
   transform field mapping exists: checked_out -> checked_out
   skip system field: import_set_run
   transform field mapping exists: network_wire -> network_wire
   transform field mapping exists: delivery_date -> delivery_date
   transform field mapping exists: maintenance_schedule -> maintenance_schedule
   transform field mapping exists: install_status -> install_status
   transform field mapping exists: cost_center -> cost_center
   transform field mapping exists: supported_by -> supported_by
   transform field mapping exists: dns_domain -> dns_domain
   transform field mapping exists: name -> name
   transform field mapping exists: assigned -> assigned
   transform field mapping exists: subcategory -> subcategory
   transform field mapping exists: purchase_date -> purchase_date
   transform field mapping exists: short_description -> short_description
   skip system field: target_mod_count
   transform field mapping exists: assignment_group -> assignment_group
   transform field mapping exists: managed_by -> managed_by
   skip system field: batch_id
   skip system field: sys_import_state_comment
   transform field mapping exists: can_print -> can_print
   transform field mapping exists: last_discovered -> last_discovered
   skip system field: target_domain
   skip system field: sys_class_name
   transform field mapping exists: manufacturer -> manufacturer
   transform field mapping exists: po_number -> po_number
   transform field mapping exists: sys_class_path -> sys_class_path
   transform field mapping exists: checked_in -> checked_in
   transform field mapping exists: vendor -> vendor
   transform field mapping exists: mac_address -> mac_address
   skip system field: sys_transform_map
   transform field mapping exists: company -> company
   transform field mapping exists: justification -> justification
   transform field mapping exists: model_number -> model_number
   transform field mapping exists: department -> department
   transform field mapping exists: assigned_to -> assigned_to
   transform field mapping exists: start_date -> start_date
   transform field mapping exists: comments -> comments
   transform field mapping exists: cost -> cost
   skip system field: sys_target_table
   skip system field: target_created_on
   skip system field: sys_mod_count
   transform field mapping exists: serial_number -> serial_number
   transform field mapping exists: monitor -> monitor
   transform field mapping exists: ip_address -> ip_address
   transform field mapping exists: model_id -> model_id
   skip virtual field: sys_tags
   skip system field: sys_import_state
   transform field mapping exists: cost_cc -> cost_cc
   transform field mapping exists: schedule -> schedule
   transform field mapping exists: order_date -> order_date
   transform field mapping exists: support_group -> support_group
   transform field mapping exists: due -> due
   transform field mapping exists: unverified -> unverified
   transform field mapping exists: correlation_id -> correlation_id
   transform field mapping exists: location -> location
   transform field mapping exists: attributes -> attributes
   skip system field: source_id
   transform field mapping exists: category -> category
   transform field mapping exists: asset -> asset
   transform field mapping exists: fault_count -> fault_count
   transform field mapping exists: lease_id -> lease_id
   transform field mapping exists: target_domain -> sys_domain
   transform field mapping exists: target_class_name -> sys_class_name
   transform field mapping exists: target_mod_count -> sys_mod_count
   transform field mapping exists: target_created_by -> sys_created_by
   transform field mapping exists: target_created_on -> sys_created_on
coalece field exists
--synchronise transform map complete--
--Check Import Set WS and Transform Map Completed--

2018/06/18 18:22:45.926 [INFO] Scripted Web Service is Synchronised [u_itsmb_dscy_net_base_n]
2018/06/18 18:22:46.709 [INFO] Initialisation 8 of 8 [CMDB WANs] Completed
2018/06/18 18:22:46.709 [INFO] ### Initialisation Step Complete
2018/06/18 18:22:46.709 [INFO] [CMDB Concrete Collection] Key Mapping Cache AST:ConcreteCollection -> Network Infrastructure Item Ready.
2018/06/18 18:22:46.709 [INFO] [CMDB Concrete Collection] Migration in progress.
2018/06/18 18:22:46.710 [DETAIL] [CMDB Concrete Collection Chunk 0] Data Retrieve Started...
2018/06/18 18:22:46.740 [DETAIL] [CMDB Concrete Collection Chunk 0] Data Transform Started...
2018/06/18 18:22:46.740 [DETAIL] [CMDB Concrete Collection Chunk 0] Data Update Started...
2018/06/18 18:22:46.740 [INFO] Migration Completed 
2018/06/18 18:22:46.740 [INFO] Summary...  Created:0 Updated:0 Skipped:0 Errors:0 [Warnings 0]
2018/06/18 18:22:46.741 [INFO] [CMDB Connectivity Collection] Key Mapping Cache AST:ConnectivityCollection -> Network Infrastructure Item Ready.
2018/06/18 18:22:46.741 [INFO] [CMDB Connectivity Collection] Migration in progress.
2018/06/18 18:22:46.741 [DETAIL] [CMDB Connectivity Collection Chunk 0] Data Retrieve Started...
2018/06/18 18:22:46.763 [DETAIL] [CMDB Connectivity Collection Chunk 0] Data Transform Started...
2018/06/18 18:22:46.763 [DETAIL] [CMDB Connectivity Collection Chunk 0] Data Update Started...
2018/06/18 18:22:46.763 [INFO] Migration Completed 
2018/06/18 18:22:46.763 [INFO] Summary...  Created:0 Updated:0 Skipped:0 Errors:0 [Warnings 0]
2018/06/18 18:22:46.765 [INFO] [CMDB Connectivity Segment] Key Mapping Cache AST:ConnectivitySegment -> Network Infrastructure Item Ready.
2018/06/18 18:22:46.765 [INFO] [CMDB Connectivity Segment] Migration in progress.
2018/06/18 18:22:46.765 [DETAIL] [CMDB Connectivity Segment Chunk 0] Data Retrieve Started...
2018/06/18 18:22:46.790 [DETAIL] [CMDB Connectivity Segment Chunk 0] Data Transform Started...
2018/06/18 18:22:46.790 [DETAIL] [CMDB Connectivity Segment Chunk 0] Data Update Started...
2018/06/18 18:22:46.790 [INFO] Migration Completed 
2018/06/18 18:22:46.790 [INFO] Summary...  Created:0 Updated:0 Skipped:0 Errors:0 [Warnings 0]
2018/06/18 18:22:46.791 [INFO] [CMDB IP Subnet] Key Mapping Cache AST:IPConnectivitySubnet -> Network Infrastructure Item Ready.
2018/06/18 18:22:46.791 [INFO] [CMDB IP Subnet] Migration in progress.
2018/06/18 18:22:46.791 [DETAIL] [CMDB IP Subnet Chunk 0] Data Retrieve Started...
2018/06/18 18:22:46.816 [DETAIL] [CMDB IP Subnet Chunk 0] Data Transform Started...
2018/06/18 18:22:46.816 [DETAIL] Add Project Variable [justification [STRING]]
2018/06/18 18:22:46.816 [DETAIL] Create SNow Lookup Query: justification#!#justification#!#
2018/06/18 18:22:46.816 [DETAIL] Lookup Batch Retrieve-Start
2018/06/18 18:22:46.816 [DETAIL] [src=null] SNow Qual: nameISEMPTY^manufacturer=true
2018/06/18 18:22:46.816 [DETAIL] [src=null] SNow Qual: nameISEMPTY^manufacturer=true
2018/06/18 18:22:46.816 [DETAIL] [src=null] SNow Qual: nameISEMPTY^manufacturer=true
2018/06/18 18:22:47.276 [DETAIL] Lookup Batch Retrieve-End
2018/06/18 18:22:47.276 [DETAIL] Lookup Batch Retrieve-Start
2018/06/18 18:22:47.276 [DETAIL] [src=null] SNow Qual: name=Calbro Services
2018/06/18 18:22:47.276 [DETAIL] [src=null] SNow Qual: name=Calbro Services
2018/06/18 18:22:47.276 [DETAIL] [src=null] SNow Qual: name=Calbro Services
2018/06/18 18:22:47.531 [DETAIL] Lookup Batch Retrieve-End
2018/06/18 18:22:47.531 [DETAIL] Lookup Batch Retrieve-Start
2018/06/18 18:22:47.531 [DETAIL] [src=null] SNow Qual: nameISEMPTY^vendor=true
2018/06/18 18:22:47.531 [DETAIL] [src=null] SNow Qual: nameISEMPTY^vendor=true
2018/06/18 18:22:47.531 [DETAIL] [src=null] SNow Qual: nameISEMPTY^vendor=true
2018/06/18 18:22:47.992 [DETAIL] Lookup Batch Retrieve-End
2018/06/18 18:22:47.993 [DETAIL] Lookup Batch Retrieve-Start
2018/06/18 18:22:47.993 [DETAIL] [src=null] SNow Qual: nameISEMPTY^company=fc04f09ddb3213007f3873278c96197b
2018/06/18 18:22:47.993 [DETAIL] [src=null] SNow Qual: nameISEMPTY^company=fc04f09ddb3213007f3873278c96197b
2018/06/18 18:22:47.993 [DETAIL] [src=null] SNow Qual: nameISEMPTY^company=fc04f09ddb3213007f3873278c96197b
2018/06/18 18:22:48.438 [DETAIL] Lookup Batch Retrieve-End
2018/06/18 18:22:48.439 [DETAIL] Lookup Batch Retrieve-Start
2018/06/18 18:22:48.456 [DETAIL] Lookup Batch Retrieve-End
2018/06/18 18:22:48.456 [DETAIL] Lookup Batch Retrieve-Start
2018/06/18 18:22:48.456 [DETAIL] [src=null] SNow Qual: nameISEMPTY
2018/06/18 18:22:48.456 [DETAIL] [src=null] SNow Qual: nameISEMPTY
2018/06/18 18:22:48.456 [DETAIL] [src=null] SNow Qual: nameISEMPTY
2018/06/18 18:22:48.901 [DETAIL] Lookup Batch Retrieve-End
2018/06/18 18:22:48.901 [DETAIL] Lookup Batch Retrieve-Start
2018/06/18 18:22:48.901 [DETAIL] [src=null] SNow Qual: nameISEMPTY^model_numberISEMPTY
2018/06/18 18:22:48.901 [DETAIL] [src=null] SNow Qual: nameISEMPTY^model_numberISEMPTY
2018/06/18 18:22:48.901 [DETAIL] [src=null] SNow Qual: nameISEMPTY^model_numberISEMPTY
2018/06/18 18:22:49.925 [DETAIL] Lookup Batch Retrieve-End
2018/06/18 18:22:49.926 [DETAIL] Lookup Batch Retrieve-Start
2018/06/18 18:22:49.926 [DETAIL] [src=null] SNow Qual: code=Unallocated
2018/06/18 18:22:49.926 [DETAIL] [src=null] SNow Qual: code=Unallocated
2018/06/18 18:22:49.926 [DETAIL] [src=null] SNow Qual: code=Unallocated
2018/06/18 18:22:50.378 [DETAIL] Lookup Batch Retrieve-End
2018/06/18 18:22:50.378 [DETAIL] Lookup Batch Retrieve-Start
2018/06/18 18:22:50.378 [DETAIL] [src=null] SNow Qual: nameISEMPTY^company=fc04f09ddb3213007f3873278c96197b
2018/06/18 18:22:50.378 [DETAIL] [src=null] SNow Qual: nameISEMPTY^company=fc04f09ddb3213007f3873278c96197b
2018/06/18 18:22:50.378 [DETAIL] [src=null] SNow Qual: nameISEMPTY^company=fc04f09ddb3213007f3873278c96197b
2018/06/18 18:22:50.816 [DETAIL] Lookup Batch Retrieve-End
2018/06/18 18:22:50.816 [DETAIL] Lookup Batch Retrieve-Start
2018/06/18 18:22:50.816 [DETAIL] [src=000000000000001|000000000000004|000000000000684|000000000000122] SNow Qual: justification=OI-E58012E8521A4FA499EF0FF1FF412FAF
2018/06/18 18:22:50.816 [DETAIL] [src=000000000000001|000000000000005|000000000000685|000000000000123] SNow Qual: justification=OI-BD9019FD795C43988AA04010C581D564
2018/06/18 18:22:50.816 [DETAIL] [src=000000000000001|000000000000006|000000000000686|000000000000124] SNow Qual: justification=OI-585D73E4EAFA42A8BBC9C668CF44700A
2018/06/18 18:22:51.259 [DETAIL] Lookup Batch Retrieve-End
2018/06/18 18:22:51.260 [DETAIL] [CMDB IP Subnet Chunk 0] Data Update Started...
2018/06/18 18:22:51.260 [DETAIL] Batch Insert of 3 Entries Started
2018/06/18 18:22:51.830 [DETAIL] Create entry complete [src=000000000000001|000000000000004|000000000000684|000000000000122 tgt=ca45b8dddb3213007f3873278c961946]
2018/06/18 18:22:51.830 [DETAIL] Create entry complete [src=000000000000001|000000000000005|000000000000685|000000000000123 tgt=d645b8dddb3213007f3873278c961947]
2018/06/18 18:22:51.830 [DETAIL] Create entry complete [src=000000000000001|000000000000006|000000000000686|000000000000124 tgt=1e45b8dddb3213007f3873278c961947]
2018/06/18 18:22:51.832 [INFO] Migration Completed 
2018/06/18 18:22:51.832 [INFO] Summary...  Created:3 Updated:0 Skipped:0 Errors:0 [Warnings 0]
2018/06/18 18:22:51.834 [INFO] [CMDB IPX Network] Key Mapping Cache AST:IPXConnectivityNetwork -> Network Infrastructure Item Ready.
2018/06/18 18:22:51.834 [INFO] [CMDB IPX Network] Migration in progress.
2018/06/18 18:22:51.834 [DETAIL] [CMDB IPX Network Chunk 0] Data Retrieve Started...
2018/06/18 18:22:51.874 [DETAIL] [CMDB IPX Network Chunk 0] Data Transform Started...
2018/06/18 18:22:51.874 [DETAIL] [CMDB IPX Network Chunk 0] Data Update Started...
2018/06/18 18:22:51.874 [INFO] Migration Completed 
2018/06/18 18:22:51.874 [INFO] Summary...  Created:0 Updated:0 Skipped:0 Errors:0 [Warnings 0]
2018/06/18 18:22:51.876 [INFO] [CMDB LNs Collection] Key Mapping Cache AST:LNsCollection -> Network Infrastructure Item Ready.
2018/06/18 18:22:51.876 [INFO] [CMDB LNs Collection] Migration in progress.
2018/06/18 18:22:51.876 [DETAIL] [CMDB LNs Collection Chunk 0] Data Retrieve Started...
2018/06/18 18:22:51.890 [DETAIL] [CMDB LNs Collection Chunk 0] Data Transform Started...
2018/06/18 18:22:51.890 [DETAIL] [CMDB LNs Collection Chunk 0] Data Update Started...
2018/06/18 18:22:51.890 [INFO] Migration Completed 
2018/06/18 18:22:51.890 [INFO] Summary...  Created:0 Updated:0 Skipped:0 Errors:0 [Warnings 0]
2018/06/18 18:22:51.893 [INFO] [CMDB LANs] Key Mapping Cache AST:LAN -> Network Infrastructure Item Ready.
2018/06/18 18:22:51.893 [INFO] [CMDB LANs] Migration in progress.
2018/06/18 18:22:51.893 [DETAIL] [CMDB LANs Chunk 0] Data Retrieve Started...
2018/06/18 18:22:51.910 [DETAIL] [CMDB LANs Chunk 0] Data Transform Started...
2018/06/18 18:22:51.910 [DETAIL] [CMDB LANs Chunk 0] Data Update Started...
2018/06/18 18:22:51.910 [INFO] Migration Completed 
2018/06/18 18:22:51.910 [INFO] Summary...  Created:0 Updated:0 Skipped:0 Errors:0 [Warnings 0]
2018/06/18 18:22:51.912 [INFO] [CMDB WANs] Key Mapping Cache AST:WAN -> Network Infrastructure Item Ready.
2018/06/18 18:22:51.913 [INFO] [CMDB WANs] Migration in progress.
2018/06/18 18:22:51.913 [DETAIL] [CMDB WANs Chunk 0] Data Retrieve Started...
2018/06/18 18:22:51.954 [DETAIL] [CMDB WANs Chunk 0] Data Transform Started...
2018/06/18 18:22:51.954 [DETAIL] [CMDB WANs Chunk 0] Data Update Started...
2018/06/18 18:22:51.954 [INFO] Migration Completed 
2018/06/18 18:22:51.954 [INFO] Summary...  Created:0 Updated:0 Skipped:0 Errors:0 [Warnings 0]
2018/06/18 18:22:51.954 [DETAIL] Closing Execution Task...
2018/06/18 18:22:51.968 [INFO] Execution has completed [Execution ID=2018-06-18_18-21]
2018/06/18 18:22:51.968 [INFO] --END OF LOG--
