2018/06/16 19:46:42.503 [INFO] Log Level set to Detail
2018/06/16 19:46:42.503 [INFO] ITSM Bridge version 3.7.14
2018/06/16 19:46:42.503 [INFO] Execution of CI4 version 1
2018/06/16 19:46:42.503 [INFO] Set Variable Single Company to value 'FALSE'
2018/06/16 19:46:42.503 [INFO] Set Variable Company Name to value 'Calbro Services'
2018/06/16 19:46:42.503 [INFO] Set Variable DataSet to value 'BMC.ASSET'
2018/06/16 19:46:42.505 [INFO] Execution started... [Execution ID=2018-06-16_19-46]
2018/06/16 19:46:42.506 [INFO] Initialisation Step Started...
2018/06/16 19:46:42.506 [INFO] Source Server Connected
2018/06/16 19:46:42.507 [DETAIL] Build Field Map [v_plugin] started...
2018/06/16 19:46:43.655 [DETAIL] SNow: Build Field Map [v_plugin] complete, 25 entries
2018/06/16 19:46:44.074 [INFO] Target Server Connected
2018/06/16 19:46:44.074 [DETAIL] Remedy Cache Initialisation started...
2018/06/16 19:46:44.074 [DETAIL] Remedy Cache Initialisation complete
2018/06/16 19:46:44.074 [INFO] Source Server Cache Initialised
2018/06/16 19:46:44.074 [DETAIL] Service Now Cache Initialisation started...
2018/06/16 19:46:44.074 [DETAIL] Service Now Cache Initialisation complete
2018/06/16 19:46:44.074 [INFO] Target Server Cache Initialised
2018/06/16 19:46:44.075 [DETAIL] Top Level Project Validation Completed
2018/06/16 19:46:44.075 [DETAIL] Build Field Map [AST:ConcreteCollection] started...
2018/06/16 19:46:44.135 [DETAIL] Remedy: Build Field Map [AST:ConcreteCollection] complete, 113 entries
2018/06/16 19:46:44.137 [DETAIL] Create Remedy Qualification: 'Class Id' = "BMC.CORE:BMC_CONCRETECOLLECTION" AND (0 = 1 AND 'Company' = "Calbro Services" OR 0 = 0) AND 'Data Set Id' = "BMC.ASSET"
2018/06/16 19:46:44.140 [DETAIL] Build Field Map [dscy_net_base] started...
2018/06/16 19:46:46.488 [DETAIL] SNow: Build Field Map [dscy_net_base] complete, 70 entries
2018/06/16 19:46:46.488 [DETAIL] Build Field Map [cmdb_ci] started...
2018/06/16 19:46:48.365 [DETAIL] SNow: Build Field Map [cmdb_ci] complete, 70 entries
2018/06/16 19:46:48.365 [DETAIL] Build Field Map [cmdb] started...
2018/06/16 19:46:49.883 [DETAIL] SNow: Build Field Map [cmdb] complete, 70 entries
2018/06/16 19:46:49.883 [DETAIL] Build Field Map [core_company] started...
2018/06/16 19:46:50.928 [DETAIL] SNow: Build Field Map [core_company] complete, 44 entries
2018/06/16 19:46:50.928 [DETAIL] Build Field Map [cmn_department] started...
2018/06/16 19:46:51.296 [DETAIL] SNow: Build Field Map [cmn_department] complete, 15 entries
2018/06/16 19:46:51.296 [DETAIL] Build Field Map [AST:WorkLog] started...
2018/06/16 19:46:51.325 [DETAIL] Remedy: Build Field Map [AST:WorkLog] complete, 49 entries
2018/06/16 19:46:51.325 [DETAIL] Build Field Map [cmdb_model] started...
2018/06/16 19:46:52.532 [DETAIL] SNow: Build Field Map [cmdb_model] complete, 38 entries
2018/06/16 19:46:52.532 [DETAIL] Build Field Map [cmn_cost_center] started...
2018/06/16 19:46:52.893 [DETAIL] SNow: Build Field Map [cmn_cost_center] complete, 14 entries
2018/06/16 19:46:52.893 [DETAIL] Build Field Map [cmn_location] started...
2018/06/16 19:46:53.585 [DETAIL] SNow: Build Field Map [cmn_location] complete, 24 entries
2018/06/16 19:46:53.586 [DETAIL] Add Project Variable [Manufacturer Name+ [STRING]]
2018/06/16 19:46:53.586 [DETAIL] Create SNow Lookup Query: name#!#Manufacturer Name+#!#^manufacturer=true
2018/06/16 19:46:53.587 [DETAIL] Add Project Variable [Company [STRING]]
2018/06/16 19:46:53.587 [DETAIL] Create SNow Lookup Query: name#!#Company#!#
2018/06/16 19:46:53.587 [DETAIL] Add Project Variable [Supplier Name+ [STRING]]
2018/06/16 19:46:53.587 [DETAIL] Create SNow Lookup Query: name#!#Supplier Name+#!#^vendor=true
2018/06/16 19:46:53.588 [DETAIL] Add Project Variable [Department [STRING]]
2018/06/16 19:46:53.588 [DETAIL] Create SNow Lookup Query: name#!#Department#!#^company#!#!Target Company SysID!#!#
2018/06/16 19:46:53.588 [DETAIL] Add Project Variable [Reconciliation Identity [STRING]]
2018/06/16 19:46:53.593 [DETAIL] Create Remedy Lookup Query: 'CI_Instance_ID' = ""
2018/06/16 19:46:53.593 [DETAIL] Add Project Variable [Owner_name [STRING]]
2018/06/16 19:46:53.594 [DETAIL] Create SNow Lookup Query: name#!#Owner_name#!#
2018/06/16 19:46:53.594 [DETAIL] Add Project Variable [Version Number [STRING]]
2018/06/16 19:46:53.594 [DETAIL] Add Project Variable [Model Number [STRING]]
2018/06/16 19:46:53.594 [DETAIL] Create SNow Lookup Query: name#!#Model Number#!#^model_number#!#Version Number#!#
2018/06/16 19:46:53.595 [DETAIL] Add Project Variable [Cost Center [STRING]]
2018/06/16 19:46:53.595 [DETAIL] Create SNow Lookup Query: code#!#Cost Center#!#
2018/06/16 19:46:53.596 [DETAIL] Add Project Variable [Site [STRING]]
2018/06/16 19:46:53.596 [DETAIL] Create SNow Lookup Query: name#!#Site#!#^company#!#!Target Company SysID!#!#
2018/06/16 19:46:53.598 [DETAIL] Build Field Map [sys_web_service] started...
2018/06/16 19:46:53.901 [DETAIL] SNow: Build Field Map [sys_web_service] complete, 9 entries
2018/06/16 19:46:53.901 [DETAIL] Build Field Map [sys_metadata] started...
2018/06/16 19:46:54.692 [DETAIL] SNow: Build Field Map [sys_metadata] complete, 20 entries
2018/06/16 19:46:55.101 [INFO] Synchronising Scripted Web Service [u_itsmb_dscy_net_base_n]
2018/06/16 19:46:56.870 [DETAIL] --Check Import WS Started--
   WS Name: u_itsmb_dscy_net_base_n
   Target Table: dscy_net_base
   Scope: global
   Run Business Rules: false
   include fields from tables: dscy_net_base,cmdb_ci,cmdb
--created ws import set: u_itsmb_dscy_net_base_n [dscy_net_base]--
--synchronise ws fields with target complete--
--transform map updated: u_itsmb_dscy_net_base_n
   transform field mapping exists: skip_sync -> skip_sync
   transform field mapping exists: operational_status -> operational_status
   skip system field: template_import_log
   skip system field: target_scope
   skip system field: sys_updated_on
   skip system field: target_class_name
   skip system field: sys_target_sys_id
   transform field mapping exists: first_discovered -> first_discovered
   transform field mapping exists: discovery_source -> discovery_source
   skip system field: sys_updated_by
   transform field mapping exists: due_in -> due_in
   skip system field: sys_created_on
   skip system field: sys_import_set
   transform field mapping exists: install_date -> install_date
   skip system field: target_sys_id
   transform field mapping exists: invoice_number -> invoice_number
   transform field mapping exists: gl_account -> gl_account
   skip system field: target_created_by
   skip system field: sys_created_by
   transform field mapping exists: warranty_expiration -> warranty_expiration
   skip system field: sys_import_row
   transform field mapping exists: asset_tag -> asset_tag
   skip system field: sys_row_error
   transform field mapping exists: fqdn -> fqdn
   skip system field: target_domain_path
   transform field mapping exists: change_control -> change_control
   transform field mapping exists: owned_by -> owned_by
   transform field mapping exists: checked_out -> checked_out
   skip system field: import_set_run
   transform field mapping exists: network_wire -> network_wire
   transform field mapping exists: delivery_date -> delivery_date
   transform field mapping exists: maintenance_schedule -> maintenance_schedule
   transform field mapping exists: install_status -> install_status
   transform field mapping exists: cost_center -> cost_center
   transform field mapping exists: supported_by -> supported_by
   transform field mapping exists: dns_domain -> dns_domain
   transform field mapping exists: name -> name
   transform field mapping exists: assigned -> assigned
   transform field mapping exists: subcategory -> subcategory
   transform field mapping exists: purchase_date -> purchase_date
   transform field mapping exists: short_description -> short_description
   skip system field: target_mod_count
   transform field mapping exists: assignment_group -> assignment_group
   skip system field: batch_id
   transform field mapping exists: managed_by -> managed_by
   skip system field: sys_import_state_comment
   transform field mapping exists: can_print -> can_print
   skip system field: target_domain
   transform field mapping exists: last_discovered -> last_discovered
   skip system field: sys_class_name
   transform field mapping exists: manufacturer -> manufacturer
   transform field mapping exists: po_number -> po_number
   transform field mapping exists: checked_in -> checked_in
   transform field mapping exists: sys_class_path -> sys_class_path
   transform field mapping exists: vendor -> vendor
   transform field mapping exists: mac_address -> mac_address
   skip system field: sys_transform_map
   transform field mapping exists: company -> company
   transform field mapping exists: model_number -> model_number
   transform field mapping exists: justification -> justification
   transform field mapping exists: department -> department
   transform field mapping exists: assigned_to -> assigned_to
   transform field mapping exists: start_date -> start_date
   transform field mapping exists: cost -> cost
   transform field mapping exists: comments -> comments
   skip system field: sys_target_table
   skip system field: target_created_on
   skip system field: sys_mod_count
   transform field mapping exists: serial_number -> serial_number
   transform field mapping exists: monitor -> monitor
   transform field mapping exists: model_id -> model_id
   transform field mapping exists: ip_address -> ip_address
   skip virtual field: sys_tags
   skip system field: sys_import_state
   transform field mapping exists: cost_cc -> cost_cc
   transform field mapping exists: support_group -> support_group
   transform field mapping exists: order_date -> order_date
   transform field mapping exists: schedule -> schedule
   transform field mapping exists: due -> due
   transform field mapping exists: unverified -> unverified
   transform field mapping exists: correlation_id -> correlation_id
   transform field mapping exists: location -> location
   transform field mapping exists: attributes -> attributes
   skip system field: source_id
   transform field mapping exists: category -> category
   transform field mapping exists: asset -> asset
   transform field mapping exists: fault_count -> fault_count
   transform field mapping exists: lease_id -> lease_id
   transform field mapping exists: target_domain -> sys_domain
   transform field mapping exists: target_class_name -> sys_class_name
   transform field mapping exists: target_mod_count -> sys_mod_count
   transform field mapping exists: target_created_by -> sys_created_by
   transform field mapping exists: target_created_on -> sys_created_on
coalece field exists
--synchronise transform map complete--
--Check Import Set WS and Transform Map Completed--

2018/06/16 19:46:56.870 [INFO] Scripted Web Service is Synchronised [u_itsmb_dscy_net_base_n]
2018/06/16 19:46:56.870 [DETAIL] Build Field Map [u_itsmb_dscy_net_base_n] started...
2018/06/16 19:46:59.148 [DETAIL] SNow: Build Field Map [u_itsmb_dscy_net_base_n] complete, 72 entries
2018/06/16 19:46:59.148 [DETAIL] Build Field Map [sys_import_set_row] started...
2018/06/16 19:47:01.750 [DETAIL] SNow: Build Field Map [sys_import_set_row] complete, 88 entries
2018/06/16 19:47:02.212 [INFO] Initialisation 1 of 8 [CMDB Concrete Collection] Completed
2018/06/16 19:47:02.212 [DETAIL] Build Field Map [AST:ConnectivityCollection] started...
2018/06/16 19:47:02.298 [DETAIL] Remedy: Build Field Map [AST:ConnectivityCollection] complete, 116 entries
2018/06/16 19:47:02.306 [DETAIL] Create Remedy Qualification: 'ClassId' = "BMC_CONNECTIVITYGROUP" AND (0 = 1 AND 'Company' = "Calbro Services" OR 0 = 0) AND 'DatasetID' = "BMC.ASSET"
2018/06/16 19:47:02.321 [DETAIL] Add Project Variable [ManufacturerName [STRING]]
2018/06/16 19:47:02.321 [DETAIL] Create SNow Lookup Query: name#!#ManufacturerName#!#^manufacturer=true
2018/06/16 19:47:02.322 [DETAIL] Add Project Variable [Company [STRING]]
2018/06/16 19:47:02.322 [DETAIL] Create SNow Lookup Query: name#!#Company#!#
2018/06/16 19:47:02.322 [DETAIL] Add Project Variable [SupplierName [STRING]]
2018/06/16 19:47:02.322 [DETAIL] Create SNow Lookup Query: name#!#SupplierName#!#^vendor=true
2018/06/16 19:47:02.322 [DETAIL] Add Project Variable [Department [STRING]]
2018/06/16 19:47:02.322 [DETAIL] Create SNow Lookup Query: name#!#Department#!#^company#!#!Target Company SysID!#!#
2018/06/16 19:47:02.322 [DETAIL] Add Project Variable [Reconciliation Identity [STRING]]
2018/06/16 19:47:02.324 [DETAIL] Create Remedy Lookup Query: 'CI_Instance_ID' = ""
2018/06/16 19:47:02.325 [DETAIL] Add Project Variable [OwnerName [STRING]]
2018/06/16 19:47:02.325 [DETAIL] Create SNow Lookup Query: name#!#OwnerName#!#
2018/06/16 19:47:02.325 [DETAIL] Add Project Variable [Model [STRING]]
2018/06/16 19:47:02.325 [DETAIL] Add Project Variable [VersionNumber [STRING]]
2018/06/16 19:47:02.325 [DETAIL] Create SNow Lookup Query: name#!#Model#!#^model_number#!#VersionNumber#!#
2018/06/16 19:47:02.326 [DETAIL] Add Project Variable [Cost Center [STRING]]
2018/06/16 19:47:02.326 [DETAIL] Create SNow Lookup Query: code#!#Cost Center#!#
2018/06/16 19:47:02.326 [DETAIL] Add Project Variable [Site [STRING]]
2018/06/16 19:47:02.326 [DETAIL] Create SNow Lookup Query: name#!#Site#!#^company#!#!Target Company SysID!#!#
2018/06/16 19:47:02.327 [INFO] Synchronising Scripted Web Service [u_itsmb_dscy_net_base_n]
2018/06/16 19:47:04.183 [DETAIL] --Check Import WS Started--
   WS Name: u_itsmb_dscy_net_base_n
   Target Table: dscy_net_base
   Scope: global
   Run Business Rules: false
   include fields from tables: dscy_net_base,cmdb_ci,cmdb
--created ws import set: u_itsmb_dscy_net_base_n [dscy_net_base]--
--synchronise ws fields with target complete--
--transform map updated: u_itsmb_dscy_net_base_n
   transform field mapping exists: skip_sync -> skip_sync
   transform field mapping exists: operational_status -> operational_status
   skip system field: template_import_log
   skip system field: target_scope
   skip system field: sys_updated_on
   skip system field: target_class_name
   skip system field: sys_target_sys_id
   transform field mapping exists: first_discovered -> first_discovered
   transform field mapping exists: discovery_source -> discovery_source
   skip system field: sys_updated_by
   transform field mapping exists: due_in -> due_in
   skip system field: sys_created_on
   skip system field: sys_import_set
   transform field mapping exists: install_date -> install_date
   skip system field: target_sys_id
   transform field mapping exists: invoice_number -> invoice_number
   transform field mapping exists: gl_account -> gl_account
   skip system field: target_created_by
   skip system field: sys_created_by
   transform field mapping exists: warranty_expiration -> warranty_expiration
   skip system field: sys_import_row
   transform field mapping exists: asset_tag -> asset_tag
   skip system field: sys_row_error
   transform field mapping exists: fqdn -> fqdn
   skip system field: target_domain_path
   transform field mapping exists: change_control -> change_control
   transform field mapping exists: owned_by -> owned_by
   transform field mapping exists: checked_out -> checked_out
   skip system field: import_set_run
   transform field mapping exists: network_wire -> network_wire
   transform field mapping exists: delivery_date -> delivery_date
   transform field mapping exists: maintenance_schedule -> maintenance_schedule
   transform field mapping exists: install_status -> install_status
   transform field mapping exists: cost_center -> cost_center
   transform field mapping exists: supported_by -> supported_by
   transform field mapping exists: dns_domain -> dns_domain
   transform field mapping exists: name -> name
   transform field mapping exists: assigned -> assigned
   transform field mapping exists: subcategory -> subcategory
   transform field mapping exists: purchase_date -> purchase_date
   transform field mapping exists: short_description -> short_description
   skip system field: target_mod_count
   transform field mapping exists: assignment_group -> assignment_group
   skip system field: batch_id
   transform field mapping exists: managed_by -> managed_by
   skip system field: sys_import_state_comment
   transform field mapping exists: can_print -> can_print
   skip system field: target_domain
   transform field mapping exists: last_discovered -> last_discovered
   skip system field: sys_class_name
   transform field mapping exists: manufacturer -> manufacturer
   transform field mapping exists: po_number -> po_number
   transform field mapping exists: checked_in -> checked_in
   transform field mapping exists: sys_class_path -> sys_class_path
   transform field mapping exists: vendor -> vendor
   transform field mapping exists: mac_address -> mac_address
   skip system field: sys_transform_map
   transform field mapping exists: company -> company
   transform field mapping exists: model_number -> model_number
   transform field mapping exists: justification -> justification
   transform field mapping exists: department -> department
   transform field mapping exists: assigned_to -> assigned_to
   transform field mapping exists: start_date -> start_date
   transform field mapping exists: cost -> cost
   transform field mapping exists: comments -> comments
   skip system field: sys_target_table
   skip system field: target_created_on
   skip system field: sys_mod_count
   transform field mapping exists: serial_number -> serial_number
   transform field mapping exists: monitor -> monitor
   transform field mapping exists: model_id -> model_id
   transform field mapping exists: ip_address -> ip_address
   skip virtual field: sys_tags
   skip system field: sys_import_state
   transform field mapping exists: cost_cc -> cost_cc
   transform field mapping exists: support_group -> support_group
   transform field mapping exists: order_date -> order_date
   transform field mapping exists: schedule -> schedule
   transform field mapping exists: due -> due
   transform field mapping exists: unverified -> unverified
   transform field mapping exists: correlation_id -> correlation_id
   transform field mapping exists: location -> location
   transform field mapping exists: attributes -> attributes
   skip system field: source_id
   transform field mapping exists: category -> category
   transform field mapping exists: asset -> asset
   transform field mapping exists: fault_count -> fault_count
   transform field mapping exists: lease_id -> lease_id
   transform field mapping exists: target_domain -> sys_domain
   transform field mapping exists: target_class_name -> sys_class_name
   transform field mapping exists: target_mod_count -> sys_mod_count
   transform field mapping exists: target_created_by -> sys_created_by
   transform field mapping exists: target_created_on -> sys_created_on
coalece field exists
--synchronise transform map complete--
--Check Import Set WS and Transform Map Completed--

2018/06/16 19:47:04.183 [INFO] Scripted Web Service is Synchronised [u_itsmb_dscy_net_base_n]
2018/06/16 19:47:04.642 [INFO] Initialisation 2 of 8 [CMDB Connectivity Collection] Completed
2018/06/16 19:47:04.642 [DETAIL] Build Field Map [AST:ConnectivitySegment] started...
2018/06/16 19:47:04.761 [DETAIL] Remedy: Build Field Map [AST:ConnectivitySegment] complete, 110 entries
2018/06/16 19:47:04.763 [DETAIL] Create Remedy Qualification: 'ClassId' = "BMC_CONNECTIVITYSEGMENT" AND (0 = 1 AND 'Company' = "Calbro Services" OR 0 = 0) AND 'DatasetID' = "BMC.ASSET"
2018/06/16 19:47:04.775 [DETAIL] Add Project Variable [ManufacturerName [STRING]]
2018/06/16 19:47:04.775 [DETAIL] Create SNow Lookup Query: name#!#ManufacturerName#!#^manufacturer=true
2018/06/16 19:47:04.775 [DETAIL] Add Project Variable [Company [STRING]]
2018/06/16 19:47:04.775 [DETAIL] Create SNow Lookup Query: name#!#Company#!#
2018/06/16 19:47:04.775 [DETAIL] Add Project Variable [SupplierName [STRING]]
2018/06/16 19:47:04.775 [DETAIL] Create SNow Lookup Query: name#!#SupplierName#!#^vendor=true
2018/06/16 19:47:04.777 [DETAIL] Add Project Variable [Department [STRING]]
2018/06/16 19:47:04.777 [DETAIL] Create SNow Lookup Query: name#!#Department#!#^company#!#!Target Company SysID!#!#
2018/06/16 19:47:04.777 [DETAIL] Add Project Variable [Reconciliation Identity [STRING]]
2018/06/16 19:47:04.779 [DETAIL] Create Remedy Lookup Query: 'CI_Instance_ID' = ""
2018/06/16 19:47:04.779 [DETAIL] Add Project Variable [OwnerName [STRING]]
2018/06/16 19:47:04.779 [DETAIL] Create SNow Lookup Query: name#!#OwnerName#!#
2018/06/16 19:47:04.779 [DETAIL] Add Project Variable [Model [STRING]]
2018/06/16 19:47:04.779 [DETAIL] Add Project Variable [VersionNumber [STRING]]
2018/06/16 19:47:04.779 [DETAIL] Create SNow Lookup Query: name#!#Model#!#^model_number#!#VersionNumber#!#
2018/06/16 19:47:04.779 [DETAIL] Add Project Variable [Cost Center [STRING]]
2018/06/16 19:47:04.779 [DETAIL] Create SNow Lookup Query: code#!#Cost Center#!#
2018/06/16 19:47:04.779 [DETAIL] Add Project Variable [Site [STRING]]
2018/06/16 19:47:04.779 [DETAIL] Create SNow Lookup Query: name#!#Site#!#^company#!#!Target Company SysID!#!#
2018/06/16 19:47:04.781 [INFO] Synchronising Scripted Web Service [u_itsmb_dscy_net_base_n]
2018/06/16 19:47:06.631 [DETAIL] --Check Import WS Started--
   WS Name: u_itsmb_dscy_net_base_n
   Target Table: dscy_net_base
   Scope: global
   Run Business Rules: false
   include fields from tables: dscy_net_base,cmdb_ci,cmdb
--created ws import set: u_itsmb_dscy_net_base_n [dscy_net_base]--
--synchronise ws fields with target complete--
--transform map updated: u_itsmb_dscy_net_base_n
   transform field mapping exists: skip_sync -> skip_sync
   transform field mapping exists: operational_status -> operational_status
   skip system field: template_import_log
   skip system field: target_scope
   skip system field: sys_updated_on
   skip system field: target_class_name
   skip system field: sys_target_sys_id
   transform field mapping exists: first_discovered -> first_discovered
   transform field mapping exists: discovery_source -> discovery_source
   skip system field: sys_updated_by
   transform field mapping exists: due_in -> due_in
   skip system field: sys_created_on
   skip system field: sys_import_set
   transform field mapping exists: install_date -> install_date
   skip system field: target_sys_id
   transform field mapping exists: invoice_number -> invoice_number
   transform field mapping exists: gl_account -> gl_account
   skip system field: target_created_by
   skip system field: sys_created_by
   transform field mapping exists: warranty_expiration -> warranty_expiration
   skip system field: sys_import_row
   transform field mapping exists: asset_tag -> asset_tag
   skip system field: sys_row_error
   transform field mapping exists: fqdn -> fqdn
   skip system field: target_domain_path
   transform field mapping exists: change_control -> change_control
   transform field mapping exists: owned_by -> owned_by
   transform field mapping exists: checked_out -> checked_out
   skip system field: import_set_run
   transform field mapping exists: network_wire -> network_wire
   transform field mapping exists: delivery_date -> delivery_date
   transform field mapping exists: maintenance_schedule -> maintenance_schedule
   transform field mapping exists: install_status -> install_status
   transform field mapping exists: cost_center -> cost_center
   transform field mapping exists: supported_by -> supported_by
   transform field mapping exists: dns_domain -> dns_domain
   transform field mapping exists: name -> name
   transform field mapping exists: assigned -> assigned
   transform field mapping exists: subcategory -> subcategory
   transform field mapping exists: purchase_date -> purchase_date
   transform field mapping exists: short_description -> short_description
   skip system field: target_mod_count
   transform field mapping exists: assignment_group -> assignment_group
   skip system field: batch_id
   transform field mapping exists: managed_by -> managed_by
   skip system field: sys_import_state_comment
   transform field mapping exists: can_print -> can_print
   skip system field: target_domain
   transform field mapping exists: last_discovered -> last_discovered
   skip system field: sys_class_name
   transform field mapping exists: manufacturer -> manufacturer
   transform field mapping exists: po_number -> po_number
   transform field mapping exists: checked_in -> checked_in
   transform field mapping exists: sys_class_path -> sys_class_path
   transform field mapping exists: vendor -> vendor
   transform field mapping exists: mac_address -> mac_address
   skip system field: sys_transform_map
   transform field mapping exists: company -> company
   transform field mapping exists: model_number -> model_number
   transform field mapping exists: justification -> justification
   transform field mapping exists: department -> department
   transform field mapping exists: assigned_to -> assigned_to
   transform field mapping exists: start_date -> start_date
   transform field mapping exists: cost -> cost
   transform field mapping exists: comments -> comments
   skip system field: sys_target_table
   skip system field: target_created_on
   skip system field: sys_mod_count
   transform field mapping exists: serial_number -> serial_number
   transform field mapping exists: monitor -> monitor
   transform field mapping exists: model_id -> model_id
   transform field mapping exists: ip_address -> ip_address
   skip virtual field: sys_tags
   skip system field: sys_import_state
   transform field mapping exists: cost_cc -> cost_cc
   transform field mapping exists: support_group -> support_group
   transform field mapping exists: order_date -> order_date
   transform field mapping exists: schedule -> schedule
   transform field mapping exists: due -> due
   transform field mapping exists: unverified -> unverified
   transform field mapping exists: correlation_id -> correlation_id
   transform field mapping exists: location -> location
   transform field mapping exists: attributes -> attributes
   skip system field: source_id
   transform field mapping exists: category -> category
   transform field mapping exists: asset -> asset
   transform field mapping exists: fault_count -> fault_count
   transform field mapping exists: lease_id -> lease_id
   transform field mapping exists: target_domain -> sys_domain
   transform field mapping exists: target_class_name -> sys_class_name
   transform field mapping exists: target_mod_count -> sys_mod_count
   transform field mapping exists: target_created_by -> sys_created_by
   transform field mapping exists: target_created_on -> sys_created_on
coalece field exists
--synchronise transform map complete--
--Check Import Set WS and Transform Map Completed--

2018/06/16 19:47:06.632 [INFO] Scripted Web Service is Synchronised [u_itsmb_dscy_net_base_n]
2018/06/16 19:47:07.084 [INFO] Initialisation 3 of 8 [CMDB Connectivity Segment] Completed
2018/06/16 19:47:07.084 [DETAIL] Build Field Map [AST:IPConnectivitySubnet] started...
2018/06/16 19:47:07.115 [DETAIL] Remedy: Build Field Map [AST:IPConnectivitySubnet] complete, 111 entries
2018/06/16 19:47:07.132 [DETAIL] Create Remedy Qualification: 'ClassId' = "BMC_IPCONNECTIVITYSUBNET" AND (0 = 1 AND 'Company' = "Calbro Services" OR 0 = 0) AND 'DatasetID' = "BMC.ASSET"
2018/06/16 19:47:07.145 [DETAIL] Add Project Variable [ManufacturerName [STRING]]
2018/06/16 19:47:07.145 [DETAIL] Create SNow Lookup Query: name#!#ManufacturerName#!#^manufacturer=true
2018/06/16 19:47:07.146 [DETAIL] Add Project Variable [Company [STRING]]
2018/06/16 19:47:07.146 [DETAIL] Create SNow Lookup Query: name#!#Company#!#
2018/06/16 19:47:07.147 [DETAIL] Add Project Variable [SupplierName [STRING]]
2018/06/16 19:47:07.147 [DETAIL] Create SNow Lookup Query: name#!#SupplierName#!#^vendor=true
2018/06/16 19:47:07.147 [DETAIL] Add Project Variable [Department [STRING]]
2018/06/16 19:47:07.147 [DETAIL] Create SNow Lookup Query: name#!#Department#!#^company#!#!Target Company SysID!#!#
2018/06/16 19:47:07.148 [DETAIL] Add Project Variable [Reconciliation Identity [STRING]]
2018/06/16 19:47:07.159 [DETAIL] Create Remedy Lookup Query: 'CI_Instance_ID' = ""
2018/06/16 19:47:07.159 [DETAIL] Add Project Variable [OwnerName [STRING]]
2018/06/16 19:47:07.159 [DETAIL] Create SNow Lookup Query: name#!#OwnerName#!#
2018/06/16 19:47:07.160 [DETAIL] Add Project Variable [Model [STRING]]
2018/06/16 19:47:07.160 [DETAIL] Add Project Variable [VersionNumber [STRING]]
2018/06/16 19:47:07.160 [DETAIL] Create SNow Lookup Query: name#!#Model#!#^model_number#!#VersionNumber#!#
2018/06/16 19:47:07.160 [DETAIL] Add Project Variable [Cost Center [STRING]]
2018/06/16 19:47:07.160 [DETAIL] Create SNow Lookup Query: code#!#Cost Center#!#
2018/06/16 19:47:07.160 [DETAIL] Add Project Variable [Site [STRING]]
2018/06/16 19:47:07.160 [DETAIL] Create SNow Lookup Query: name#!#Site#!#^company#!#!Target Company SysID!#!#
2018/06/16 19:47:07.161 [INFO] Synchronising Scripted Web Service [u_itsmb_dscy_net_base_n]
2018/06/16 19:47:09.336 [DETAIL] --Check Import WS Started--
   WS Name: u_itsmb_dscy_net_base_n
   Target Table: dscy_net_base
   Scope: global
   Run Business Rules: false
   include fields from tables: dscy_net_base,cmdb_ci,cmdb
--created ws import set: u_itsmb_dscy_net_base_n [dscy_net_base]--
--synchronise ws fields with target complete--
--transform map updated: u_itsmb_dscy_net_base_n
   transform field mapping exists: skip_sync -> skip_sync
   transform field mapping exists: operational_status -> operational_status
   skip system field: template_import_log
   skip system field: target_scope
   skip system field: sys_updated_on
   skip system field: target_class_name
   skip system field: sys_target_sys_id
   transform field mapping exists: first_discovered -> first_discovered
   transform field mapping exists: discovery_source -> discovery_source
   skip system field: sys_updated_by
   transform field mapping exists: due_in -> due_in
   skip system field: sys_created_on
   skip system field: sys_import_set
   transform field mapping exists: install_date -> install_date
   skip system field: target_sys_id
   transform field mapping exists: invoice_number -> invoice_number
   transform field mapping exists: gl_account -> gl_account
   skip system field: target_created_by
   skip system field: sys_created_by
   transform field mapping exists: warranty_expiration -> warranty_expiration
   skip system field: sys_import_row
   transform field mapping exists: asset_tag -> asset_tag
   skip system field: sys_row_error
   transform field mapping exists: fqdn -> fqdn
   skip system field: target_domain_path
   transform field mapping exists: change_control -> change_control
   transform field mapping exists: owned_by -> owned_by
   transform field mapping exists: checked_out -> checked_out
   skip system field: import_set_run
   transform field mapping exists: network_wire -> network_wire
   transform field mapping exists: delivery_date -> delivery_date
   transform field mapping exists: maintenance_schedule -> maintenance_schedule
   transform field mapping exists: install_status -> install_status
   transform field mapping exists: cost_center -> cost_center
   transform field mapping exists: supported_by -> supported_by
   transform field mapping exists: dns_domain -> dns_domain
   transform field mapping exists: name -> name
   transform field mapping exists: assigned -> assigned
   transform field mapping exists: subcategory -> subcategory
   transform field mapping exists: purchase_date -> purchase_date
   transform field mapping exists: short_description -> short_description
   skip system field: target_mod_count
   transform field mapping exists: assignment_group -> assignment_group
   skip system field: batch_id
   transform field mapping exists: managed_by -> managed_by
   skip system field: sys_import_state_comment
   transform field mapping exists: can_print -> can_print
   skip system field: target_domain
   transform field mapping exists: last_discovered -> last_discovered
   skip system field: sys_class_name
   transform field mapping exists: manufacturer -> manufacturer
   transform field mapping exists: po_number -> po_number
   transform field mapping exists: checked_in -> checked_in
   transform field mapping exists: sys_class_path -> sys_class_path
   transform field mapping exists: vendor -> vendor
   transform field mapping exists: mac_address -> mac_address
   skip system field: sys_transform_map
   transform field mapping exists: company -> company
   transform field mapping exists: model_number -> model_number
   transform field mapping exists: justification -> justification
   transform field mapping exists: department -> department
   transform field mapping exists: assigned_to -> assigned_to
   transform field mapping exists: start_date -> start_date
   transform field mapping exists: cost -> cost
   transform field mapping exists: comments -> comments
   skip system field: sys_target_table
   skip system field: target_created_on
   skip system field: sys_mod_count
   transform field mapping exists: serial_number -> serial_number
   transform field mapping exists: monitor -> monitor
   transform field mapping exists: model_id -> model_id
   transform field mapping exists: ip_address -> ip_address
   skip virtual field: sys_tags
   skip system field: sys_import_state
   transform field mapping exists: cost_cc -> cost_cc
   transform field mapping exists: support_group -> support_group
   transform field mapping exists: order_date -> order_date
   transform field mapping exists: schedule -> schedule
   transform field mapping exists: due -> due
   transform field mapping exists: unverified -> unverified
   transform field mapping exists: correlation_id -> correlation_id
   transform field mapping exists: location -> location
   transform field mapping exists: attributes -> attributes
   skip system field: source_id
   transform field mapping exists: category -> category
   transform field mapping exists: asset -> asset
   transform field mapping exists: fault_count -> fault_count
   transform field mapping exists: lease_id -> lease_id
   transform field mapping exists: target_domain -> sys_domain
   transform field mapping exists: target_class_name -> sys_class_name
   transform field mapping exists: target_mod_count -> sys_mod_count
   transform field mapping exists: target_created_by -> sys_created_by
   transform field mapping exists: target_created_on -> sys_created_on
coalece field exists
--synchronise transform map complete--
--Check Import Set WS and Transform Map Completed--

2018/06/16 19:47:09.336 [INFO] Scripted Web Service is Synchronised [u_itsmb_dscy_net_base_n]
2018/06/16 19:47:09.785 [INFO] Initialisation 4 of 8 [CMDB IP Subnet] Completed
2018/06/16 19:47:09.786 [DETAIL] Build Field Map [AST:IPXConnectivityNetwork] started...
2018/06/16 19:47:09.921 [DETAIL] Remedy: Build Field Map [AST:IPXConnectivityNetwork] complete, 103 entries
2018/06/16 19:47:09.923 [DETAIL] Create Remedy Qualification: 'ClassId' = "BMC_IPXCONNECTIVITYNETWORK" AND (0 = 1 AND 'Company' = "Calbro Services" OR 0 = 0) AND 'DatasetID' = "BMC.ASSET"
2018/06/16 19:47:09.937 [DETAIL] Add Project Variable [ManufacturerName [STRING]]
2018/06/16 19:47:09.937 [DETAIL] Create SNow Lookup Query: name#!#ManufacturerName#!#^manufacturer=true
2018/06/16 19:47:09.938 [DETAIL] Add Project Variable [Company [STRING]]
2018/06/16 19:47:09.938 [DETAIL] Create SNow Lookup Query: name#!#Company#!#
2018/06/16 19:47:09.938 [DETAIL] Add Project Variable [SupplierName [STRING]]
2018/06/16 19:47:09.938 [DETAIL] Create SNow Lookup Query: name#!#SupplierName#!#^vendor=true
2018/06/16 19:47:09.938 [DETAIL] Add Project Variable [Department [STRING]]
2018/06/16 19:47:09.938 [DETAIL] Create SNow Lookup Query: name#!#Department#!#^company#!#!Target Company SysID!#!#
2018/06/16 19:47:09.939 [DETAIL] Add Project Variable [Reconciliation Identity [STRING]]
2018/06/16 19:47:09.940 [DETAIL] Create Remedy Lookup Query: 'CI_Instance_ID' = ""
2018/06/16 19:47:09.940 [DETAIL] Add Project Variable [Owner_name [STRING]]
2018/06/16 19:47:09.940 [DETAIL] Create SNow Lookup Query: name#!#Owner_name#!#
2018/06/16 19:47:09.940 [DETAIL] Add Project Variable [Model [STRING]]
2018/06/16 19:47:09.940 [DETAIL] Add Project Variable [VersionNumber [STRING]]
2018/06/16 19:47:09.940 [DETAIL] Create SNow Lookup Query: name#!#Model#!#^model_number#!#VersionNumber#!#
2018/06/16 19:47:09.941 [DETAIL] Add Project Variable [Cost Center [STRING]]
2018/06/16 19:47:09.941 [DETAIL] Create SNow Lookup Query: code#!#Cost Center#!#
2018/06/16 19:47:09.941 [DETAIL] Add Project Variable [Site [STRING]]
2018/06/16 19:47:09.941 [DETAIL] Create SNow Lookup Query: name#!#Site#!#^company#!#!Target Company SysID!#!#
2018/06/16 19:47:09.942 [INFO] Synchronising Scripted Web Service [u_itsmb_dscy_net_base_n]
2018/06/16 19:47:11.777 [DETAIL] --Check Import WS Started--
   WS Name: u_itsmb_dscy_net_base_n
   Target Table: dscy_net_base
   Scope: global
   Run Business Rules: false
   include fields from tables: dscy_net_base,cmdb_ci,cmdb
--created ws import set: u_itsmb_dscy_net_base_n [dscy_net_base]--
--synchronise ws fields with target complete--
--transform map updated: u_itsmb_dscy_net_base_n
   transform field mapping exists: skip_sync -> skip_sync
   transform field mapping exists: operational_status -> operational_status
   skip system field: template_import_log
   skip system field: target_scope
   skip system field: sys_updated_on
   skip system field: target_class_name
   skip system field: sys_target_sys_id
   transform field mapping exists: first_discovered -> first_discovered
   transform field mapping exists: discovery_source -> discovery_source
   skip system field: sys_updated_by
   transform field mapping exists: due_in -> due_in
   skip system field: sys_created_on
   skip system field: sys_import_set
   transform field mapping exists: install_date -> install_date
   skip system field: target_sys_id
   transform field mapping exists: invoice_number -> invoice_number
   transform field mapping exists: gl_account -> gl_account
   skip system field: target_created_by
   skip system field: sys_created_by
   transform field mapping exists: warranty_expiration -> warranty_expiration
   skip system field: sys_import_row
   transform field mapping exists: asset_tag -> asset_tag
   skip system field: sys_row_error
   transform field mapping exists: fqdn -> fqdn
   skip system field: target_domain_path
   transform field mapping exists: change_control -> change_control
   transform field mapping exists: owned_by -> owned_by
   transform field mapping exists: checked_out -> checked_out
   skip system field: import_set_run
   transform field mapping exists: network_wire -> network_wire
   transform field mapping exists: delivery_date -> delivery_date
   transform field mapping exists: maintenance_schedule -> maintenance_schedule
   transform field mapping exists: install_status -> install_status
   transform field mapping exists: cost_center -> cost_center
   transform field mapping exists: supported_by -> supported_by
   transform field mapping exists: dns_domain -> dns_domain
   transform field mapping exists: name -> name
   transform field mapping exists: assigned -> assigned
   transform field mapping exists: subcategory -> subcategory
   transform field mapping exists: purchase_date -> purchase_date
   transform field mapping exists: short_description -> short_description
   skip system field: target_mod_count
   transform field mapping exists: assignment_group -> assignment_group
   skip system field: batch_id
   transform field mapping exists: managed_by -> managed_by
   skip system field: sys_import_state_comment
   transform field mapping exists: can_print -> can_print
   skip system field: target_domain
   transform field mapping exists: last_discovered -> last_discovered
   skip system field: sys_class_name
   transform field mapping exists: manufacturer -> manufacturer
   transform field mapping exists: po_number -> po_number
   transform field mapping exists: checked_in -> checked_in
   transform field mapping exists: sys_class_path -> sys_class_path
   transform field mapping exists: vendor -> vendor
   transform field mapping exists: mac_address -> mac_address
   skip system field: sys_transform_map
   transform field mapping exists: company -> company
   transform field mapping exists: model_number -> model_number
   transform field mapping exists: justification -> justification
   transform field mapping exists: department -> department
   transform field mapping exists: assigned_to -> assigned_to
   transform field mapping exists: start_date -> start_date
   transform field mapping exists: cost -> cost
   transform field mapping exists: comments -> comments
   skip system field: sys_target_table
   skip system field: target_created_on
   skip system field: sys_mod_count
   transform field mapping exists: serial_number -> serial_number
   transform field mapping exists: monitor -> monitor
   transform field mapping exists: model_id -> model_id
   transform field mapping exists: ip_address -> ip_address
   skip virtual field: sys_tags
   skip system field: sys_import_state
   transform field mapping exists: cost_cc -> cost_cc
   transform field mapping exists: support_group -> support_group
   transform field mapping exists: order_date -> order_date
   transform field mapping exists: schedule -> schedule
   transform field mapping exists: due -> due
   transform field mapping exists: unverified -> unverified
   transform field mapping exists: correlation_id -> correlation_id
   transform field mapping exists: location -> location
   transform field mapping exists: attributes -> attributes
   skip system field: source_id
   transform field mapping exists: category -> category
   transform field mapping exists: asset -> asset
   transform field mapping exists: fault_count -> fault_count
   transform field mapping exists: lease_id -> lease_id
   transform field mapping exists: target_domain -> sys_domain
   transform field mapping exists: target_class_name -> sys_class_name
   transform field mapping exists: target_mod_count -> sys_mod_count
   transform field mapping exists: target_created_by -> sys_created_by
   transform field mapping exists: target_created_on -> sys_created_on
coalece field exists
--synchronise transform map complete--
--Check Import Set WS and Transform Map Completed--

2018/06/16 19:47:11.778 [INFO] Scripted Web Service is Synchronised [u_itsmb_dscy_net_base_n]
2018/06/16 19:47:13.181 [INFO] Initialisation 5 of 8 [CMDB IPX Network] Completed
2018/06/16 19:47:13.181 [DETAIL] Build Field Map [AST:LNsCollection] started...
2018/06/16 19:47:13.226 [DETAIL] Remedy: Build Field Map [AST:LNsCollection] complete, 106 entries
2018/06/16 19:47:13.242 [DETAIL] Create Remedy Qualification: 'ClassId' = "BMC_LNSGROUP" AND (0 = 1 AND 'Company' = "Calbro Services" OR 0 = 0) AND 'DatasetID' = "BMC.ASSET"
2018/06/16 19:47:13.279 [DETAIL] Add Project Variable [ManufacturerName [STRING]]
2018/06/16 19:47:13.280 [DETAIL] Create SNow Lookup Query: name#!#ManufacturerName#!#^manufacturer=true
2018/06/16 19:47:13.280 [DETAIL] Add Project Variable [Company [STRING]]
2018/06/16 19:47:13.280 [DETAIL] Create SNow Lookup Query: name#!#Company#!#
2018/06/16 19:47:13.280 [DETAIL] Add Project Variable [SupplierName [STRING]]
2018/06/16 19:47:13.280 [DETAIL] Create SNow Lookup Query: name#!#SupplierName#!#^vendor=true
2018/06/16 19:47:13.281 [DETAIL] Add Project Variable [Department [STRING]]
2018/06/16 19:47:13.281 [DETAIL] Create SNow Lookup Query: name#!#Department#!#^company#!#!Target Company SysID!#!#
2018/06/16 19:47:13.281 [DETAIL] Add Project Variable [Reconciliation Identity [STRING]]
2018/06/16 19:47:13.283 [DETAIL] Create Remedy Lookup Query: 'CI_Instance_ID' = ""
2018/06/16 19:47:13.283 [DETAIL] Add Project Variable [OwnerName [STRING]]
2018/06/16 19:47:13.283 [DETAIL] Create SNow Lookup Query: name#!#OwnerName#!#
2018/06/16 19:47:13.284 [DETAIL] Add Project Variable [Model [STRING]]
2018/06/16 19:47:13.284 [DETAIL] Add Project Variable [VersionNumber [STRING]]
2018/06/16 19:47:13.284 [DETAIL] Create SNow Lookup Query: name#!#Model#!#^model_number#!#VersionNumber#!#
2018/06/16 19:47:13.284 [DETAIL] Add Project Variable [Cost Center [STRING]]
2018/06/16 19:47:13.284 [DETAIL] Create SNow Lookup Query: code#!#Cost Center#!#
2018/06/16 19:47:13.285 [DETAIL] Add Project Variable [Site [STRING]]
2018/06/16 19:47:13.285 [DETAIL] Create SNow Lookup Query: name#!#Site#!#^company#!#!Target Company SysID!#!#
2018/06/16 19:47:13.286 [INFO] Synchronising Scripted Web Service [u_itsmb_dscy_net_base_n]
2018/06/16 19:47:15.158 [DETAIL] --Check Import WS Started--
   WS Name: u_itsmb_dscy_net_base_n
   Target Table: dscy_net_base
   Scope: global
   Run Business Rules: false
   include fields from tables: dscy_net_base,cmdb_ci,cmdb
--created ws import set: u_itsmb_dscy_net_base_n [dscy_net_base]--
--synchronise ws fields with target complete--
--transform map updated: u_itsmb_dscy_net_base_n
   transform field mapping exists: skip_sync -> skip_sync
   transform field mapping exists: operational_status -> operational_status
   skip system field: template_import_log
   skip system field: target_scope
   skip system field: sys_updated_on
   skip system field: target_class_name
   skip system field: sys_target_sys_id
   transform field mapping exists: first_discovered -> first_discovered
   transform field mapping exists: discovery_source -> discovery_source
   skip system field: sys_updated_by
   transform field mapping exists: due_in -> due_in
   skip system field: sys_created_on
   skip system field: sys_import_set
   transform field mapping exists: install_date -> install_date
   skip system field: target_sys_id
   transform field mapping exists: invoice_number -> invoice_number
   transform field mapping exists: gl_account -> gl_account
   skip system field: target_created_by
   skip system field: sys_created_by
   transform field mapping exists: warranty_expiration -> warranty_expiration
   skip system field: sys_import_row
   transform field mapping exists: asset_tag -> asset_tag
   skip system field: sys_row_error
   transform field mapping exists: fqdn -> fqdn
   skip system field: target_domain_path
   transform field mapping exists: change_control -> change_control
   transform field mapping exists: owned_by -> owned_by
   transform field mapping exists: checked_out -> checked_out
   skip system field: import_set_run
   transform field mapping exists: network_wire -> network_wire
   transform field mapping exists: delivery_date -> delivery_date
   transform field mapping exists: maintenance_schedule -> maintenance_schedule
   transform field mapping exists: install_status -> install_status
   transform field mapping exists: cost_center -> cost_center
   transform field mapping exists: supported_by -> supported_by
   transform field mapping exists: dns_domain -> dns_domain
   transform field mapping exists: name -> name
   transform field mapping exists: assigned -> assigned
   transform field mapping exists: subcategory -> subcategory
   transform field mapping exists: purchase_date -> purchase_date
   transform field mapping exists: short_description -> short_description
   skip system field: target_mod_count
   transform field mapping exists: assignment_group -> assignment_group
   skip system field: batch_id
   transform field mapping exists: managed_by -> managed_by
   skip system field: sys_import_state_comment
   transform field mapping exists: can_print -> can_print
   skip system field: target_domain
   transform field mapping exists: last_discovered -> last_discovered
   skip system field: sys_class_name
   transform field mapping exists: manufacturer -> manufacturer
   transform field mapping exists: po_number -> po_number
   transform field mapping exists: checked_in -> checked_in
   transform field mapping exists: sys_class_path -> sys_class_path
   transform field mapping exists: vendor -> vendor
   transform field mapping exists: mac_address -> mac_address
   skip system field: sys_transform_map
   transform field mapping exists: company -> company
   transform field mapping exists: model_number -> model_number
   transform field mapping exists: justification -> justification
   transform field mapping exists: department -> department
   transform field mapping exists: assigned_to -> assigned_to
   transform field mapping exists: start_date -> start_date
   transform field mapping exists: cost -> cost
   transform field mapping exists: comments -> comments
   skip system field: sys_target_table
   skip system field: target_created_on
   skip system field: sys_mod_count
   transform field mapping exists: serial_number -> serial_number
   transform field mapping exists: monitor -> monitor
   transform field mapping exists: model_id -> model_id
   transform field mapping exists: ip_address -> ip_address
   skip virtual field: sys_tags
   skip system field: sys_import_state
   transform field mapping exists: cost_cc -> cost_cc
   transform field mapping exists: support_group -> support_group
   transform field mapping exists: order_date -> order_date
   transform field mapping exists: schedule -> schedule
   transform field mapping exists: due -> due
   transform field mapping exists: unverified -> unverified
   transform field mapping exists: correlation_id -> correlation_id
   transform field mapping exists: location -> location
   transform field mapping exists: attributes -> attributes
   skip system field: source_id
   transform field mapping exists: category -> category
   transform field mapping exists: asset -> asset
   transform field mapping exists: fault_count -> fault_count
   transform field mapping exists: lease_id -> lease_id
   transform field mapping exists: target_domain -> sys_domain
   transform field mapping exists: target_class_name -> sys_class_name
   transform field mapping exists: target_mod_count -> sys_mod_count
   transform field mapping exists: target_created_by -> sys_created_by
   transform field mapping exists: target_created_on -> sys_created_on
coalece field exists
--synchronise transform map complete--
--Check Import Set WS and Transform Map Completed--

2018/06/16 19:47:15.158 [INFO] Scripted Web Service is Synchronised [u_itsmb_dscy_net_base_n]
2018/06/16 19:47:15.621 [INFO] Initialisation 6 of 8 [CMDB LNs Collection] Completed
2018/06/16 19:47:15.622 [DETAIL] Build Field Map [AST:LAN] started...
2018/06/16 19:47:15.661 [DETAIL] Remedy: Build Field Map [AST:LAN] complete, 109 entries
2018/06/16 19:47:15.663 [DETAIL] Create Remedy Qualification: 'ClassId' = "BMC_LAN" AND (0 = 1 AND 'Company' = "Calbro Services" OR 0 = 0) AND 'DatasetID' = "BMC.ASSET"
2018/06/16 19:47:15.678 [DETAIL] Add Project Variable [ManufacturerName [STRING]]
2018/06/16 19:47:15.678 [DETAIL] Create SNow Lookup Query: name#!#ManufacturerName#!#^manufacturer=true
2018/06/16 19:47:15.678 [DETAIL] Add Project Variable [Company [STRING]]
2018/06/16 19:47:15.678 [DETAIL] Create SNow Lookup Query: name#!#Company#!#
2018/06/16 19:47:15.678 [DETAIL] Add Project Variable [SupplierName [STRING]]
2018/06/16 19:47:15.678 [DETAIL] Create SNow Lookup Query: name#!#SupplierName#!#^vendor=true
2018/06/16 19:47:15.679 [DETAIL] Add Project Variable [Department [STRING]]
2018/06/16 19:47:15.679 [DETAIL] Create SNow Lookup Query: name#!#Department#!#^company#!#!Target Company SysID!#!#
2018/06/16 19:47:15.679 [DETAIL] Add Project Variable [Reconciliation Identity [STRING]]
2018/06/16 19:47:15.681 [DETAIL] Create Remedy Lookup Query: 'CI_Instance_ID' = ""
2018/06/16 19:47:15.681 [DETAIL] Add Project Variable [OwnerName [STRING]]
2018/06/16 19:47:15.681 [DETAIL] Create SNow Lookup Query: name#!#OwnerName#!#
2018/06/16 19:47:15.681 [DETAIL] Add Project Variable [Model [STRING]]
2018/06/16 19:47:15.681 [DETAIL] Add Project Variable [VersionNumber [STRING]]
2018/06/16 19:47:15.681 [DETAIL] Create SNow Lookup Query: name#!#Model#!#^model_number#!#VersionNumber#!#
2018/06/16 19:47:15.682 [DETAIL] Add Project Variable [Cost Center [STRING]]
2018/06/16 19:47:15.682 [DETAIL] Create SNow Lookup Query: code#!#Cost Center#!#
2018/06/16 19:47:15.682 [DETAIL] Add Project Variable [Site [STRING]]
2018/06/16 19:47:15.682 [DETAIL] Create SNow Lookup Query: name#!#Site#!#^company#!#!Target Company SysID!#!#
2018/06/16 19:47:15.683 [INFO] Synchronising Scripted Web Service [u_itsmb_dscy_net_base_n]
2018/06/16 19:47:17.625 [DETAIL] --Check Import WS Started--
   WS Name: u_itsmb_dscy_net_base_n
   Target Table: dscy_net_base
   Scope: global
   Run Business Rules: false
   include fields from tables: dscy_net_base,cmdb_ci,cmdb
--created ws import set: u_itsmb_dscy_net_base_n [dscy_net_base]--
--synchronise ws fields with target complete--
--transform map updated: u_itsmb_dscy_net_base_n
   transform field mapping exists: skip_sync -> skip_sync
   transform field mapping exists: operational_status -> operational_status
   skip system field: template_import_log
   skip system field: target_scope
   skip system field: sys_updated_on
   skip system field: target_class_name
   skip system field: sys_target_sys_id
   transform field mapping exists: first_discovered -> first_discovered
   transform field mapping exists: discovery_source -> discovery_source
   skip system field: sys_updated_by
   transform field mapping exists: due_in -> due_in
   skip system field: sys_created_on
   skip system field: sys_import_set
   transform field mapping exists: install_date -> install_date
   skip system field: target_sys_id
   transform field mapping exists: invoice_number -> invoice_number
   transform field mapping exists: gl_account -> gl_account
   skip system field: target_created_by
   skip system field: sys_created_by
   transform field mapping exists: warranty_expiration -> warranty_expiration
   skip system field: sys_import_row
   transform field mapping exists: asset_tag -> asset_tag
   skip system field: sys_row_error
   transform field mapping exists: fqdn -> fqdn
   skip system field: target_domain_path
   transform field mapping exists: change_control -> change_control
   transform field mapping exists: owned_by -> owned_by
   transform field mapping exists: checked_out -> checked_out
   skip system field: import_set_run
   transform field mapping exists: network_wire -> network_wire
   transform field mapping exists: delivery_date -> delivery_date
   transform field mapping exists: maintenance_schedule -> maintenance_schedule
   transform field mapping exists: install_status -> install_status
   transform field mapping exists: cost_center -> cost_center
   transform field mapping exists: supported_by -> supported_by
   transform field mapping exists: dns_domain -> dns_domain
   transform field mapping exists: name -> name
   transform field mapping exists: assigned -> assigned
   transform field mapping exists: subcategory -> subcategory
   transform field mapping exists: purchase_date -> purchase_date
   transform field mapping exists: short_description -> short_description
   skip system field: target_mod_count
   transform field mapping exists: assignment_group -> assignment_group
   skip system field: batch_id
   transform field mapping exists: managed_by -> managed_by
   skip system field: sys_import_state_comment
   transform field mapping exists: can_print -> can_print
   skip system field: target_domain
   transform field mapping exists: last_discovered -> last_discovered
   skip system field: sys_class_name
   transform field mapping exists: manufacturer -> manufacturer
   transform field mapping exists: po_number -> po_number
   transform field mapping exists: checked_in -> checked_in
   transform field mapping exists: sys_class_path -> sys_class_path
   transform field mapping exists: vendor -> vendor
   transform field mapping exists: mac_address -> mac_address
   skip system field: sys_transform_map
   transform field mapping exists: company -> company
   transform field mapping exists: model_number -> model_number
   transform field mapping exists: justification -> justification
   transform field mapping exists: department -> department
   transform field mapping exists: assigned_to -> assigned_to
   transform field mapping exists: start_date -> start_date
   transform field mapping exists: cost -> cost
   transform field mapping exists: comments -> comments
   skip system field: sys_target_table
   skip system field: target_created_on
   skip system field: sys_mod_count
   transform field mapping exists: serial_number -> serial_number
   transform field mapping exists: monitor -> monitor
   transform field mapping exists: model_id -> model_id
   transform field mapping exists: ip_address -> ip_address
   skip virtual field: sys_tags
   skip system field: sys_import_state
   transform field mapping exists: cost_cc -> cost_cc
   transform field mapping exists: support_group -> support_group
   transform field mapping exists: order_date -> order_date
   transform field mapping exists: schedule -> schedule
   transform field mapping exists: due -> due
   transform field mapping exists: unverified -> unverified
   transform field mapping exists: correlation_id -> correlation_id
   transform field mapping exists: location -> location
   transform field mapping exists: attributes -> attributes
   skip system field: source_id
   transform field mapping exists: category -> category
   transform field mapping exists: asset -> asset
   transform field mapping exists: fault_count -> fault_count
   transform field mapping exists: lease_id -> lease_id
   transform field mapping exists: target_domain -> sys_domain
   transform field mapping exists: target_class_name -> sys_class_name
   transform field mapping exists: target_mod_count -> sys_mod_count
   transform field mapping exists: target_created_by -> sys_created_by
   transform field mapping exists: target_created_on -> sys_created_on
coalece field exists
--synchronise transform map complete--
--Check Import Set WS and Transform Map Completed--

2018/06/16 19:47:17.625 [INFO] Scripted Web Service is Synchronised [u_itsmb_dscy_net_base_n]
2018/06/16 19:47:18.076 [INFO] Initialisation 7 of 8 [CMDB LANs] Completed
2018/06/16 19:47:18.076 [DETAIL] Build Field Map [AST:WAN] started...
2018/06/16 19:47:18.120 [DETAIL] Remedy: Build Field Map [AST:WAN] complete, 109 entries
2018/06/16 19:47:18.122 [DETAIL] Create Remedy Qualification: 'ClassId' = "BMC_WAN" AND (0 = 1 AND 'Company' = "Calbro Services" OR 0 = 0) AND 'DatasetID' = "BMC.ASSET"
2018/06/16 19:47:18.125 [DETAIL] Add Project Variable [ManufacturerName [STRING]]
2018/06/16 19:47:18.125 [DETAIL] Create SNow Lookup Query: name#!#ManufacturerName#!#^manufacturer=true
2018/06/16 19:47:18.126 [DETAIL] Add Project Variable [Company [STRING]]
2018/06/16 19:47:18.126 [DETAIL] Create SNow Lookup Query: name#!#Company#!#
2018/06/16 19:47:18.126 [DETAIL] Add Project Variable [SupplierName [STRING]]
2018/06/16 19:47:18.126 [DETAIL] Create SNow Lookup Query: name#!#SupplierName#!#^vendor=true
2018/06/16 19:47:18.126 [DETAIL] Add Project Variable [Department [STRING]]
2018/06/16 19:47:18.126 [DETAIL] Create SNow Lookup Query: name#!#Department#!#^company#!#!Target Company SysID!#!#
2018/06/16 19:47:18.127 [DETAIL] Add Project Variable [Reconciliation Identity [STRING]]
2018/06/16 19:47:18.129 [DETAIL] Create Remedy Lookup Query: 'CI_Instance_ID' = ""
2018/06/16 19:47:18.129 [DETAIL] Add Project Variable [OwnerName [STRING]]
2018/06/16 19:47:18.129 [DETAIL] Create SNow Lookup Query: name#!#OwnerName#!#
2018/06/16 19:47:18.129 [DETAIL] Add Project Variable [Model [STRING]]
2018/06/16 19:47:18.129 [DETAIL] Add Project Variable [VersionNumber [STRING]]
2018/06/16 19:47:18.129 [DETAIL] Create SNow Lookup Query: name#!#Model#!#^model_number#!#VersionNumber#!#
2018/06/16 19:47:18.129 [DETAIL] Add Project Variable [Cost Center [STRING]]
2018/06/16 19:47:18.129 [DETAIL] Create SNow Lookup Query: code#!#Cost Center#!#
2018/06/16 19:47:18.130 [DETAIL] Add Project Variable [Site [STRING]]
2018/06/16 19:47:18.130 [DETAIL] Create SNow Lookup Query: name#!#Site#!#^company#!#!Target Company SysID!#!#
2018/06/16 19:47:18.131 [INFO] Synchronising Scripted Web Service [u_itsmb_dscy_net_base_n]
2018/06/16 19:47:19.974 [DETAIL] --Check Import WS Started--
   WS Name: u_itsmb_dscy_net_base_n
   Target Table: dscy_net_base
   Scope: global
   Run Business Rules: false
   include fields from tables: dscy_net_base,cmdb_ci,cmdb
--created ws import set: u_itsmb_dscy_net_base_n [dscy_net_base]--
--synchronise ws fields with target complete--
--transform map updated: u_itsmb_dscy_net_base_n
   transform field mapping exists: skip_sync -> skip_sync
   transform field mapping exists: operational_status -> operational_status
   skip system field: template_import_log
   skip system field: target_scope
   skip system field: sys_updated_on
   skip system field: target_class_name
   skip system field: sys_target_sys_id
   transform field mapping exists: first_discovered -> first_discovered
   transform field mapping exists: discovery_source -> discovery_source
   skip system field: sys_updated_by
   transform field mapping exists: due_in -> due_in
   skip system field: sys_created_on
   skip system field: sys_import_set
   transform field mapping exists: install_date -> install_date
   skip system field: target_sys_id
   transform field mapping exists: invoice_number -> invoice_number
   transform field mapping exists: gl_account -> gl_account
   skip system field: target_created_by
   skip system field: sys_created_by
   transform field mapping exists: warranty_expiration -> warranty_expiration
   skip system field: sys_import_row
   transform field mapping exists: asset_tag -> asset_tag
   skip system field: sys_row_error
   transform field mapping exists: fqdn -> fqdn
   skip system field: target_domain_path
   transform field mapping exists: change_control -> change_control
   transform field mapping exists: owned_by -> owned_by
   transform field mapping exists: checked_out -> checked_out
   skip system field: import_set_run
   transform field mapping exists: network_wire -> network_wire
   transform field mapping exists: delivery_date -> delivery_date
   transform field mapping exists: maintenance_schedule -> maintenance_schedule
   transform field mapping exists: install_status -> install_status
   transform field mapping exists: cost_center -> cost_center
   transform field mapping exists: supported_by -> supported_by
   transform field mapping exists: dns_domain -> dns_domain
   transform field mapping exists: name -> name
   transform field mapping exists: assigned -> assigned
   transform field mapping exists: subcategory -> subcategory
   transform field mapping exists: purchase_date -> purchase_date
   transform field mapping exists: short_description -> short_description
   skip system field: target_mod_count
   transform field mapping exists: assignment_group -> assignment_group
   skip system field: batch_id
   transform field mapping exists: managed_by -> managed_by
   skip system field: sys_import_state_comment
   transform field mapping exists: can_print -> can_print
   skip system field: target_domain
   transform field mapping exists: last_discovered -> last_discovered
   skip system field: sys_class_name
   transform field mapping exists: manufacturer -> manufacturer
   transform field mapping exists: po_number -> po_number
   transform field mapping exists: checked_in -> checked_in
   transform field mapping exists: sys_class_path -> sys_class_path
   transform field mapping exists: vendor -> vendor
   transform field mapping exists: mac_address -> mac_address
   skip system field: sys_transform_map
   transform field mapping exists: company -> company
   transform field mapping exists: model_number -> model_number
   transform field mapping exists: justification -> justification
   transform field mapping exists: department -> department
   transform field mapping exists: assigned_to -> assigned_to
   transform field mapping exists: start_date -> start_date
   transform field mapping exists: cost -> cost
   transform field mapping exists: comments -> comments
   skip system field: sys_target_table
   skip system field: target_created_on
   skip system field: sys_mod_count
   transform field mapping exists: serial_number -> serial_number
   transform field mapping exists: monitor -> monitor
   transform field mapping exists: model_id -> model_id
   transform field mapping exists: ip_address -> ip_address
   skip virtual field: sys_tags
   skip system field: sys_import_state
   transform field mapping exists: cost_cc -> cost_cc
   transform field mapping exists: support_group -> support_group
   transform field mapping exists: order_date -> order_date
   transform field mapping exists: schedule -> schedule
   transform field mapping exists: due -> due
   transform field mapping exists: unverified -> unverified
   transform field mapping exists: correlation_id -> correlation_id
   transform field mapping exists: location -> location
   transform field mapping exists: attributes -> attributes
   skip system field: source_id
   transform field mapping exists: category -> category
   transform field mapping exists: asset -> asset
   transform field mapping exists: fault_count -> fault_count
   transform field mapping exists: lease_id -> lease_id
   transform field mapping exists: target_domain -> sys_domain
   transform field mapping exists: target_class_name -> sys_class_name
   transform field mapping exists: target_mod_count -> sys_mod_count
   transform field mapping exists: target_created_by -> sys_created_by
   transform field mapping exists: target_created_on -> sys_created_on
coalece field exists
--synchronise transform map complete--
--Check Import Set WS and Transform Map Completed--

2018/06/16 19:47:19.974 [INFO] Scripted Web Service is Synchronised [u_itsmb_dscy_net_base_n]
2018/06/16 19:47:20.424 [INFO] Initialisation 8 of 8 [CMDB WANs] Completed
2018/06/16 19:47:20.428 [INFO] ### Initialisation Step Complete
2018/06/16 19:47:20.429 [INFO] [CMDB Concrete Collection] Key Mapping Cache AST:ConcreteCollection -> Network Infrastructure Item Ready.
2018/06/16 19:47:20.429 [INFO] [CMDB Concrete Collection] Migration in progress.
2018/06/16 19:47:20.429 [DETAIL] [CMDB Concrete Collection Chunk 0] Data Retrieve Started...
2018/06/16 19:47:20.444 [DETAIL] [CMDB Concrete Collection Chunk 0] Data Transform Started...
2018/06/16 19:47:20.444 [DETAIL] [CMDB Concrete Collection Chunk 0] Data Update Started...
2018/06/16 19:47:20.444 [INFO] Migration Completed 
2018/06/16 19:47:20.444 [INFO] Summary...  Created:0 Updated:0 Skipped:0 Errors:0 [Warnings 0]
2018/06/16 19:47:20.446 [INFO] [CMDB Connectivity Collection] Key Mapping Cache AST:ConnectivityCollection -> Network Infrastructure Item Ready.
2018/06/16 19:47:20.446 [INFO] [CMDB Connectivity Collection] Migration in progress.
2018/06/16 19:47:20.446 [DETAIL] [CMDB Connectivity Collection Chunk 0] Data Retrieve Started...
2018/06/16 19:47:20.461 [DETAIL] [CMDB Connectivity Collection Chunk 0] Data Transform Started...
2018/06/16 19:47:20.461 [DETAIL] [CMDB Connectivity Collection Chunk 0] Data Update Started...
2018/06/16 19:47:20.461 [INFO] Migration Completed 
2018/06/16 19:47:20.461 [INFO] Summary...  Created:0 Updated:0 Skipped:0 Errors:0 [Warnings 0]
2018/06/16 19:47:20.463 [INFO] [CMDB Connectivity Segment] Key Mapping Cache AST:ConnectivitySegment -> Network Infrastructure Item Ready.
2018/06/16 19:47:20.463 [INFO] [CMDB Connectivity Segment] Migration in progress.
2018/06/16 19:47:20.463 [DETAIL] [CMDB Connectivity Segment Chunk 0] Data Retrieve Started...
2018/06/16 19:47:20.479 [DETAIL] [CMDB Connectivity Segment Chunk 0] Data Transform Started...
2018/06/16 19:47:20.479 [DETAIL] [CMDB Connectivity Segment Chunk 0] Data Update Started...
2018/06/16 19:47:20.479 [INFO] Migration Completed 
2018/06/16 19:47:20.479 [INFO] Summary...  Created:0 Updated:0 Skipped:0 Errors:0 [Warnings 0]
2018/06/16 19:47:20.481 [INFO] [CMDB IP Subnet] Key Mapping Cache AST:IPConnectivitySubnet -> Network Infrastructure Item Ready.
2018/06/16 19:47:20.481 [INFO] [CMDB IP Subnet] Migration in progress.
2018/06/16 19:47:20.481 [DETAIL] [CMDB IP Subnet Chunk 0] Data Retrieve Started...
2018/06/16 19:47:20.487 [DETAIL] [CMDB IP Subnet Chunk 0] Data Transform Started...
2018/06/16 19:47:20.487 [DETAIL] Add Project Variable [justification [STRING]]
2018/06/16 19:47:20.487 [DETAIL] Create SNow Lookup Query: justification#!#justification#!#
2018/06/16 19:47:20.487 [DETAIL] Lookup Batch Retrieve-Start
2018/06/16 19:47:20.487 [DETAIL] [src=null] SNow Qual: nameISEMPTY^manufacturer=true
2018/06/16 19:47:20.487 [DETAIL] [src=null] SNow Qual: nameISEMPTY^manufacturer=true
2018/06/16 19:47:20.487 [DETAIL] [src=null] SNow Qual: nameISEMPTY^manufacturer=true
2018/06/16 19:47:20.905 [DETAIL] Lookup Batch Retrieve-End
2018/06/16 19:47:20.905 [DETAIL] Lookup Batch Retrieve-Start
2018/06/16 19:47:20.905 [DETAIL] [src=null] SNow Qual: name=Calbro Services
2018/06/16 19:47:20.905 [DETAIL] [src=null] SNow Qual: name=Calbro Services
2018/06/16 19:47:20.905 [DETAIL] [src=null] SNow Qual: name=Calbro Services
2018/06/16 19:47:21.133 [DETAIL] Lookup Batch Retrieve-End
2018/06/16 19:47:21.133 [DETAIL] Lookup Batch Retrieve-Start
2018/06/16 19:47:21.133 [DETAIL] [src=null] SNow Qual: nameISEMPTY^vendor=true
2018/06/16 19:47:21.134 [DETAIL] [src=null] SNow Qual: nameISEMPTY^vendor=true
2018/06/16 19:47:21.134 [DETAIL] [src=null] SNow Qual: nameISEMPTY^vendor=true
2018/06/16 19:47:21.545 [DETAIL] Lookup Batch Retrieve-End
2018/06/16 19:47:21.546 [DETAIL] Lookup Batch Retrieve-Start
2018/06/16 19:47:21.546 [DETAIL] [src=null] SNow Qual: nameISEMPTY^company=fc34c52c373213005d19dcc773990ea5
2018/06/16 19:47:21.546 [DETAIL] [src=null] SNow Qual: nameISEMPTY^company=fc34c52c373213005d19dcc773990ea5
2018/06/16 19:47:21.546 [DETAIL] [src=null] SNow Qual: nameISEMPTY^company=fc34c52c373213005d19dcc773990ea5
2018/06/16 19:47:21.954 [DETAIL] Lookup Batch Retrieve-End
2018/06/16 19:47:21.954 [DETAIL] Lookup Batch Retrieve-Start
2018/06/16 19:47:21.968 [DETAIL] Lookup Batch Retrieve-End
2018/06/16 19:47:21.968 [DETAIL] Lookup Batch Retrieve-Start
2018/06/16 19:47:21.968 [DETAIL] [src=null] SNow Qual: nameISEMPTY
2018/06/16 19:47:21.968 [DETAIL] [src=null] SNow Qual: nameISEMPTY
2018/06/16 19:47:21.968 [DETAIL] [src=null] SNow Qual: nameISEMPTY
2018/06/16 19:47:22.378 [DETAIL] Lookup Batch Retrieve-End
2018/06/16 19:47:22.378 [DETAIL] Lookup Batch Retrieve-Start
2018/06/16 19:47:22.378 [DETAIL] [src=null] SNow Qual: nameISEMPTY^model_numberISEMPTY
2018/06/16 19:47:22.378 [DETAIL] [src=null] SNow Qual: nameISEMPTY^model_numberISEMPTY
2018/06/16 19:47:22.378 [DETAIL] [src=null] SNow Qual: nameISEMPTY^model_numberISEMPTY
2018/06/16 19:47:22.797 [DETAIL] Lookup Batch Retrieve-End
2018/06/16 19:47:22.797 [DETAIL] Lookup Batch Retrieve-Start
2018/06/16 19:47:22.797 [DETAIL] [src=null] SNow Qual: code=Unallocated
2018/06/16 19:47:22.797 [DETAIL] [src=null] SNow Qual: code=Unallocated
2018/06/16 19:47:22.797 [DETAIL] [src=null] SNow Qual: code=Unallocated
2018/06/16 19:47:23.214 [DETAIL] Lookup Batch Retrieve-End
2018/06/16 19:47:23.214 [DETAIL] Lookup Batch Retrieve-Start
2018/06/16 19:47:23.214 [DETAIL] [src=null] SNow Qual: nameISEMPTY^company=fc34c52c373213005d19dcc773990ea5
2018/06/16 19:47:23.214 [DETAIL] [src=null] SNow Qual: nameISEMPTY^company=fc34c52c373213005d19dcc773990ea5
2018/06/16 19:47:23.214 [DETAIL] [src=null] SNow Qual: nameISEMPTY^company=fc34c52c373213005d19dcc773990ea5
2018/06/16 19:47:23.636 [DETAIL] Lookup Batch Retrieve-End
2018/06/16 19:47:23.636 [DETAIL] Lookup Batch Retrieve-Start
2018/06/16 19:47:23.636 [DETAIL] [src=000000000000001|000000000000004|000000000000684|000000000000122] SNow Qual: justification=OI-E58012E8521A4FA499EF0FF1FF412FAF
2018/06/16 19:47:23.636 [DETAIL] [src=000000000000001|000000000000005|000000000000685|000000000000123] SNow Qual: justification=OI-BD9019FD795C43988AA04010C581D564
2018/06/16 19:47:23.636 [DETAIL] [src=000000000000001|000000000000006|000000000000686|000000000000124] SNow Qual: justification=OI-585D73E4EAFA42A8BBC9C668CF44700A
2018/06/16 19:47:23.873 [DETAIL] Lookup Batch Retrieve-End
2018/06/16 19:47:23.874 [DETAIL] [CMDB IP Subnet Chunk 0] Data Update Started...
2018/06/16 19:47:23.874 [DETAIL] Batch Update of 3 Entries Started
2018/06/16 19:47:23.874 [DETAIL] Pre-Migration Task 0 Complete
2018/06/16 19:47:24.304 [DETAIL] Update entry complete [src=000000000000001|000000000000004|000000000000684|000000000000122 tgt=ae87eee037b613005d19dcc773990e03]
2018/06/16 19:47:24.304 [DETAIL] Update entry complete [src=000000000000001|000000000000005|000000000000685|000000000000123 tgt=ba87eee037b613005d19dcc773990e04]
2018/06/16 19:47:24.305 [DETAIL] Update entry complete [src=000000000000001|000000000000006|000000000000686|000000000000124 tgt=fe87eee037b613005d19dcc773990e04]
2018/06/16 19:47:24.305 [DETAIL] Post-Migration Task 0 Complete
2018/06/16 19:47:24.307 [INFO] Migration Completed 
2018/06/16 19:47:24.307 [INFO] Summary...  Created:0 Updated:3 Skipped:0 Errors:0 [Warnings 0]
2018/06/16 19:47:24.310 [INFO] [CMDB IPX Network] Key Mapping Cache AST:IPXConnectivityNetwork -> Network Infrastructure Item Ready.
2018/06/16 19:47:24.310 [INFO] [CMDB IPX Network] Migration in progress.
2018/06/16 19:47:24.310 [DETAIL] [CMDB IPX Network Chunk 0] Data Retrieve Started...
2018/06/16 19:47:24.361 [DETAIL] [CMDB IPX Network Chunk 0] Data Transform Started...
2018/06/16 19:47:24.361 [DETAIL] [CMDB IPX Network Chunk 0] Data Update Started...
2018/06/16 19:47:24.361 [INFO] Migration Completed 
2018/06/16 19:47:24.361 [INFO] Summary...  Created:0 Updated:0 Skipped:0 Errors:0 [Warnings 0]
2018/06/16 19:47:24.363 [INFO] [CMDB LNs Collection] Key Mapping Cache AST:LNsCollection -> Network Infrastructure Item Ready.
2018/06/16 19:47:24.363 [INFO] [CMDB LNs Collection] Migration in progress.
2018/06/16 19:47:24.363 [DETAIL] [CMDB LNs Collection Chunk 0] Data Retrieve Started...
2018/06/16 19:47:24.394 [DETAIL] [CMDB LNs Collection Chunk 0] Data Transform Started...
2018/06/16 19:47:24.394 [DETAIL] [CMDB LNs Collection Chunk 0] Data Update Started...
2018/06/16 19:47:24.394 [INFO] Migration Completed 
2018/06/16 19:47:24.394 [INFO] Summary...  Created:0 Updated:0 Skipped:0 Errors:0 [Warnings 0]
2018/06/16 19:47:24.396 [INFO] [CMDB LANs] Key Mapping Cache AST:LAN -> Network Infrastructure Item Ready.
2018/06/16 19:47:24.396 [INFO] [CMDB LANs] Migration in progress.
2018/06/16 19:47:24.396 [DETAIL] [CMDB LANs Chunk 0] Data Retrieve Started...
2018/06/16 19:47:24.428 [DETAIL] [CMDB LANs Chunk 0] Data Transform Started...
2018/06/16 19:47:24.428 [DETAIL] [CMDB LANs Chunk 0] Data Update Started...
2018/06/16 19:47:24.428 [INFO] Migration Completed 
2018/06/16 19:47:24.428 [INFO] Summary...  Created:0 Updated:0 Skipped:0 Errors:0 [Warnings 0]
2018/06/16 19:47:24.429 [INFO] [CMDB WANs] Key Mapping Cache AST:WAN -> Network Infrastructure Item Ready.
2018/06/16 19:47:24.429 [INFO] [CMDB WANs] Migration in progress.
2018/06/16 19:47:24.429 [DETAIL] [CMDB WANs Chunk 0] Data Retrieve Started...
2018/06/16 19:47:24.433 [DETAIL] [CMDB WANs Chunk 0] Data Transform Started...
2018/06/16 19:47:24.433 [DETAIL] [CMDB WANs Chunk 0] Data Update Started...
2018/06/16 19:47:24.433 [INFO] Migration Completed 
2018/06/16 19:47:24.433 [INFO] Summary...  Created:0 Updated:0 Skipped:0 Errors:0 [Warnings 0]
2018/06/16 19:47:24.433 [DETAIL] Closing Execution Task...
2018/06/16 19:47:24.443 [INFO] Execution has completed [Execution ID=2018-06-16_19-46]
2018/06/16 19:47:24.443 [INFO] --END OF LOG--
