2018/06/16 18:45:53.704 [INFO] Log Level set to Detail
2018/06/16 18:45:53.704 [INFO] ITSM Bridge version 3.7.14
2018/06/16 18:45:53.704 [INFO] Execution of CI4 version 1
2018/06/16 18:45:53.704 [INFO] Set Variable Single Company to value 'TRUE'
2018/06/16 18:45:53.704 [INFO] Set Variable Company Name to value 'Calbro Services'
2018/06/16 18:45:53.704 [INFO] Set Variable DataSet to value 'BMC.ASSET'
2018/06/16 18:45:53.705 [INFO] Execution started... [Execution ID=2018-06-16_18-45]
2018/06/16 18:45:53.706 [INFO] Initialisation Step Started...
2018/06/16 18:45:53.706 [INFO] Source Server Connected
2018/06/16 18:45:53.709 [DETAIL] Build Field Map [v_plugin] started...
2018/06/16 18:45:55.419 [DETAIL] SNow: Build Field Map [v_plugin] complete, 25 entries
2018/06/16 18:45:55.832 [INFO] Target Server Connected
2018/06/16 18:45:55.832 [DETAIL] Remedy Cache Initialisation started...
2018/06/16 18:45:55.833 [DETAIL] Remedy Cache Initialisation complete
2018/06/16 18:45:55.833 [INFO] Source Server Cache Initialised
2018/06/16 18:45:55.833 [DETAIL] Service Now Cache Initialisation started...
2018/06/16 18:45:55.833 [DETAIL] Service Now Cache Initialisation complete
2018/06/16 18:45:55.833 [INFO] Target Server Cache Initialised
2018/06/16 18:45:55.833 [DETAIL] Top Level Project Validation Completed
2018/06/16 18:45:55.833 [DETAIL] Build Field Map [AST:ConcreteCollection] started...
2018/06/16 18:45:55.895 [DETAIL] Remedy: Build Field Map [AST:ConcreteCollection] complete, 113 entries
2018/06/16 18:45:55.897 [DETAIL] Create Remedy Qualification: 'Class Id' = "BMC.CORE:BMC_CONCRETECOLLECTION" AND (1 = 1 AND 'Company' = "Calbro Services" OR 1 = 0) AND 'Data Set Id' = "BMC.ASSET"
2018/06/16 18:45:55.911 [DETAIL] Build Field Map [dscy_net_base] started...
2018/06/16 18:45:58.238 [DETAIL] SNow: Build Field Map [dscy_net_base] complete, 70 entries
2018/06/16 18:45:58.238 [DETAIL] Build Field Map [cmdb_ci] started...
2018/06/16 18:46:00.396 [DETAIL] SNow: Build Field Map [cmdb_ci] complete, 70 entries
2018/06/16 18:46:00.396 [DETAIL] Build Field Map [cmdb] started...
2018/06/16 18:46:01.869 [DETAIL] SNow: Build Field Map [cmdb] complete, 70 entries
2018/06/16 18:46:01.870 [DETAIL] Build Field Map [core_company] started...
2018/06/16 18:46:03.129 [DETAIL] SNow: Build Field Map [core_company] complete, 44 entries
2018/06/16 18:46:03.129 [DETAIL] Build Field Map [cmn_department] started...
2018/06/16 18:46:03.494 [DETAIL] SNow: Build Field Map [cmn_department] complete, 15 entries
2018/06/16 18:46:03.494 [DETAIL] Build Field Map [AST:WorkLog] started...
2018/06/16 18:46:03.509 [DETAIL] Remedy: Build Field Map [AST:WorkLog] complete, 49 entries
2018/06/16 18:46:03.509 [DETAIL] Build Field Map [cmdb_model] started...
2018/06/16 18:46:04.770 [DETAIL] SNow: Build Field Map [cmdb_model] complete, 38 entries
2018/06/16 18:46:04.772 [DETAIL] Build Field Map [cmn_cost_center] started...
2018/06/16 18:46:05.133 [DETAIL] SNow: Build Field Map [cmn_cost_center] complete, 14 entries
2018/06/16 18:46:05.133 [DETAIL] Build Field Map [cmn_location] started...
2018/06/16 18:46:05.823 [DETAIL] SNow: Build Field Map [cmn_location] complete, 24 entries
2018/06/16 18:46:05.823 [DETAIL] Add Project Variable [Manufacturer Name+ [STRING]]
2018/06/16 18:46:05.823 [DETAIL] Create SNow Lookup Query: name#!#Manufacturer Name+#!#^manufacturer=true
2018/06/16 18:46:05.824 [DETAIL] Add Project Variable [Company [STRING]]
2018/06/16 18:46:05.824 [DETAIL] Create SNow Lookup Query: name#!#Company#!#
2018/06/16 18:46:05.824 [DETAIL] Add Project Variable [Supplier Name+ [STRING]]
2018/06/16 18:46:05.824 [DETAIL] Create SNow Lookup Query: name#!#Supplier Name+#!#^vendor=true
2018/06/16 18:46:05.826 [DETAIL] Add Project Variable [Department [STRING]]
2018/06/16 18:46:05.826 [DETAIL] Create SNow Lookup Query: name#!#Department#!#^company#!#!Target Company SysID!#!#
2018/06/16 18:46:05.826 [DETAIL] Add Project Variable [Reconciliation Identity [STRING]]
2018/06/16 18:46:05.829 [DETAIL] Create Remedy Lookup Query: 'CI_Instance_ID' = ""
2018/06/16 18:46:05.829 [DETAIL] Add Project Variable [Owner_name [STRING]]
2018/06/16 18:46:05.829 [DETAIL] Create SNow Lookup Query: name#!#Owner_name#!#
2018/06/16 18:46:05.830 [DETAIL] Add Project Variable [Version Number [STRING]]
2018/06/16 18:46:05.830 [DETAIL] Add Project Variable [Model Number [STRING]]
2018/06/16 18:46:05.830 [DETAIL] Create SNow Lookup Query: name#!#Model Number#!#^model_number#!#Version Number#!#
2018/06/16 18:46:05.830 [DETAIL] Add Project Variable [Cost Center [STRING]]
2018/06/16 18:46:05.830 [DETAIL] Create SNow Lookup Query: code#!#Cost Center#!#
2018/06/16 18:46:05.831 [DETAIL] Add Project Variable [Site [STRING]]
2018/06/16 18:46:05.831 [DETAIL] Create SNow Lookup Query: name#!#Site#!#^company#!#!Target Company SysID!#!#
2018/06/16 18:46:05.833 [DETAIL] Build Field Map [sys_web_service] started...
2018/06/16 18:46:06.139 [DETAIL] SNow: Build Field Map [sys_web_service] complete, 9 entries
2018/06/16 18:46:06.139 [DETAIL] Build Field Map [sys_metadata] started...
2018/06/16 18:46:06.936 [DETAIL] SNow: Build Field Map [sys_metadata] complete, 20 entries
2018/06/16 18:46:07.368 [INFO] Synchronising Scripted Web Service [u_itsmb_dscy_net_base_n]
2018/06/16 18:46:13.401 [DETAIL] --Check Import WS Started--
   WS Name: u_itsmb_dscy_net_base_n
   Target Table: dscy_net_base
   Scope: global
   Run Business Rules: false
   include fields from tables: dscy_net_base,cmdb_ci,cmdb
--created ws import set: u_itsmb_dscy_net_base_n [dscy_net_base]--
--synchronise ws fields with target complete--
--transform map updated: u_itsmb_dscy_net_base_n
   create transform field mapping: skip_sync -> skip_sync
   create transform field mapping: operational_status -> operational_status
   skip system field: template_import_log
   skip system field: target_scope
   skip system field: sys_updated_on
   skip system field: target_class_name
   skip system field: sys_target_sys_id
   create transform field mapping: first_discovered -> first_discovered
   create transform field mapping: discovery_source -> discovery_source
   skip system field: sys_updated_by
   create transform field mapping: due_in -> due_in
   skip system field: sys_created_on
   skip system field: sys_import_set
   create transform field mapping: install_date -> install_date
   skip system field: target_sys_id
   create transform field mapping: invoice_number -> invoice_number
   create transform field mapping: gl_account -> gl_account
   skip system field: target_created_by
   skip system field: sys_created_by
   create transform field mapping: warranty_expiration -> warranty_expiration
   skip system field: sys_import_row
   create transform field mapping: asset_tag -> asset_tag
   skip system field: sys_row_error
   create transform field mapping: fqdn -> fqdn
   skip system field: target_domain_path
   create transform field mapping: change_control -> change_control
   create transform field mapping: owned_by -> owned_by
   create transform field mapping: checked_out -> checked_out
   skip system field: import_set_run
   create transform field mapping: network_wire -> network_wire
   create transform field mapping: delivery_date -> delivery_date
   create transform field mapping: maintenance_schedule -> maintenance_schedule
   create transform field mapping: install_status -> install_status
   create transform field mapping: cost_center -> cost_center
   create transform field mapping: supported_by -> supported_by
   create transform field mapping: dns_domain -> dns_domain
   create transform field mapping: name -> name
   create transform field mapping: assigned -> assigned
   create transform field mapping: subcategory -> subcategory
   create transform field mapping: purchase_date -> purchase_date
   create transform field mapping: short_description -> short_description
   skip system field: target_mod_count
   create transform field mapping: assignment_group -> assignment_group
   skip system field: batch_id
   create transform field mapping: managed_by -> managed_by
   skip system field: sys_import_state_comment
   create transform field mapping: can_print -> can_print
   skip system field: target_domain
   create transform field mapping: last_discovered -> last_discovered
   skip system field: sys_class_name
   create transform field mapping: manufacturer -> manufacturer
   create transform field mapping: po_number -> po_number
   create transform field mapping: checked_in -> checked_in
   create transform field mapping: sys_class_path -> sys_class_path
   create transform field mapping: vendor -> vendor
   create transform field mapping: mac_address -> mac_address
   skip system field: sys_transform_map
   create transform field mapping: company -> company
   create transform field mapping: model_number -> model_number
   create transform field mapping: justification -> justification
   create transform field mapping: department -> department
   create transform field mapping: assigned_to -> assigned_to
   create transform field mapping: start_date -> start_date
   create transform field mapping: cost -> cost
   create transform field mapping: comments -> comments
   skip system field: sys_target_table
   skip system field: target_created_on
   skip system field: sys_mod_count
   create transform field mapping: serial_number -> serial_number
   create transform field mapping: monitor -> monitor
   create transform field mapping: model_id -> model_id
   create transform field mapping: ip_address -> ip_address
   skip virtual field: sys_tags
   skip system field: sys_import_state
   create transform field mapping: cost_cc -> cost_cc
   create transform field mapping: support_group -> support_group
   create transform field mapping: order_date -> order_date
   create transform field mapping: schedule -> schedule
   create transform field mapping: due -> due
   create transform field mapping: unverified -> unverified
   create transform field mapping: correlation_id -> correlation_id
   create transform field mapping: location -> location
   create transform field mapping: attributes -> attributes
   skip system field: source_id
   create transform field mapping: category -> category
   create transform field mapping: asset -> asset
   create transform field mapping: fault_count -> fault_count
   create transform field mapping: lease_id -> lease_id
   create transform field mapping: target_domain -> sys_domain
   create transform field mapping: target_class_name -> sys_class_name
   create transform field mapping: target_mod_count -> sys_mod_count
   create transform field mapping: target_created_by -> sys_created_by
   create transform field mapping: target_created_on -> sys_created_on
add sys_id_coalece
   create transform field mapping: target_sys_id -> sys_id
--synchronise transform map complete--
--Check Import Set WS and Transform Map Completed--

2018/06/16 18:46:13.401 [INFO] Scripted Web Service is Synchronised [u_itsmb_dscy_net_base_n]
2018/06/16 18:46:13.401 [DETAIL] Build Field Map [u_itsmb_dscy_net_base_n] started...
2018/06/16 18:46:15.821 [DETAIL] SNow: Build Field Map [u_itsmb_dscy_net_base_n] complete, 72 entries
2018/06/16 18:46:16.291 [INFO] Initialisation 1 of 8 [CMDB Concrete Collection] Completed
2018/06/16 18:46:16.291 [DETAIL] Build Field Map [AST:ConnectivityCollection] started...
2018/06/16 18:46:16.428 [DETAIL] Remedy: Build Field Map [AST:ConnectivityCollection] complete, 116 entries
2018/06/16 18:46:16.430 [DETAIL] Create Remedy Qualification: 'ClassId' = "BMC_CONNECTIVITYGROUP" AND (1 = 1 AND 'Company' = "Calbro Services" OR 1 = 0) AND 'DatasetID' = "BMC.ASSET"
2018/06/16 18:46:16.446 [DETAIL] Add Project Variable [ManufacturerName [STRING]]
2018/06/16 18:46:16.446 [DETAIL] Create SNow Lookup Query: name#!#ManufacturerName#!#^manufacturer=true
2018/06/16 18:46:16.447 [DETAIL] Add Project Variable [Company [STRING]]
2018/06/16 18:46:16.447 [DETAIL] Create SNow Lookup Query: name#!#Company#!#
2018/06/16 18:46:16.447 [DETAIL] Add Project Variable [SupplierName [STRING]]
2018/06/16 18:46:16.448 [DETAIL] Create SNow Lookup Query: name#!#SupplierName#!#^vendor=true
2018/06/16 18:46:16.448 [DETAIL] Add Project Variable [Department [STRING]]
2018/06/16 18:46:16.448 [DETAIL] Create SNow Lookup Query: name#!#Department#!#^company#!#!Target Company SysID!#!#
2018/06/16 18:46:16.449 [DETAIL] Add Project Variable [Reconciliation Identity [STRING]]
2018/06/16 18:46:16.451 [DETAIL] Create Remedy Lookup Query: 'CI_Instance_ID' = ""
2018/06/16 18:46:16.451 [DETAIL] Add Project Variable [OwnerName [STRING]]
2018/06/16 18:46:16.451 [DETAIL] Create SNow Lookup Query: name#!#OwnerName#!#
2018/06/16 18:46:16.451 [DETAIL] Add Project Variable [Model [STRING]]
2018/06/16 18:46:16.451 [DETAIL] Add Project Variable [VersionNumber [STRING]]
2018/06/16 18:46:16.451 [DETAIL] Create SNow Lookup Query: name#!#Model#!#^model_number#!#VersionNumber#!#
2018/06/16 18:46:16.452 [DETAIL] Add Project Variable [Cost Center [STRING]]
2018/06/16 18:46:16.452 [DETAIL] Create SNow Lookup Query: code#!#Cost Center#!#
2018/06/16 18:46:16.452 [DETAIL] Add Project Variable [Site [STRING]]
2018/06/16 18:46:16.452 [DETAIL] Create SNow Lookup Query: name#!#Site#!#^company#!#!Target Company SysID!#!#
2018/06/16 18:46:16.453 [INFO] Synchronising Scripted Web Service [u_itsmb_dscy_net_base_n]
2018/06/16 18:46:18.332 [DETAIL] --Check Import WS Started--
   WS Name: u_itsmb_dscy_net_base_n
   Target Table: dscy_net_base
   Scope: global
   Run Business Rules: false
   include fields from tables: dscy_net_base,cmdb_ci,cmdb
--created ws import set: u_itsmb_dscy_net_base_n [dscy_net_base]--
--synchronise ws fields with target complete--
--transform map updated: u_itsmb_dscy_net_base_n
   transform field mapping exists: skip_sync -> skip_sync
   transform field mapping exists: operational_status -> operational_status
   skip system field: template_import_log
   skip system field: target_scope
   skip system field: sys_updated_on
   skip system field: target_class_name
   skip system field: sys_target_sys_id
   transform field mapping exists: first_discovered -> first_discovered
   transform field mapping exists: discovery_source -> discovery_source
   skip system field: sys_updated_by
   transform field mapping exists: due_in -> due_in
   skip system field: sys_created_on
   skip system field: sys_import_set
   transform field mapping exists: install_date -> install_date
   skip system field: target_sys_id
   transform field mapping exists: invoice_number -> invoice_number
   transform field mapping exists: gl_account -> gl_account
   skip system field: target_created_by
   skip system field: sys_created_by
   transform field mapping exists: warranty_expiration -> warranty_expiration
   skip system field: sys_import_row
   transform field mapping exists: asset_tag -> asset_tag
   skip system field: sys_row_error
   transform field mapping exists: fqdn -> fqdn
   skip system field: target_domain_path
   transform field mapping exists: change_control -> change_control
   transform field mapping exists: owned_by -> owned_by
   transform field mapping exists: checked_out -> checked_out
   skip system field: import_set_run
   transform field mapping exists: network_wire -> network_wire
   transform field mapping exists: delivery_date -> delivery_date
   transform field mapping exists: maintenance_schedule -> maintenance_schedule
   transform field mapping exists: install_status -> install_status
   transform field mapping exists: cost_center -> cost_center
   transform field mapping exists: supported_by -> supported_by
   transform field mapping exists: dns_domain -> dns_domain
   transform field mapping exists: name -> name
   transform field mapping exists: assigned -> assigned
   transform field mapping exists: subcategory -> subcategory
   transform field mapping exists: purchase_date -> purchase_date
   transform field mapping exists: short_description -> short_description
   skip system field: target_mod_count
   transform field mapping exists: assignment_group -> assignment_group
   skip system field: batch_id
   transform field mapping exists: managed_by -> managed_by
   skip system field: sys_import_state_comment
   transform field mapping exists: can_print -> can_print
   skip system field: target_domain
   transform field mapping exists: last_discovered -> last_discovered
   skip system field: sys_class_name
   transform field mapping exists: manufacturer -> manufacturer
   transform field mapping exists: po_number -> po_number
   transform field mapping exists: checked_in -> checked_in
   transform field mapping exists: sys_class_path -> sys_class_path
   transform field mapping exists: vendor -> vendor
   transform field mapping exists: mac_address -> mac_address
   skip system field: sys_transform_map
   transform field mapping exists: company -> company
   transform field mapping exists: model_number -> model_number
   transform field mapping exists: justification -> justification
   transform field mapping exists: department -> department
   transform field mapping exists: assigned_to -> assigned_to
   transform field mapping exists: start_date -> start_date
   transform field mapping exists: cost -> cost
   transform field mapping exists: comments -> comments
   skip system field: sys_target_table
   skip system field: target_created_on
   skip system field: sys_mod_count
   transform field mapping exists: serial_number -> serial_number
   transform field mapping exists: monitor -> monitor
   transform field mapping exists: model_id -> model_id
   transform field mapping exists: ip_address -> ip_address
   skip virtual field: sys_tags
   skip system field: sys_import_state
   transform field mapping exists: cost_cc -> cost_cc
   transform field mapping exists: support_group -> support_group
   transform field mapping exists: order_date -> order_date
   transform field mapping exists: schedule -> schedule
   transform field mapping exists: due -> due
   transform field mapping exists: unverified -> unverified
   transform field mapping exists: correlation_id -> correlation_id
   transform field mapping exists: location -> location
   transform field mapping exists: attributes -> attributes
   skip system field: source_id
   transform field mapping exists: category -> category
   transform field mapping exists: asset -> asset
   transform field mapping exists: fault_count -> fault_count
   transform field mapping exists: lease_id -> lease_id
   transform field mapping exists: target_domain -> sys_domain
   transform field mapping exists: target_class_name -> sys_class_name
   transform field mapping exists: target_mod_count -> sys_mod_count
   transform field mapping exists: target_created_by -> sys_created_by
   transform field mapping exists: target_created_on -> sys_created_on
coalece field exists
--synchronise transform map complete--
--Check Import Set WS and Transform Map Completed--

2018/06/16 18:46:18.333 [INFO] Scripted Web Service is Synchronised [u_itsmb_dscy_net_base_n]
2018/06/16 18:46:18.790 [INFO] Initialisation 2 of 8 [CMDB Connectivity Collection] Completed
2018/06/16 18:46:18.790 [DETAIL] Build Field Map [AST:ConnectivitySegment] started...
2018/06/16 18:46:18.906 [DETAIL] Remedy: Build Field Map [AST:ConnectivitySegment] complete, 110 entries
2018/06/16 18:46:18.909 [DETAIL] Create Remedy Qualification: 'ClassId' = "BMC_CONNECTIVITYSEGMENT" AND (1 = 1 AND 'Company' = "Calbro Services" OR 1 = 0) AND 'DatasetID' = "BMC.ASSET"
2018/06/16 18:46:18.930 [DETAIL] Add Project Variable [ManufacturerName [STRING]]
2018/06/16 18:46:18.930 [DETAIL] Create SNow Lookup Query: name#!#ManufacturerName#!#^manufacturer=true
2018/06/16 18:46:18.930 [DETAIL] Add Project Variable [Company [STRING]]
2018/06/16 18:46:18.930 [DETAIL] Create SNow Lookup Query: name#!#Company#!#
2018/06/16 18:46:18.930 [DETAIL] Add Project Variable [SupplierName [STRING]]
2018/06/16 18:46:18.930 [DETAIL] Create SNow Lookup Query: name#!#SupplierName#!#^vendor=true
2018/06/16 18:46:18.931 [DETAIL] Add Project Variable [Department [STRING]]
2018/06/16 18:46:18.931 [DETAIL] Create SNow Lookup Query: name#!#Department#!#^company#!#!Target Company SysID!#!#
2018/06/16 18:46:18.931 [DETAIL] Add Project Variable [Reconciliation Identity [STRING]]
2018/06/16 18:46:18.933 [DETAIL] Create Remedy Lookup Query: 'CI_Instance_ID' = ""
2018/06/16 18:46:18.933 [DETAIL] Add Project Variable [OwnerName [STRING]]
2018/06/16 18:46:18.933 [DETAIL] Create SNow Lookup Query: name#!#OwnerName#!#
2018/06/16 18:46:18.934 [DETAIL] Add Project Variable [Model [STRING]]
2018/06/16 18:46:18.934 [DETAIL] Add Project Variable [VersionNumber [STRING]]
2018/06/16 18:46:18.934 [DETAIL] Create SNow Lookup Query: name#!#Model#!#^model_number#!#VersionNumber#!#
2018/06/16 18:46:18.934 [DETAIL] Add Project Variable [Cost Center [STRING]]
2018/06/16 18:46:18.934 [DETAIL] Create SNow Lookup Query: code#!#Cost Center#!#
2018/06/16 18:46:18.935 [DETAIL] Add Project Variable [Site [STRING]]
2018/06/16 18:46:18.935 [DETAIL] Create SNow Lookup Query: name#!#Site#!#^company#!#!Target Company SysID!#!#
2018/06/16 18:46:18.935 [INFO] Synchronising Scripted Web Service [u_itsmb_dscy_net_base_n]
2018/06/16 18:46:20.834 [DETAIL] --Check Import WS Started--
   WS Name: u_itsmb_dscy_net_base_n
   Target Table: dscy_net_base
   Scope: global
   Run Business Rules: false
   include fields from tables: dscy_net_base,cmdb_ci,cmdb
--created ws import set: u_itsmb_dscy_net_base_n [dscy_net_base]--
--synchronise ws fields with target complete--
--transform map updated: u_itsmb_dscy_net_base_n
   transform field mapping exists: skip_sync -> skip_sync
   transform field mapping exists: operational_status -> operational_status
   skip system field: template_import_log
   skip system field: target_scope
   skip system field: sys_updated_on
   skip system field: target_class_name
   skip system field: sys_target_sys_id
   transform field mapping exists: first_discovered -> first_discovered
   transform field mapping exists: discovery_source -> discovery_source
   skip system field: sys_updated_by
   transform field mapping exists: due_in -> due_in
   skip system field: sys_created_on
   skip system field: sys_import_set
   transform field mapping exists: install_date -> install_date
   skip system field: target_sys_id
   transform field mapping exists: invoice_number -> invoice_number
   transform field mapping exists: gl_account -> gl_account
   skip system field: target_created_by
   skip system field: sys_created_by
   transform field mapping exists: warranty_expiration -> warranty_expiration
   skip system field: sys_import_row
   transform field mapping exists: asset_tag -> asset_tag
   skip system field: sys_row_error
   transform field mapping exists: fqdn -> fqdn
   skip system field: target_domain_path
   transform field mapping exists: change_control -> change_control
   transform field mapping exists: owned_by -> owned_by
   transform field mapping exists: checked_out -> checked_out
   skip system field: import_set_run
   transform field mapping exists: network_wire -> network_wire
   transform field mapping exists: delivery_date -> delivery_date
   transform field mapping exists: maintenance_schedule -> maintenance_schedule
   transform field mapping exists: install_status -> install_status
   transform field mapping exists: cost_center -> cost_center
   transform field mapping exists: supported_by -> supported_by
   transform field mapping exists: dns_domain -> dns_domain
   transform field mapping exists: name -> name
   transform field mapping exists: assigned -> assigned
   transform field mapping exists: subcategory -> subcategory
   transform field mapping exists: purchase_date -> purchase_date
   transform field mapping exists: short_description -> short_description
   skip system field: target_mod_count
   transform field mapping exists: assignment_group -> assignment_group
   skip system field: batch_id
   transform field mapping exists: managed_by -> managed_by
   skip system field: sys_import_state_comment
   transform field mapping exists: can_print -> can_print
   skip system field: target_domain
   transform field mapping exists: last_discovered -> last_discovered
   skip system field: sys_class_name
   transform field mapping exists: manufacturer -> manufacturer
   transform field mapping exists: po_number -> po_number
   transform field mapping exists: checked_in -> checked_in
   transform field mapping exists: sys_class_path -> sys_class_path
   transform field mapping exists: vendor -> vendor
   transform field mapping exists: mac_address -> mac_address
   skip system field: sys_transform_map
   transform field mapping exists: company -> company
   transform field mapping exists: model_number -> model_number
   transform field mapping exists: justification -> justification
   transform field mapping exists: department -> department
   transform field mapping exists: assigned_to -> assigned_to
   transform field mapping exists: start_date -> start_date
   transform field mapping exists: cost -> cost
   transform field mapping exists: comments -> comments
   skip system field: sys_target_table
   skip system field: target_created_on
   skip system field: sys_mod_count
   transform field mapping exists: serial_number -> serial_number
   transform field mapping exists: monitor -> monitor
   transform field mapping exists: model_id -> model_id
   transform field mapping exists: ip_address -> ip_address
   skip virtual field: sys_tags
   skip system field: sys_import_state
   transform field mapping exists: cost_cc -> cost_cc
   transform field mapping exists: support_group -> support_group
   transform field mapping exists: order_date -> order_date
   transform field mapping exists: schedule -> schedule
   transform field mapping exists: due -> due
   transform field mapping exists: unverified -> unverified
   transform field mapping exists: correlation_id -> correlation_id
   transform field mapping exists: location -> location
   transform field mapping exists: attributes -> attributes
   skip system field: source_id
   transform field mapping exists: category -> category
   transform field mapping exists: asset -> asset
   transform field mapping exists: fault_count -> fault_count
   transform field mapping exists: lease_id -> lease_id
   transform field mapping exists: target_domain -> sys_domain
   transform field mapping exists: target_class_name -> sys_class_name
   transform field mapping exists: target_mod_count -> sys_mod_count
   transform field mapping exists: target_created_by -> sys_created_by
   transform field mapping exists: target_created_on -> sys_created_on
coalece field exists
--synchronise transform map complete--
--Check Import Set WS and Transform Map Completed--

2018/06/16 18:46:20.834 [INFO] Scripted Web Service is Synchronised [u_itsmb_dscy_net_base_n]
2018/06/16 18:46:21.292 [INFO] Initialisation 3 of 8 [CMDB Connectivity Segment] Completed
2018/06/16 18:46:21.293 [DETAIL] Build Field Map [AST:IPConnectivitySubnet] started...
2018/06/16 18:46:21.421 [DETAIL] Remedy: Build Field Map [AST:IPConnectivitySubnet] complete, 111 entries
2018/06/16 18:46:21.423 [DETAIL] Create Remedy Qualification: 'ClassId' = "BMC_IPCONNECTIVITYSUBNET" AND (1 = 1 AND 'Company' = "Calbro Services" OR 1 = 0) AND 'DatasetID' = "BMC.ASSET"
2018/06/16 18:46:21.447 [DETAIL] Add Project Variable [ManufacturerName [STRING]]
2018/06/16 18:46:21.447 [DETAIL] Create SNow Lookup Query: name#!#ManufacturerName#!#^manufacturer=true
2018/06/16 18:46:21.448 [DETAIL] Add Project Variable [Company [STRING]]
2018/06/16 18:46:21.448 [DETAIL] Create SNow Lookup Query: name#!#Company#!#
2018/06/16 18:46:21.448 [DETAIL] Add Project Variable [SupplierName [STRING]]
2018/06/16 18:46:21.449 [DETAIL] Create SNow Lookup Query: name#!#SupplierName#!#^vendor=true
2018/06/16 18:46:21.449 [DETAIL] Add Project Variable [Department [STRING]]
2018/06/16 18:46:21.449 [DETAIL] Create SNow Lookup Query: name#!#Department#!#^company#!#!Target Company SysID!#!#
2018/06/16 18:46:21.450 [DETAIL] Add Project Variable [Reconciliation Identity [STRING]]
2018/06/16 18:46:21.452 [DETAIL] Create Remedy Lookup Query: 'CI_Instance_ID' = ""
2018/06/16 18:46:21.452 [DETAIL] Add Project Variable [OwnerName [STRING]]
2018/06/16 18:46:21.452 [DETAIL] Create SNow Lookup Query: name#!#OwnerName#!#
2018/06/16 18:46:21.453 [DETAIL] Add Project Variable [Model [STRING]]
2018/06/16 18:46:21.453 [DETAIL] Add Project Variable [VersionNumber [STRING]]
2018/06/16 18:46:21.453 [DETAIL] Create SNow Lookup Query: name#!#Model#!#^model_number#!#VersionNumber#!#
2018/06/16 18:46:21.453 [DETAIL] Add Project Variable [Cost Center [STRING]]
2018/06/16 18:46:21.453 [DETAIL] Create SNow Lookup Query: code#!#Cost Center#!#
2018/06/16 18:46:21.454 [DETAIL] Add Project Variable [Site [STRING]]
2018/06/16 18:46:21.454 [DETAIL] Create SNow Lookup Query: name#!#Site#!#^company#!#!Target Company SysID!#!#
2018/06/16 18:46:21.455 [INFO] Synchronising Scripted Web Service [u_itsmb_dscy_net_base_n]
2018/06/16 18:46:23.187 [DETAIL] --Check Import WS Started--
   WS Name: u_itsmb_dscy_net_base_n
   Target Table: dscy_net_base
   Scope: global
   Run Business Rules: false
   include fields from tables: dscy_net_base,cmdb_ci,cmdb
--created ws import set: u_itsmb_dscy_net_base_n [dscy_net_base]--
--synchronise ws fields with target complete--
--transform map updated: u_itsmb_dscy_net_base_n
   transform field mapping exists: skip_sync -> skip_sync
   transform field mapping exists: operational_status -> operational_status
   skip system field: template_import_log
   skip system field: target_scope
   skip system field: sys_updated_on
   skip system field: target_class_name
   skip system field: sys_target_sys_id
   transform field mapping exists: first_discovered -> first_discovered
   transform field mapping exists: discovery_source -> discovery_source
   skip system field: sys_updated_by
   transform field mapping exists: due_in -> due_in
   skip system field: sys_created_on
   skip system field: sys_import_set
   transform field mapping exists: install_date -> install_date
   skip system field: target_sys_id
   transform field mapping exists: invoice_number -> invoice_number
   transform field mapping exists: gl_account -> gl_account
   skip system field: target_created_by
   skip system field: sys_created_by
   transform field mapping exists: warranty_expiration -> warranty_expiration
   skip system field: sys_import_row
   transform field mapping exists: asset_tag -> asset_tag
   skip system field: sys_row_error
   transform field mapping exists: fqdn -> fqdn
   skip system field: target_domain_path
   transform field mapping exists: change_control -> change_control
   transform field mapping exists: owned_by -> owned_by
   transform field mapping exists: checked_out -> checked_out
   skip system field: import_set_run
   transform field mapping exists: network_wire -> network_wire
   transform field mapping exists: delivery_date -> delivery_date
   transform field mapping exists: maintenance_schedule -> maintenance_schedule
   transform field mapping exists: install_status -> install_status
   transform field mapping exists: cost_center -> cost_center
   transform field mapping exists: supported_by -> supported_by
   transform field mapping exists: dns_domain -> dns_domain
   transform field mapping exists: name -> name
   transform field mapping exists: assigned -> assigned
   transform field mapping exists: subcategory -> subcategory
   transform field mapping exists: purchase_date -> purchase_date
   transform field mapping exists: short_description -> short_description
   skip system field: target_mod_count
   transform field mapping exists: assignment_group -> assignment_group
   skip system field: batch_id
   transform field mapping exists: managed_by -> managed_by
   skip system field: sys_import_state_comment
   transform field mapping exists: can_print -> can_print
   skip system field: target_domain
   transform field mapping exists: last_discovered -> last_discovered
   skip system field: sys_class_name
   transform field mapping exists: manufacturer -> manufacturer
   transform field mapping exists: po_number -> po_number
   transform field mapping exists: checked_in -> checked_in
   transform field mapping exists: sys_class_path -> sys_class_path
   transform field mapping exists: vendor -> vendor
   transform field mapping exists: mac_address -> mac_address
   skip system field: sys_transform_map
   transform field mapping exists: company -> company
   transform field mapping exists: model_number -> model_number
   transform field mapping exists: justification -> justification
   transform field mapping exists: department -> department
   transform field mapping exists: assigned_to -> assigned_to
   transform field mapping exists: start_date -> start_date
   transform field mapping exists: cost -> cost
   transform field mapping exists: comments -> comments
   skip system field: sys_target_table
   skip system field: target_created_on
   skip system field: sys_mod_count
   transform field mapping exists: serial_number -> serial_number
   transform field mapping exists: monitor -> monitor
   transform field mapping exists: model_id -> model_id
   transform field mapping exists: ip_address -> ip_address
   skip virtual field: sys_tags
   skip system field: sys_import_state
   transform field mapping exists: cost_cc -> cost_cc
   transform field mapping exists: support_group -> support_group
   transform field mapping exists: order_date -> order_date
   transform field mapping exists: schedule -> schedule
   transform field mapping exists: due -> due
   transform field mapping exists: unverified -> unverified
   transform field mapping exists: correlation_id -> correlation_id
   transform field mapping exists: location -> location
   transform field mapping exists: attributes -> attributes
   skip system field: source_id
   transform field mapping exists: category -> category
   transform field mapping exists: asset -> asset
   transform field mapping exists: fault_count -> fault_count
   transform field mapping exists: lease_id -> lease_id
   transform field mapping exists: target_domain -> sys_domain
   transform field mapping exists: target_class_name -> sys_class_name
   transform field mapping exists: target_mod_count -> sys_mod_count
   transform field mapping exists: target_created_by -> sys_created_by
   transform field mapping exists: target_created_on -> sys_created_on
coalece field exists
--synchronise transform map complete--
--Check Import Set WS and Transform Map Completed--

2018/06/16 18:46:23.187 [INFO] Scripted Web Service is Synchronised [u_itsmb_dscy_net_base_n]
2018/06/16 18:46:23.646 [INFO] Initialisation 4 of 8 [CMDB IP Subnet] Completed
2018/06/16 18:46:23.649 [DETAIL] Build Field Map [AST:IPXConnectivityNetwork] started...
2018/06/16 18:46:23.772 [DETAIL] Remedy: Build Field Map [AST:IPXConnectivityNetwork] complete, 103 entries
2018/06/16 18:46:23.775 [DETAIL] Create Remedy Qualification: 'ClassId' = "BMC_IPXCONNECTIVITYNETWORK" AND (1 = 1 AND 'Company' = "Calbro Services" OR 1 = 0) AND 'DatasetID' = "BMC.ASSET"
2018/06/16 18:46:23.790 [DETAIL] Add Project Variable [ManufacturerName [STRING]]
2018/06/16 18:46:23.790 [DETAIL] Create SNow Lookup Query: name#!#ManufacturerName#!#^manufacturer=true
2018/06/16 18:46:23.792 [DETAIL] Add Project Variable [Company [STRING]]
2018/06/16 18:46:23.792 [DETAIL] Create SNow Lookup Query: name#!#Company#!#
2018/06/16 18:46:23.792 [DETAIL] Add Project Variable [SupplierName [STRING]]
2018/06/16 18:46:23.792 [DETAIL] Create SNow Lookup Query: name#!#SupplierName#!#^vendor=true
2018/06/16 18:46:23.792 [DETAIL] Add Project Variable [Department [STRING]]
2018/06/16 18:46:23.792 [DETAIL] Create SNow Lookup Query: name#!#Department#!#^company#!#!Target Company SysID!#!#
2018/06/16 18:46:23.793 [DETAIL] Add Project Variable [Reconciliation Identity [STRING]]
2018/06/16 18:46:23.795 [DETAIL] Create Remedy Lookup Query: 'CI_Instance_ID' = ""
2018/06/16 18:46:23.795 [DETAIL] Add Project Variable [Owner_name [STRING]]
2018/06/16 18:46:23.795 [DETAIL] Create SNow Lookup Query: name#!#Owner_name#!#
2018/06/16 18:46:23.795 [DETAIL] Add Project Variable [Model [STRING]]
2018/06/16 18:46:23.795 [DETAIL] Add Project Variable [VersionNumber [STRING]]
2018/06/16 18:46:23.795 [DETAIL] Create SNow Lookup Query: name#!#Model#!#^model_number#!#VersionNumber#!#
2018/06/16 18:46:23.796 [DETAIL] Add Project Variable [Cost Center [STRING]]
2018/06/16 18:46:23.796 [DETAIL] Create SNow Lookup Query: code#!#Cost Center#!#
2018/06/16 18:46:23.796 [DETAIL] Add Project Variable [Site [STRING]]
2018/06/16 18:46:23.796 [DETAIL] Create SNow Lookup Query: name#!#Site#!#^company#!#!Target Company SysID!#!#
2018/06/16 18:46:23.797 [INFO] Synchronising Scripted Web Service [u_itsmb_dscy_net_base_n]
2018/06/16 18:46:25.606 [DETAIL] --Check Import WS Started--
   WS Name: u_itsmb_dscy_net_base_n
   Target Table: dscy_net_base
   Scope: global
   Run Business Rules: false
   include fields from tables: dscy_net_base,cmdb_ci,cmdb
--created ws import set: u_itsmb_dscy_net_base_n [dscy_net_base]--
--synchronise ws fields with target complete--
--transform map updated: u_itsmb_dscy_net_base_n
   transform field mapping exists: skip_sync -> skip_sync
   transform field mapping exists: operational_status -> operational_status
   skip system field: template_import_log
   skip system field: target_scope
   skip system field: sys_updated_on
   skip system field: target_class_name
   skip system field: sys_target_sys_id
   transform field mapping exists: first_discovered -> first_discovered
   transform field mapping exists: discovery_source -> discovery_source
   skip system field: sys_updated_by
   transform field mapping exists: due_in -> due_in
   skip system field: sys_created_on
   skip system field: sys_import_set
   transform field mapping exists: install_date -> install_date
   skip system field: target_sys_id
   transform field mapping exists: invoice_number -> invoice_number
   transform field mapping exists: gl_account -> gl_account
   skip system field: target_created_by
   skip system field: sys_created_by
   transform field mapping exists: warranty_expiration -> warranty_expiration
   skip system field: sys_import_row
   transform field mapping exists: asset_tag -> asset_tag
   skip system field: sys_row_error
   transform field mapping exists: fqdn -> fqdn
   skip system field: target_domain_path
   transform field mapping exists: change_control -> change_control
   transform field mapping exists: owned_by -> owned_by
   transform field mapping exists: checked_out -> checked_out
   skip system field: import_set_run
   transform field mapping exists: network_wire -> network_wire
   transform field mapping exists: delivery_date -> delivery_date
   transform field mapping exists: maintenance_schedule -> maintenance_schedule
   transform field mapping exists: install_status -> install_status
   transform field mapping exists: cost_center -> cost_center
   transform field mapping exists: supported_by -> supported_by
   transform field mapping exists: dns_domain -> dns_domain
   transform field mapping exists: name -> name
   transform field mapping exists: assigned -> assigned
   transform field mapping exists: subcategory -> subcategory
   transform field mapping exists: purchase_date -> purchase_date
   transform field mapping exists: short_description -> short_description
   skip system field: target_mod_count
   transform field mapping exists: assignment_group -> assignment_group
   skip system field: batch_id
   transform field mapping exists: managed_by -> managed_by
   skip system field: sys_import_state_comment
   transform field mapping exists: can_print -> can_print
   skip system field: target_domain
   transform field mapping exists: last_discovered -> last_discovered
   skip system field: sys_class_name
   transform field mapping exists: manufacturer -> manufacturer
   transform field mapping exists: po_number -> po_number
   transform field mapping exists: checked_in -> checked_in
   transform field mapping exists: sys_class_path -> sys_class_path
   transform field mapping exists: vendor -> vendor
   transform field mapping exists: mac_address -> mac_address
   skip system field: sys_transform_map
   transform field mapping exists: company -> company
   transform field mapping exists: model_number -> model_number
   transform field mapping exists: justification -> justification
   transform field mapping exists: department -> department
   transform field mapping exists: assigned_to -> assigned_to
   transform field mapping exists: start_date -> start_date
   transform field mapping exists: cost -> cost
   transform field mapping exists: comments -> comments
   skip system field: sys_target_table
   skip system field: target_created_on
   skip system field: sys_mod_count
   transform field mapping exists: serial_number -> serial_number
   transform field mapping exists: monitor -> monitor
   transform field mapping exists: model_id -> model_id
   transform field mapping exists: ip_address -> ip_address
   skip virtual field: sys_tags
   skip system field: sys_import_state
   transform field mapping exists: cost_cc -> cost_cc
   transform field mapping exists: support_group -> support_group
   transform field mapping exists: order_date -> order_date
   transform field mapping exists: schedule -> schedule
   transform field mapping exists: due -> due
   transform field mapping exists: unverified -> unverified
   transform field mapping exists: correlation_id -> correlation_id
   transform field mapping exists: location -> location
   transform field mapping exists: attributes -> attributes
   skip system field: source_id
   transform field mapping exists: category -> category
   transform field mapping exists: asset -> asset
   transform field mapping exists: fault_count -> fault_count
   transform field mapping exists: lease_id -> lease_id
   transform field mapping exists: target_domain -> sys_domain
   transform field mapping exists: target_class_name -> sys_class_name
   transform field mapping exists: target_mod_count -> sys_mod_count
   transform field mapping exists: target_created_by -> sys_created_by
   transform field mapping exists: target_created_on -> sys_created_on
coalece field exists
--synchronise transform map complete--
--Check Import Set WS and Transform Map Completed--

2018/06/16 18:46:25.606 [INFO] Scripted Web Service is Synchronised [u_itsmb_dscy_net_base_n]
2018/06/16 18:46:26.066 [INFO] Initialisation 5 of 8 [CMDB IPX Network] Completed
2018/06/16 18:46:26.067 [DETAIL] Build Field Map [AST:LNsCollection] started...
2018/06/16 18:46:26.161 [DETAIL] Remedy: Build Field Map [AST:LNsCollection] complete, 106 entries
2018/06/16 18:46:26.163 [DETAIL] Create Remedy Qualification: 'ClassId' = "BMC_LNSGROUP" AND (1 = 1 AND 'Company' = "Calbro Services" OR 1 = 0) AND 'DatasetID' = "BMC.ASSET"
2018/06/16 18:46:26.186 [DETAIL] Add Project Variable [ManufacturerName [STRING]]
2018/06/16 18:46:26.186 [DETAIL] Create SNow Lookup Query: name#!#ManufacturerName#!#^manufacturer=true
2018/06/16 18:46:26.187 [DETAIL] Add Project Variable [Company [STRING]]
2018/06/16 18:46:26.187 [DETAIL] Create SNow Lookup Query: name#!#Company#!#
2018/06/16 18:46:26.187 [DETAIL] Add Project Variable [SupplierName [STRING]]
2018/06/16 18:46:26.187 [DETAIL] Create SNow Lookup Query: name#!#SupplierName#!#^vendor=true
2018/06/16 18:46:26.188 [DETAIL] Add Project Variable [Department [STRING]]
2018/06/16 18:46:26.188 [DETAIL] Create SNow Lookup Query: name#!#Department#!#^company#!#!Target Company SysID!#!#
2018/06/16 18:46:26.188 [DETAIL] Add Project Variable [Reconciliation Identity [STRING]]
2018/06/16 18:46:26.190 [DETAIL] Create Remedy Lookup Query: 'CI_Instance_ID' = ""
2018/06/16 18:46:26.190 [DETAIL] Add Project Variable [OwnerName [STRING]]
2018/06/16 18:46:26.190 [DETAIL] Create SNow Lookup Query: name#!#OwnerName#!#
2018/06/16 18:46:26.190 [DETAIL] Add Project Variable [Model [STRING]]
2018/06/16 18:46:26.190 [DETAIL] Add Project Variable [VersionNumber [STRING]]
2018/06/16 18:46:26.190 [DETAIL] Create SNow Lookup Query: name#!#Model#!#^model_number#!#VersionNumber#!#
2018/06/16 18:46:26.192 [DETAIL] Add Project Variable [Cost Center [STRING]]
2018/06/16 18:46:26.192 [DETAIL] Create SNow Lookup Query: code#!#Cost Center#!#
2018/06/16 18:46:26.192 [DETAIL] Add Project Variable [Site [STRING]]
2018/06/16 18:46:26.192 [DETAIL] Create SNow Lookup Query: name#!#Site#!#^company#!#!Target Company SysID!#!#
2018/06/16 18:46:26.193 [INFO] Synchronising Scripted Web Service [u_itsmb_dscy_net_base_n]
2018/06/16 18:46:28.055 [DETAIL] --Check Import WS Started--
   WS Name: u_itsmb_dscy_net_base_n
   Target Table: dscy_net_base
   Scope: global
   Run Business Rules: false
   include fields from tables: dscy_net_base,cmdb_ci,cmdb
--created ws import set: u_itsmb_dscy_net_base_n [dscy_net_base]--
--synchronise ws fields with target complete--
--transform map updated: u_itsmb_dscy_net_base_n
   transform field mapping exists: skip_sync -> skip_sync
   transform field mapping exists: operational_status -> operational_status
   skip system field: template_import_log
   skip system field: target_scope
   skip system field: sys_updated_on
   skip system field: target_class_name
   skip system field: sys_target_sys_id
   transform field mapping exists: first_discovered -> first_discovered
   transform field mapping exists: discovery_source -> discovery_source
   skip system field: sys_updated_by
   transform field mapping exists: due_in -> due_in
   skip system field: sys_created_on
   skip system field: sys_import_set
   transform field mapping exists: install_date -> install_date
   skip system field: target_sys_id
   transform field mapping exists: invoice_number -> invoice_number
   transform field mapping exists: gl_account -> gl_account
   skip system field: target_created_by
   skip system field: sys_created_by
   transform field mapping exists: warranty_expiration -> warranty_expiration
   skip system field: sys_import_row
   transform field mapping exists: asset_tag -> asset_tag
   skip system field: sys_row_error
   transform field mapping exists: fqdn -> fqdn
   skip system field: target_domain_path
   transform field mapping exists: change_control -> change_control
   transform field mapping exists: owned_by -> owned_by
   transform field mapping exists: checked_out -> checked_out
   skip system field: import_set_run
   transform field mapping exists: network_wire -> network_wire
   transform field mapping exists: delivery_date -> delivery_date
   transform field mapping exists: maintenance_schedule -> maintenance_schedule
   transform field mapping exists: install_status -> install_status
   transform field mapping exists: cost_center -> cost_center
   transform field mapping exists: supported_by -> supported_by
   transform field mapping exists: dns_domain -> dns_domain
   transform field mapping exists: name -> name
   transform field mapping exists: assigned -> assigned
   transform field mapping exists: subcategory -> subcategory
   transform field mapping exists: purchase_date -> purchase_date
   transform field mapping exists: short_description -> short_description
   skip system field: target_mod_count
   transform field mapping exists: assignment_group -> assignment_group
   skip system field: batch_id
   transform field mapping exists: managed_by -> managed_by
   skip system field: sys_import_state_comment
   transform field mapping exists: can_print -> can_print
   skip system field: target_domain
   transform field mapping exists: last_discovered -> last_discovered
   skip system field: sys_class_name
   transform field mapping exists: manufacturer -> manufacturer
   transform field mapping exists: po_number -> po_number
   transform field mapping exists: checked_in -> checked_in
   transform field mapping exists: sys_class_path -> sys_class_path
   transform field mapping exists: vendor -> vendor
   transform field mapping exists: mac_address -> mac_address
   skip system field: sys_transform_map
   transform field mapping exists: company -> company
   transform field mapping exists: model_number -> model_number
   transform field mapping exists: justification -> justification
   transform field mapping exists: department -> department
   transform field mapping exists: assigned_to -> assigned_to
   transform field mapping exists: start_date -> start_date
   transform field mapping exists: cost -> cost
   transform field mapping exists: comments -> comments
   skip system field: sys_target_table
   skip system field: target_created_on
   skip system field: sys_mod_count
   transform field mapping exists: serial_number -> serial_number
   transform field mapping exists: monitor -> monitor
   transform field mapping exists: model_id -> model_id
   transform field mapping exists: ip_address -> ip_address
   skip virtual field: sys_tags
   skip system field: sys_import_state
   transform field mapping exists: cost_cc -> cost_cc
   transform field mapping exists: support_group -> support_group
   transform field mapping exists: order_date -> order_date
   transform field mapping exists: schedule -> schedule
   transform field mapping exists: due -> due
   transform field mapping exists: unverified -> unverified
   transform field mapping exists: correlation_id -> correlation_id
   transform field mapping exists: location -> location
   transform field mapping exists: attributes -> attributes
   skip system field: source_id
   transform field mapping exists: category -> category
   transform field mapping exists: asset -> asset
   transform field mapping exists: fault_count -> fault_count
   transform field mapping exists: lease_id -> lease_id
   transform field mapping exists: target_domain -> sys_domain
   transform field mapping exists: target_class_name -> sys_class_name
   transform field mapping exists: target_mod_count -> sys_mod_count
   transform field mapping exists: target_created_by -> sys_created_by
   transform field mapping exists: target_created_on -> sys_created_on
coalece field exists
--synchronise transform map complete--
--Check Import Set WS and Transform Map Completed--

2018/06/16 18:46:28.055 [INFO] Scripted Web Service is Synchronised [u_itsmb_dscy_net_base_n]
2018/06/16 18:46:28.537 [INFO] Initialisation 6 of 8 [CMDB LNs Collection] Completed
2018/06/16 18:46:28.537 [DETAIL] Build Field Map [AST:LAN] started...
2018/06/16 18:46:28.676 [DETAIL] Remedy: Build Field Map [AST:LAN] complete, 109 entries
2018/06/16 18:46:28.677 [DETAIL] Create Remedy Qualification: 'ClassId' = "BMC_LAN" AND (1 = 1 AND 'Company' = "Calbro Services" OR 1 = 0) AND 'DatasetID' = "BMC.ASSET"
2018/06/16 18:46:28.694 [DETAIL] Add Project Variable [ManufacturerName [STRING]]
2018/06/16 18:46:28.695 [DETAIL] Create SNow Lookup Query: name#!#ManufacturerName#!#^manufacturer=true
2018/06/16 18:46:28.695 [DETAIL] Add Project Variable [Company [STRING]]
2018/06/16 18:46:28.697 [DETAIL] Create SNow Lookup Query: name#!#Company#!#
2018/06/16 18:46:28.698 [DETAIL] Add Project Variable [SupplierName [STRING]]
2018/06/16 18:46:28.698 [DETAIL] Create SNow Lookup Query: name#!#SupplierName#!#^vendor=true
2018/06/16 18:46:28.698 [DETAIL] Add Project Variable [Department [STRING]]
2018/06/16 18:46:28.698 [DETAIL] Create SNow Lookup Query: name#!#Department#!#^company#!#!Target Company SysID!#!#
2018/06/16 18:46:28.699 [DETAIL] Add Project Variable [Reconciliation Identity [STRING]]
2018/06/16 18:46:28.701 [DETAIL] Create Remedy Lookup Query: 'CI_Instance_ID' = ""
2018/06/16 18:46:28.701 [DETAIL] Add Project Variable [OwnerName [STRING]]
2018/06/16 18:46:28.701 [DETAIL] Create SNow Lookup Query: name#!#OwnerName#!#
2018/06/16 18:46:28.702 [DETAIL] Add Project Variable [Model [STRING]]
2018/06/16 18:46:28.702 [DETAIL] Add Project Variable [VersionNumber [STRING]]
2018/06/16 18:46:28.702 [DETAIL] Create SNow Lookup Query: name#!#Model#!#^model_number#!#VersionNumber#!#
2018/06/16 18:46:28.702 [DETAIL] Add Project Variable [Cost Center [STRING]]
2018/06/16 18:46:28.702 [DETAIL] Create SNow Lookup Query: code#!#Cost Center#!#
2018/06/16 18:46:28.703 [DETAIL] Add Project Variable [Site [STRING]]
2018/06/16 18:46:28.703 [DETAIL] Create SNow Lookup Query: name#!#Site#!#^company#!#!Target Company SysID!#!#
2018/06/16 18:46:28.704 [INFO] Synchronising Scripted Web Service [u_itsmb_dscy_net_base_n]
2018/06/16 18:46:30.625 [DETAIL] --Check Import WS Started--
   WS Name: u_itsmb_dscy_net_base_n
   Target Table: dscy_net_base
   Scope: global
   Run Business Rules: false
   include fields from tables: dscy_net_base,cmdb_ci,cmdb
--created ws import set: u_itsmb_dscy_net_base_n [dscy_net_base]--
--synchronise ws fields with target complete--
--transform map updated: u_itsmb_dscy_net_base_n
   transform field mapping exists: skip_sync -> skip_sync
   transform field mapping exists: operational_status -> operational_status
   skip system field: template_import_log
   skip system field: target_scope
   skip system field: sys_updated_on
   skip system field: target_class_name
   skip system field: sys_target_sys_id
   transform field mapping exists: first_discovered -> first_discovered
   transform field mapping exists: discovery_source -> discovery_source
   skip system field: sys_updated_by
   transform field mapping exists: due_in -> due_in
   skip system field: sys_created_on
   skip system field: sys_import_set
   transform field mapping exists: install_date -> install_date
   skip system field: target_sys_id
   transform field mapping exists: invoice_number -> invoice_number
   transform field mapping exists: gl_account -> gl_account
   skip system field: target_created_by
   skip system field: sys_created_by
   transform field mapping exists: warranty_expiration -> warranty_expiration
   skip system field: sys_import_row
   transform field mapping exists: asset_tag -> asset_tag
   skip system field: sys_row_error
   transform field mapping exists: fqdn -> fqdn
   skip system field: target_domain_path
   transform field mapping exists: change_control -> change_control
   transform field mapping exists: owned_by -> owned_by
   transform field mapping exists: checked_out -> checked_out
   skip system field: import_set_run
   transform field mapping exists: network_wire -> network_wire
   transform field mapping exists: delivery_date -> delivery_date
   transform field mapping exists: maintenance_schedule -> maintenance_schedule
   transform field mapping exists: install_status -> install_status
   transform field mapping exists: cost_center -> cost_center
   transform field mapping exists: supported_by -> supported_by
   transform field mapping exists: dns_domain -> dns_domain
   transform field mapping exists: name -> name
   transform field mapping exists: assigned -> assigned
   transform field mapping exists: subcategory -> subcategory
   transform field mapping exists: purchase_date -> purchase_date
   transform field mapping exists: short_description -> short_description
   skip system field: target_mod_count
   transform field mapping exists: assignment_group -> assignment_group
   skip system field: batch_id
   transform field mapping exists: managed_by -> managed_by
   skip system field: sys_import_state_comment
   transform field mapping exists: can_print -> can_print
   skip system field: target_domain
   transform field mapping exists: last_discovered -> last_discovered
   skip system field: sys_class_name
   transform field mapping exists: manufacturer -> manufacturer
   transform field mapping exists: po_number -> po_number
   transform field mapping exists: checked_in -> checked_in
   transform field mapping exists: sys_class_path -> sys_class_path
   transform field mapping exists: vendor -> vendor
   transform field mapping exists: mac_address -> mac_address
   skip system field: sys_transform_map
   transform field mapping exists: company -> company
   transform field mapping exists: model_number -> model_number
   transform field mapping exists: justification -> justification
   transform field mapping exists: department -> department
   transform field mapping exists: assigned_to -> assigned_to
   transform field mapping exists: start_date -> start_date
   transform field mapping exists: cost -> cost
   transform field mapping exists: comments -> comments
   skip system field: sys_target_table
   skip system field: target_created_on
   skip system field: sys_mod_count
   transform field mapping exists: serial_number -> serial_number
   transform field mapping exists: monitor -> monitor
   transform field mapping exists: model_id -> model_id
   transform field mapping exists: ip_address -> ip_address
   skip virtual field: sys_tags
   skip system field: sys_import_state
   transform field mapping exists: cost_cc -> cost_cc
   transform field mapping exists: support_group -> support_group
   transform field mapping exists: order_date -> order_date
   transform field mapping exists: schedule -> schedule
   transform field mapping exists: due -> due
   transform field mapping exists: unverified -> unverified
   transform field mapping exists: correlation_id -> correlation_id
   transform field mapping exists: location -> location
   transform field mapping exists: attributes -> attributes
   skip system field: source_id
   transform field mapping exists: category -> category
   transform field mapping exists: asset -> asset
   transform field mapping exists: fault_count -> fault_count
   transform field mapping exists: lease_id -> lease_id
   transform field mapping exists: target_domain -> sys_domain
   transform field mapping exists: target_class_name -> sys_class_name
   transform field mapping exists: target_mod_count -> sys_mod_count
   transform field mapping exists: target_created_by -> sys_created_by
   transform field mapping exists: target_created_on -> sys_created_on
coalece field exists
--synchronise transform map complete--
--Check Import Set WS and Transform Map Completed--

2018/06/16 18:46:30.625 [INFO] Scripted Web Service is Synchronised [u_itsmb_dscy_net_base_n]
2018/06/16 18:46:31.076 [INFO] Initialisation 7 of 8 [CMDB LANs] Completed
2018/06/16 18:46:31.076 [DETAIL] Build Field Map [AST:WAN] started...
2018/06/16 18:46:31.120 [DETAIL] Remedy: Build Field Map [AST:WAN] complete, 109 entries
2018/06/16 18:46:31.146 [DETAIL] Create Remedy Qualification: 'ClassId' = "BMC_WAN" AND (1 = 1 AND 'Company' = "Calbro Services" OR 1 = 0) AND 'DatasetID' = "BMC.ASSET"
2018/06/16 18:46:31.176 [DETAIL] Add Project Variable [ManufacturerName [STRING]]
2018/06/16 18:46:31.176 [DETAIL] Create SNow Lookup Query: name#!#ManufacturerName#!#^manufacturer=true
2018/06/16 18:46:31.177 [DETAIL] Add Project Variable [Company [STRING]]
2018/06/16 18:46:31.177 [DETAIL] Create SNow Lookup Query: name#!#Company#!#
2018/06/16 18:46:31.177 [DETAIL] Add Project Variable [SupplierName [STRING]]
2018/06/16 18:46:31.177 [DETAIL] Create SNow Lookup Query: name#!#SupplierName#!#^vendor=true
2018/06/16 18:46:31.178 [DETAIL] Add Project Variable [Department [STRING]]
2018/06/16 18:46:31.178 [DETAIL] Create SNow Lookup Query: name#!#Department#!#^company#!#!Target Company SysID!#!#
2018/06/16 18:46:31.178 [DETAIL] Add Project Variable [Reconciliation Identity [STRING]]
2018/06/16 18:46:31.181 [DETAIL] Create Remedy Lookup Query: 'CI_Instance_ID' = ""
2018/06/16 18:46:31.181 [DETAIL] Add Project Variable [OwnerName [STRING]]
2018/06/16 18:46:31.181 [DETAIL] Create SNow Lookup Query: name#!#OwnerName#!#
2018/06/16 18:46:31.181 [DETAIL] Add Project Variable [Model [STRING]]
2018/06/16 18:46:31.181 [DETAIL] Add Project Variable [VersionNumber [STRING]]
2018/06/16 18:46:31.181 [DETAIL] Create SNow Lookup Query: name#!#Model#!#^model_number#!#VersionNumber#!#
2018/06/16 18:46:31.182 [DETAIL] Add Project Variable [Cost Center [STRING]]
2018/06/16 18:46:31.182 [DETAIL] Create SNow Lookup Query: code#!#Cost Center#!#
2018/06/16 18:46:31.182 [DETAIL] Add Project Variable [Site [STRING]]
2018/06/16 18:46:31.182 [DETAIL] Create SNow Lookup Query: name#!#Site#!#^company#!#!Target Company SysID!#!#
2018/06/16 18:46:31.183 [INFO] Synchronising Scripted Web Service [u_itsmb_dscy_net_base_n]
2018/06/16 18:46:32.978 [DETAIL] --Check Import WS Started--
   WS Name: u_itsmb_dscy_net_base_n
   Target Table: dscy_net_base
   Scope: global
   Run Business Rules: false
   include fields from tables: dscy_net_base,cmdb_ci,cmdb
--created ws import set: u_itsmb_dscy_net_base_n [dscy_net_base]--
--synchronise ws fields with target complete--
--transform map updated: u_itsmb_dscy_net_base_n
   transform field mapping exists: skip_sync -> skip_sync
   transform field mapping exists: operational_status -> operational_status
   skip system field: template_import_log
   skip system field: target_scope
   skip system field: sys_updated_on
   skip system field: target_class_name
   skip system field: sys_target_sys_id
   transform field mapping exists: first_discovered -> first_discovered
   transform field mapping exists: discovery_source -> discovery_source
   skip system field: sys_updated_by
   transform field mapping exists: due_in -> due_in
   skip system field: sys_created_on
   skip system field: sys_import_set
   transform field mapping exists: install_date -> install_date
   skip system field: target_sys_id
   transform field mapping exists: invoice_number -> invoice_number
   transform field mapping exists: gl_account -> gl_account
   skip system field: target_created_by
   skip system field: sys_created_by
   transform field mapping exists: warranty_expiration -> warranty_expiration
   skip system field: sys_import_row
   transform field mapping exists: asset_tag -> asset_tag
   skip system field: sys_row_error
   transform field mapping exists: fqdn -> fqdn
   skip system field: target_domain_path
   transform field mapping exists: change_control -> change_control
   transform field mapping exists: owned_by -> owned_by
   transform field mapping exists: checked_out -> checked_out
   skip system field: import_set_run
   transform field mapping exists: network_wire -> network_wire
   transform field mapping exists: delivery_date -> delivery_date
   transform field mapping exists: maintenance_schedule -> maintenance_schedule
   transform field mapping exists: install_status -> install_status
   transform field mapping exists: cost_center -> cost_center
   transform field mapping exists: supported_by -> supported_by
   transform field mapping exists: dns_domain -> dns_domain
   transform field mapping exists: name -> name
   transform field mapping exists: assigned -> assigned
   transform field mapping exists: subcategory -> subcategory
   transform field mapping exists: purchase_date -> purchase_date
   transform field mapping exists: short_description -> short_description
   skip system field: target_mod_count
   transform field mapping exists: assignment_group -> assignment_group
   skip system field: batch_id
   transform field mapping exists: managed_by -> managed_by
   skip system field: sys_import_state_comment
   transform field mapping exists: can_print -> can_print
   skip system field: target_domain
   transform field mapping exists: last_discovered -> last_discovered
   skip system field: sys_class_name
   transform field mapping exists: manufacturer -> manufacturer
   transform field mapping exists: po_number -> po_number
   transform field mapping exists: checked_in -> checked_in
   transform field mapping exists: sys_class_path -> sys_class_path
   transform field mapping exists: vendor -> vendor
   transform field mapping exists: mac_address -> mac_address
   skip system field: sys_transform_map
   transform field mapping exists: company -> company
   transform field mapping exists: model_number -> model_number
   transform field mapping exists: justification -> justification
   transform field mapping exists: department -> department
   transform field mapping exists: assigned_to -> assigned_to
   transform field mapping exists: start_date -> start_date
   transform field mapping exists: cost -> cost
   transform field mapping exists: comments -> comments
   skip system field: sys_target_table
   skip system field: target_created_on
   skip system field: sys_mod_count
   transform field mapping exists: serial_number -> serial_number
   transform field mapping exists: monitor -> monitor
   transform field mapping exists: model_id -> model_id
   transform field mapping exists: ip_address -> ip_address
   skip virtual field: sys_tags
   skip system field: sys_import_state
   transform field mapping exists: cost_cc -> cost_cc
   transform field mapping exists: support_group -> support_group
   transform field mapping exists: order_date -> order_date
   transform field mapping exists: schedule -> schedule
   transform field mapping exists: due -> due
   transform field mapping exists: unverified -> unverified
   transform field mapping exists: correlation_id -> correlation_id
   transform field mapping exists: location -> location
   transform field mapping exists: attributes -> attributes
   skip system field: source_id
   transform field mapping exists: category -> category
   transform field mapping exists: asset -> asset
   transform field mapping exists: fault_count -> fault_count
   transform field mapping exists: lease_id -> lease_id
   transform field mapping exists: target_domain -> sys_domain
   transform field mapping exists: target_class_name -> sys_class_name
   transform field mapping exists: target_mod_count -> sys_mod_count
   transform field mapping exists: target_created_by -> sys_created_by
   transform field mapping exists: target_created_on -> sys_created_on
coalece field exists
--synchronise transform map complete--
--Check Import Set WS and Transform Map Completed--

2018/06/16 18:46:32.979 [INFO] Scripted Web Service is Synchronised [u_itsmb_dscy_net_base_n]
2018/06/16 18:46:33.434 [INFO] Initialisation 8 of 8 [CMDB WANs] Completed
2018/06/16 18:46:33.434 [INFO] ### Initialisation Step Complete
2018/06/16 18:46:33.434 [INFO] [CMDB Concrete Collection] Key Mapping Cache AST:ConcreteCollection -> Network Infrastructure Item Ready.
2018/06/16 18:46:33.434 [INFO] [CMDB Concrete Collection] Migration in progress.
2018/06/16 18:46:33.434 [DETAIL] [CMDB Concrete Collection Chunk 0] Data Retrieve Started...
2018/06/16 18:46:33.558 [DETAIL] [CMDB Concrete Collection Chunk 0] Data Transform Started...
2018/06/16 18:46:33.558 [DETAIL] [CMDB Concrete Collection Chunk 0] Data Update Started...
2018/06/16 18:46:33.558 [INFO] Migration Completed 
2018/06/16 18:46:33.559 [INFO] Summary...  Created:0 Updated:0 Skipped:0 Errors:0 [Warnings 0]
2018/06/16 18:46:33.560 [INFO] [CMDB Connectivity Collection] Key Mapping Cache AST:ConnectivityCollection -> Network Infrastructure Item Ready.
2018/06/16 18:46:33.560 [INFO] [CMDB Connectivity Collection] Migration in progress.
2018/06/16 18:46:33.560 [DETAIL] [CMDB Connectivity Collection Chunk 0] Data Retrieve Started...
2018/06/16 18:46:33.575 [DETAIL] [CMDB Connectivity Collection Chunk 0] Data Transform Started...
2018/06/16 18:46:33.575 [DETAIL] [CMDB Connectivity Collection Chunk 0] Data Update Started...
2018/06/16 18:46:33.575 [INFO] Migration Completed 
2018/06/16 18:46:33.575 [INFO] Summary...  Created:0 Updated:0 Skipped:0 Errors:0 [Warnings 0]
2018/06/16 18:46:33.577 [INFO] [CMDB Connectivity Segment] Key Mapping Cache AST:ConnectivitySegment -> Network Infrastructure Item Ready.
2018/06/16 18:46:33.578 [INFO] [CMDB Connectivity Segment] Migration in progress.
2018/06/16 18:46:33.578 [DETAIL] [CMDB Connectivity Segment Chunk 0] Data Retrieve Started...
2018/06/16 18:46:33.614 [DETAIL] [CMDB Connectivity Segment Chunk 0] Data Transform Started...
2018/06/16 18:46:33.614 [DETAIL] [CMDB Connectivity Segment Chunk 0] Data Update Started...
2018/06/16 18:46:33.614 [INFO] Migration Completed 
2018/06/16 18:46:33.614 [INFO] Summary...  Created:0 Updated:0 Skipped:0 Errors:0 [Warnings 0]
2018/06/16 18:46:33.617 [INFO] [CMDB IP Subnet] Key Mapping Cache AST:IPConnectivitySubnet -> Network Infrastructure Item Ready.
2018/06/16 18:46:33.617 [INFO] [CMDB IP Subnet] Migration in progress.
2018/06/16 18:46:33.617 [DETAIL] [CMDB IP Subnet Chunk 0] Data Retrieve Started...
2018/06/16 18:46:33.633 [DETAIL] [CMDB IP Subnet Chunk 0] Data Transform Started...
2018/06/16 18:46:33.633 [DETAIL] Add Project Variable [justification [STRING]]
2018/06/16 18:46:33.633 [DETAIL] Create SNow Lookup Query: justification#!#justification#!#
2018/06/16 18:46:33.634 [DETAIL] Lookup Batch Retrieve-Start
2018/06/16 18:46:33.634 [DETAIL] [src=null] SNow Qual: nameISEMPTY^manufacturer=true
2018/06/16 18:46:33.634 [DETAIL] [src=null] SNow Qual: nameISEMPTY^manufacturer=true
2018/06/16 18:46:33.634 [DETAIL] [src=null] SNow Qual: nameISEMPTY^manufacturer=true
2018/06/16 18:46:34.050 [DETAIL] Lookup Batch Retrieve-End
2018/06/16 18:46:34.050 [DETAIL] Lookup Batch Retrieve-Start
2018/06/16 18:46:34.050 [DETAIL] [src=null] SNow Qual: name=Calbro Services
2018/06/16 18:46:34.050 [DETAIL] [src=null] SNow Qual: name=Calbro Services
2018/06/16 18:46:34.050 [DETAIL] [src=null] SNow Qual: name=Calbro Services
2018/06/16 18:46:34.283 [DETAIL] Lookup Batch Retrieve-End
2018/06/16 18:46:34.283 [DETAIL] Lookup Batch Retrieve-Start
2018/06/16 18:46:34.283 [DETAIL] [src=null] SNow Qual: nameISEMPTY^vendor=true
2018/06/16 18:46:34.283 [DETAIL] [src=null] SNow Qual: nameISEMPTY^vendor=true
2018/06/16 18:46:34.283 [DETAIL] [src=null] SNow Qual: nameISEMPTY^vendor=true
2018/06/16 18:46:34.696 [DETAIL] Lookup Batch Retrieve-End
2018/06/16 18:46:34.697 [DETAIL] Lookup Batch Retrieve-Start
2018/06/16 18:46:34.697 [DETAIL] [src=null] SNow Qual: nameISEMPTY^company=fc34c52c373213005d19dcc773990ea5
2018/06/16 18:46:34.697 [DETAIL] [src=null] SNow Qual: nameISEMPTY^company=fc34c52c373213005d19dcc773990ea5
2018/06/16 18:46:34.697 [DETAIL] [src=null] SNow Qual: nameISEMPTY^company=fc34c52c373213005d19dcc773990ea5
2018/06/16 18:46:35.116 [DETAIL] Lookup Batch Retrieve-End
2018/06/16 18:46:35.116 [DETAIL] Lookup Batch Retrieve-Start
2018/06/16 18:46:35.131 [DETAIL] Lookup Batch Retrieve-End
2018/06/16 18:46:35.132 [DETAIL] Lookup Batch Retrieve-Start
2018/06/16 18:46:35.132 [DETAIL] [src=null] SNow Qual: nameISEMPTY
2018/06/16 18:46:35.132 [DETAIL] [src=null] SNow Qual: nameISEMPTY
2018/06/16 18:46:35.132 [DETAIL] [src=null] SNow Qual: nameISEMPTY
2018/06/16 18:46:35.562 [DETAIL] Lookup Batch Retrieve-End
2018/06/16 18:46:35.562 [DETAIL] Lookup Batch Retrieve-Start
2018/06/16 18:46:35.562 [DETAIL] [src=null] SNow Qual: nameISEMPTY^model_numberISEMPTY
2018/06/16 18:46:35.562 [DETAIL] [src=null] SNow Qual: nameISEMPTY^model_numberISEMPTY
2018/06/16 18:46:35.562 [DETAIL] [src=null] SNow Qual: nameISEMPTY^model_numberISEMPTY
2018/06/16 18:46:35.981 [DETAIL] Lookup Batch Retrieve-End
2018/06/16 18:46:35.981 [DETAIL] Lookup Batch Retrieve-Start
2018/06/16 18:46:35.981 [DETAIL] [src=null] SNow Qual: code=Unallocated
2018/06/16 18:46:35.981 [DETAIL] [src=null] SNow Qual: code=Unallocated
2018/06/16 18:46:35.981 [DETAIL] [src=null] SNow Qual: code=Unallocated
2018/06/16 18:46:36.399 [DETAIL] Lookup Batch Retrieve-End
2018/06/16 18:46:36.399 [DETAIL] Lookup Batch Retrieve-Start
2018/06/16 18:46:36.399 [DETAIL] [src=null] SNow Qual: nameISEMPTY^company=fc34c52c373213005d19dcc773990ea5
2018/06/16 18:46:36.399 [DETAIL] [src=null] SNow Qual: nameISEMPTY^company=fc34c52c373213005d19dcc773990ea5
2018/06/16 18:46:36.399 [DETAIL] [src=null] SNow Qual: nameISEMPTY^company=fc34c52c373213005d19dcc773990ea5
2018/06/16 18:46:36.826 [DETAIL] Lookup Batch Retrieve-End
2018/06/16 18:46:36.826 [DETAIL] Lookup Batch Retrieve-Start
2018/06/16 18:46:36.826 [DETAIL] [src=000000000000001|000000000000004|000000000000684|000000000000122] SNow Qual: justification=OI-E58012E8521A4FA499EF0FF1FF412FAF
2018/06/16 18:46:36.826 [DETAIL] [src=000000000000001|000000000000005|000000000000685|000000000000123] SNow Qual: justification=OI-BD9019FD795C43988AA04010C581D564
2018/06/16 18:46:36.826 [DETAIL] [src=000000000000001|000000000000006|000000000000686|000000000000124] SNow Qual: justification=OI-585D73E4EAFA42A8BBC9C668CF44700A
2018/06/16 18:46:37.250 [DETAIL] Lookup Batch Retrieve-End
2018/06/16 18:46:37.250 [DETAIL] [CMDB IP Subnet Chunk 0] Data Update Started...
2018/06/16 18:46:37.251 [DETAIL] Batch Insert of 3 Entries Started
2018/06/16 18:46:37.758 [DETAIL] Create entry complete [src=000000000000001|000000000000004|000000000000684|000000000000122 tgt=ae87eee037b613005d19dcc773990e03]
2018/06/16 18:46:37.758 [DETAIL] Create entry complete [src=000000000000001|000000000000005|000000000000685|000000000000123 tgt=ba87eee037b613005d19dcc773990e04]
2018/06/16 18:46:37.759 [DETAIL] Create entry complete [src=000000000000001|000000000000006|000000000000686|000000000000124 tgt=fe87eee037b613005d19dcc773990e04]
2018/06/16 18:46:37.761 [INFO] Migration Completed 
2018/06/16 18:46:37.761 [INFO] Summary...  Created:3 Updated:0 Skipped:0 Errors:0 [Warnings 0]
2018/06/16 18:46:37.764 [INFO] [CMDB IPX Network] Key Mapping Cache AST:IPXConnectivityNetwork -> Network Infrastructure Item Ready.
2018/06/16 18:46:37.764 [INFO] [CMDB IPX Network] Migration in progress.
2018/06/16 18:46:37.764 [DETAIL] [CMDB IPX Network Chunk 0] Data Retrieve Started...
2018/06/16 18:46:37.869 [DETAIL] [CMDB IPX Network Chunk 0] Data Transform Started...
2018/06/16 18:46:37.869 [DETAIL] [CMDB IPX Network Chunk 0] Data Update Started...
2018/06/16 18:46:37.869 [INFO] Migration Completed 
2018/06/16 18:46:37.869 [INFO] Summary...  Created:0 Updated:0 Skipped:0 Errors:0 [Warnings 0]
2018/06/16 18:46:37.871 [INFO] [CMDB LNs Collection] Key Mapping Cache AST:LNsCollection -> Network Infrastructure Item Ready.
2018/06/16 18:46:37.872 [INFO] [CMDB LNs Collection] Migration in progress.
2018/06/16 18:46:37.872 [DETAIL] [CMDB LNs Collection Chunk 0] Data Retrieve Started...
2018/06/16 18:46:37.887 [DETAIL] [CMDB LNs Collection Chunk 0] Data Transform Started...
2018/06/16 18:46:37.887 [DETAIL] [CMDB LNs Collection Chunk 0] Data Update Started...
2018/06/16 18:46:37.887 [INFO] Migration Completed 
2018/06/16 18:46:37.887 [INFO] Summary...  Created:0 Updated:0 Skipped:0 Errors:0 [Warnings 0]
2018/06/16 18:46:37.891 [INFO] [CMDB LANs] Key Mapping Cache AST:LAN -> Network Infrastructure Item Ready.
2018/06/16 18:46:37.891 [INFO] [CMDB LANs] Migration in progress.
2018/06/16 18:46:37.891 [DETAIL] [CMDB LANs Chunk 0] Data Retrieve Started...
2018/06/16 18:46:37.916 [DETAIL] [CMDB LANs Chunk 0] Data Transform Started...
2018/06/16 18:46:37.916 [DETAIL] [CMDB LANs Chunk 0] Data Update Started...
2018/06/16 18:46:37.916 [INFO] Migration Completed 
2018/06/16 18:46:37.916 [INFO] Summary...  Created:0 Updated:0 Skipped:0 Errors:0 [Warnings 0]
2018/06/16 18:46:37.918 [INFO] [CMDB WANs] Key Mapping Cache AST:WAN -> Network Infrastructure Item Ready.
2018/06/16 18:46:37.918 [INFO] [CMDB WANs] Migration in progress.
2018/06/16 18:46:37.918 [DETAIL] [CMDB WANs Chunk 0] Data Retrieve Started...
2018/06/16 18:46:37.956 [DETAIL] [CMDB WANs Chunk 0] Data Transform Started...
2018/06/16 18:46:37.956 [DETAIL] [CMDB WANs Chunk 0] Data Update Started...
2018/06/16 18:46:37.957 [INFO] Migration Completed 
2018/06/16 18:46:37.957 [INFO] Summary...  Created:0 Updated:0 Skipped:0 Errors:0 [Warnings 0]
2018/06/16 18:46:37.957 [DETAIL] Closing Execution Task...
2018/06/16 18:46:37.972 [INFO] Execution has completed [Execution ID=2018-06-16_18-45]
2018/06/16 18:46:37.973 [INFO] --END OF LOG--
