2018/06/19 07:57:58.146 [INFO] Log Level set to Detail
2018/06/19 07:57:58.146 [INFO] ITSM Bridge version 3.7.14
2018/06/19 07:57:58.146 [INFO] Execution of CI4 version 2
2018/06/19 07:57:58.146 [INFO] Set Variable Single Company to value 'FALSE'
2018/06/19 07:57:58.146 [INFO] Set Variable Company Name to value 'Calbro Services'
2018/06/19 07:57:58.146 [INFO] Set Variable DataSet to value 'BMC.ASSET'
2018/06/19 07:57:58.148 [INFO] Execution started... [Execution ID=2018-06-19_07-57]
2018/06/19 07:57:58.149 [INFO] Initialisation Step Started...
2018/06/19 07:57:58.149 [INFO] Source Server Connected
2018/06/19 07:57:58.152 [DETAIL] Build Field Map [v_plugin] started...
2018/06/19 07:57:59.329 [DETAIL] SNow: Build Field Map [v_plugin] complete, 25 entries
2018/06/19 07:57:59.790 [INFO] Target Server Connected
2018/06/19 07:57:59.790 [DETAIL] Remedy Cache Initialisation started...
2018/06/19 07:57:59.790 [DETAIL] Remedy Cache Initialisation complete
2018/06/19 07:57:59.790 [INFO] Source Server Cache Initialised
2018/06/19 07:57:59.790 [DETAIL] Service Now Cache Initialisation started...
2018/06/19 07:57:59.790 [DETAIL] Service Now Cache Initialisation complete
2018/06/19 07:57:59.791 [INFO] Target Server Cache Initialised
2018/06/19 07:57:59.791 [DETAIL] Top Level Project Validation Completed
2018/06/19 07:57:59.791 [DETAIL] Build Field Map [AST:ConcreteCollection] started...
2018/06/19 07:57:59.897 [DETAIL] Remedy: Build Field Map [AST:ConcreteCollection] complete, 113 entries
2018/06/19 07:57:59.900 [DETAIL] Create Remedy Qualification: 'Class Id' = "BMC.CORE:BMC_CONCRETECOLLECTION" AND (0 = 1 AND 'Company' = "Calbro Services" OR 0 = 0) AND 'Data Set Id' = "BMC.ASSET"
2018/06/19 07:57:59.917 [DETAIL] Build Field Map [dscy_net_base] started...
2018/06/19 07:58:02.489 [DETAIL] SNow: Build Field Map [dscy_net_base] complete, 70 entries
2018/06/19 07:58:02.489 [DETAIL] Build Field Map [cmdb_ci] started...
2018/06/19 07:58:04.696 [DETAIL] SNow: Build Field Map [cmdb_ci] complete, 70 entries
2018/06/19 07:58:04.696 [DETAIL] Build Field Map [cmdb] started...
2018/06/19 07:58:06.383 [DETAIL] SNow: Build Field Map [cmdb] complete, 70 entries
2018/06/19 07:58:06.384 [DETAIL] Build Field Map [core_company] started...
2018/06/19 07:58:07.793 [DETAIL] SNow: Build Field Map [core_company] complete, 43 entries
2018/06/19 07:58:07.793 [DETAIL] Build Field Map [cmn_department] started...
2018/06/19 07:58:08.198 [DETAIL] SNow: Build Field Map [cmn_department] complete, 15 entries
2018/06/19 07:58:08.198 [DETAIL] Build Field Map [AST:WorkLog] started...
2018/06/19 07:58:08.226 [DETAIL] Remedy: Build Field Map [AST:WorkLog] complete, 49 entries
2018/06/19 07:58:08.227 [DETAIL] Build Field Map [cmdb_model] started...
2018/06/19 07:58:09.592 [DETAIL] SNow: Build Field Map [cmdb_model] complete, 38 entries
2018/06/19 07:58:09.593 [DETAIL] Build Field Map [cmn_cost_center] started...
2018/06/19 07:58:10.000 [DETAIL] SNow: Build Field Map [cmn_cost_center] complete, 14 entries
2018/06/19 07:58:10.001 [DETAIL] Build Field Map [cmn_location] started...
2018/06/19 07:58:10.772 [DETAIL] SNow: Build Field Map [cmn_location] complete, 24 entries
2018/06/19 07:58:10.772 [DETAIL] Add Project Variable [Manufacturer Name+ [STRING]]
2018/06/19 07:58:10.773 [DETAIL] Create SNow Lookup Query: name#!#Manufacturer Name+#!#^manufacturer=true
2018/06/19 07:58:10.773 [DETAIL] Add Project Variable [Company [STRING]]
2018/06/19 07:58:10.773 [DETAIL] Create SNow Lookup Query: name#!#Company#!#
2018/06/19 07:58:10.775 [DETAIL] Add Project Variable [Supplier Name+ [STRING]]
2018/06/19 07:58:10.776 [DETAIL] Create SNow Lookup Query: name#!#Supplier Name+#!#^vendor=true
2018/06/19 07:58:10.776 [DETAIL] Add Project Variable [Department [STRING]]
2018/06/19 07:58:10.776 [DETAIL] Create SNow Lookup Query: name#!#Department#!#^company#!#!Target Company SysID!#!#
2018/06/19 07:58:10.778 [DETAIL] Add Project Variable [Reconciliation Identity [STRING]]
2018/06/19 07:58:10.782 [DETAIL] Create Remedy Lookup Query: 'CI_Instance_ID' = ""
2018/06/19 07:58:10.782 [DETAIL] Add Project Variable [Owner_name [STRING]]
2018/06/19 07:58:10.783 [DETAIL] Create SNow Lookup Query: name#!#Owner_name#!#
2018/06/19 07:58:10.783 [DETAIL] Add Project Variable [Version Number [STRING]]
2018/06/19 07:58:10.783 [DETAIL] Add Project Variable [Model Number [STRING]]
2018/06/19 07:58:10.785 [DETAIL] Create SNow Lookup Query: name#!#Model Number#!#^model_number#!#Version Number#!#
2018/06/19 07:58:10.786 [DETAIL] Add Project Variable [Cost Center [STRING]]
2018/06/19 07:58:10.786 [DETAIL] Create SNow Lookup Query: code#!#Cost Center#!#
2018/06/19 07:58:10.787 [DETAIL] Add Project Variable [Site [STRING]]
2018/06/19 07:58:10.787 [DETAIL] Create SNow Lookup Query: name#!#Site#!#^company#!#!Target Company SysID!#!#
2018/06/19 07:58:10.788 [DETAIL] Build Field Map [sys_web_service] started...
2018/06/19 07:58:11.129 [DETAIL] SNow: Build Field Map [sys_web_service] complete, 9 entries
2018/06/19 07:58:11.129 [DETAIL] Build Field Map [sys_metadata] started...
2018/06/19 07:58:11.989 [DETAIL] SNow: Build Field Map [sys_metadata] complete, 20 entries
2018/06/19 07:58:12.414 [INFO] Synchronising Scripted Web Service [u_itsmb_dscy_net_base_n]
2018/06/19 07:58:18.126 [DETAIL] --Check Import WS Started--
   WS Name: u_itsmb_dscy_net_base_n
   Target Table: dscy_net_base
   Scope: global
   Run Business Rules: false
   include fields from tables: dscy_net_base,cmdb_ci,cmdb
--created ws import set: u_itsmb_dscy_net_base_n [dscy_net_base]--
--synchronise ws fields with target complete--
--transform map updated: u_itsmb_dscy_net_base_n
   create transform field mapping: skip_sync -> skip_sync
   create transform field mapping: operational_status -> operational_status
   skip system field: template_import_log
   skip system field: target_scope
   skip system field: sys_updated_on
   skip system field: target_class_name
   skip system field: sys_target_sys_id
   create transform field mapping: discovery_source -> discovery_source
   create transform field mapping: first_discovered -> first_discovered
   skip system field: sys_updated_by
   create transform field mapping: due_in -> due_in
   skip system field: sys_created_on
   skip system field: sys_import_set
   create transform field mapping: install_date -> install_date
   create transform field mapping: gl_account -> gl_account
   skip system field: target_created_by
   skip system field: target_sys_id
   create transform field mapping: invoice_number -> invoice_number
   skip system field: sys_created_by
   create transform field mapping: warranty_expiration -> warranty_expiration
   skip system field: sys_import_row
   create transform field mapping: asset_tag -> asset_tag
   skip system field: sys_row_error
   create transform field mapping: fqdn -> fqdn
   skip system field: target_domain_path
   create transform field mapping: change_control -> change_control
   create transform field mapping: owned_by -> owned_by
   create transform field mapping: checked_out -> checked_out
   skip system field: import_set_run
   create transform field mapping: network_wire -> network_wire
   create transform field mapping: delivery_date -> delivery_date
   create transform field mapping: maintenance_schedule -> maintenance_schedule
   create transform field mapping: install_status -> install_status
   create transform field mapping: cost_center -> cost_center
   create transform field mapping: supported_by -> supported_by
   create transform field mapping: dns_domain -> dns_domain
   create transform field mapping: name -> name
   create transform field mapping: assigned -> assigned
   create transform field mapping: purchase_date -> purchase_date
   create transform field mapping: subcategory -> subcategory
   create transform field mapping: short_description -> short_description
   skip system field: target_mod_count
   create transform field mapping: assignment_group -> assignment_group
   skip system field: batch_id
   create transform field mapping: managed_by -> managed_by
   skip system field: sys_import_state_comment
   skip system field: target_domain
   create transform field mapping: last_discovered -> last_discovered
   create transform field mapping: can_print -> can_print
   skip system field: sys_class_name
   create transform field mapping: manufacturer -> manufacturer
   create transform field mapping: po_number -> po_number
   create transform field mapping: sys_class_path -> sys_class_path
   create transform field mapping: checked_in -> checked_in
   create transform field mapping: vendor -> vendor
   create transform field mapping: mac_address -> mac_address
   skip system field: sys_transform_map
   create transform field mapping: company -> company
   create transform field mapping: model_number -> model_number
   create transform field mapping: justification -> justification
   create transform field mapping: department -> department
   create transform field mapping: start_date -> start_date
   create transform field mapping: assigned_to -> assigned_to
   create transform field mapping: cost -> cost
   create transform field mapping: comments -> comments
   skip system field: sys_target_table
   skip system field: target_created_on
   skip system field: sys_mod_count
   create transform field mapping: serial_number -> serial_number
   create transform field mapping: monitor -> monitor
   create transform field mapping: ip_address -> ip_address
   create transform field mapping: model_id -> model_id
   skip virtual field: sys_tags
   skip system field: sys_import_state
   create transform field mapping: cost_cc -> cost_cc
   create transform field mapping: schedule -> schedule
   create transform field mapping: order_date -> order_date
   create transform field mapping: support_group -> support_group
   create transform field mapping: due -> due
   create transform field mapping: unverified -> unverified
   create transform field mapping: correlation_id -> correlation_id
   create transform field mapping: attributes -> attributes
   create transform field mapping: location -> location
   skip system field: source_id
   create transform field mapping: asset -> asset
   create transform field mapping: category -> category
   create transform field mapping: fault_count -> fault_count
   create transform field mapping: lease_id -> lease_id
   create transform field mapping: target_domain -> sys_domain
   create transform field mapping: target_class_name -> sys_class_name
   create transform field mapping: target_mod_count -> sys_mod_count
   create transform field mapping: target_created_by -> sys_created_by
   create transform field mapping: target_created_on -> sys_created_on
add sys_id_coalece
   create transform field mapping: target_sys_id -> sys_id
--synchronise transform map complete--
--Check Import Set WS and Transform Map Completed--

2018/06/19 07:58:18.128 [INFO] Scripted Web Service is Synchronised [u_itsmb_dscy_net_base_n]
2018/06/19 07:58:18.128 [DETAIL] Build Field Map [u_itsmb_dscy_net_base_n] started...
2018/06/19 07:58:20.868 [DETAIL] SNow: Build Field Map [u_itsmb_dscy_net_base_n] complete, 72 entries
2018/06/19 07:58:21.354 [INFO] Initialisation 1 of 8 [CMDB Concrete Collection] Completed
2018/06/19 07:58:21.355 [DETAIL] Build Field Map [AST:ConnectivityCollection] started...
2018/06/19 07:58:21.446 [DETAIL] Remedy: Build Field Map [AST:ConnectivityCollection] complete, 116 entries
2018/06/19 07:58:21.455 [DETAIL] Create Remedy Qualification: 'ClassId' = "BMC_CONNECTIVITYGROUP" AND (0 = 1 AND 'Company' = "Calbro Services" OR 0 = 0) AND 'DatasetID' = "BMC.ASSET"
2018/06/19 07:58:21.472 [DETAIL] Add Project Variable [ManufacturerName [STRING]]
2018/06/19 07:58:21.472 [DETAIL] Create SNow Lookup Query: name#!#ManufacturerName#!#^manufacturer=true
2018/06/19 07:58:21.473 [DETAIL] Add Project Variable [Company [STRING]]
2018/06/19 07:58:21.473 [DETAIL] Create SNow Lookup Query: name#!#Company#!#
2018/06/19 07:58:21.473 [DETAIL] Add Project Variable [SupplierName [STRING]]
2018/06/19 07:58:21.473 [DETAIL] Create SNow Lookup Query: name#!#SupplierName#!#^vendor=true
2018/06/19 07:58:21.474 [DETAIL] Add Project Variable [Department [STRING]]
2018/06/19 07:58:21.474 [DETAIL] Create SNow Lookup Query: name#!#Department#!#^company#!#!Target Company SysID!#!#
2018/06/19 07:58:21.474 [DETAIL] Add Project Variable [Reconciliation Identity [STRING]]
2018/06/19 07:58:21.476 [DETAIL] Create Remedy Lookup Query: 'CI_Instance_ID' = ""
2018/06/19 07:58:21.476 [DETAIL] Add Project Variable [OwnerName [STRING]]
2018/06/19 07:58:21.476 [DETAIL] Create SNow Lookup Query: name#!#OwnerName#!#
2018/06/19 07:58:21.477 [DETAIL] Add Project Variable [Model [STRING]]
2018/06/19 07:58:21.477 [DETAIL] Add Project Variable [VersionNumber [STRING]]
2018/06/19 07:58:21.477 [DETAIL] Create SNow Lookup Query: name#!#Model#!#^model_number#!#VersionNumber#!#
2018/06/19 07:58:21.477 [DETAIL] Add Project Variable [Cost Center [STRING]]
2018/06/19 07:58:21.477 [DETAIL] Create SNow Lookup Query: code#!#Cost Center#!#
2018/06/19 07:58:21.478 [DETAIL] Add Project Variable [Site [STRING]]
2018/06/19 07:58:21.478 [DETAIL] Create SNow Lookup Query: name#!#Site#!#^company#!#!Target Company SysID!#!#
2018/06/19 07:58:21.479 [INFO] Synchronising Scripted Web Service [u_itsmb_dscy_net_base_n]
2018/06/19 07:58:23.324 [DETAIL] --Check Import WS Started--
   WS Name: u_itsmb_dscy_net_base_n
   Target Table: dscy_net_base
   Scope: global
   Run Business Rules: false
   include fields from tables: dscy_net_base,cmdb_ci,cmdb
--created ws import set: u_itsmb_dscy_net_base_n [dscy_net_base]--
--synchronise ws fields with target complete--
--transform map updated: u_itsmb_dscy_net_base_n
   transform field mapping exists: skip_sync -> skip_sync
   transform field mapping exists: operational_status -> operational_status
   skip system field: template_import_log
   skip system field: target_scope
   skip system field: sys_updated_on
   skip system field: target_class_name
   skip system field: sys_target_sys_id
   transform field mapping exists: discovery_source -> discovery_source
   transform field mapping exists: first_discovered -> first_discovered
   skip system field: sys_updated_by
   transform field mapping exists: due_in -> due_in
   skip system field: sys_created_on
   skip system field: sys_import_set
   transform field mapping exists: install_date -> install_date
   transform field mapping exists: gl_account -> gl_account
   skip system field: target_created_by
   skip system field: target_sys_id
   transform field mapping exists: invoice_number -> invoice_number
   skip system field: sys_created_by
   transform field mapping exists: warranty_expiration -> warranty_expiration
   skip system field: sys_import_row
   transform field mapping exists: asset_tag -> asset_tag
   skip system field: sys_row_error
   transform field mapping exists: fqdn -> fqdn
   skip system field: target_domain_path
   transform field mapping exists: change_control -> change_control
   transform field mapping exists: owned_by -> owned_by
   transform field mapping exists: checked_out -> checked_out
   skip system field: import_set_run
   transform field mapping exists: network_wire -> network_wire
   transform field mapping exists: delivery_date -> delivery_date
   transform field mapping exists: maintenance_schedule -> maintenance_schedule
   transform field mapping exists: install_status -> install_status
   transform field mapping exists: cost_center -> cost_center
   transform field mapping exists: supported_by -> supported_by
   transform field mapping exists: dns_domain -> dns_domain
   transform field mapping exists: name -> name
   transform field mapping exists: assigned -> assigned
   transform field mapping exists: purchase_date -> purchase_date
   transform field mapping exists: subcategory -> subcategory
   transform field mapping exists: short_description -> short_description
   skip system field: target_mod_count
   transform field mapping exists: assignment_group -> assignment_group
   skip system field: batch_id
   transform field mapping exists: managed_by -> managed_by
   skip system field: sys_import_state_comment
   skip system field: target_domain
   transform field mapping exists: last_discovered -> last_discovered
   transform field mapping exists: can_print -> can_print
   skip system field: sys_class_name
   transform field mapping exists: manufacturer -> manufacturer
   transform field mapping exists: po_number -> po_number
   transform field mapping exists: sys_class_path -> sys_class_path
   transform field mapping exists: checked_in -> checked_in
   transform field mapping exists: vendor -> vendor
   transform field mapping exists: mac_address -> mac_address
   skip system field: sys_transform_map
   transform field mapping exists: company -> company
   transform field mapping exists: model_number -> model_number
   transform field mapping exists: justification -> justification
   transform field mapping exists: department -> department
   transform field mapping exists: start_date -> start_date
   transform field mapping exists: assigned_to -> assigned_to
   transform field mapping exists: cost -> cost
   transform field mapping exists: comments -> comments
   skip system field: sys_target_table
   skip system field: target_created_on
   skip system field: sys_mod_count
   transform field mapping exists: serial_number -> serial_number
   transform field mapping exists: monitor -> monitor
   transform field mapping exists: ip_address -> ip_address
   transform field mapping exists: model_id -> model_id
   skip virtual field: sys_tags
   skip system field: sys_import_state
   transform field mapping exists: cost_cc -> cost_cc
   transform field mapping exists: schedule -> schedule
   transform field mapping exists: order_date -> order_date
   transform field mapping exists: support_group -> support_group
   transform field mapping exists: due -> due
   transform field mapping exists: unverified -> unverified
   transform field mapping exists: correlation_id -> correlation_id
   transform field mapping exists: attributes -> attributes
   transform field mapping exists: location -> location
   skip system field: source_id
   transform field mapping exists: asset -> asset
   transform field mapping exists: category -> category
   transform field mapping exists: fault_count -> fault_count
   transform field mapping exists: lease_id -> lease_id
   transform field mapping exists: target_domain -> sys_domain
   transform field mapping exists: target_class_name -> sys_class_name
   transform field mapping exists: target_mod_count -> sys_mod_count
   transform field mapping exists: target_created_by -> sys_created_by
   transform field mapping exists: target_created_on -> sys_created_on
coalece field exists
--synchronise transform map complete--
--Check Import Set WS and Transform Map Completed--

2018/06/19 07:58:23.324 [INFO] Scripted Web Service is Synchronised [u_itsmb_dscy_net_base_n]
2018/06/19 07:58:23.806 [INFO] Initialisation 2 of 8 [CMDB Connectivity Collection] Completed
2018/06/19 07:58:23.808 [DETAIL] Build Field Map [AST:ConnectivitySegment] started...
2018/06/19 07:58:23.969 [DETAIL] Remedy: Build Field Map [AST:ConnectivitySegment] complete, 110 entries
2018/06/19 07:58:23.972 [DETAIL] Create Remedy Qualification: 'ClassId' = "BMC_CONNECTIVITYSEGMENT" AND (0 = 1 AND 'Company' = "Calbro Services" OR 0 = 0) AND 'DatasetID' = "BMC.ASSET"
2018/06/19 07:58:23.991 [DETAIL] Add Project Variable [ManufacturerName [STRING]]
2018/06/19 07:58:23.991 [DETAIL] Create SNow Lookup Query: name#!#ManufacturerName#!#^manufacturer=true
2018/06/19 07:58:23.991 [DETAIL] Add Project Variable [Company [STRING]]
2018/06/19 07:58:23.991 [DETAIL] Create SNow Lookup Query: name#!#Company#!#
2018/06/19 07:58:23.992 [DETAIL] Add Project Variable [SupplierName [STRING]]
2018/06/19 07:58:23.992 [DETAIL] Create SNow Lookup Query: name#!#SupplierName#!#^vendor=true
2018/06/19 07:58:23.992 [DETAIL] Add Project Variable [Department [STRING]]
2018/06/19 07:58:23.992 [DETAIL] Create SNow Lookup Query: name#!#Department#!#^company#!#!Target Company SysID!#!#
2018/06/19 07:58:23.993 [DETAIL] Add Project Variable [Reconciliation Identity [STRING]]
2018/06/19 07:58:23.995 [DETAIL] Create Remedy Lookup Query: 'CI_Instance_ID' = ""
2018/06/19 07:58:23.996 [DETAIL] Add Project Variable [OwnerName [STRING]]
2018/06/19 07:58:23.996 [DETAIL] Create SNow Lookup Query: name#!#OwnerName#!#
2018/06/19 07:58:23.997 [DETAIL] Add Project Variable [Model [STRING]]
2018/06/19 07:58:23.997 [DETAIL] Add Project Variable [VersionNumber [STRING]]
2018/06/19 07:58:23.997 [DETAIL] Create SNow Lookup Query: name#!#Model#!#^model_number#!#VersionNumber#!#
2018/06/19 07:58:23.997 [DETAIL] Add Project Variable [Cost Center [STRING]]
2018/06/19 07:58:23.997 [DETAIL] Create SNow Lookup Query: code#!#Cost Center#!#
2018/06/19 07:58:23.998 [DETAIL] Add Project Variable [Site [STRING]]
2018/06/19 07:58:23.998 [DETAIL] Create SNow Lookup Query: name#!#Site#!#^company#!#!Target Company SysID!#!#
2018/06/19 07:58:23.998 [INFO] Synchronising Scripted Web Service [u_itsmb_dscy_net_base_n]
2018/06/19 07:58:25.807 [DETAIL] --Check Import WS Started--
   WS Name: u_itsmb_dscy_net_base_n
   Target Table: dscy_net_base
   Scope: global
   Run Business Rules: false
   include fields from tables: dscy_net_base,cmdb_ci,cmdb
--created ws import set: u_itsmb_dscy_net_base_n [dscy_net_base]--
--synchronise ws fields with target complete--
--transform map updated: u_itsmb_dscy_net_base_n
   transform field mapping exists: skip_sync -> skip_sync
   transform field mapping exists: operational_status -> operational_status
   skip system field: template_import_log
   skip system field: target_scope
   skip system field: sys_updated_on
   skip system field: target_class_name
   skip system field: sys_target_sys_id
   transform field mapping exists: discovery_source -> discovery_source
   transform field mapping exists: first_discovered -> first_discovered
   skip system field: sys_updated_by
   transform field mapping exists: due_in -> due_in
   skip system field: sys_created_on
   skip system field: sys_import_set
   transform field mapping exists: install_date -> install_date
   transform field mapping exists: gl_account -> gl_account
   skip system field: target_created_by
   skip system field: target_sys_id
   transform field mapping exists: invoice_number -> invoice_number
   skip system field: sys_created_by
   transform field mapping exists: warranty_expiration -> warranty_expiration
   skip system field: sys_import_row
   transform field mapping exists: asset_tag -> asset_tag
   skip system field: sys_row_error
   transform field mapping exists: fqdn -> fqdn
   skip system field: target_domain_path
   transform field mapping exists: change_control -> change_control
   transform field mapping exists: owned_by -> owned_by
   transform field mapping exists: checked_out -> checked_out
   skip system field: import_set_run
   transform field mapping exists: network_wire -> network_wire
   transform field mapping exists: delivery_date -> delivery_date
   transform field mapping exists: maintenance_schedule -> maintenance_schedule
   transform field mapping exists: install_status -> install_status
   transform field mapping exists: cost_center -> cost_center
   transform field mapping exists: supported_by -> supported_by
   transform field mapping exists: dns_domain -> dns_domain
   transform field mapping exists: name -> name
   transform field mapping exists: assigned -> assigned
   transform field mapping exists: purchase_date -> purchase_date
   transform field mapping exists: subcategory -> subcategory
   transform field mapping exists: short_description -> short_description
   skip system field: target_mod_count
   transform field mapping exists: assignment_group -> assignment_group
   skip system field: batch_id
   transform field mapping exists: managed_by -> managed_by
   skip system field: sys_import_state_comment
   skip system field: target_domain
   transform field mapping exists: last_discovered -> last_discovered
   transform field mapping exists: can_print -> can_print
   skip system field: sys_class_name
   transform field mapping exists: manufacturer -> manufacturer
   transform field mapping exists: po_number -> po_number
   transform field mapping exists: sys_class_path -> sys_class_path
   transform field mapping exists: checked_in -> checked_in
   transform field mapping exists: vendor -> vendor
   transform field mapping exists: mac_address -> mac_address
   skip system field: sys_transform_map
   transform field mapping exists: company -> company
   transform field mapping exists: model_number -> model_number
   transform field mapping exists: justification -> justification
   transform field mapping exists: department -> department
   transform field mapping exists: start_date -> start_date
   transform field mapping exists: assigned_to -> assigned_to
   transform field mapping exists: cost -> cost
   transform field mapping exists: comments -> comments
   skip system field: sys_target_table
   skip system field: target_created_on
   skip system field: sys_mod_count
   transform field mapping exists: serial_number -> serial_number
   transform field mapping exists: monitor -> monitor
   transform field mapping exists: ip_address -> ip_address
   transform field mapping exists: model_id -> model_id
   skip virtual field: sys_tags
   skip system field: sys_import_state
   transform field mapping exists: cost_cc -> cost_cc
   transform field mapping exists: schedule -> schedule
   transform field mapping exists: order_date -> order_date
   transform field mapping exists: support_group -> support_group
   transform field mapping exists: due -> due
   transform field mapping exists: unverified -> unverified
   transform field mapping exists: correlation_id -> correlation_id
   transform field mapping exists: attributes -> attributes
   transform field mapping exists: location -> location
   skip system field: source_id
   transform field mapping exists: asset -> asset
   transform field mapping exists: category -> category
   transform field mapping exists: fault_count -> fault_count
   transform field mapping exists: lease_id -> lease_id
   transform field mapping exists: target_domain -> sys_domain
   transform field mapping exists: target_class_name -> sys_class_name
   transform field mapping exists: target_mod_count -> sys_mod_count
   transform field mapping exists: target_created_by -> sys_created_by
   transform field mapping exists: target_created_on -> sys_created_on
coalece field exists
--synchronise transform map complete--
--Check Import Set WS and Transform Map Completed--

2018/06/19 07:58:25.807 [INFO] Scripted Web Service is Synchronised [u_itsmb_dscy_net_base_n]
2018/06/19 07:58:26.289 [INFO] Initialisation 3 of 8 [CMDB Connectivity Segment] Completed
2018/06/19 07:58:26.289 [DETAIL] Build Field Map [AST:IPConnectivitySubnet] started...
2018/06/19 07:58:26.424 [DETAIL] Remedy: Build Field Map [AST:IPConnectivitySubnet] complete, 111 entries
2018/06/19 07:58:26.427 [DETAIL] Create Remedy Qualification: 'ClassId' = "BMC_IPCONNECTIVITYSUBNET" AND (0 = 1 AND 'Company' = "Calbro Services" OR 0 = 0) AND 'DatasetID' = "BMC.ASSET"
2018/06/19 07:58:26.460 [DETAIL] Add Project Variable [ManufacturerName [STRING]]
2018/06/19 07:58:26.461 [DETAIL] Create SNow Lookup Query: name#!#ManufacturerName#!#^manufacturer=true
2018/06/19 07:58:26.462 [DETAIL] Add Project Variable [Company [STRING]]
2018/06/19 07:58:26.462 [DETAIL] Create SNow Lookup Query: name#!#Company#!#
2018/06/19 07:58:26.462 [DETAIL] Add Project Variable [SupplierName [STRING]]
2018/06/19 07:58:26.463 [DETAIL] Create SNow Lookup Query: name#!#SupplierName#!#^vendor=true
2018/06/19 07:58:26.463 [DETAIL] Add Project Variable [Department [STRING]]
2018/06/19 07:58:26.463 [DETAIL] Create SNow Lookup Query: name#!#Department#!#^company#!#!Target Company SysID!#!#
2018/06/19 07:58:26.464 [DETAIL] Add Project Variable [Reconciliation Identity [STRING]]
2018/06/19 07:58:26.467 [DETAIL] Create Remedy Lookup Query: 'CI_Instance_ID' = ""
2018/06/19 07:58:26.467 [DETAIL] Add Project Variable [OwnerName [STRING]]
2018/06/19 07:58:26.467 [DETAIL] Create SNow Lookup Query: name#!#OwnerName#!#
2018/06/19 07:58:26.468 [DETAIL] Add Project Variable [Model [STRING]]
2018/06/19 07:58:26.468 [DETAIL] Add Project Variable [VersionNumber [STRING]]
2018/06/19 07:58:26.468 [DETAIL] Create SNow Lookup Query: name#!#Model#!#^model_number#!#VersionNumber#!#
2018/06/19 07:58:26.469 [DETAIL] Add Project Variable [Cost Center [STRING]]
2018/06/19 07:58:26.469 [DETAIL] Create SNow Lookup Query: code#!#Cost Center#!#
2018/06/19 07:58:26.469 [DETAIL] Add Project Variable [Site [STRING]]
2018/06/19 07:58:26.469 [DETAIL] Create SNow Lookup Query: name#!#Site#!#^company#!#!Target Company SysID!#!#
2018/06/19 07:58:26.470 [INFO] Synchronising Scripted Web Service [u_itsmb_dscy_net_base_n]
2018/06/19 07:58:28.207 [DETAIL] --Check Import WS Started--
   WS Name: u_itsmb_dscy_net_base_n
   Target Table: dscy_net_base
   Scope: global
   Run Business Rules: false
   include fields from tables: dscy_net_base,cmdb_ci,cmdb
--created ws import set: u_itsmb_dscy_net_base_n [dscy_net_base]--
--synchronise ws fields with target complete--
--transform map updated: u_itsmb_dscy_net_base_n
   transform field mapping exists: skip_sync -> skip_sync
   transform field mapping exists: operational_status -> operational_status
   skip system field: template_import_log
   skip system field: target_scope
   skip system field: sys_updated_on
   skip system field: target_class_name
   skip system field: sys_target_sys_id
   transform field mapping exists: discovery_source -> discovery_source
   transform field mapping exists: first_discovered -> first_discovered
   skip system field: sys_updated_by
   transform field mapping exists: due_in -> due_in
   skip system field: sys_created_on
   skip system field: sys_import_set
   transform field mapping exists: install_date -> install_date
   transform field mapping exists: gl_account -> gl_account
   skip system field: target_created_by
   skip system field: target_sys_id
   transform field mapping exists: invoice_number -> invoice_number
   skip system field: sys_created_by
   transform field mapping exists: warranty_expiration -> warranty_expiration
   skip system field: sys_import_row
   transform field mapping exists: asset_tag -> asset_tag
   skip system field: sys_row_error
   transform field mapping exists: fqdn -> fqdn
   skip system field: target_domain_path
   transform field mapping exists: change_control -> change_control
   transform field mapping exists: owned_by -> owned_by
   transform field mapping exists: checked_out -> checked_out
   skip system field: import_set_run
   transform field mapping exists: network_wire -> network_wire
   transform field mapping exists: delivery_date -> delivery_date
   transform field mapping exists: maintenance_schedule -> maintenance_schedule
   transform field mapping exists: install_status -> install_status
   transform field mapping exists: cost_center -> cost_center
   transform field mapping exists: supported_by -> supported_by
   transform field mapping exists: dns_domain -> dns_domain
   transform field mapping exists: name -> name
   transform field mapping exists: assigned -> assigned
   transform field mapping exists: purchase_date -> purchase_date
   transform field mapping exists: subcategory -> subcategory
   transform field mapping exists: short_description -> short_description
   skip system field: target_mod_count
   transform field mapping exists: assignment_group -> assignment_group
   skip system field: batch_id
   transform field mapping exists: managed_by -> managed_by
   skip system field: sys_import_state_comment
   skip system field: target_domain
   transform field mapping exists: last_discovered -> last_discovered
   transform field mapping exists: can_print -> can_print
   skip system field: sys_class_name
   transform field mapping exists: manufacturer -> manufacturer
   transform field mapping exists: po_number -> po_number
   transform field mapping exists: sys_class_path -> sys_class_path
   transform field mapping exists: checked_in -> checked_in
   transform field mapping exists: vendor -> vendor
   transform field mapping exists: mac_address -> mac_address
   skip system field: sys_transform_map
   transform field mapping exists: company -> company
   transform field mapping exists: model_number -> model_number
   transform field mapping exists: justification -> justification
   transform field mapping exists: department -> department
   transform field mapping exists: start_date -> start_date
   transform field mapping exists: assigned_to -> assigned_to
   transform field mapping exists: cost -> cost
   transform field mapping exists: comments -> comments
   skip system field: sys_target_table
   skip system field: target_created_on
   skip system field: sys_mod_count
   transform field mapping exists: serial_number -> serial_number
   transform field mapping exists: monitor -> monitor
   transform field mapping exists: ip_address -> ip_address
   transform field mapping exists: model_id -> model_id
   skip virtual field: sys_tags
   skip system field: sys_import_state
   transform field mapping exists: cost_cc -> cost_cc
   transform field mapping exists: schedule -> schedule
   transform field mapping exists: order_date -> order_date
   transform field mapping exists: support_group -> support_group
   transform field mapping exists: due -> due
   transform field mapping exists: unverified -> unverified
   transform field mapping exists: correlation_id -> correlation_id
   transform field mapping exists: attributes -> attributes
   transform field mapping exists: location -> location
   skip system field: source_id
   transform field mapping exists: asset -> asset
   transform field mapping exists: category -> category
   transform field mapping exists: fault_count -> fault_count
   transform field mapping exists: lease_id -> lease_id
   transform field mapping exists: target_domain -> sys_domain
   transform field mapping exists: target_class_name -> sys_class_name
   transform field mapping exists: target_mod_count -> sys_mod_count
   transform field mapping exists: target_created_by -> sys_created_by
   transform field mapping exists: target_created_on -> sys_created_on
coalece field exists
--synchronise transform map complete--
--Check Import Set WS and Transform Map Completed--

2018/06/19 07:58:28.207 [INFO] Scripted Web Service is Synchronised [u_itsmb_dscy_net_base_n]
2018/06/19 07:58:28.682 [INFO] Initialisation 4 of 8 [CMDB IP Subnet] Completed
2018/06/19 07:58:28.683 [DETAIL] Build Field Map [AST:IPXConnectivityNetwork] started...
2018/06/19 07:58:28.801 [DETAIL] Remedy: Build Field Map [AST:IPXConnectivityNetwork] complete, 103 entries
2018/06/19 07:58:28.805 [DETAIL] Create Remedy Qualification: 'ClassId' = "BMC_IPXCONNECTIVITYNETWORK" AND (0 = 1 AND 'Company' = "Calbro Services" OR 0 = 0) AND 'DatasetID' = "BMC.ASSET"
2018/06/19 07:58:28.830 [DETAIL] Add Project Variable [ManufacturerName [STRING]]
2018/06/19 07:58:28.830 [DETAIL] Create SNow Lookup Query: name#!#ManufacturerName#!#^manufacturer=true
2018/06/19 07:58:28.831 [DETAIL] Add Project Variable [Company [STRING]]
2018/06/19 07:58:28.831 [DETAIL] Create SNow Lookup Query: name#!#Company#!#
2018/06/19 07:58:28.831 [DETAIL] Add Project Variable [SupplierName [STRING]]
2018/06/19 07:58:28.831 [DETAIL] Create SNow Lookup Query: name#!#SupplierName#!#^vendor=true
2018/06/19 07:58:28.832 [DETAIL] Add Project Variable [Department [STRING]]
2018/06/19 07:58:28.832 [DETAIL] Create SNow Lookup Query: name#!#Department#!#^company#!#!Target Company SysID!#!#
2018/06/19 07:58:28.833 [DETAIL] Add Project Variable [Reconciliation Identity [STRING]]
2018/06/19 07:58:28.836 [DETAIL] Create Remedy Lookup Query: 'CI_Instance_ID' = ""
2018/06/19 07:58:28.836 [DETAIL] Add Project Variable [Owner_name [STRING]]
2018/06/19 07:58:28.836 [DETAIL] Create SNow Lookup Query: name#!#Owner_name#!#
2018/06/19 07:58:28.837 [DETAIL] Add Project Variable [Model [STRING]]
2018/06/19 07:58:28.837 [DETAIL] Add Project Variable [VersionNumber [STRING]]
2018/06/19 07:58:28.837 [DETAIL] Create SNow Lookup Query: name#!#Model#!#^model_number#!#VersionNumber#!#
2018/06/19 07:58:28.837 [DETAIL] Add Project Variable [Cost Center [STRING]]
2018/06/19 07:58:28.838 [DETAIL] Create SNow Lookup Query: code#!#Cost Center#!#
2018/06/19 07:58:28.838 [DETAIL] Add Project Variable [Site [STRING]]
2018/06/19 07:58:28.838 [DETAIL] Create SNow Lookup Query: name#!#Site#!#^company#!#!Target Company SysID!#!#
2018/06/19 07:58:28.839 [INFO] Synchronising Scripted Web Service [u_itsmb_dscy_net_base_n]
2018/06/19 07:58:32.813 [DETAIL] --Check Import WS Started--
   WS Name: u_itsmb_dscy_net_base_n
   Target Table: dscy_net_base
   Scope: global
   Run Business Rules: false
   include fields from tables: dscy_net_base,cmdb_ci,cmdb
--created ws import set: u_itsmb_dscy_net_base_n [dscy_net_base]--
--synchronise ws fields with target complete--
--transform map updated: u_itsmb_dscy_net_base_n
   transform field mapping exists: skip_sync -> skip_sync
   transform field mapping exists: operational_status -> operational_status
   skip system field: template_import_log
   skip system field: target_scope
   skip system field: sys_updated_on
   skip system field: target_class_name
   skip system field: sys_target_sys_id
   transform field mapping exists: discovery_source -> discovery_source
   transform field mapping exists: first_discovered -> first_discovered
   skip system field: sys_updated_by
   transform field mapping exists: due_in -> due_in
   skip system field: sys_created_on
   skip system field: sys_import_set
   transform field mapping exists: install_date -> install_date
   transform field mapping exists: gl_account -> gl_account
   skip system field: target_created_by
   skip system field: target_sys_id
   transform field mapping exists: invoice_number -> invoice_number
   skip system field: sys_created_by
   transform field mapping exists: warranty_expiration -> warranty_expiration
   skip system field: sys_import_row
   transform field mapping exists: asset_tag -> asset_tag
   skip system field: sys_row_error
   transform field mapping exists: fqdn -> fqdn
   skip system field: target_domain_path
   transform field mapping exists: change_control -> change_control
   transform field mapping exists: owned_by -> owned_by
   transform field mapping exists: checked_out -> checked_out
   skip system field: import_set_run
   transform field mapping exists: network_wire -> network_wire
   transform field mapping exists: delivery_date -> delivery_date
   transform field mapping exists: maintenance_schedule -> maintenance_schedule
   transform field mapping exists: install_status -> install_status
   transform field mapping exists: cost_center -> cost_center
   transform field mapping exists: supported_by -> supported_by
   transform field mapping exists: dns_domain -> dns_domain
   transform field mapping exists: name -> name
   transform field mapping exists: assigned -> assigned
   transform field mapping exists: purchase_date -> purchase_date
   transform field mapping exists: subcategory -> subcategory
   transform field mapping exists: short_description -> short_description
   skip system field: target_mod_count
   transform field mapping exists: assignment_group -> assignment_group
   skip system field: batch_id
   transform field mapping exists: managed_by -> managed_by
   skip system field: sys_import_state_comment
   skip system field: target_domain
   transform field mapping exists: last_discovered -> last_discovered
   transform field mapping exists: can_print -> can_print
   skip system field: sys_class_name
   transform field mapping exists: manufacturer -> manufacturer
   transform field mapping exists: po_number -> po_number
   transform field mapping exists: sys_class_path -> sys_class_path
   transform field mapping exists: checked_in -> checked_in
   transform field mapping exists: vendor -> vendor
   transform field mapping exists: mac_address -> mac_address
   skip system field: sys_transform_map
   transform field mapping exists: company -> company
   transform field mapping exists: model_number -> model_number
   transform field mapping exists: justification -> justification
   transform field mapping exists: department -> department
   transform field mapping exists: start_date -> start_date
   transform field mapping exists: assigned_to -> assigned_to
   transform field mapping exists: cost -> cost
   transform field mapping exists: comments -> comments
   skip system field: sys_target_table
   skip system field: target_created_on
   skip system field: sys_mod_count
   transform field mapping exists: serial_number -> serial_number
   transform field mapping exists: monitor -> monitor
   transform field mapping exists: ip_address -> ip_address
   transform field mapping exists: model_id -> model_id
   skip virtual field: sys_tags
   skip system field: sys_import_state
   transform field mapping exists: cost_cc -> cost_cc
   transform field mapping exists: schedule -> schedule
   transform field mapping exists: order_date -> order_date
   transform field mapping exists: support_group -> support_group
   transform field mapping exists: due -> due
   transform field mapping exists: unverified -> unverified
   transform field mapping exists: correlation_id -> correlation_id
   transform field mapping exists: attributes -> attributes
   transform field mapping exists: location -> location
   skip system field: source_id
   transform field mapping exists: asset -> asset
   transform field mapping exists: category -> category
   transform field mapping exists: fault_count -> fault_count
   transform field mapping exists: lease_id -> lease_id
   transform field mapping exists: target_domain -> sys_domain
   transform field mapping exists: target_class_name -> sys_class_name
   transform field mapping exists: target_mod_count -> sys_mod_count
   transform field mapping exists: target_created_by -> sys_created_by
   transform field mapping exists: target_created_on -> sys_created_on
coalece field exists
--synchronise transform map complete--
--Check Import Set WS and Transform Map Completed--

2018/06/19 07:58:32.813 [INFO] Scripted Web Service is Synchronised [u_itsmb_dscy_net_base_n]
2018/06/19 07:58:33.284 [INFO] Initialisation 5 of 8 [CMDB IPX Network] Completed
2018/06/19 07:58:33.285 [DETAIL] Build Field Map [AST:LNsCollection] started...
2018/06/19 07:58:33.439 [DETAIL] Remedy: Build Field Map [AST:LNsCollection] complete, 106 entries
2018/06/19 07:58:33.442 [DETAIL] Create Remedy Qualification: 'ClassId' = "BMC_LNSGROUP" AND (0 = 1 AND 'Company' = "Calbro Services" OR 0 = 0) AND 'DatasetID' = "BMC.ASSET"
2018/06/19 07:58:33.461 [DETAIL] Add Project Variable [ManufacturerName [STRING]]
2018/06/19 07:58:33.461 [DETAIL] Create SNow Lookup Query: name#!#ManufacturerName#!#^manufacturer=true
2018/06/19 07:58:33.462 [DETAIL] Add Project Variable [Company [STRING]]
2018/06/19 07:58:33.462 [DETAIL] Create SNow Lookup Query: name#!#Company#!#
2018/06/19 07:58:33.462 [DETAIL] Add Project Variable [SupplierName [STRING]]
2018/06/19 07:58:33.462 [DETAIL] Create SNow Lookup Query: name#!#SupplierName#!#^vendor=true
2018/06/19 07:58:33.462 [DETAIL] Add Project Variable [Department [STRING]]
2018/06/19 07:58:33.463 [DETAIL] Create SNow Lookup Query: name#!#Department#!#^company#!#!Target Company SysID!#!#
2018/06/19 07:58:33.463 [DETAIL] Add Project Variable [Reconciliation Identity [STRING]]
2018/06/19 07:58:33.465 [DETAIL] Create Remedy Lookup Query: 'CI_Instance_ID' = ""
2018/06/19 07:58:33.465 [DETAIL] Add Project Variable [OwnerName [STRING]]
2018/06/19 07:58:33.466 [DETAIL] Create SNow Lookup Query: name#!#OwnerName#!#
2018/06/19 07:58:33.467 [DETAIL] Add Project Variable [Model [STRING]]
2018/06/19 07:58:33.467 [DETAIL] Add Project Variable [VersionNumber [STRING]]
2018/06/19 07:58:33.467 [DETAIL] Create SNow Lookup Query: name#!#Model#!#^model_number#!#VersionNumber#!#
2018/06/19 07:58:33.467 [DETAIL] Add Project Variable [Cost Center [STRING]]
2018/06/19 07:58:33.467 [DETAIL] Create SNow Lookup Query: code#!#Cost Center#!#
2018/06/19 07:58:33.468 [DETAIL] Add Project Variable [Site [STRING]]
2018/06/19 07:58:33.468 [DETAIL] Create SNow Lookup Query: name#!#Site#!#^company#!#!Target Company SysID!#!#
2018/06/19 07:58:33.470 [INFO] Synchronising Scripted Web Service [u_itsmb_dscy_net_base_n]
2018/06/19 07:58:35.210 [DETAIL] --Check Import WS Started--
   WS Name: u_itsmb_dscy_net_base_n
   Target Table: dscy_net_base
   Scope: global
   Run Business Rules: false
   include fields from tables: dscy_net_base,cmdb_ci,cmdb
--created ws import set: u_itsmb_dscy_net_base_n [dscy_net_base]--
--synchronise ws fields with target complete--
--transform map updated: u_itsmb_dscy_net_base_n
   transform field mapping exists: skip_sync -> skip_sync
   transform field mapping exists: operational_status -> operational_status
   skip system field: template_import_log
   skip system field: target_scope
   skip system field: sys_updated_on
   skip system field: target_class_name
   skip system field: sys_target_sys_id
   transform field mapping exists: discovery_source -> discovery_source
   transform field mapping exists: first_discovered -> first_discovered
   skip system field: sys_updated_by
   transform field mapping exists: due_in -> due_in
   skip system field: sys_created_on
   skip system field: sys_import_set
   transform field mapping exists: install_date -> install_date
   transform field mapping exists: gl_account -> gl_account
   skip system field: target_created_by
   skip system field: target_sys_id
   transform field mapping exists: invoice_number -> invoice_number
   skip system field: sys_created_by
   transform field mapping exists: warranty_expiration -> warranty_expiration
   skip system field: sys_import_row
   transform field mapping exists: asset_tag -> asset_tag
   skip system field: sys_row_error
   transform field mapping exists: fqdn -> fqdn
   skip system field: target_domain_path
   transform field mapping exists: change_control -> change_control
   transform field mapping exists: owned_by -> owned_by
   transform field mapping exists: checked_out -> checked_out
   skip system field: import_set_run
   transform field mapping exists: network_wire -> network_wire
   transform field mapping exists: delivery_date -> delivery_date
   transform field mapping exists: maintenance_schedule -> maintenance_schedule
   transform field mapping exists: install_status -> install_status
   transform field mapping exists: cost_center -> cost_center
   transform field mapping exists: supported_by -> supported_by
   transform field mapping exists: dns_domain -> dns_domain
   transform field mapping exists: name -> name
   transform field mapping exists: assigned -> assigned
   transform field mapping exists: purchase_date -> purchase_date
   transform field mapping exists: subcategory -> subcategory
   transform field mapping exists: short_description -> short_description
   skip system field: target_mod_count
   transform field mapping exists: assignment_group -> assignment_group
   skip system field: batch_id
   transform field mapping exists: managed_by -> managed_by
   skip system field: sys_import_state_comment
   skip system field: target_domain
   transform field mapping exists: last_discovered -> last_discovered
   transform field mapping exists: can_print -> can_print
   skip system field: sys_class_name
   transform field mapping exists: manufacturer -> manufacturer
   transform field mapping exists: po_number -> po_number
   transform field mapping exists: sys_class_path -> sys_class_path
   transform field mapping exists: checked_in -> checked_in
   transform field mapping exists: vendor -> vendor
   transform field mapping exists: mac_address -> mac_address
   skip system field: sys_transform_map
   transform field mapping exists: company -> company
   transform field mapping exists: model_number -> model_number
   transform field mapping exists: justification -> justification
   transform field mapping exists: department -> department
   transform field mapping exists: start_date -> start_date
   transform field mapping exists: assigned_to -> assigned_to
   transform field mapping exists: cost -> cost
   transform field mapping exists: comments -> comments
   skip system field: sys_target_table
   skip system field: target_created_on
   skip system field: sys_mod_count
   transform field mapping exists: serial_number -> serial_number
   transform field mapping exists: monitor -> monitor
   transform field mapping exists: ip_address -> ip_address
   transform field mapping exists: model_id -> model_id
   skip virtual field: sys_tags
   skip system field: sys_import_state
   transform field mapping exists: cost_cc -> cost_cc
   transform field mapping exists: schedule -> schedule
   transform field mapping exists: order_date -> order_date
   transform field mapping exists: support_group -> support_group
   transform field mapping exists: due -> due
   transform field mapping exists: unverified -> unverified
   transform field mapping exists: correlation_id -> correlation_id
   transform field mapping exists: attributes -> attributes
   transform field mapping exists: location -> location
   skip system field: source_id
   transform field mapping exists: asset -> asset
   transform field mapping exists: category -> category
   transform field mapping exists: fault_count -> fault_count
   transform field mapping exists: lease_id -> lease_id
   transform field mapping exists: target_domain -> sys_domain
   transform field mapping exists: target_class_name -> sys_class_name
   transform field mapping exists: target_mod_count -> sys_mod_count
   transform field mapping exists: target_created_by -> sys_created_by
   transform field mapping exists: target_created_on -> sys_created_on
coalece field exists
--synchronise transform map complete--
--Check Import Set WS and Transform Map Completed--

2018/06/19 07:58:35.210 [INFO] Scripted Web Service is Synchronised [u_itsmb_dscy_net_base_n]
2018/06/19 07:58:35.673 [INFO] Initialisation 6 of 8 [CMDB LNs Collection] Completed
2018/06/19 07:58:35.675 [DETAIL] Build Field Map [AST:LAN] started...
2018/06/19 07:58:35.755 [DETAIL] Remedy: Build Field Map [AST:LAN] complete, 109 entries
2018/06/19 07:58:35.775 [DETAIL] Create Remedy Qualification: 'ClassId' = "BMC_LAN" AND (0 = 1 AND 'Company' = "Calbro Services" OR 0 = 0) AND 'DatasetID' = "BMC.ASSET"
2018/06/19 07:58:35.807 [DETAIL] Add Project Variable [ManufacturerName [STRING]]
2018/06/19 07:58:35.807 [DETAIL] Create SNow Lookup Query: name#!#ManufacturerName#!#^manufacturer=true
2018/06/19 07:58:35.809 [DETAIL] Add Project Variable [Company [STRING]]
2018/06/19 07:58:35.809 [DETAIL] Create SNow Lookup Query: name#!#Company#!#
2018/06/19 07:58:35.809 [DETAIL] Add Project Variable [SupplierName [STRING]]
2018/06/19 07:58:35.809 [DETAIL] Create SNow Lookup Query: name#!#SupplierName#!#^vendor=true
2018/06/19 07:58:35.809 [DETAIL] Add Project Variable [Department [STRING]]
2018/06/19 07:58:35.809 [DETAIL] Create SNow Lookup Query: name#!#Department#!#^company#!#!Target Company SysID!#!#
2018/06/19 07:58:35.809 [DETAIL] Add Project Variable [Reconciliation Identity [STRING]]
2018/06/19 07:58:35.812 [DETAIL] Create Remedy Lookup Query: 'CI_Instance_ID' = ""
2018/06/19 07:58:35.812 [DETAIL] Add Project Variable [OwnerName [STRING]]
2018/06/19 07:58:35.812 [DETAIL] Create SNow Lookup Query: name#!#OwnerName#!#
2018/06/19 07:58:35.812 [DETAIL] Add Project Variable [Model [STRING]]
2018/06/19 07:58:35.812 [DETAIL] Add Project Variable [VersionNumber [STRING]]
2018/06/19 07:58:35.812 [DETAIL] Create SNow Lookup Query: name#!#Model#!#^model_number#!#VersionNumber#!#
2018/06/19 07:58:35.814 [DETAIL] Add Project Variable [Cost Center [STRING]]
2018/06/19 07:58:35.814 [DETAIL] Create SNow Lookup Query: code#!#Cost Center#!#
2018/06/19 07:58:35.814 [DETAIL] Add Project Variable [Site [STRING]]
2018/06/19 07:58:35.814 [DETAIL] Create SNow Lookup Query: name#!#Site#!#^company#!#!Target Company SysID!#!#
2018/06/19 07:58:35.814 [INFO] Synchronising Scripted Web Service [u_itsmb_dscy_net_base_n]
2018/06/19 07:58:37.586 [DETAIL] --Check Import WS Started--
   WS Name: u_itsmb_dscy_net_base_n
   Target Table: dscy_net_base
   Scope: global
   Run Business Rules: false
   include fields from tables: dscy_net_base,cmdb_ci,cmdb
--created ws import set: u_itsmb_dscy_net_base_n [dscy_net_base]--
--synchronise ws fields with target complete--
--transform map updated: u_itsmb_dscy_net_base_n
   transform field mapping exists: skip_sync -> skip_sync
   transform field mapping exists: operational_status -> operational_status
   skip system field: template_import_log
   skip system field: target_scope
   skip system field: sys_updated_on
   skip system field: target_class_name
   skip system field: sys_target_sys_id
   transform field mapping exists: discovery_source -> discovery_source
   transform field mapping exists: first_discovered -> first_discovered
   skip system field: sys_updated_by
   transform field mapping exists: due_in -> due_in
   skip system field: sys_created_on
   skip system field: sys_import_set
   transform field mapping exists: install_date -> install_date
   transform field mapping exists: gl_account -> gl_account
   skip system field: target_created_by
   skip system field: target_sys_id
   transform field mapping exists: invoice_number -> invoice_number
   skip system field: sys_created_by
   transform field mapping exists: warranty_expiration -> warranty_expiration
   skip system field: sys_import_row
   transform field mapping exists: asset_tag -> asset_tag
   skip system field: sys_row_error
   transform field mapping exists: fqdn -> fqdn
   skip system field: target_domain_path
   transform field mapping exists: change_control -> change_control
   transform field mapping exists: owned_by -> owned_by
   transform field mapping exists: checked_out -> checked_out
   skip system field: import_set_run
   transform field mapping exists: network_wire -> network_wire
   transform field mapping exists: delivery_date -> delivery_date
   transform field mapping exists: maintenance_schedule -> maintenance_schedule
   transform field mapping exists: install_status -> install_status
   transform field mapping exists: cost_center -> cost_center
   transform field mapping exists: supported_by -> supported_by
   transform field mapping exists: dns_domain -> dns_domain
   transform field mapping exists: name -> name
   transform field mapping exists: assigned -> assigned
   transform field mapping exists: purchase_date -> purchase_date
   transform field mapping exists: subcategory -> subcategory
   transform field mapping exists: short_description -> short_description
   skip system field: target_mod_count
   transform field mapping exists: assignment_group -> assignment_group
   skip system field: batch_id
   transform field mapping exists: managed_by -> managed_by
   skip system field: sys_import_state_comment
   skip system field: target_domain
   transform field mapping exists: last_discovered -> last_discovered
   transform field mapping exists: can_print -> can_print
   skip system field: sys_class_name
   transform field mapping exists: manufacturer -> manufacturer
   transform field mapping exists: po_number -> po_number
   transform field mapping exists: sys_class_path -> sys_class_path
   transform field mapping exists: checked_in -> checked_in
   transform field mapping exists: vendor -> vendor
   transform field mapping exists: mac_address -> mac_address
   skip system field: sys_transform_map
   transform field mapping exists: company -> company
   transform field mapping exists: model_number -> model_number
   transform field mapping exists: justification -> justification
   transform field mapping exists: department -> department
   transform field mapping exists: start_date -> start_date
   transform field mapping exists: assigned_to -> assigned_to
   transform field mapping exists: cost -> cost
   transform field mapping exists: comments -> comments
   skip system field: sys_target_table
   skip system field: target_created_on
   skip system field: sys_mod_count
   transform field mapping exists: serial_number -> serial_number
   transform field mapping exists: monitor -> monitor
   transform field mapping exists: ip_address -> ip_address
   transform field mapping exists: model_id -> model_id
   skip virtual field: sys_tags
   skip system field: sys_import_state
   transform field mapping exists: cost_cc -> cost_cc
   transform field mapping exists: schedule -> schedule
   transform field mapping exists: order_date -> order_date
   transform field mapping exists: support_group -> support_group
   transform field mapping exists: due -> due
   transform field mapping exists: unverified -> unverified
   transform field mapping exists: correlation_id -> correlation_id
   transform field mapping exists: attributes -> attributes
   transform field mapping exists: location -> location
   skip system field: source_id
   transform field mapping exists: asset -> asset
   transform field mapping exists: category -> category
   transform field mapping exists: fault_count -> fault_count
   transform field mapping exists: lease_id -> lease_id
   transform field mapping exists: target_domain -> sys_domain
   transform field mapping exists: target_class_name -> sys_class_name
   transform field mapping exists: target_mod_count -> sys_mod_count
   transform field mapping exists: target_created_by -> sys_created_by
   transform field mapping exists: target_created_on -> sys_created_on
coalece field exists
--synchronise transform map complete--
--Check Import Set WS and Transform Map Completed--

2018/06/19 07:58:37.587 [INFO] Scripted Web Service is Synchronised [u_itsmb_dscy_net_base_n]
2018/06/19 07:58:38.065 [INFO] Initialisation 7 of 8 [CMDB LANs] Completed
2018/06/19 07:58:38.065 [DETAIL] Build Field Map [AST:WAN] started...
2018/06/19 07:58:38.188 [DETAIL] Remedy: Build Field Map [AST:WAN] complete, 109 entries
2018/06/19 07:58:38.191 [DETAIL] Create Remedy Qualification: 'ClassId' = "BMC_WAN" AND (0 = 1 AND 'Company' = "Calbro Services" OR 0 = 0) AND 'DatasetID' = "BMC.ASSET"
2018/06/19 07:58:38.210 [DETAIL] Add Project Variable [ManufacturerName [STRING]]
2018/06/19 07:58:38.210 [DETAIL] Create SNow Lookup Query: name#!#ManufacturerName#!#^manufacturer=true
2018/06/19 07:58:38.211 [DETAIL] Add Project Variable [Company [STRING]]
2018/06/19 07:58:38.211 [DETAIL] Create SNow Lookup Query: name#!#Company#!#
2018/06/19 07:58:38.212 [DETAIL] Add Project Variable [SupplierName [STRING]]
2018/06/19 07:58:38.212 [DETAIL] Create SNow Lookup Query: name#!#SupplierName#!#^vendor=true
2018/06/19 07:58:38.212 [DETAIL] Add Project Variable [Department [STRING]]
2018/06/19 07:58:38.212 [DETAIL] Create SNow Lookup Query: name#!#Department#!#^company#!#!Target Company SysID!#!#
2018/06/19 07:58:38.212 [DETAIL] Add Project Variable [Reconciliation Identity [STRING]]
2018/06/19 07:58:38.215 [DETAIL] Create Remedy Lookup Query: 'CI_Instance_ID' = ""
2018/06/19 07:58:38.215 [DETAIL] Add Project Variable [OwnerName [STRING]]
2018/06/19 07:58:38.215 [DETAIL] Create SNow Lookup Query: name#!#OwnerName#!#
2018/06/19 07:58:38.216 [DETAIL] Add Project Variable [Model [STRING]]
2018/06/19 07:58:38.216 [DETAIL] Add Project Variable [VersionNumber [STRING]]
2018/06/19 07:58:38.216 [DETAIL] Create SNow Lookup Query: name#!#Model#!#^model_number#!#VersionNumber#!#
2018/06/19 07:58:38.216 [DETAIL] Add Project Variable [Cost Center [STRING]]
2018/06/19 07:58:38.216 [DETAIL] Create SNow Lookup Query: code#!#Cost Center#!#
2018/06/19 07:58:38.216 [DETAIL] Add Project Variable [Site [STRING]]
2018/06/19 07:58:38.216 [DETAIL] Create SNow Lookup Query: name#!#Site#!#^company#!#!Target Company SysID!#!#
2018/06/19 07:58:38.217 [INFO] Synchronising Scripted Web Service [u_itsmb_dscy_net_base_n]
2018/06/19 07:58:40.064 [DETAIL] --Check Import WS Started--
   WS Name: u_itsmb_dscy_net_base_n
   Target Table: dscy_net_base
   Scope: global
   Run Business Rules: false
   include fields from tables: dscy_net_base,cmdb_ci,cmdb
--created ws import set: u_itsmb_dscy_net_base_n [dscy_net_base]--
--synchronise ws fields with target complete--
--transform map updated: u_itsmb_dscy_net_base_n
   transform field mapping exists: skip_sync -> skip_sync
   transform field mapping exists: operational_status -> operational_status
   skip system field: template_import_log
   skip system field: target_scope
   skip system field: sys_updated_on
   skip system field: target_class_name
   skip system field: sys_target_sys_id
   transform field mapping exists: discovery_source -> discovery_source
   transform field mapping exists: first_discovered -> first_discovered
   skip system field: sys_updated_by
   transform field mapping exists: due_in -> due_in
   skip system field: sys_created_on
   skip system field: sys_import_set
   transform field mapping exists: install_date -> install_date
   transform field mapping exists: gl_account -> gl_account
   skip system field: target_created_by
   skip system field: target_sys_id
   transform field mapping exists: invoice_number -> invoice_number
   skip system field: sys_created_by
   transform field mapping exists: warranty_expiration -> warranty_expiration
   skip system field: sys_import_row
   transform field mapping exists: asset_tag -> asset_tag
   skip system field: sys_row_error
   transform field mapping exists: fqdn -> fqdn
   skip system field: target_domain_path
   transform field mapping exists: change_control -> change_control
   transform field mapping exists: owned_by -> owned_by
   transform field mapping exists: checked_out -> checked_out
   skip system field: import_set_run
   transform field mapping exists: network_wire -> network_wire
   transform field mapping exists: delivery_date -> delivery_date
   transform field mapping exists: maintenance_schedule -> maintenance_schedule
   transform field mapping exists: install_status -> install_status
   transform field mapping exists: cost_center -> cost_center
   transform field mapping exists: supported_by -> supported_by
   transform field mapping exists: dns_domain -> dns_domain
   transform field mapping exists: name -> name
   transform field mapping exists: assigned -> assigned
   transform field mapping exists: purchase_date -> purchase_date
   transform field mapping exists: subcategory -> subcategory
   transform field mapping exists: short_description -> short_description
   skip system field: target_mod_count
   transform field mapping exists: assignment_group -> assignment_group
   skip system field: batch_id
   transform field mapping exists: managed_by -> managed_by
   skip system field: sys_import_state_comment
   skip system field: target_domain
   transform field mapping exists: last_discovered -> last_discovered
   transform field mapping exists: can_print -> can_print
   skip system field: sys_class_name
   transform field mapping exists: manufacturer -> manufacturer
   transform field mapping exists: po_number -> po_number
   transform field mapping exists: sys_class_path -> sys_class_path
   transform field mapping exists: checked_in -> checked_in
   transform field mapping exists: vendor -> vendor
   transform field mapping exists: mac_address -> mac_address
   skip system field: sys_transform_map
   transform field mapping exists: company -> company
   transform field mapping exists: model_number -> model_number
   transform field mapping exists: justification -> justification
   transform field mapping exists: department -> department
   transform field mapping exists: start_date -> start_date
   transform field mapping exists: assigned_to -> assigned_to
   transform field mapping exists: cost -> cost
   transform field mapping exists: comments -> comments
   skip system field: sys_target_table
   skip system field: target_created_on
   skip system field: sys_mod_count
   transform field mapping exists: serial_number -> serial_number
   transform field mapping exists: monitor -> monitor
   transform field mapping exists: ip_address -> ip_address
   transform field mapping exists: model_id -> model_id
   skip virtual field: sys_tags
   skip system field: sys_import_state
   transform field mapping exists: cost_cc -> cost_cc
   transform field mapping exists: schedule -> schedule
   transform field mapping exists: order_date -> order_date
   transform field mapping exists: support_group -> support_group
   transform field mapping exists: due -> due
   transform field mapping exists: unverified -> unverified
   transform field mapping exists: correlation_id -> correlation_id
   transform field mapping exists: attributes -> attributes
   transform field mapping exists: location -> location
   skip system field: source_id
   transform field mapping exists: asset -> asset
   transform field mapping exists: category -> category
   transform field mapping exists: fault_count -> fault_count
   transform field mapping exists: lease_id -> lease_id
   transform field mapping exists: target_domain -> sys_domain
   transform field mapping exists: target_class_name -> sys_class_name
   transform field mapping exists: target_mod_count -> sys_mod_count
   transform field mapping exists: target_created_by -> sys_created_by
   transform field mapping exists: target_created_on -> sys_created_on
coalece field exists
--synchronise transform map complete--
--Check Import Set WS and Transform Map Completed--

2018/06/19 07:58:40.064 [INFO] Scripted Web Service is Synchronised [u_itsmb_dscy_net_base_n]
2018/06/19 07:58:40.537 [INFO] Initialisation 8 of 8 [CMDB WANs] Completed
2018/06/19 07:58:40.541 [INFO] ### Initialisation Step Complete
2018/06/19 07:58:40.541 [INFO] [CMDB Concrete Collection] Key Mapping Cache AST:ConcreteCollection -> Network Infrastructure Item Ready.
2018/06/19 07:58:40.541 [INFO] [CMDB Concrete Collection] Migration in progress.
2018/06/19 07:58:40.541 [DETAIL] [CMDB Concrete Collection Chunk 0] Data Retrieve Started...
2018/06/19 07:58:40.663 [DETAIL] [CMDB Concrete Collection Chunk 0] Data Transform Started...
2018/06/19 07:58:40.663 [DETAIL] [CMDB Concrete Collection Chunk 0] Data Update Started...
2018/06/19 07:58:40.663 [INFO] Migration Completed 
2018/06/19 07:58:40.664 [INFO] Summary...  Created:0 Updated:0 Skipped:0 Errors:0 [Warnings 0]
2018/06/19 07:58:40.665 [INFO] [CMDB Connectivity Collection] Key Mapping Cache AST:ConnectivityCollection -> Network Infrastructure Item Ready.
2018/06/19 07:58:40.665 [INFO] [CMDB Connectivity Collection] Migration in progress.
2018/06/19 07:58:40.665 [DETAIL] [CMDB Connectivity Collection Chunk 0] Data Retrieve Started...
2018/06/19 07:58:40.677 [DETAIL] [CMDB Connectivity Collection Chunk 0] Data Transform Started...
2018/06/19 07:58:40.677 [DETAIL] [CMDB Connectivity Collection Chunk 0] Data Update Started...
2018/06/19 07:58:40.677 [INFO] Migration Completed 
2018/06/19 07:58:40.677 [INFO] Summary...  Created:0 Updated:0 Skipped:0 Errors:0 [Warnings 0]
2018/06/19 07:58:40.679 [INFO] [CMDB Connectivity Segment] Key Mapping Cache AST:ConnectivitySegment -> Network Infrastructure Item Ready.
2018/06/19 07:58:40.679 [INFO] [CMDB Connectivity Segment] Migration in progress.
2018/06/19 07:58:40.679 [DETAIL] [CMDB Connectivity Segment Chunk 0] Data Retrieve Started...
2018/06/19 07:58:40.712 [DETAIL] [CMDB Connectivity Segment Chunk 0] Data Transform Started...
2018/06/19 07:58:40.712 [DETAIL] [CMDB Connectivity Segment Chunk 0] Data Update Started...
2018/06/19 07:58:40.712 [INFO] Migration Completed 
2018/06/19 07:58:40.712 [INFO] Summary...  Created:0 Updated:0 Skipped:0 Errors:0 [Warnings 0]
2018/06/19 07:58:40.713 [INFO] [CMDB IP Subnet] Key Mapping Cache AST:IPConnectivitySubnet -> Network Infrastructure Item Ready.
2018/06/19 07:58:40.713 [INFO] [CMDB IP Subnet] Migration in progress.
2018/06/19 07:58:40.713 [DETAIL] [CMDB IP Subnet Chunk 0] Data Retrieve Started...
2018/06/19 07:58:40.752 [DETAIL] [CMDB IP Subnet Chunk 0] Data Transform Started...
2018/06/19 07:58:40.753 [DETAIL] Add Project Variable [justification [STRING]]
2018/06/19 07:58:40.753 [DETAIL] Create SNow Lookup Query: justification#!#justification#!#
2018/06/19 07:58:40.753 [DETAIL] Lookup Batch Retrieve-Start
2018/06/19 07:58:40.754 [DETAIL] [src=null] SNow Qual: nameISEMPTY^manufacturer=true
2018/06/19 07:58:40.754 [DETAIL] [src=null] SNow Qual: nameISEMPTY^manufacturer=true
2018/06/19 07:58:40.754 [DETAIL] [src=null] SNow Qual: nameISEMPTY^manufacturer=true
2018/06/19 07:58:41.190 [DETAIL] Lookup Batch Retrieve-End
2018/06/19 07:58:41.190 [DETAIL] Lookup Batch Retrieve-Start
2018/06/19 07:58:41.190 [DETAIL] [src=null] SNow Qual: name=Calbro Services
2018/06/19 07:58:41.190 [DETAIL] [src=null] SNow Qual: name=Calbro Services
2018/06/19 07:58:41.190 [DETAIL] [src=null] SNow Qual: name=Calbro Services
2018/06/19 07:58:41.433 [DETAIL] Lookup Batch Retrieve-End
2018/06/19 07:58:41.436 [DETAIL] Lookup Batch Retrieve-Start
2018/06/19 07:58:41.436 [DETAIL] [src=null] SNow Qual: nameISEMPTY^vendor=true
2018/06/19 07:58:41.436 [DETAIL] [src=null] SNow Qual: nameISEMPTY^vendor=true
2018/06/19 07:58:41.436 [DETAIL] [src=null] SNow Qual: nameISEMPTY^vendor=true
2018/06/19 07:58:41.868 [DETAIL] Lookup Batch Retrieve-End
2018/06/19 07:58:41.869 [DETAIL] Lookup Batch Retrieve-Start
2018/06/19 07:58:41.869 [DETAIL] [src=null] SNow Qual: nameISEMPTY^company=156e6f15db7613007f3873278c96191c
2018/06/19 07:58:41.869 [DETAIL] [src=null] SNow Qual: nameISEMPTY^company=156e6f15db7613007f3873278c96191c
2018/06/19 07:58:41.869 [DETAIL] [src=null] SNow Qual: nameISEMPTY^company=156e6f15db7613007f3873278c96191c
2018/06/19 07:58:42.305 [DETAIL] Lookup Batch Retrieve-End
2018/06/19 07:58:42.305 [DETAIL] Lookup Batch Retrieve-Start
2018/06/19 07:58:42.325 [DETAIL] Lookup Batch Retrieve-End
2018/06/19 07:58:42.325 [DETAIL] Lookup Batch Retrieve-Start
2018/06/19 07:58:42.325 [DETAIL] [src=null] SNow Qual: nameISEMPTY
2018/06/19 07:58:42.325 [DETAIL] [src=null] SNow Qual: nameISEMPTY
2018/06/19 07:58:42.325 [DETAIL] [src=null] SNow Qual: nameISEMPTY
2018/06/19 07:58:42.757 [DETAIL] Lookup Batch Retrieve-End
2018/06/19 07:58:42.757 [DETAIL] Lookup Batch Retrieve-Start
2018/06/19 07:58:42.757 [DETAIL] [src=null] SNow Qual: nameISEMPTY^model_numberISEMPTY
2018/06/19 07:58:42.757 [DETAIL] [src=null] SNow Qual: nameISEMPTY^model_numberISEMPTY
2018/06/19 07:58:42.757 [DETAIL] [src=null] SNow Qual: nameISEMPTY^model_numberISEMPTY
2018/06/19 07:58:43.191 [DETAIL] Lookup Batch Retrieve-End
2018/06/19 07:58:43.191 [DETAIL] Lookup Batch Retrieve-Start
2018/06/19 07:58:43.191 [DETAIL] [src=null] SNow Qual: code=Unallocated
2018/06/19 07:58:43.191 [DETAIL] [src=null] SNow Qual: code=Unallocated
2018/06/19 07:58:43.191 [DETAIL] [src=null] SNow Qual: code=Unallocated
2018/06/19 07:58:43.623 [DETAIL] Lookup Batch Retrieve-End
2018/06/19 07:58:43.623 [DETAIL] Lookup Batch Retrieve-Start
2018/06/19 07:58:43.623 [DETAIL] [src=null] SNow Qual: nameISEMPTY^company=156e6f15db7613007f3873278c96191c
2018/06/19 07:58:43.623 [DETAIL] [src=null] SNow Qual: nameISEMPTY^company=156e6f15db7613007f3873278c96191c
2018/06/19 07:58:43.623 [DETAIL] [src=null] SNow Qual: nameISEMPTY^company=156e6f15db7613007f3873278c96191c
2018/06/19 07:58:44.054 [DETAIL] Lookup Batch Retrieve-End
2018/06/19 07:58:44.054 [DETAIL] Lookup Batch Retrieve-Start
2018/06/19 07:58:44.054 [DETAIL] [src=000000000000001|000000000000004|000000000000684|000000000000122] SNow Qual: justification=OI-E58012E8521A4FA499EF0FF1FF412FAF
2018/06/19 07:58:44.054 [DETAIL] [src=000000000000001|000000000000005|000000000000685|000000000000123] SNow Qual: justification=OI-BD9019FD795C43988AA04010C581D564
2018/06/19 07:58:44.054 [DETAIL] [src=000000000000001|000000000000006|000000000000686|000000000000124] SNow Qual: justification=OI-585D73E4EAFA42A8BBC9C668CF44700A
2018/06/19 07:58:44.507 [DETAIL] Lookup Batch Retrieve-End
2018/06/19 07:58:44.507 [DETAIL] [CMDB IP Subnet Chunk 0] Data Update Started...
2018/06/19 07:58:44.507 [DETAIL] Batch Insert of 3 Entries Started
2018/06/19 07:58:45.156 [DETAIL] Create entry complete [src=000000000000001|000000000000004|000000000000684|000000000000122 tgt=b7ff6fd5db7613007f3873278c9619d8]
2018/06/19 07:58:45.156 [DETAIL] Create entry complete [src=000000000000001|000000000000005|000000000000685|000000000000123 tgt=b3ff6fd5db7613007f3873278c9619d9]
2018/06/19 07:58:45.156 [DETAIL] Create entry complete [src=000000000000001|000000000000006|000000000000686|000000000000124 tgt=f7ff6fd5db7613007f3873278c9619d9]
2018/06/19 07:58:45.157 [INFO] Migration Completed 
2018/06/19 07:58:45.158 [INFO] Summary...  Created:3 Updated:0 Skipped:0 Errors:0 [Warnings 0]
2018/06/19 07:58:45.160 [INFO] [CMDB IPX Network] Key Mapping Cache AST:IPXConnectivityNetwork -> Network Infrastructure Item Ready.
2018/06/19 07:58:45.160 [INFO] [CMDB IPX Network] Migration in progress.
2018/06/19 07:58:45.160 [DETAIL] [CMDB IPX Network Chunk 0] Data Retrieve Started...
2018/06/19 07:58:45.239 [DETAIL] [CMDB IPX Network Chunk 0] Data Transform Started...
2018/06/19 07:58:45.239 [DETAIL] [CMDB IPX Network Chunk 0] Data Update Started...
2018/06/19 07:58:45.239 [INFO] Migration Completed 
2018/06/19 07:58:45.239 [INFO] Summary...  Created:0 Updated:0 Skipped:0 Errors:0 [Warnings 0]
2018/06/19 07:58:45.241 [INFO] [CMDB LNs Collection] Key Mapping Cache AST:LNsCollection -> Network Infrastructure Item Ready.
2018/06/19 07:58:45.241 [INFO] [CMDB LNs Collection] Migration in progress.
2018/06/19 07:58:45.241 [DETAIL] [CMDB LNs Collection Chunk 0] Data Retrieve Started...
2018/06/19 07:58:45.271 [DETAIL] [CMDB LNs Collection Chunk 0] Data Transform Started...
2018/06/19 07:58:45.271 [DETAIL] [CMDB LNs Collection Chunk 0] Data Update Started...
2018/06/19 07:58:45.271 [INFO] Migration Completed 
2018/06/19 07:58:45.271 [INFO] Summary...  Created:0 Updated:0 Skipped:0 Errors:0 [Warnings 0]
2018/06/19 07:58:45.272 [INFO] [CMDB LANs] Key Mapping Cache AST:LAN -> Network Infrastructure Item Ready.
2018/06/19 07:58:45.272 [INFO] [CMDB LANs] Migration in progress.
2018/06/19 07:58:45.273 [DETAIL] [CMDB LANs Chunk 0] Data Retrieve Started...
2018/06/19 07:58:45.309 [DETAIL] [CMDB LANs Chunk 0] Data Transform Started...
2018/06/19 07:58:45.309 [DETAIL] [CMDB LANs Chunk 0] Data Update Started...
2018/06/19 07:58:45.309 [INFO] Migration Completed 
2018/06/19 07:58:45.309 [INFO] Summary...  Created:0 Updated:0 Skipped:0 Errors:0 [Warnings 0]
2018/06/19 07:58:45.310 [INFO] [CMDB WANs] Key Mapping Cache AST:WAN -> Network Infrastructure Item Ready.
2018/06/19 07:58:45.310 [INFO] [CMDB WANs] Migration in progress.
2018/06/19 07:58:45.310 [DETAIL] [CMDB WANs Chunk 0] Data Retrieve Started...
2018/06/19 07:58:45.339 [DETAIL] [CMDB WANs Chunk 0] Data Transform Started...
2018/06/19 07:58:45.339 [DETAIL] [CMDB WANs Chunk 0] Data Update Started...
2018/06/19 07:58:45.339 [INFO] Migration Completed 
2018/06/19 07:58:45.339 [INFO] Summary...  Created:0 Updated:0 Skipped:0 Errors:0 [Warnings 0]
2018/06/19 07:58:45.339 [DETAIL] Closing Execution Task...
2018/06/19 07:58:45.361 [INFO] Execution has completed [Execution ID=2018-06-19_07-57]
2018/06/19 07:58:45.362 [INFO] --END OF LOG--
