2018/06/16 19:17:49.398 [INFO] Log Level set to Detail
2018/06/16 19:17:49.398 [INFO] ITSM Bridge version 3.7.14
2018/06/16 19:17:49.398 [INFO] Execution of CI4 version 1
2018/06/16 19:17:49.398 [INFO] Set Variable Single Company to value 'FALSE'
2018/06/16 19:17:49.398 [INFO] Set Variable Company Name to value 'Calbro Services'
2018/06/16 19:17:49.398 [INFO] Set Variable DataSet to value 'BMC.ASSET'
2018/06/16 19:17:49.399 [INFO] Execution started... [Execution ID=2018-06-16_19-17]
2018/06/16 19:17:49.400 [INFO] Initialisation Step Started...
2018/06/16 19:17:49.400 [INFO] Source Server Connected
2018/06/16 19:17:49.402 [DETAIL] Build Field Map [v_plugin] started...
2018/06/16 19:17:51.349 [DETAIL] SNow: Build Field Map [v_plugin] complete, 25 entries
2018/06/16 19:17:51.774 [INFO] Target Server Connected
2018/06/16 19:17:51.774 [DETAIL] Remedy Cache Initialisation started...
2018/06/16 19:17:51.774 [DETAIL] Remedy Cache Initialisation complete
2018/06/16 19:17:51.774 [INFO] Source Server Cache Initialised
2018/06/16 19:17:51.774 [DETAIL] Service Now Cache Initialisation started...
2018/06/16 19:17:51.774 [DETAIL] Service Now Cache Initialisation complete
2018/06/16 19:17:51.774 [INFO] Target Server Cache Initialised
2018/06/16 19:17:51.774 [DETAIL] Top Level Project Validation Completed
2018/06/16 19:17:51.774 [DETAIL] Build Field Map [AST:ConcreteCollection] started...
2018/06/16 19:17:51.831 [DETAIL] Remedy: Build Field Map [AST:ConcreteCollection] complete, 113 entries
2018/06/16 19:17:51.834 [DETAIL] Create Remedy Qualification: 'Class Id' = "BMC.CORE:BMC_CONCRETECOLLECTION" AND (0 = 1 AND 'Company' = "Calbro Services" OR 0 = 0) AND 'Data Set Id' = "BMC.ASSET"
2018/06/16 19:17:51.837 [DETAIL] Build Field Map [dscy_net_base] started...
2018/06/16 19:17:54.747 [DETAIL] SNow: Build Field Map [dscy_net_base] complete, 70 entries
2018/06/16 19:17:54.747 [DETAIL] Build Field Map [cmdb_ci] started...
2018/06/16 19:17:57.820 [DETAIL] SNow: Build Field Map [cmdb_ci] complete, 70 entries
2018/06/16 19:17:57.820 [DETAIL] Build Field Map [cmdb] started...
2018/06/16 19:17:59.706 [DETAIL] SNow: Build Field Map [cmdb] complete, 70 entries
2018/06/16 19:17:59.708 [DETAIL] Build Field Map [core_company] started...
2018/06/16 19:18:01.371 [DETAIL] SNow: Build Field Map [core_company] complete, 44 entries
2018/06/16 19:18:01.371 [DETAIL] Build Field Map [cmn_department] started...
2018/06/16 19:18:01.802 [DETAIL] SNow: Build Field Map [cmn_department] complete, 15 entries
2018/06/16 19:18:01.802 [DETAIL] Build Field Map [AST:WorkLog] started...
2018/06/16 19:18:01.820 [DETAIL] Remedy: Build Field Map [AST:WorkLog] complete, 49 entries
2018/06/16 19:18:01.820 [DETAIL] Build Field Map [cmdb_model] started...
2018/06/16 19:18:03.551 [DETAIL] SNow: Build Field Map [cmdb_model] complete, 38 entries
2018/06/16 19:18:03.551 [DETAIL] Build Field Map [cmn_cost_center] started...
2018/06/16 19:18:04.101 [DETAIL] SNow: Build Field Map [cmn_cost_center] complete, 14 entries
2018/06/16 19:18:04.101 [DETAIL] Build Field Map [cmn_location] started...
2018/06/16 19:18:06.292 [DETAIL] SNow: Build Field Map [cmn_location] complete, 24 entries
2018/06/16 19:18:06.293 [DETAIL] Add Project Variable [Manufacturer Name+ [STRING]]
2018/06/16 19:18:06.293 [DETAIL] Create SNow Lookup Query: name#!#Manufacturer Name+#!#^manufacturer=true
2018/06/16 19:18:06.293 [DETAIL] Add Project Variable [Company [STRING]]
2018/06/16 19:18:06.293 [DETAIL] Create SNow Lookup Query: name#!#Company#!#
2018/06/16 19:18:06.294 [DETAIL] Add Project Variable [Supplier Name+ [STRING]]
2018/06/16 19:18:06.294 [DETAIL] Create SNow Lookup Query: name#!#Supplier Name+#!#^vendor=true
2018/06/16 19:18:06.294 [DETAIL] Add Project Variable [Department [STRING]]
2018/06/16 19:18:06.294 [DETAIL] Create SNow Lookup Query: name#!#Department#!#^company#!#!Target Company SysID!#!#
2018/06/16 19:18:06.295 [DETAIL] Add Project Variable [Reconciliation Identity [STRING]]
2018/06/16 19:18:06.300 [DETAIL] Create Remedy Lookup Query: 'CI_Instance_ID' = ""
2018/06/16 19:18:06.300 [DETAIL] Add Project Variable [Owner_name [STRING]]
2018/06/16 19:18:06.300 [DETAIL] Create SNow Lookup Query: name#!#Owner_name#!#
2018/06/16 19:18:06.301 [DETAIL] Add Project Variable [Version Number [STRING]]
2018/06/16 19:18:06.301 [DETAIL] Add Project Variable [Model Number [STRING]]
2018/06/16 19:18:06.301 [DETAIL] Create SNow Lookup Query: name#!#Model Number#!#^model_number#!#Version Number#!#
2018/06/16 19:18:06.301 [DETAIL] Add Project Variable [Cost Center [STRING]]
2018/06/16 19:18:06.301 [DETAIL] Create SNow Lookup Query: code#!#Cost Center#!#
2018/06/16 19:18:06.302 [DETAIL] Add Project Variable [Site [STRING]]
2018/06/16 19:18:06.302 [DETAIL] Create SNow Lookup Query: name#!#Site#!#^company#!#!Target Company SysID!#!#
2018/06/16 19:18:06.304 [DETAIL] Build Field Map [sys_web_service] started...
2018/06/16 19:18:06.670 [DETAIL] SNow: Build Field Map [sys_web_service] complete, 9 entries
2018/06/16 19:18:06.670 [DETAIL] Build Field Map [sys_metadata] started...
2018/06/16 19:18:08.054 [DETAIL] SNow: Build Field Map [sys_metadata] complete, 20 entries
2018/06/16 19:18:08.481 [INFO] Synchronising Scripted Web Service [u_itsmb_dscy_net_base_n]
2018/06/16 19:18:11.870 [DETAIL] --Check Import WS Started--
   WS Name: u_itsmb_dscy_net_base_n
   Target Table: dscy_net_base
   Scope: global
   Run Business Rules: false
   include fields from tables: dscy_net_base,cmdb_ci,cmdb
--created ws import set: u_itsmb_dscy_net_base_n [dscy_net_base]--
--synchronise ws fields with target complete--
--transform map updated: u_itsmb_dscy_net_base_n
   transform field mapping exists: skip_sync -> skip_sync
   transform field mapping exists: operational_status -> operational_status
   skip system field: template_import_log
   skip system field: target_scope
   skip system field: sys_updated_on
   skip system field: target_class_name
   skip system field: sys_target_sys_id
   transform field mapping exists: first_discovered -> first_discovered
   transform field mapping exists: discovery_source -> discovery_source
   skip system field: sys_updated_by
   transform field mapping exists: due_in -> due_in
   skip system field: sys_created_on
   skip system field: sys_import_set
   transform field mapping exists: install_date -> install_date
   skip system field: target_sys_id
   transform field mapping exists: invoice_number -> invoice_number
   transform field mapping exists: gl_account -> gl_account
   skip system field: target_created_by
   skip system field: sys_created_by
   transform field mapping exists: warranty_expiration -> warranty_expiration
   skip system field: sys_import_row
   transform field mapping exists: asset_tag -> asset_tag
   skip system field: sys_row_error
   transform field mapping exists: fqdn -> fqdn
   skip system field: target_domain_path
   transform field mapping exists: change_control -> change_control
   transform field mapping exists: owned_by -> owned_by
   transform field mapping exists: checked_out -> checked_out
   skip system field: import_set_run
   transform field mapping exists: network_wire -> network_wire
   transform field mapping exists: delivery_date -> delivery_date
   transform field mapping exists: maintenance_schedule -> maintenance_schedule
   transform field mapping exists: install_status -> install_status
   transform field mapping exists: cost_center -> cost_center
   transform field mapping exists: supported_by -> supported_by
   transform field mapping exists: dns_domain -> dns_domain
   transform field mapping exists: name -> name
   transform field mapping exists: assigned -> assigned
   transform field mapping exists: subcategory -> subcategory
   transform field mapping exists: purchase_date -> purchase_date
   transform field mapping exists: short_description -> short_description
   skip system field: target_mod_count
   transform field mapping exists: assignment_group -> assignment_group
   skip system field: batch_id
   transform field mapping exists: managed_by -> managed_by
   skip system field: sys_import_state_comment
   transform field mapping exists: can_print -> can_print
   skip system field: target_domain
   transform field mapping exists: last_discovered -> last_discovered
   skip system field: sys_class_name
   transform field mapping exists: manufacturer -> manufacturer
   transform field mapping exists: po_number -> po_number
   transform field mapping exists: checked_in -> checked_in
   transform field mapping exists: sys_class_path -> sys_class_path
   transform field mapping exists: vendor -> vendor
   transform field mapping exists: mac_address -> mac_address
   skip system field: sys_transform_map
   transform field mapping exists: company -> company
   transform field mapping exists: model_number -> model_number
   transform field mapping exists: justification -> justification
   transform field mapping exists: department -> department
   transform field mapping exists: assigned_to -> assigned_to
   transform field mapping exists: start_date -> start_date
   transform field mapping exists: cost -> cost
   transform field mapping exists: comments -> comments
   skip system field: sys_target_table
   skip system field: target_created_on
   skip system field: sys_mod_count
   transform field mapping exists: serial_number -> serial_number
   transform field mapping exists: monitor -> monitor
   transform field mapping exists: model_id -> model_id
   transform field mapping exists: ip_address -> ip_address
   skip virtual field: sys_tags
   skip system field: sys_import_state
   transform field mapping exists: cost_cc -> cost_cc
   transform field mapping exists: support_group -> support_group
   transform field mapping exists: order_date -> order_date
   transform field mapping exists: schedule -> schedule
   transform field mapping exists: due -> due
   transform field mapping exists: unverified -> unverified
   transform field mapping exists: correlation_id -> correlation_id
   transform field mapping exists: location -> location
   transform field mapping exists: attributes -> attributes
   skip system field: source_id
   transform field mapping exists: category -> category
   transform field mapping exists: asset -> asset
   transform field mapping exists: fault_count -> fault_count
   transform field mapping exists: lease_id -> lease_id
   transform field mapping exists: target_domain -> sys_domain
   transform field mapping exists: target_class_name -> sys_class_name
   transform field mapping exists: target_mod_count -> sys_mod_count
   transform field mapping exists: target_created_by -> sys_created_by
   transform field mapping exists: target_created_on -> sys_created_on
coalece field exists
--synchronise transform map complete--
--Check Import Set WS and Transform Map Completed--

2018/06/16 19:18:11.870 [INFO] Scripted Web Service is Synchronised [u_itsmb_dscy_net_base_n]
2018/06/16 19:18:11.870 [DETAIL] Build Field Map [u_itsmb_dscy_net_base_n] started...
2018/06/16 19:18:14.948 [DETAIL] SNow: Build Field Map [u_itsmb_dscy_net_base_n] complete, 72 entries
2018/06/16 19:18:14.948 [DETAIL] Build Field Map [sys_import_set_row] started...
2018/06/16 19:18:16.555 [DETAIL] SNow: Build Field Map [sys_import_set_row] complete, 88 entries
2018/06/16 19:18:17.075 [INFO] Initialisation 1 of 8 [CMDB Concrete Collection] Completed
2018/06/16 19:18:17.076 [DETAIL] Build Field Map [AST:ConnectivityCollection] started...
2018/06/16 19:18:17.178 [DETAIL] Remedy: Build Field Map [AST:ConnectivityCollection] complete, 116 entries
2018/06/16 19:18:17.180 [DETAIL] Create Remedy Qualification: 'ClassId' = "BMC_CONNECTIVITYGROUP" AND (0 = 1 AND 'Company' = "Calbro Services" OR 0 = 0) AND 'DatasetID' = "BMC.ASSET"
2018/06/16 19:18:17.184 [DETAIL] Add Project Variable [ManufacturerName [STRING]]
2018/06/16 19:18:17.184 [DETAIL] Create SNow Lookup Query: name#!#ManufacturerName#!#^manufacturer=true
2018/06/16 19:18:17.184 [DETAIL] Add Project Variable [Company [STRING]]
2018/06/16 19:18:17.185 [DETAIL] Create SNow Lookup Query: name#!#Company#!#
2018/06/16 19:18:17.185 [DETAIL] Add Project Variable [SupplierName [STRING]]
2018/06/16 19:18:17.185 [DETAIL] Create SNow Lookup Query: name#!#SupplierName#!#^vendor=true
2018/06/16 19:18:17.186 [DETAIL] Add Project Variable [Department [STRING]]
2018/06/16 19:18:17.186 [DETAIL] Create SNow Lookup Query: name#!#Department#!#^company#!#!Target Company SysID!#!#
2018/06/16 19:18:17.186 [DETAIL] Add Project Variable [Reconciliation Identity [STRING]]
2018/06/16 19:18:17.188 [DETAIL] Create Remedy Lookup Query: 'CI_Instance_ID' = ""
2018/06/16 19:18:17.189 [DETAIL] Add Project Variable [OwnerName [STRING]]
2018/06/16 19:18:17.189 [DETAIL] Create SNow Lookup Query: name#!#OwnerName#!#
2018/06/16 19:18:17.189 [DETAIL] Add Project Variable [Model [STRING]]
2018/06/16 19:18:17.189 [DETAIL] Add Project Variable [VersionNumber [STRING]]
2018/06/16 19:18:17.189 [DETAIL] Create SNow Lookup Query: name#!#Model#!#^model_number#!#VersionNumber#!#
2018/06/16 19:18:17.189 [DETAIL] Add Project Variable [Cost Center [STRING]]
2018/06/16 19:18:17.189 [DETAIL] Create SNow Lookup Query: code#!#Cost Center#!#
2018/06/16 19:18:17.190 [DETAIL] Add Project Variable [Site [STRING]]
2018/06/16 19:18:17.190 [DETAIL] Create SNow Lookup Query: name#!#Site#!#^company#!#!Target Company SysID!#!#
2018/06/16 19:18:17.191 [INFO] Synchronising Scripted Web Service [u_itsmb_dscy_net_base_n]
2018/06/16 19:18:20.964 [DETAIL] --Check Import WS Started--
   WS Name: u_itsmb_dscy_net_base_n
   Target Table: dscy_net_base
   Scope: global
   Run Business Rules: false
   include fields from tables: dscy_net_base,cmdb_ci,cmdb
--created ws import set: u_itsmb_dscy_net_base_n [dscy_net_base]--
--synchronise ws fields with target complete--
--transform map updated: u_itsmb_dscy_net_base_n
   transform field mapping exists: skip_sync -> skip_sync
   transform field mapping exists: operational_status -> operational_status
   skip system field: template_import_log
   skip system field: target_scope
   skip system field: sys_updated_on
   skip system field: target_class_name
   skip system field: sys_target_sys_id
   transform field mapping exists: first_discovered -> first_discovered
   transform field mapping exists: discovery_source -> discovery_source
   skip system field: sys_updated_by
   transform field mapping exists: due_in -> due_in
   skip system field: sys_created_on
   skip system field: sys_import_set
   transform field mapping exists: install_date -> install_date
   skip system field: target_sys_id
   transform field mapping exists: invoice_number -> invoice_number
   transform field mapping exists: gl_account -> gl_account
   skip system field: target_created_by
   skip system field: sys_created_by
   transform field mapping exists: warranty_expiration -> warranty_expiration
   skip system field: sys_import_row
   transform field mapping exists: asset_tag -> asset_tag
   skip system field: sys_row_error
   transform field mapping exists: fqdn -> fqdn
   skip system field: target_domain_path
   transform field mapping exists: change_control -> change_control
   transform field mapping exists: owned_by -> owned_by
   transform field mapping exists: checked_out -> checked_out
   skip system field: import_set_run
   transform field mapping exists: network_wire -> network_wire
   transform field mapping exists: delivery_date -> delivery_date
   transform field mapping exists: maintenance_schedule -> maintenance_schedule
   transform field mapping exists: install_status -> install_status
   transform field mapping exists: cost_center -> cost_center
   transform field mapping exists: supported_by -> supported_by
   transform field mapping exists: dns_domain -> dns_domain
   transform field mapping exists: name -> name
   transform field mapping exists: assigned -> assigned
   transform field mapping exists: subcategory -> subcategory
   transform field mapping exists: purchase_date -> purchase_date
   transform field mapping exists: short_description -> short_description
   skip system field: target_mod_count
   transform field mapping exists: assignment_group -> assignment_group
   skip system field: batch_id
   transform field mapping exists: managed_by -> managed_by
   skip system field: sys_import_state_comment
   transform field mapping exists: can_print -> can_print
   skip system field: target_domain
   transform field mapping exists: last_discovered -> last_discovered
   skip system field: sys_class_name
   transform field mapping exists: manufacturer -> manufacturer
   transform field mapping exists: po_number -> po_number
   transform field mapping exists: checked_in -> checked_in
   transform field mapping exists: sys_class_path -> sys_class_path
   transform field mapping exists: vendor -> vendor
   transform field mapping exists: mac_address -> mac_address
   skip system field: sys_transform_map
   transform field mapping exists: company -> company
   transform field mapping exists: model_number -> model_number
   transform field mapping exists: justification -> justification
   transform field mapping exists: department -> department
   transform field mapping exists: assigned_to -> assigned_to
   transform field mapping exists: start_date -> start_date
   transform field mapping exists: cost -> cost
   transform field mapping exists: comments -> comments
   skip system field: sys_target_table
   skip system field: target_created_on
   skip system field: sys_mod_count
   transform field mapping exists: serial_number -> serial_number
   transform field mapping exists: monitor -> monitor
   transform field mapping exists: model_id -> model_id
   transform field mapping exists: ip_address -> ip_address
   skip virtual field: sys_tags
   skip system field: sys_import_state
   transform field mapping exists: cost_cc -> cost_cc
   transform field mapping exists: support_group -> support_group
   transform field mapping exists: order_date -> order_date
   transform field mapping exists: schedule -> schedule
   transform field mapping exists: due -> due
   transform field mapping exists: unverified -> unverified
   transform field mapping exists: correlation_id -> correlation_id
   transform field mapping exists: location -> location
   transform field mapping exists: attributes -> attributes
   skip system field: source_id
   transform field mapping exists: category -> category
   transform field mapping exists: asset -> asset
   transform field mapping exists: fault_count -> fault_count
   transform field mapping exists: lease_id -> lease_id
   transform field mapping exists: target_domain -> sys_domain
   transform field mapping exists: target_class_name -> sys_class_name
   transform field mapping exists: target_mod_count -> sys_mod_count
   transform field mapping exists: target_created_by -> sys_created_by
   transform field mapping exists: target_created_on -> sys_created_on
coalece field exists
--synchronise transform map complete--
--Check Import Set WS and Transform Map Completed--

2018/06/16 19:18:20.964 [INFO] Scripted Web Service is Synchronised [u_itsmb_dscy_net_base_n]
2018/06/16 19:18:21.432 [INFO] Initialisation 2 of 8 [CMDB Connectivity Collection] Completed
2018/06/16 19:18:21.432 [DETAIL] Build Field Map [AST:ConnectivitySegment] started...
2018/06/16 19:18:21.532 [DETAIL] Remedy: Build Field Map [AST:ConnectivitySegment] complete, 110 entries
2018/06/16 19:18:21.534 [DETAIL] Create Remedy Qualification: 'ClassId' = "BMC_CONNECTIVITYSEGMENT" AND (0 = 1 AND 'Company' = "Calbro Services" OR 0 = 0) AND 'DatasetID' = "BMC.ASSET"
2018/06/16 19:18:21.537 [DETAIL] Add Project Variable [ManufacturerName [STRING]]
2018/06/16 19:18:21.537 [DETAIL] Create SNow Lookup Query: name#!#ManufacturerName#!#^manufacturer=true
2018/06/16 19:18:21.538 [DETAIL] Add Project Variable [Company [STRING]]
2018/06/16 19:18:21.538 [DETAIL] Create SNow Lookup Query: name#!#Company#!#
2018/06/16 19:18:21.538 [DETAIL] Add Project Variable [SupplierName [STRING]]
2018/06/16 19:18:21.538 [DETAIL] Create SNow Lookup Query: name#!#SupplierName#!#^vendor=true
2018/06/16 19:18:21.538 [DETAIL] Add Project Variable [Department [STRING]]
2018/06/16 19:18:21.538 [DETAIL] Create SNow Lookup Query: name#!#Department#!#^company#!#!Target Company SysID!#!#
2018/06/16 19:18:21.539 [DETAIL] Add Project Variable [Reconciliation Identity [STRING]]
2018/06/16 19:18:21.541 [DETAIL] Create Remedy Lookup Query: 'CI_Instance_ID' = ""
2018/06/16 19:18:21.541 [DETAIL] Add Project Variable [OwnerName [STRING]]
2018/06/16 19:18:21.541 [DETAIL] Create SNow Lookup Query: name#!#OwnerName#!#
2018/06/16 19:18:21.541 [DETAIL] Add Project Variable [Model [STRING]]
2018/06/16 19:18:21.541 [DETAIL] Add Project Variable [VersionNumber [STRING]]
2018/06/16 19:18:21.541 [DETAIL] Create SNow Lookup Query: name#!#Model#!#^model_number#!#VersionNumber#!#
2018/06/16 19:18:21.541 [DETAIL] Add Project Variable [Cost Center [STRING]]
2018/06/16 19:18:21.541 [DETAIL] Create SNow Lookup Query: code#!#Cost Center#!#
2018/06/16 19:18:21.542 [DETAIL] Add Project Variable [Site [STRING]]
2018/06/16 19:18:21.542 [DETAIL] Create SNow Lookup Query: name#!#Site#!#^company#!#!Target Company SysID!#!#
2018/06/16 19:18:21.543 [INFO] Synchronising Scripted Web Service [u_itsmb_dscy_net_base_n]
2018/06/16 19:18:23.293 [DETAIL] --Check Import WS Started--
   WS Name: u_itsmb_dscy_net_base_n
   Target Table: dscy_net_base
   Scope: global
   Run Business Rules: false
   include fields from tables: dscy_net_base,cmdb_ci,cmdb
--created ws import set: u_itsmb_dscy_net_base_n [dscy_net_base]--
--synchronise ws fields with target complete--
--transform map updated: u_itsmb_dscy_net_base_n
   transform field mapping exists: skip_sync -> skip_sync
   transform field mapping exists: operational_status -> operational_status
   skip system field: template_import_log
   skip system field: target_scope
   skip system field: sys_updated_on
   skip system field: target_class_name
   skip system field: sys_target_sys_id
   transform field mapping exists: first_discovered -> first_discovered
   transform field mapping exists: discovery_source -> discovery_source
   skip system field: sys_updated_by
   transform field mapping exists: due_in -> due_in
   skip system field: sys_created_on
   skip system field: sys_import_set
   transform field mapping exists: install_date -> install_date
   skip system field: target_sys_id
   transform field mapping exists: invoice_number -> invoice_number
   transform field mapping exists: gl_account -> gl_account
   skip system field: target_created_by
   skip system field: sys_created_by
   transform field mapping exists: warranty_expiration -> warranty_expiration
   skip system field: sys_import_row
   transform field mapping exists: asset_tag -> asset_tag
   skip system field: sys_row_error
   transform field mapping exists: fqdn -> fqdn
   skip system field: target_domain_path
   transform field mapping exists: change_control -> change_control
   transform field mapping exists: owned_by -> owned_by
   transform field mapping exists: checked_out -> checked_out
   skip system field: import_set_run
   transform field mapping exists: network_wire -> network_wire
   transform field mapping exists: delivery_date -> delivery_date
   transform field mapping exists: maintenance_schedule -> maintenance_schedule
   transform field mapping exists: install_status -> install_status
   transform field mapping exists: cost_center -> cost_center
   transform field mapping exists: supported_by -> supported_by
   transform field mapping exists: dns_domain -> dns_domain
   transform field mapping exists: name -> name
   transform field mapping exists: assigned -> assigned
   transform field mapping exists: subcategory -> subcategory
   transform field mapping exists: purchase_date -> purchase_date
   transform field mapping exists: short_description -> short_description
   skip system field: target_mod_count
   transform field mapping exists: assignment_group -> assignment_group
   skip system field: batch_id
   transform field mapping exists: managed_by -> managed_by
   skip system field: sys_import_state_comment
   transform field mapping exists: can_print -> can_print
   skip system field: target_domain
   transform field mapping exists: last_discovered -> last_discovered
   skip system field: sys_class_name
   transform field mapping exists: manufacturer -> manufacturer
   transform field mapping exists: po_number -> po_number
   transform field mapping exists: checked_in -> checked_in
   transform field mapping exists: sys_class_path -> sys_class_path
   transform field mapping exists: vendor -> vendor
   transform field mapping exists: mac_address -> mac_address
   skip system field: sys_transform_map
   transform field mapping exists: company -> company
   transform field mapping exists: model_number -> model_number
   transform field mapping exists: justification -> justification
   transform field mapping exists: department -> department
   transform field mapping exists: assigned_to -> assigned_to
   transform field mapping exists: start_date -> start_date
   transform field mapping exists: cost -> cost
   transform field mapping exists: comments -> comments
   skip system field: sys_target_table
   skip system field: target_created_on
   skip system field: sys_mod_count
   transform field mapping exists: serial_number -> serial_number
   transform field mapping exists: monitor -> monitor
   transform field mapping exists: model_id -> model_id
   transform field mapping exists: ip_address -> ip_address
   skip virtual field: sys_tags
   skip system field: sys_import_state
   transform field mapping exists: cost_cc -> cost_cc
   transform field mapping exists: support_group -> support_group
   transform field mapping exists: order_date -> order_date
   transform field mapping exists: schedule -> schedule
   transform field mapping exists: due -> due
   transform field mapping exists: unverified -> unverified
   transform field mapping exists: correlation_id -> correlation_id
   transform field mapping exists: location -> location
   transform field mapping exists: attributes -> attributes
   skip system field: source_id
   transform field mapping exists: category -> category
   transform field mapping exists: asset -> asset
   transform field mapping exists: fault_count -> fault_count
   transform field mapping exists: lease_id -> lease_id
   transform field mapping exists: target_domain -> sys_domain
   transform field mapping exists: target_class_name -> sys_class_name
   transform field mapping exists: target_mod_count -> sys_mod_count
   transform field mapping exists: target_created_by -> sys_created_by
   transform field mapping exists: target_created_on -> sys_created_on
coalece field exists
--synchronise transform map complete--
--Check Import Set WS and Transform Map Completed--

2018/06/16 19:18:23.293 [INFO] Scripted Web Service is Synchronised [u_itsmb_dscy_net_base_n]
2018/06/16 19:18:23.750 [INFO] Initialisation 3 of 8 [CMDB Connectivity Segment] Completed
2018/06/16 19:18:23.750 [DETAIL] Build Field Map [AST:IPConnectivitySubnet] started...
2018/06/16 19:18:24.023 [DETAIL] Remedy: Build Field Map [AST:IPConnectivitySubnet] complete, 111 entries
2018/06/16 19:18:24.025 [DETAIL] Create Remedy Qualification: 'ClassId' = "BMC_IPCONNECTIVITYSUBNET" AND (0 = 1 AND 'Company' = "Calbro Services" OR 0 = 0) AND 'DatasetID' = "BMC.ASSET"
2018/06/16 19:18:24.030 [DETAIL] Add Project Variable [ManufacturerName [STRING]]
2018/06/16 19:18:24.030 [DETAIL] Create SNow Lookup Query: name#!#ManufacturerName#!#^manufacturer=true
2018/06/16 19:18:24.030 [DETAIL] Add Project Variable [Company [STRING]]
2018/06/16 19:18:24.031 [DETAIL] Create SNow Lookup Query: name#!#Company#!#
2018/06/16 19:18:24.031 [DETAIL] Add Project Variable [SupplierName [STRING]]
2018/06/16 19:18:24.031 [DETAIL] Create SNow Lookup Query: name#!#SupplierName#!#^vendor=true
2018/06/16 19:18:24.031 [DETAIL] Add Project Variable [Department [STRING]]
2018/06/16 19:18:24.031 [DETAIL] Create SNow Lookup Query: name#!#Department#!#^company#!#!Target Company SysID!#!#
2018/06/16 19:18:24.031 [DETAIL] Add Project Variable [Reconciliation Identity [STRING]]
2018/06/16 19:18:24.033 [DETAIL] Create Remedy Lookup Query: 'CI_Instance_ID' = ""
2018/06/16 19:18:24.033 [DETAIL] Add Project Variable [OwnerName [STRING]]
2018/06/16 19:18:24.033 [DETAIL] Create SNow Lookup Query: name#!#OwnerName#!#
2018/06/16 19:18:24.034 [DETAIL] Add Project Variable [Model [STRING]]
2018/06/16 19:18:24.034 [DETAIL] Add Project Variable [VersionNumber [STRING]]
2018/06/16 19:18:24.034 [DETAIL] Create SNow Lookup Query: name#!#Model#!#^model_number#!#VersionNumber#!#
2018/06/16 19:18:24.035 [DETAIL] Add Project Variable [Cost Center [STRING]]
2018/06/16 19:18:24.035 [DETAIL] Create SNow Lookup Query: code#!#Cost Center#!#
2018/06/16 19:18:24.035 [DETAIL] Add Project Variable [Site [STRING]]
2018/06/16 19:18:24.035 [DETAIL] Create SNow Lookup Query: name#!#Site#!#^company#!#!Target Company SysID!#!#
2018/06/16 19:18:24.037 [INFO] Synchronising Scripted Web Service [u_itsmb_dscy_net_base_n]
2018/06/16 19:18:25.837 [DETAIL] --Check Import WS Started--
   WS Name: u_itsmb_dscy_net_base_n
   Target Table: dscy_net_base
   Scope: global
   Run Business Rules: false
   include fields from tables: dscy_net_base,cmdb_ci,cmdb
--created ws import set: u_itsmb_dscy_net_base_n [dscy_net_base]--
--synchronise ws fields with target complete--
--transform map updated: u_itsmb_dscy_net_base_n
   transform field mapping exists: skip_sync -> skip_sync
   transform field mapping exists: operational_status -> operational_status
   skip system field: template_import_log
   skip system field: target_scope
   skip system field: sys_updated_on
   skip system field: target_class_name
   skip system field: sys_target_sys_id
   transform field mapping exists: first_discovered -> first_discovered
   transform field mapping exists: discovery_source -> discovery_source
   skip system field: sys_updated_by
   transform field mapping exists: due_in -> due_in
   skip system field: sys_created_on
   skip system field: sys_import_set
   transform field mapping exists: install_date -> install_date
   skip system field: target_sys_id
   transform field mapping exists: invoice_number -> invoice_number
   transform field mapping exists: gl_account -> gl_account
   skip system field: target_created_by
   skip system field: sys_created_by
   transform field mapping exists: warranty_expiration -> warranty_expiration
   skip system field: sys_import_row
   transform field mapping exists: asset_tag -> asset_tag
   skip system field: sys_row_error
   transform field mapping exists: fqdn -> fqdn
   skip system field: target_domain_path
   transform field mapping exists: change_control -> change_control
   transform field mapping exists: owned_by -> owned_by
   transform field mapping exists: checked_out -> checked_out
   skip system field: import_set_run
   transform field mapping exists: network_wire -> network_wire
   transform field mapping exists: delivery_date -> delivery_date
   transform field mapping exists: maintenance_schedule -> maintenance_schedule
   transform field mapping exists: install_status -> install_status
   transform field mapping exists: cost_center -> cost_center
   transform field mapping exists: supported_by -> supported_by
   transform field mapping exists: dns_domain -> dns_domain
   transform field mapping exists: name -> name
   transform field mapping exists: assigned -> assigned
   transform field mapping exists: subcategory -> subcategory
   transform field mapping exists: purchase_date -> purchase_date
   transform field mapping exists: short_description -> short_description
   skip system field: target_mod_count
   transform field mapping exists: assignment_group -> assignment_group
   skip system field: batch_id
   transform field mapping exists: managed_by -> managed_by
   skip system field: sys_import_state_comment
   transform field mapping exists: can_print -> can_print
   skip system field: target_domain
   transform field mapping exists: last_discovered -> last_discovered
   skip system field: sys_class_name
   transform field mapping exists: manufacturer -> manufacturer
   transform field mapping exists: po_number -> po_number
   transform field mapping exists: checked_in -> checked_in
   transform field mapping exists: sys_class_path -> sys_class_path
   transform field mapping exists: vendor -> vendor
   transform field mapping exists: mac_address -> mac_address
   skip system field: sys_transform_map
   transform field mapping exists: company -> company
   transform field mapping exists: model_number -> model_number
   transform field mapping exists: justification -> justification
   transform field mapping exists: department -> department
   transform field mapping exists: assigned_to -> assigned_to
   transform field mapping exists: start_date -> start_date
   transform field mapping exists: cost -> cost
   transform field mapping exists: comments -> comments
   skip system field: sys_target_table
   skip system field: target_created_on
   skip system field: sys_mod_count
   transform field mapping exists: serial_number -> serial_number
   transform field mapping exists: monitor -> monitor
   transform field mapping exists: model_id -> model_id
   transform field mapping exists: ip_address -> ip_address
   skip virtual field: sys_tags
   skip system field: sys_import_state
   transform field mapping exists: cost_cc -> cost_cc
   transform field mapping exists: support_group -> support_group
   transform field mapping exists: order_date -> order_date
   transform field mapping exists: schedule -> schedule
   transform field mapping exists: due -> due
   transform field mapping exists: unverified -> unverified
   transform field mapping exists: correlation_id -> correlation_id
   transform field mapping exists: location -> location
   transform field mapping exists: attributes -> attributes
   skip system field: source_id
   transform field mapping exists: category -> category
   transform field mapping exists: asset -> asset
   transform field mapping exists: fault_count -> fault_count
   transform field mapping exists: lease_id -> lease_id
   transform field mapping exists: target_domain -> sys_domain
   transform field mapping exists: target_class_name -> sys_class_name
   transform field mapping exists: target_mod_count -> sys_mod_count
   transform field mapping exists: target_created_by -> sys_created_by
   transform field mapping exists: target_created_on -> sys_created_on
coalece field exists
--synchronise transform map complete--
--Check Import Set WS and Transform Map Completed--

2018/06/16 19:18:25.837 [INFO] Scripted Web Service is Synchronised [u_itsmb_dscy_net_base_n]
2018/06/16 19:18:26.298 [INFO] Initialisation 4 of 8 [CMDB IP Subnet] Completed
2018/06/16 19:18:26.298 [DETAIL] Build Field Map [AST:IPXConnectivityNetwork] started...
2018/06/16 19:18:26.423 [DETAIL] Remedy: Build Field Map [AST:IPXConnectivityNetwork] complete, 103 entries
2018/06/16 19:18:26.425 [DETAIL] Create Remedy Qualification: 'ClassId' = "BMC_IPXCONNECTIVITYNETWORK" AND (0 = 1 AND 'Company' = "Calbro Services" OR 0 = 0) AND 'DatasetID' = "BMC.ASSET"
2018/06/16 19:18:26.430 [DETAIL] Add Project Variable [ManufacturerName [STRING]]
2018/06/16 19:18:26.430 [DETAIL] Create SNow Lookup Query: name#!#ManufacturerName#!#^manufacturer=true
2018/06/16 19:18:26.430 [DETAIL] Add Project Variable [Company [STRING]]
2018/06/16 19:18:26.430 [DETAIL] Create SNow Lookup Query: name#!#Company#!#
2018/06/16 19:18:26.431 [DETAIL] Add Project Variable [SupplierName [STRING]]
2018/06/16 19:18:26.431 [DETAIL] Create SNow Lookup Query: name#!#SupplierName#!#^vendor=true
2018/06/16 19:18:26.431 [DETAIL] Add Project Variable [Department [STRING]]
2018/06/16 19:18:26.431 [DETAIL] Create SNow Lookup Query: name#!#Department#!#^company#!#!Target Company SysID!#!#
2018/06/16 19:18:26.431 [DETAIL] Add Project Variable [Reconciliation Identity [STRING]]
2018/06/16 19:18:26.433 [DETAIL] Create Remedy Lookup Query: 'CI_Instance_ID' = ""
2018/06/16 19:18:26.433 [DETAIL] Add Project Variable [Owner_name [STRING]]
2018/06/16 19:18:26.433 [DETAIL] Create SNow Lookup Query: name#!#Owner_name#!#
2018/06/16 19:18:26.434 [DETAIL] Add Project Variable [Model [STRING]]
2018/06/16 19:18:26.434 [DETAIL] Add Project Variable [VersionNumber [STRING]]
2018/06/16 19:18:26.434 [DETAIL] Create SNow Lookup Query: name#!#Model#!#^model_number#!#VersionNumber#!#
2018/06/16 19:18:26.434 [DETAIL] Add Project Variable [Cost Center [STRING]]
2018/06/16 19:18:26.434 [DETAIL] Create SNow Lookup Query: code#!#Cost Center#!#
2018/06/16 19:18:26.434 [DETAIL] Add Project Variable [Site [STRING]]
2018/06/16 19:18:26.434 [DETAIL] Create SNow Lookup Query: name#!#Site#!#^company#!#!Target Company SysID!#!#
2018/06/16 19:18:26.435 [INFO] Synchronising Scripted Web Service [u_itsmb_dscy_net_base_n]
2018/06/16 19:18:28.374 [DETAIL] --Check Import WS Started--
   WS Name: u_itsmb_dscy_net_base_n
   Target Table: dscy_net_base
   Scope: global
   Run Business Rules: false
   include fields from tables: dscy_net_base,cmdb_ci,cmdb
--created ws import set: u_itsmb_dscy_net_base_n [dscy_net_base]--
--synchronise ws fields with target complete--
--transform map updated: u_itsmb_dscy_net_base_n
   transform field mapping exists: skip_sync -> skip_sync
   transform field mapping exists: operational_status -> operational_status
   skip system field: template_import_log
   skip system field: target_scope
   skip system field: sys_updated_on
   skip system field: target_class_name
   skip system field: sys_target_sys_id
   transform field mapping exists: first_discovered -> first_discovered
   transform field mapping exists: discovery_source -> discovery_source
   skip system field: sys_updated_by
   transform field mapping exists: due_in -> due_in
   skip system field: sys_created_on
   skip system field: sys_import_set
   transform field mapping exists: install_date -> install_date
   skip system field: target_sys_id
   transform field mapping exists: invoice_number -> invoice_number
   transform field mapping exists: gl_account -> gl_account
   skip system field: target_created_by
   skip system field: sys_created_by
   transform field mapping exists: warranty_expiration -> warranty_expiration
   skip system field: sys_import_row
   transform field mapping exists: asset_tag -> asset_tag
   skip system field: sys_row_error
   transform field mapping exists: fqdn -> fqdn
   skip system field: target_domain_path
   transform field mapping exists: change_control -> change_control
   transform field mapping exists: owned_by -> owned_by
   transform field mapping exists: checked_out -> checked_out
   skip system field: import_set_run
   transform field mapping exists: network_wire -> network_wire
   transform field mapping exists: delivery_date -> delivery_date
   transform field mapping exists: maintenance_schedule -> maintenance_schedule
   transform field mapping exists: install_status -> install_status
   transform field mapping exists: cost_center -> cost_center
   transform field mapping exists: supported_by -> supported_by
   transform field mapping exists: dns_domain -> dns_domain
   transform field mapping exists: name -> name
   transform field mapping exists: assigned -> assigned
   transform field mapping exists: subcategory -> subcategory
   transform field mapping exists: purchase_date -> purchase_date
   transform field mapping exists: short_description -> short_description
   skip system field: target_mod_count
   transform field mapping exists: assignment_group -> assignment_group
   skip system field: batch_id
   transform field mapping exists: managed_by -> managed_by
   skip system field: sys_import_state_comment
   transform field mapping exists: can_print -> can_print
   skip system field: target_domain
   transform field mapping exists: last_discovered -> last_discovered
   skip system field: sys_class_name
   transform field mapping exists: manufacturer -> manufacturer
   transform field mapping exists: po_number -> po_number
   transform field mapping exists: checked_in -> checked_in
   transform field mapping exists: sys_class_path -> sys_class_path
   transform field mapping exists: vendor -> vendor
   transform field mapping exists: mac_address -> mac_address
   skip system field: sys_transform_map
   transform field mapping exists: company -> company
   transform field mapping exists: model_number -> model_number
   transform field mapping exists: justification -> justification
   transform field mapping exists: department -> department
   transform field mapping exists: assigned_to -> assigned_to
   transform field mapping exists: start_date -> start_date
   transform field mapping exists: cost -> cost
   transform field mapping exists: comments -> comments
   skip system field: sys_target_table
   skip system field: target_created_on
   skip system field: sys_mod_count
   transform field mapping exists: serial_number -> serial_number
   transform field mapping exists: monitor -> monitor
   transform field mapping exists: model_id -> model_id
   transform field mapping exists: ip_address -> ip_address
   skip virtual field: sys_tags
   skip system field: sys_import_state
   transform field mapping exists: cost_cc -> cost_cc
   transform field mapping exists: support_group -> support_group
   transform field mapping exists: order_date -> order_date
   transform field mapping exists: schedule -> schedule
   transform field mapping exists: due -> due
   transform field mapping exists: unverified -> unverified
   transform field mapping exists: correlation_id -> correlation_id
   transform field mapping exists: location -> location
   transform field mapping exists: attributes -> attributes
   skip system field: source_id
   transform field mapping exists: category -> category
   transform field mapping exists: asset -> asset
   transform field mapping exists: fault_count -> fault_count
   transform field mapping exists: lease_id -> lease_id
   transform field mapping exists: target_domain -> sys_domain
   transform field mapping exists: target_class_name -> sys_class_name
   transform field mapping exists: target_mod_count -> sys_mod_count
   transform field mapping exists: target_created_by -> sys_created_by
   transform field mapping exists: target_created_on -> sys_created_on
coalece field exists
--synchronise transform map complete--
--Check Import Set WS and Transform Map Completed--

2018/06/16 19:18:28.374 [INFO] Scripted Web Service is Synchronised [u_itsmb_dscy_net_base_n]
2018/06/16 19:18:28.845 [INFO] Initialisation 5 of 8 [CMDB IPX Network] Completed
2018/06/16 19:18:28.845 [DETAIL] Build Field Map [AST:LNsCollection] started...
2018/06/16 19:18:28.944 [DETAIL] Remedy: Build Field Map [AST:LNsCollection] complete, 106 entries
2018/06/16 19:18:28.954 [DETAIL] Create Remedy Qualification: 'ClassId' = "BMC_LNSGROUP" AND (0 = 1 AND 'Company' = "Calbro Services" OR 0 = 0) AND 'DatasetID' = "BMC.ASSET"
2018/06/16 19:18:28.985 [DETAIL] Add Project Variable [ManufacturerName [STRING]]
2018/06/16 19:18:28.985 [DETAIL] Create SNow Lookup Query: name#!#ManufacturerName#!#^manufacturer=true
2018/06/16 19:18:28.985 [DETAIL] Add Project Variable [Company [STRING]]
2018/06/16 19:18:28.987 [DETAIL] Create SNow Lookup Query: name#!#Company#!#
2018/06/16 19:18:28.988 [DETAIL] Add Project Variable [SupplierName [STRING]]
2018/06/16 19:18:28.988 [DETAIL] Create SNow Lookup Query: name#!#SupplierName#!#^vendor=true
2018/06/16 19:18:28.988 [DETAIL] Add Project Variable [Department [STRING]]
2018/06/16 19:18:28.988 [DETAIL] Create SNow Lookup Query: name#!#Department#!#^company#!#!Target Company SysID!#!#
2018/06/16 19:18:28.988 [DETAIL] Add Project Variable [Reconciliation Identity [STRING]]
2018/06/16 19:18:28.990 [DETAIL] Create Remedy Lookup Query: 'CI_Instance_ID' = ""
2018/06/16 19:18:28.990 [DETAIL] Add Project Variable [OwnerName [STRING]]
2018/06/16 19:18:28.990 [DETAIL] Create SNow Lookup Query: name#!#OwnerName#!#
2018/06/16 19:18:28.990 [DETAIL] Add Project Variable [Model [STRING]]
2018/06/16 19:18:28.990 [DETAIL] Add Project Variable [VersionNumber [STRING]]
2018/06/16 19:18:28.990 [DETAIL] Create SNow Lookup Query: name#!#Model#!#^model_number#!#VersionNumber#!#
2018/06/16 19:18:28.990 [DETAIL] Add Project Variable [Cost Center [STRING]]
2018/06/16 19:18:28.990 [DETAIL] Create SNow Lookup Query: code#!#Cost Center#!#
2018/06/16 19:18:28.992 [DETAIL] Add Project Variable [Site [STRING]]
2018/06/16 19:18:28.992 [DETAIL] Create SNow Lookup Query: name#!#Site#!#^company#!#!Target Company SysID!#!#
2018/06/16 19:18:28.993 [INFO] Synchronising Scripted Web Service [u_itsmb_dscy_net_base_n]
2018/06/16 19:18:30.699 [DETAIL] --Check Import WS Started--
   WS Name: u_itsmb_dscy_net_base_n
   Target Table: dscy_net_base
   Scope: global
   Run Business Rules: false
   include fields from tables: dscy_net_base,cmdb_ci,cmdb
--created ws import set: u_itsmb_dscy_net_base_n [dscy_net_base]--
--synchronise ws fields with target complete--
--transform map updated: u_itsmb_dscy_net_base_n
   transform field mapping exists: skip_sync -> skip_sync
   transform field mapping exists: operational_status -> operational_status
   skip system field: template_import_log
   skip system field: target_scope
   skip system field: sys_updated_on
   skip system field: target_class_name
   skip system field: sys_target_sys_id
   transform field mapping exists: first_discovered -> first_discovered
   transform field mapping exists: discovery_source -> discovery_source
   skip system field: sys_updated_by
   transform field mapping exists: due_in -> due_in
   skip system field: sys_created_on
   skip system field: sys_import_set
   transform field mapping exists: install_date -> install_date
   skip system field: target_sys_id
   transform field mapping exists: invoice_number -> invoice_number
   transform field mapping exists: gl_account -> gl_account
   skip system field: target_created_by
   skip system field: sys_created_by
   transform field mapping exists: warranty_expiration -> warranty_expiration
   skip system field: sys_import_row
   transform field mapping exists: asset_tag -> asset_tag
   skip system field: sys_row_error
   transform field mapping exists: fqdn -> fqdn
   skip system field: target_domain_path
   transform field mapping exists: change_control -> change_control
   transform field mapping exists: owned_by -> owned_by
   transform field mapping exists: checked_out -> checked_out
   skip system field: import_set_run
   transform field mapping exists: network_wire -> network_wire
   transform field mapping exists: delivery_date -> delivery_date
   transform field mapping exists: maintenance_schedule -> maintenance_schedule
   transform field mapping exists: install_status -> install_status
   transform field mapping exists: cost_center -> cost_center
   transform field mapping exists: supported_by -> supported_by
   transform field mapping exists: dns_domain -> dns_domain
   transform field mapping exists: name -> name
   transform field mapping exists: assigned -> assigned
   transform field mapping exists: subcategory -> subcategory
   transform field mapping exists: purchase_date -> purchase_date
   transform field mapping exists: short_description -> short_description
   skip system field: target_mod_count
   transform field mapping exists: assignment_group -> assignment_group
   skip system field: batch_id
   transform field mapping exists: managed_by -> managed_by
   skip system field: sys_import_state_comment
   transform field mapping exists: can_print -> can_print
   skip system field: target_domain
   transform field mapping exists: last_discovered -> last_discovered
   skip system field: sys_class_name
   transform field mapping exists: manufacturer -> manufacturer
   transform field mapping exists: po_number -> po_number
   transform field mapping exists: checked_in -> checked_in
   transform field mapping exists: sys_class_path -> sys_class_path
   transform field mapping exists: vendor -> vendor
   transform field mapping exists: mac_address -> mac_address
   skip system field: sys_transform_map
   transform field mapping exists: company -> company
   transform field mapping exists: model_number -> model_number
   transform field mapping exists: justification -> justification
   transform field mapping exists: department -> department
   transform field mapping exists: assigned_to -> assigned_to
   transform field mapping exists: start_date -> start_date
   transform field mapping exists: cost -> cost
   transform field mapping exists: comments -> comments
   skip system field: sys_target_table
   skip system field: target_created_on
   skip system field: sys_mod_count
   transform field mapping exists: serial_number -> serial_number
   transform field mapping exists: monitor -> monitor
   transform field mapping exists: model_id -> model_id
   transform field mapping exists: ip_address -> ip_address
   skip virtual field: sys_tags
   skip system field: sys_import_state
   transform field mapping exists: cost_cc -> cost_cc
   transform field mapping exists: support_group -> support_group
   transform field mapping exists: order_date -> order_date
   transform field mapping exists: schedule -> schedule
   transform field mapping exists: due -> due
   transform field mapping exists: unverified -> unverified
   transform field mapping exists: correlation_id -> correlation_id
   transform field mapping exists: location -> location
   transform field mapping exists: attributes -> attributes
   skip system field: source_id
   transform field mapping exists: category -> category
   transform field mapping exists: asset -> asset
   transform field mapping exists: fault_count -> fault_count
   transform field mapping exists: lease_id -> lease_id
   transform field mapping exists: target_domain -> sys_domain
   transform field mapping exists: target_class_name -> sys_class_name
   transform field mapping exists: target_mod_count -> sys_mod_count
   transform field mapping exists: target_created_by -> sys_created_by
   transform field mapping exists: target_created_on -> sys_created_on
coalece field exists
--synchronise transform map complete--
--Check Import Set WS and Transform Map Completed--

2018/06/16 19:18:30.699 [INFO] Scripted Web Service is Synchronised [u_itsmb_dscy_net_base_n]
2018/06/16 19:18:31.198 [INFO] Initialisation 6 of 8 [CMDB LNs Collection] Completed
2018/06/16 19:18:31.198 [DETAIL] Build Field Map [AST:LAN] started...
2018/06/16 19:18:31.252 [DETAIL] Remedy: Build Field Map [AST:LAN] complete, 109 entries
2018/06/16 19:18:31.254 [DETAIL] Create Remedy Qualification: 'ClassId' = "BMC_LAN" AND (0 = 1 AND 'Company' = "Calbro Services" OR 0 = 0) AND 'DatasetID' = "BMC.ASSET"
2018/06/16 19:18:31.292 [DETAIL] Add Project Variable [ManufacturerName [STRING]]
2018/06/16 19:18:31.292 [DETAIL] Create SNow Lookup Query: name#!#ManufacturerName#!#^manufacturer=true
2018/06/16 19:18:31.293 [DETAIL] Add Project Variable [Company [STRING]]
2018/06/16 19:18:31.293 [DETAIL] Create SNow Lookup Query: name#!#Company#!#
2018/06/16 19:18:31.293 [DETAIL] Add Project Variable [SupplierName [STRING]]
2018/06/16 19:18:31.293 [DETAIL] Create SNow Lookup Query: name#!#SupplierName#!#^vendor=true
2018/06/16 19:18:31.293 [DETAIL] Add Project Variable [Department [STRING]]
2018/06/16 19:18:31.293 [DETAIL] Create SNow Lookup Query: name#!#Department#!#^company#!#!Target Company SysID!#!#
2018/06/16 19:18:31.294 [DETAIL] Add Project Variable [Reconciliation Identity [STRING]]
2018/06/16 19:18:31.302 [DETAIL] Create Remedy Lookup Query: 'CI_Instance_ID' = ""
2018/06/16 19:18:31.303 [DETAIL] Add Project Variable [OwnerName [STRING]]
2018/06/16 19:18:31.304 [DETAIL] Create SNow Lookup Query: name#!#OwnerName#!#
2018/06/16 19:18:31.304 [DETAIL] Add Project Variable [Model [STRING]]
2018/06/16 19:18:31.304 [DETAIL] Add Project Variable [VersionNumber [STRING]]
2018/06/16 19:18:31.304 [DETAIL] Create SNow Lookup Query: name#!#Model#!#^model_number#!#VersionNumber#!#
2018/06/16 19:18:31.304 [DETAIL] Add Project Variable [Cost Center [STRING]]
2018/06/16 19:18:31.304 [DETAIL] Create SNow Lookup Query: code#!#Cost Center#!#
2018/06/16 19:18:31.305 [DETAIL] Add Project Variable [Site [STRING]]
2018/06/16 19:18:31.305 [DETAIL] Create SNow Lookup Query: name#!#Site#!#^company#!#!Target Company SysID!#!#
2018/06/16 19:18:31.305 [INFO] Synchronising Scripted Web Service [u_itsmb_dscy_net_base_n]
2018/06/16 19:18:33.060 [DETAIL] --Check Import WS Started--
   WS Name: u_itsmb_dscy_net_base_n
   Target Table: dscy_net_base
   Scope: global
   Run Business Rules: false
   include fields from tables: dscy_net_base,cmdb_ci,cmdb
--created ws import set: u_itsmb_dscy_net_base_n [dscy_net_base]--
--synchronise ws fields with target complete--
--transform map updated: u_itsmb_dscy_net_base_n
   transform field mapping exists: skip_sync -> skip_sync
   transform field mapping exists: operational_status -> operational_status
   skip system field: template_import_log
   skip system field: target_scope
   skip system field: sys_updated_on
   skip system field: target_class_name
   skip system field: sys_target_sys_id
   transform field mapping exists: first_discovered -> first_discovered
   transform field mapping exists: discovery_source -> discovery_source
   skip system field: sys_updated_by
   transform field mapping exists: due_in -> due_in
   skip system field: sys_created_on
   skip system field: sys_import_set
   transform field mapping exists: install_date -> install_date
   skip system field: target_sys_id
   transform field mapping exists: invoice_number -> invoice_number
   transform field mapping exists: gl_account -> gl_account
   skip system field: target_created_by
   skip system field: sys_created_by
   transform field mapping exists: warranty_expiration -> warranty_expiration
   skip system field: sys_import_row
   transform field mapping exists: asset_tag -> asset_tag
   skip system field: sys_row_error
   transform field mapping exists: fqdn -> fqdn
   skip system field: target_domain_path
   transform field mapping exists: change_control -> change_control
   transform field mapping exists: owned_by -> owned_by
   transform field mapping exists: checked_out -> checked_out
   skip system field: import_set_run
   transform field mapping exists: network_wire -> network_wire
   transform field mapping exists: delivery_date -> delivery_date
   transform field mapping exists: maintenance_schedule -> maintenance_schedule
   transform field mapping exists: install_status -> install_status
   transform field mapping exists: cost_center -> cost_center
   transform field mapping exists: supported_by -> supported_by
   transform field mapping exists: dns_domain -> dns_domain
   transform field mapping exists: name -> name
   transform field mapping exists: assigned -> assigned
   transform field mapping exists: subcategory -> subcategory
   transform field mapping exists: purchase_date -> purchase_date
   transform field mapping exists: short_description -> short_description
   skip system field: target_mod_count
   transform field mapping exists: assignment_group -> assignment_group
   skip system field: batch_id
   transform field mapping exists: managed_by -> managed_by
   skip system field: sys_import_state_comment
   transform field mapping exists: can_print -> can_print
   skip system field: target_domain
   transform field mapping exists: last_discovered -> last_discovered
   skip system field: sys_class_name
   transform field mapping exists: manufacturer -> manufacturer
   transform field mapping exists: po_number -> po_number
   transform field mapping exists: checked_in -> checked_in
   transform field mapping exists: sys_class_path -> sys_class_path
   transform field mapping exists: vendor -> vendor
   transform field mapping exists: mac_address -> mac_address
   skip system field: sys_transform_map
   transform field mapping exists: company -> company
   transform field mapping exists: model_number -> model_number
   transform field mapping exists: justification -> justification
   transform field mapping exists: department -> department
   transform field mapping exists: assigned_to -> assigned_to
   transform field mapping exists: start_date -> start_date
   transform field mapping exists: cost -> cost
   transform field mapping exists: comments -> comments
   skip system field: sys_target_table
   skip system field: target_created_on
   skip system field: sys_mod_count
   transform field mapping exists: serial_number -> serial_number
   transform field mapping exists: monitor -> monitor
   transform field mapping exists: model_id -> model_id
   transform field mapping exists: ip_address -> ip_address
   skip virtual field: sys_tags
   skip system field: sys_import_state
   transform field mapping exists: cost_cc -> cost_cc
   transform field mapping exists: support_group -> support_group
   transform field mapping exists: order_date -> order_date
   transform field mapping exists: schedule -> schedule
   transform field mapping exists: due -> due
   transform field mapping exists: unverified -> unverified
   transform field mapping exists: correlation_id -> correlation_id
   transform field mapping exists: location -> location
   transform field mapping exists: attributes -> attributes
   skip system field: source_id
   transform field mapping exists: category -> category
   transform field mapping exists: asset -> asset
   transform field mapping exists: fault_count -> fault_count
   transform field mapping exists: lease_id -> lease_id
   transform field mapping exists: target_domain -> sys_domain
   transform field mapping exists: target_class_name -> sys_class_name
   transform field mapping exists: target_mod_count -> sys_mod_count
   transform field mapping exists: target_created_by -> sys_created_by
   transform field mapping exists: target_created_on -> sys_created_on
coalece field exists
--synchronise transform map complete--
--Check Import Set WS and Transform Map Completed--

2018/06/16 19:18:33.061 [INFO] Scripted Web Service is Synchronised [u_itsmb_dscy_net_base_n]
2018/06/16 19:18:34.474 [INFO] Initialisation 7 of 8 [CMDB LANs] Completed
2018/06/16 19:18:34.474 [DETAIL] Build Field Map [AST:WAN] started...
2018/06/16 19:18:34.535 [DETAIL] Remedy: Build Field Map [AST:WAN] complete, 109 entries
2018/06/16 19:18:34.542 [DETAIL] Create Remedy Qualification: 'ClassId' = "BMC_WAN" AND (0 = 1 AND 'Company' = "Calbro Services" OR 0 = 0) AND 'DatasetID' = "BMC.ASSET"
2018/06/16 19:18:34.571 [DETAIL] Add Project Variable [ManufacturerName [STRING]]
2018/06/16 19:18:34.571 [DETAIL] Create SNow Lookup Query: name#!#ManufacturerName#!#^manufacturer=true
2018/06/16 19:18:34.571 [DETAIL] Add Project Variable [Company [STRING]]
2018/06/16 19:18:34.571 [DETAIL] Create SNow Lookup Query: name#!#Company#!#
2018/06/16 19:18:34.571 [DETAIL] Add Project Variable [SupplierName [STRING]]
2018/06/16 19:18:34.571 [DETAIL] Create SNow Lookup Query: name#!#SupplierName#!#^vendor=true
2018/06/16 19:18:34.571 [DETAIL] Add Project Variable [Department [STRING]]
2018/06/16 19:18:34.571 [DETAIL] Create SNow Lookup Query: name#!#Department#!#^company#!#!Target Company SysID!#!#
2018/06/16 19:18:34.572 [DETAIL] Add Project Variable [Reconciliation Identity [STRING]]
2018/06/16 19:18:34.583 [DETAIL] Create Remedy Lookup Query: 'CI_Instance_ID' = ""
2018/06/16 19:18:34.583 [DETAIL] Add Project Variable [OwnerName [STRING]]
2018/06/16 19:18:34.583 [DETAIL] Create SNow Lookup Query: name#!#OwnerName#!#
2018/06/16 19:18:34.583 [DETAIL] Add Project Variable [Model [STRING]]
2018/06/16 19:18:34.583 [DETAIL] Add Project Variable [VersionNumber [STRING]]
2018/06/16 19:18:34.583 [DETAIL] Create SNow Lookup Query: name#!#Model#!#^model_number#!#VersionNumber#!#
2018/06/16 19:18:34.584 [DETAIL] Add Project Variable [Cost Center [STRING]]
2018/06/16 19:18:34.584 [DETAIL] Create SNow Lookup Query: code#!#Cost Center#!#
2018/06/16 19:18:34.584 [DETAIL] Add Project Variable [Site [STRING]]
2018/06/16 19:18:34.584 [DETAIL] Create SNow Lookup Query: name#!#Site#!#^company#!#!Target Company SysID!#!#
2018/06/16 19:18:34.585 [INFO] Synchronising Scripted Web Service [u_itsmb_dscy_net_base_n]
2018/06/16 19:18:36.503 [DETAIL] --Check Import WS Started--
   WS Name: u_itsmb_dscy_net_base_n
   Target Table: dscy_net_base
   Scope: global
   Run Business Rules: false
   include fields from tables: dscy_net_base,cmdb_ci,cmdb
--created ws import set: u_itsmb_dscy_net_base_n [dscy_net_base]--
--synchronise ws fields with target complete--
--transform map updated: u_itsmb_dscy_net_base_n
   transform field mapping exists: skip_sync -> skip_sync
   transform field mapping exists: operational_status -> operational_status
   skip system field: template_import_log
   skip system field: target_scope
   skip system field: sys_updated_on
   skip system field: target_class_name
   skip system field: sys_target_sys_id
   transform field mapping exists: first_discovered -> first_discovered
   transform field mapping exists: discovery_source -> discovery_source
   skip system field: sys_updated_by
   transform field mapping exists: due_in -> due_in
   skip system field: sys_created_on
   skip system field: sys_import_set
   transform field mapping exists: install_date -> install_date
   skip system field: target_sys_id
   transform field mapping exists: invoice_number -> invoice_number
   transform field mapping exists: gl_account -> gl_account
   skip system field: target_created_by
   skip system field: sys_created_by
   transform field mapping exists: warranty_expiration -> warranty_expiration
   skip system field: sys_import_row
   transform field mapping exists: asset_tag -> asset_tag
   skip system field: sys_row_error
   transform field mapping exists: fqdn -> fqdn
   skip system field: target_domain_path
   transform field mapping exists: change_control -> change_control
   transform field mapping exists: owned_by -> owned_by
   transform field mapping exists: checked_out -> checked_out
   skip system field: import_set_run
   transform field mapping exists: network_wire -> network_wire
   transform field mapping exists: delivery_date -> delivery_date
   transform field mapping exists: maintenance_schedule -> maintenance_schedule
   transform field mapping exists: install_status -> install_status
   transform field mapping exists: cost_center -> cost_center
   transform field mapping exists: supported_by -> supported_by
   transform field mapping exists: dns_domain -> dns_domain
   transform field mapping exists: name -> name
   transform field mapping exists: assigned -> assigned
   transform field mapping exists: subcategory -> subcategory
   transform field mapping exists: purchase_date -> purchase_date
   transform field mapping exists: short_description -> short_description
   skip system field: target_mod_count
   transform field mapping exists: assignment_group -> assignment_group
   skip system field: batch_id
   transform field mapping exists: managed_by -> managed_by
   skip system field: sys_import_state_comment
   transform field mapping exists: can_print -> can_print
   skip system field: target_domain
   transform field mapping exists: last_discovered -> last_discovered
   skip system field: sys_class_name
   transform field mapping exists: manufacturer -> manufacturer
   transform field mapping exists: po_number -> po_number
   transform field mapping exists: checked_in -> checked_in
   transform field mapping exists: sys_class_path -> sys_class_path
   transform field mapping exists: vendor -> vendor
   transform field mapping exists: mac_address -> mac_address
   skip system field: sys_transform_map
   transform field mapping exists: company -> company
   transform field mapping exists: model_number -> model_number
   transform field mapping exists: justification -> justification
   transform field mapping exists: department -> department
   transform field mapping exists: assigned_to -> assigned_to
   transform field mapping exists: start_date -> start_date
   transform field mapping exists: cost -> cost
   transform field mapping exists: comments -> comments
   skip system field: sys_target_table
   skip system field: target_created_on
   skip system field: sys_mod_count
   transform field mapping exists: serial_number -> serial_number
   transform field mapping exists: monitor -> monitor
   transform field mapping exists: model_id -> model_id
   transform field mapping exists: ip_address -> ip_address
   skip virtual field: sys_tags
   skip system field: sys_import_state
   transform field mapping exists: cost_cc -> cost_cc
   transform field mapping exists: support_group -> support_group
   transform field mapping exists: order_date -> order_date
   transform field mapping exists: schedule -> schedule
   transform field mapping exists: due -> due
   transform field mapping exists: unverified -> unverified
   transform field mapping exists: correlation_id -> correlation_id
   transform field mapping exists: location -> location
   transform field mapping exists: attributes -> attributes
   skip system field: source_id
   transform field mapping exists: category -> category
   transform field mapping exists: asset -> asset
   transform field mapping exists: fault_count -> fault_count
   transform field mapping exists: lease_id -> lease_id
   transform field mapping exists: target_domain -> sys_domain
   transform field mapping exists: target_class_name -> sys_class_name
   transform field mapping exists: target_mod_count -> sys_mod_count
   transform field mapping exists: target_created_by -> sys_created_by
   transform field mapping exists: target_created_on -> sys_created_on
coalece field exists
--synchronise transform map complete--
--Check Import Set WS and Transform Map Completed--

2018/06/16 19:18:36.503 [INFO] Scripted Web Service is Synchronised [u_itsmb_dscy_net_base_n]
2018/06/16 19:18:36.964 [INFO] Initialisation 8 of 8 [CMDB WANs] Completed
2018/06/16 19:18:36.964 [INFO] ### Initialisation Step Complete
2018/06/16 19:18:36.965 [INFO] [CMDB Concrete Collection] Key Mapping Cache AST:ConcreteCollection -> Network Infrastructure Item Ready.
2018/06/16 19:18:36.965 [INFO] [CMDB Concrete Collection] Migration in progress.
2018/06/16 19:18:36.965 [DETAIL] [CMDB Concrete Collection Chunk 0] Data Retrieve Started...
2018/06/16 19:18:36.997 [DETAIL] [CMDB Concrete Collection Chunk 0] Data Transform Started...
2018/06/16 19:18:36.997 [DETAIL] [CMDB Concrete Collection Chunk 0] Data Update Started...
2018/06/16 19:18:36.997 [INFO] Migration Completed 
2018/06/16 19:18:36.997 [INFO] Summary...  Created:0 Updated:0 Skipped:0 Errors:0 [Warnings 0]
2018/06/16 19:18:36.999 [INFO] [CMDB Connectivity Collection] Key Mapping Cache AST:ConnectivityCollection -> Network Infrastructure Item Ready.
2018/06/16 19:18:36.999 [INFO] [CMDB Connectivity Collection] Migration in progress.
2018/06/16 19:18:36.999 [DETAIL] [CMDB Connectivity Collection Chunk 0] Data Retrieve Started...
2018/06/16 19:18:37.008 [DETAIL] [CMDB Connectivity Collection Chunk 0] Data Transform Started...
2018/06/16 19:18:37.008 [DETAIL] [CMDB Connectivity Collection Chunk 0] Data Update Started...
2018/06/16 19:18:37.008 [INFO] Migration Completed 
2018/06/16 19:18:37.008 [INFO] Summary...  Created:0 Updated:0 Skipped:0 Errors:0 [Warnings 0]
2018/06/16 19:18:37.009 [INFO] [CMDB Connectivity Segment] Key Mapping Cache AST:ConnectivitySegment -> Network Infrastructure Item Ready.
2018/06/16 19:18:37.009 [INFO] [CMDB Connectivity Segment] Migration in progress.
2018/06/16 19:18:37.009 [DETAIL] [CMDB Connectivity Segment Chunk 0] Data Retrieve Started...
2018/06/16 19:18:37.068 [DETAIL] [CMDB Connectivity Segment Chunk 0] Data Transform Started...
2018/06/16 19:18:37.068 [DETAIL] [CMDB Connectivity Segment Chunk 0] Data Update Started...
2018/06/16 19:18:37.068 [INFO] Migration Completed 
2018/06/16 19:18:37.068 [INFO] Summary...  Created:0 Updated:0 Skipped:0 Errors:0 [Warnings 0]
2018/06/16 19:18:37.070 [INFO] [CMDB IP Subnet] Key Mapping Cache AST:IPConnectivitySubnet -> Network Infrastructure Item Ready.
2018/06/16 19:18:37.070 [INFO] [CMDB IP Subnet] Migration in progress.
2018/06/16 19:18:37.070 [DETAIL] [CMDB IP Subnet Chunk 0] Data Retrieve Started...
2018/06/16 19:18:37.081 [DETAIL] [CMDB IP Subnet Chunk 0] Data Transform Started...
2018/06/16 19:18:37.081 [DETAIL] Add Project Variable [justification [STRING]]
2018/06/16 19:18:37.082 [DETAIL] Create SNow Lookup Query: justification#!#justification#!#
2018/06/16 19:18:37.082 [DETAIL] Lookup Batch Retrieve-Start
2018/06/16 19:18:37.082 [DETAIL] [src=null] SNow Qual: nameISEMPTY^manufacturer=true
2018/06/16 19:18:37.082 [DETAIL] [src=null] SNow Qual: nameISEMPTY^manufacturer=true
2018/06/16 19:18:37.082 [DETAIL] [src=null] SNow Qual: nameISEMPTY^manufacturer=true
2018/06/16 19:18:37.494 [DETAIL] Lookup Batch Retrieve-End
2018/06/16 19:18:37.494 [DETAIL] Lookup Batch Retrieve-Start
2018/06/16 19:18:37.494 [DETAIL] [src=null] SNow Qual: name=Calbro Services
2018/06/16 19:18:37.494 [DETAIL] [src=null] SNow Qual: name=Calbro Services
2018/06/16 19:18:37.494 [DETAIL] [src=null] SNow Qual: name=Calbro Services
2018/06/16 19:18:37.719 [DETAIL] Lookup Batch Retrieve-End
2018/06/16 19:18:37.719 [DETAIL] Lookup Batch Retrieve-Start
2018/06/16 19:18:37.719 [DETAIL] [src=null] SNow Qual: nameISEMPTY^vendor=true
2018/06/16 19:18:37.719 [DETAIL] [src=null] SNow Qual: nameISEMPTY^vendor=true
2018/06/16 19:18:37.719 [DETAIL] [src=null] SNow Qual: nameISEMPTY^vendor=true
2018/06/16 19:18:38.139 [DETAIL] Lookup Batch Retrieve-End
2018/06/16 19:18:38.139 [DETAIL] Lookup Batch Retrieve-Start
2018/06/16 19:18:38.140 [DETAIL] [src=null] SNow Qual: nameISEMPTY^company=fc34c52c373213005d19dcc773990ea5
2018/06/16 19:18:38.140 [DETAIL] [src=null] SNow Qual: nameISEMPTY^company=fc34c52c373213005d19dcc773990ea5
2018/06/16 19:18:38.140 [DETAIL] [src=null] SNow Qual: nameISEMPTY^company=fc34c52c373213005d19dcc773990ea5
2018/06/16 19:18:38.577 [DETAIL] Lookup Batch Retrieve-End
2018/06/16 19:18:38.577 [DETAIL] Lookup Batch Retrieve-Start
2018/06/16 19:18:38.588 [DETAIL] Lookup Batch Retrieve-End
2018/06/16 19:18:38.588 [DETAIL] Lookup Batch Retrieve-Start
2018/06/16 19:18:38.588 [DETAIL] [src=null] SNow Qual: nameISEMPTY
2018/06/16 19:18:38.588 [DETAIL] [src=null] SNow Qual: nameISEMPTY
2018/06/16 19:18:38.588 [DETAIL] [src=null] SNow Qual: nameISEMPTY
2018/06/16 19:18:39.012 [DETAIL] Lookup Batch Retrieve-End
2018/06/16 19:18:39.013 [DETAIL] Lookup Batch Retrieve-Start
2018/06/16 19:18:39.013 [DETAIL] [src=null] SNow Qual: nameISEMPTY^model_numberISEMPTY
2018/06/16 19:18:39.013 [DETAIL] [src=null] SNow Qual: nameISEMPTY^model_numberISEMPTY
2018/06/16 19:18:39.013 [DETAIL] [src=null] SNow Qual: nameISEMPTY^model_numberISEMPTY
2018/06/16 19:18:39.433 [DETAIL] Lookup Batch Retrieve-End
2018/06/16 19:18:39.433 [DETAIL] Lookup Batch Retrieve-Start
2018/06/16 19:18:39.433 [DETAIL] [src=null] SNow Qual: code=Unallocated
2018/06/16 19:18:39.433 [DETAIL] [src=null] SNow Qual: code=Unallocated
2018/06/16 19:18:39.433 [DETAIL] [src=null] SNow Qual: code=Unallocated
2018/06/16 19:18:39.851 [DETAIL] Lookup Batch Retrieve-End
2018/06/16 19:18:39.851 [DETAIL] Lookup Batch Retrieve-Start
2018/06/16 19:18:39.851 [DETAIL] [src=null] SNow Qual: nameISEMPTY^company=fc34c52c373213005d19dcc773990ea5
2018/06/16 19:18:39.851 [DETAIL] [src=null] SNow Qual: nameISEMPTY^company=fc34c52c373213005d19dcc773990ea5
2018/06/16 19:18:39.856 [DETAIL] [src=null] SNow Qual: nameISEMPTY^company=fc34c52c373213005d19dcc773990ea5
2018/06/16 19:18:40.274 [DETAIL] Lookup Batch Retrieve-End
2018/06/16 19:18:40.274 [DETAIL] Lookup Batch Retrieve-Start
2018/06/16 19:18:40.274 [DETAIL] [src=000000000000001|000000000000004|000000000000684|000000000000122] SNow Qual: justification=OI-E58012E8521A4FA499EF0FF1FF412FAF
2018/06/16 19:18:40.274 [DETAIL] [src=000000000000001|000000000000005|000000000000685|000000000000123] SNow Qual: justification=OI-BD9019FD795C43988AA04010C581D564
2018/06/16 19:18:40.274 [DETAIL] [src=000000000000001|000000000000006|000000000000686|000000000000124] SNow Qual: justification=OI-585D73E4EAFA42A8BBC9C668CF44700A
2018/06/16 19:18:40.518 [DETAIL] Lookup Batch Retrieve-End
2018/06/16 19:18:40.518 [DETAIL] [CMDB IP Subnet Chunk 0] Data Update Started...
2018/06/16 19:18:40.519 [DETAIL] Batch Update of 3 Entries Started
2018/06/16 19:18:40.519 [DETAIL] Pre-Migration Task 0 Complete
2018/06/16 19:18:40.917 [DETAIL] Update entry complete [src=000000000000001|000000000000004|000000000000684|000000000000122 tgt=ae87eee037b613005d19dcc773990e03]
2018/06/16 19:18:40.918 [DETAIL] Update entry complete [src=000000000000001|000000000000005|000000000000685|000000000000123 tgt=ba87eee037b613005d19dcc773990e04]
2018/06/16 19:18:40.918 [DETAIL] Update entry complete [src=000000000000001|000000000000006|000000000000686|000000000000124 tgt=fe87eee037b613005d19dcc773990e04]
2018/06/16 19:18:40.918 [DETAIL] Post-Migration Task 0 Complete
2018/06/16 19:18:40.920 [INFO] Migration Completed 
2018/06/16 19:18:40.920 [INFO] Summary...  Created:0 Updated:3 Skipped:0 Errors:0 [Warnings 0]
2018/06/16 19:18:40.923 [INFO] [CMDB IPX Network] Key Mapping Cache AST:IPXConnectivityNetwork -> Network Infrastructure Item Ready.
2018/06/16 19:18:40.923 [INFO] [CMDB IPX Network] Migration in progress.
2018/06/16 19:18:40.923 [DETAIL] [CMDB IPX Network Chunk 0] Data Retrieve Started...
2018/06/16 19:18:40.944 [DETAIL] [CMDB IPX Network Chunk 0] Data Transform Started...
2018/06/16 19:18:40.944 [DETAIL] [CMDB IPX Network Chunk 0] Data Update Started...
2018/06/16 19:18:40.944 [INFO] Migration Completed 
2018/06/16 19:18:40.944 [INFO] Summary...  Created:0 Updated:0 Skipped:0 Errors:0 [Warnings 0]
2018/06/16 19:18:40.947 [INFO] [CMDB LNs Collection] Key Mapping Cache AST:LNsCollection -> Network Infrastructure Item Ready.
2018/06/16 19:18:40.947 [INFO] [CMDB LNs Collection] Migration in progress.
2018/06/16 19:18:40.947 [DETAIL] [CMDB LNs Collection Chunk 0] Data Retrieve Started...
2018/06/16 19:18:40.953 [DETAIL] [CMDB LNs Collection Chunk 0] Data Transform Started...
2018/06/16 19:18:40.953 [DETAIL] [CMDB LNs Collection Chunk 0] Data Update Started...
2018/06/16 19:18:40.953 [INFO] Migration Completed 
2018/06/16 19:18:40.953 [INFO] Summary...  Created:0 Updated:0 Skipped:0 Errors:0 [Warnings 0]
2018/06/16 19:18:40.955 [INFO] [CMDB LANs] Key Mapping Cache AST:LAN -> Network Infrastructure Item Ready.
2018/06/16 19:18:40.955 [INFO] [CMDB LANs] Migration in progress.
2018/06/16 19:18:40.955 [DETAIL] [CMDB LANs Chunk 0] Data Retrieve Started...
2018/06/16 19:18:40.972 [DETAIL] [CMDB LANs Chunk 0] Data Transform Started...
2018/06/16 19:18:40.972 [DETAIL] [CMDB LANs Chunk 0] Data Update Started...
2018/06/16 19:18:40.972 [INFO] Migration Completed 
2018/06/16 19:18:40.972 [INFO] Summary...  Created:0 Updated:0 Skipped:0 Errors:0 [Warnings 0]
2018/06/16 19:18:40.974 [INFO] [CMDB WANs] Key Mapping Cache AST:WAN -> Network Infrastructure Item Ready.
2018/06/16 19:18:40.974 [INFO] [CMDB WANs] Migration in progress.
2018/06/16 19:18:40.974 [DETAIL] [CMDB WANs Chunk 0] Data Retrieve Started...
2018/06/16 19:18:41.000 [DETAIL] [CMDB WANs Chunk 0] Data Transform Started...
2018/06/16 19:18:41.000 [DETAIL] [CMDB WANs Chunk 0] Data Update Started...
2018/06/16 19:18:41.000 [INFO] Migration Completed 
2018/06/16 19:18:41.000 [INFO] Summary...  Created:0 Updated:0 Skipped:0 Errors:0 [Warnings 0]
2018/06/16 19:18:41.001 [DETAIL] Closing Execution Task...
2018/06/16 19:18:41.018 [INFO] Execution has completed [Execution ID=2018-06-16_19-17]
2018/06/16 19:18:41.018 [INFO] --END OF LOG--
